
-------------------------------------------------------------------
[Downloader2] Loaded configuration: normal
[Bootstrapper] createLauncher
[Bootstrapper] choose jvm:C:\Users\Vicky\AppData\Roaming\.tlauncher\jvms\jre1.8.0_281\bin\javaw.exe
[Bootstrapper] validate files
[Bootstrapper] end validated files
[Bootstrapper] Starting launcher...
[Double running] clear time label
> Loading configuration from file: C:\Users\Vicky\AppData\Roaming\.tlauncher\tlauncher-2.0.properties
> [Configuration] Constant values: {}
> [Loading] INITIALIZING
> Starting TLauncher 2.89 RELEASE
> For more information, visit https://tlauncher.org/
> Startup time: 2 Sep, 2023 8:37:07 AM
> Running folder C:\Users\Vicky\AppData\Roaming\.minecraft
> ---
> [Loading] LOADING_CONFIGURATION
> Machine info: -------------------------------------------------------
> Windows 10 10.0, Java 1.8.0_281, jvm bit x64, 8001 MB RAM
> java path=C:\Users\Vicky\AppData\Roaming\.tlauncher\jvms\jre1.8.0_281\bin\javaw.exe
> AMD Ryzen 5 3550H with Radeon Vega Mobile Gfx
>  AMD Radeon(TM) Vega 8 Graphics, AMD Radeon Graphics Processor (0x15D8), 4113 MB, NVIDIA GeForce GTX 1650, NVIDIA GeForce GTX 1650, 7949 MB
> -------------------------------------------------------
> Selected locale: en
> [Loading] LOADING_CONSOLE
> [Downloader2] Loaded configuration: good
> [Updater] Requesting an update...
> [Updater] Requesting from: https://repo.tlauncher.org/update/lch/release_update_2.3.json
> [Updater] Making request: https://repo.tlauncher.org/update/lch/release_update_2.3.json?version=2.89&client=f2d004ad-49e4-438b-9a85-cae4170ae3d1
> [Updater] Request time: 280 ms
> [Updater] Successfully requested from: https://repo.tlauncher.org/update/lch/release_update_2.3.json
> [Browser] Loading resources...
> [Browser] Cleaning up after loading:
> Starting garbage collector: 49 / 107 MB
> Garbage collector completed: 21 / 152 MB
> [Loading] LOADING_MANAGERS
> [LocalVersionList] Base directory: C:\Users\Vicky\AppData\Roaming\.minecraft
> [ProfileManager] Refreshing profiles from: C:\Users\Vicky\AppData\Roaming\.minecraft\TlauncherProfiles.json
> [AdvertisingStatusObserver]  started to get ad information
> [AdvertisingStatusObserver]  finished to get add information
> save profiles
> [GsonUtil]  request to https://repo.tlauncher.org/update/downloads/libraries/org/tlauncher/authlib/libraries-1.7.json
> [Loading] LOADING_WINDOW
> [Swing] Favicons loaded: 256px, 128px, 96px, 64px, 48px, 32px, 24px, 16px
> [Loading] PREPARING_MAINPANE
> [REPO][SERVER_LIST_REPO] Success: Reached the repo in 444 ms.
> [JFXStartPageLoader]  start load page: https://page.tlauncher.org/update/downloads/configs/pages/index_en.html
> [Browser] Running in JavaFX Thread
> [Browser] Preparing JavaFX...
> [Browser] Initializing...
> [JFXStartPageLoader]  succeeded load page: https://page.tlauncher.org/update/downloads/configs/pages/index_en.html during 0
> [Browser@1184703697] Loaded successfully: "https://page.tlauncher.org/update/downloads/configs/pages/index_en.html"
> [Browser] add listens into server_choose
> [Browser] finished listens into server_choose
> [Downloader2] Loaded configuration: good
> [Loading] POSTINIT_GUI
> [Frame] Packing main frame...
> [Frame] Resizing main pane...
> Updater is already closed. Showing up...
> Visibility set.
> [Loading] REFRESHING_INFO
> [VersionManager] Refreshing versions remotely...
> [REPO][EXTRA_VERSION_REPO] Attempt #1; timeout: 30000 ms; url: https://repo.tlauncher.org/update/downloads/versions/new5/
> Started! (6100 ms.)
> [Loading] SUCCESS
[Bootstrapper] I can be terminated now: 0
