
-------------------------------------------------------------------
[Downloader2] Loaded configuration: normal
[Downloader2] Files in queue 2
[Downloader2] Starting download 2 files...
[D#2] >  done http://res.tlauncher.org/b/libraries/org/tlauncher/picture-bundle/3.71/picture-bundle-3.71.jar 
[D#1] >  done http://res.tlauncher.org/b/client/jre/windows/jre-8u281-windows-x64.tar.gz 
[Bootstrapper] createLauncher
[Bootstrapper] choose jvm:C:\Users\Vicky\AppData\Roaming\.tlauncher\jvms\jre1.8.0_281\bin\javaw.exe
[Bootstrapper] validate files
[Bootstrapper] end validated files
[Bootstrapper] Starting launcher...
[Double running] clear time label
> Loading configuration from file: C:\Users\Vicky\AppData\Roaming\.tlauncher\tlauncher-2.0.properties
> [Configuration] Constant values: {}
> [Configuration] Key "free.partition.size" is invalid!
> [Configuration] Key "max.time.for.backups" is invalid!
> [Configuration] Key "minecraft.versions.sub.old_release" is invalid!
> [Configuration] Key "gui.notice.ad_server" is invalid!
> [Configuration] Key "gui.settings.servers.recommendation" is invalid!
> [Configuration] Key "gui.statistics.checkbox" is invalid!
> [Configuration] Key "skip.user.backup" is invalid!
> [Configuration] Key "minecraft.versions.sub.remote" is invalid!
> [Configuration] Key "gui.console.height" is invalid!
> [Configuration] Key "minecraft.versions.modified" is invalid!
> [Configuration] Key "gui.console.x" is invalid!
> [Configuration] Key "gui.settings.guard.checkbox" is invalid!
> [Configuration] Key "gui.console.y" is invalid!
> [Configuration] Key "client" is invalid!
> [Configuration] Key "connection" is invalid!
> [Configuration] Key "minecraft.fullscreen" is invalid!
> [Configuration] Key "minecraft.versions.release" is invalid!
> [Configuration] Key "minecraft.onlaunch" is invalid!
> [Configuration] Key "max.size.for.world" is invalid!
> [Configuration] Key "repeat.backup.hours" is invalid!
> [Configuration] Key "gui.notice.ad_other" is invalid!
> [Configuration] Key "minecraft.gamedir" is invalid!
> [Configuration] Key "gui.console.width" is invalid!
> [Configuration] Key "minecraft.memory.ram2" is invalid!
> [Configuration] Key "gui.console" is invalid!
> [Configuration] Key "minecraft.size" is invalid!
> [Configuration] Key "gui.notice.ad_youtube" is invalid!
> [Loading] INITIALIZING
> Starting TLauncher 2.89 RELEASE
> For more information, visit https://tlauncher.org/
> Startup time: 31 Aug, 2023 4:33:19 PM
> Running folder C:\Users\Vicky\AppData\Roaming\.minecraft
> ---
> [Loading] LOADING_CONFIGURATION
> Machine info: -------------------------------------------------------
> Windows 10 10.0, Java 1.8.0_281, jvm bit x64, 8001 MB RAM
> java path=C:\Users\Vicky\AppData\Roaming\.tlauncher\jvms\jre1.8.0_281\bin\javaw.exe
> -------------------------------------------------------
> Selected locale: en
> [Loading] LOADING_CONSOLE
> [Downloader2] Loaded configuration: good
> [Updater] Requesting an update...
> [Updater] Requesting from: https://repo.tlauncher.org/update/lch/release_update_2.3.json
> [Updater] Making request: https://repo.tlauncher.org/update/lch/release_update_2.3.json?version=2.89&client=f2d004ad-49e4-438b-9a85-cae4170ae3d1
> [Updater] Request time: 536 ms
> [Updater] Successfully requested from: https://repo.tlauncher.org/update/lch/release_update_2.3.json
> [Browser] Loading resources...
> [Browser] Cleaning up after loading:
> Starting garbage collector: 48 / 107 MB
> Garbage collector completed: 21 / 154 MB
> [Loading] LOADING_MANAGERS
> [LocalVersionList] Base directory: C:\Users\Vicky\AppData\Roaming\.minecraft
> [ProfileManager] Refreshing profiles from: C:\Users\Vicky\AppData\Roaming\.minecraft\TlauncherProfiles.json
> file not exist TlauncherProfiles.json
> [AdvertisingStatusObserver]  started to get ad information
> [AdvertisingStatusObserver]  finished to get add information
> save profiles
> [GsonUtil]  request to https://repo.tlauncher.org/update/downloads/libraries/org/tlauncher/authlib/libraries-1.7.json
> [Loading] LOADING_WINDOW
> [Swing] Favicons loaded: 256px, 128px, 96px, 64px, 48px, 32px, 24px, 16px
> [Loading] PREPARING_MAINPANE
> [REPO][SERVER_LIST_REPO] Success: Reached the repo in 274 ms.
> [JFXStartPageLoader]  start load page: https://page.tlauncher.org/update/downloads/configs/pages/index_en.html
> [Browser] Running in JavaFX Thread
> [Browser] Preparing JavaFX...
> [Browser] Initializing...
> [JFXStartPageLoader]  succeeded load page: https://page.tlauncher.org/update/downloads/configs/pages/index_en.html during 0
> [Browser@22331345] Loaded successfully: "https://page.tlauncher.org/update/downloads/configs/pages/index_en.html"
> [Browser] add listens into server_choose
> [Browser] finished listens into server_choose
> [Downloader2] Loaded configuration: good
> [Loading] POSTINIT_GUI
> [Frame] Packing main frame...
> [Frame] Resizing main pane...
> Updater is already closed. Showing up...
> Visibility set.
> [Loading] REFRESHING_INFO
> [VersionManager] Refreshing versions remotely...
> [REPO][EXTRA_VERSION_REPO] Attempt #1; timeout: 30000 ms; url: https://repo.tlauncher.org/update/downloads/versions/new5/
> Started! (8853 ms.)
> [Loading] SUCCESS
[Bootstrapper] I can be terminated now: 0
