[Loading] INITIALIZING
Starting TLauncher 2.89 RELEASE
For more information, visit https://tlauncher.org/
Startup time: 30 Sep, 2023 2:12:13 PM
Running folder C:\Users\Vicky\AppData\Roaming\.minecraft
---
[Loading] LOADING_CONFIGURATION
Machine info: -------------------------------------------------------
Windows 10 10.0, Java 1.8.0_281, jvm bit x64, 8001 MB RAM
java path=C:\Users\Vicky\AppData\Roaming\.tlauncher\jvms\jre1.8.0_281\bin\javaw.exe
AMD Ryzen 5 3550H with Radeon Vega Mobile Gfx
 AMD Radeon(TM) Vega 8 Graphics, AMD Radeon Graphics Processor (0x15D8), 4113 MB, NVIDIA GeForce GTX 1650, NVIDIA GeForce GTX 1650, 7949 MB
-------------------------------------------------------
Selected locale: en
[Loading] LOADING_CONSOLE
[Downloader2] Loaded configuration: good
[Updater] Requesting an update...
[Updater] Requesting from: https://repo.tlauncher.org/update/lch/release_update_2.3.json
[Updater] Making request: https://repo.tlauncher.org/update/lch/release_update_2.3.json?version=2.89&client=f2d004ad-49e4-438b-9a85-cae4170ae3d1
[Browser] Loading resources...
[Browser] Cleaning up after loading:
Starting garbage collector: 51 / 107 MB
Garbage collector completed: 21 / 148 MB
[Loading] LOADING_MANAGERS
[LocalVersionList] Base directory: C:\Users\Vicky\AppData\Roaming\.minecraft
[ProfileManager] Refreshing profiles from: C:\Users\Vicky\AppData\Roaming\.minecraft\TlauncherProfiles.json
[Updater] Request time: 1768 ms
[Updater] Successfully requested from: https://repo.tlauncher.org/update/lch/release_update_2.3.json
[AdvertisingStatusObserver]  started to get ad information
[AdvertisingStatusObserver]  finished to get add information
save profiles
[GsonUtil]  request to https://repo.tlauncher.org/update/downloads/libraries/org/tlauncher/authlib/libraries-1.7.json
[Loading] LOADING_WINDOW
[Swing] Favicons loaded: 256px, 128px, 96px, 64px, 48px, 32px, 24px, 16px
[Loading] PREPARING_MAINPANE
[REPO][SERVER_LIST_REPO] Success: Reached the repo in 580 ms.
[JFXStartPageLoader]  start load page: https://page.tlauncher.org/update/downloads/configs/pages/index_en.html
[Browser] Running in JavaFX Thread
[Browser] Preparing JavaFX...
[Browser] Initializing...
[JFXStartPageLoader]  succeeded load page: https://page.tlauncher.org/update/downloads/configs/pages/index_en.html during 2
[Browser@989714162] Loaded successfully: "https://page.tlauncher.org/update/downloads/configs/pages/index_en.html"
[Browser] add listens into server_choose
[Browser] finished listens into server_choose
java.io.IOException: Cannot run program "C:\Users\Vicky\AppData\Local\Temp\install6093769721244275498.exe": CreateProcess error=740, The requested operation requires elevation
at java.lang.ProcessBuilder.start(ProcessBuilder.java:1048)
at java.lang.Runtime.exec(Runtime.java:621)
at java.lang.Runtime.exec(Runtime.java:451)
at java.lang.Runtime.exec(Runtime.java:348)
at org.tlauncher.tlauncher.controller.UpdaterFormController.isExecutedOffer(UpdaterFormController.java:153)
at org.tlauncher.tlauncher.controller.UpdaterFormController.processUpdating(UpdaterFormController.java:106)
at org.tlauncher.tlauncher.controller.UpdaterFormController.getResult(UpdaterFormController.java:97)
at org.tlauncher.tlauncher.ui.updater.AutoUpdaterFrame.onUpdaterSucceeded(AutoUpdaterFrame.java:262)
at org.tlauncher.tlauncher.updater.client.Updater.dispatchResult(Updater.java:113)
at org.tlauncher.tlauncher.updater.client.Updater.findUpdate(Updater.java:87)
at org.tlauncher.tlauncher.updater.client.Updater.lambda$asyncFindUpdate$0(Updater.java:96)
at java.util.concurrent.ThreadPoolExecutor.runWorker(ThreadPoolExecutor.java:1149)
at java.util.concurrent.ThreadPoolExecutor$Worker.run(ThreadPoolExecutor.java:624)
at org.tlauncher.util.async.RunnableThread.run(RunnableThread.java:15)
Caused by: java.io.IOException: CreateProcess error=740, The requested operation requires elevation
at java.lang.ProcessImpl.create(Native Method)
at java.lang.ProcessImpl.<init>(ProcessImpl.java:444)
at java.lang.ProcessImpl.start(ProcessImpl.java:140)
at java.lang.ProcessBuilder.start(ProcessBuilder.java:1029)
at java.lang.Runtime.exec(Runtime.java:621)
at java.lang.Runtime.exec(Runtime.java:451)
at java.lang.Runtime.exec(Runtime.java:348)
at org.tlauncher.tlauncher.controller.UpdaterFormController.isExecutedOffer(UpdaterFormController.java:153)
at org.tlauncher.tlauncher.controller.UpdaterFormController.processUpdating(UpdaterFormController.java:106)
at org.tlauncher.tlauncher.controller.UpdaterFormController.getResult(UpdaterFormController.java:97)
at org.tlauncher.tlauncher.ui.updater.AutoUpdaterFrame.onUpdaterSucceeded(AutoUpdaterFrame.java:262)
at org.tlauncher.tlauncher.updater.client.Updater.dispatchResult(Updater.java:113)
at org.tlauncher.tlauncher.updater.client.Updater.findUpdate(Updater.java:87)
at org.tlauncher.tlauncher.updater.client.Updater.lambda$asyncFindUpdate$0(Updater.java:96)
at java.util.concurrent.ThreadPoolExecutor.runWorker(ThreadPoolExecutor.java:1149)
at java.util.concurrent.ThreadPoolExecutor$Worker.run(ThreadPoolExecutor.java:624)
at org.tlauncher.util.async.RunnableThread.run(RunnableThread.java:15)
Thread called by: org.tlauncher.util.async.ExtendedThread$ExtendedThreadCaller
at org.tlauncher.util.async.ExtendedThread.<init>(ExtendedThread.java:17)
at org.tlauncher.util.async.ExtendedThread.<init>(ExtendedThread.java:21)
at org.tlauncher.util.async.RunnableThread.<init>(RunnableThread.java:7)
at org.tlauncher.util.async.AsyncThread$1.newThread(AsyncThread.java:12)
at java.util.concurrent.ThreadPoolExecutor$Worker.<init>(ThreadPoolExecutor.java:619)
at java.util.concurrent.ThreadPoolExecutor.addWorker(ThreadPoolExecutor.java:932)
at java.util.concurrent.ThreadPoolExecutor.execute(ThreadPoolExecutor.java:1378)
at org.tlauncher.util.async.AsyncThread.execute(AsyncThread.java:17)
at org.tlauncher.tlauncher.updater.client.Updater.asyncFindUpdate(Updater.java:96)
at org.tlauncher.tlauncher.rmo.TLauncher.<init>(TLauncher.java:188)
at org.tlauncher.tlauncher.rmo.TLauncher$$FastClassByGuice$$7106277c.newInstance(<generated>)
at com.google.inject.internal.DefaultConstructionProxyFactory$FastClassProxy.newInstance(DefaultConstructionProxyFactory.java:89)
at com.google.inject.internal.ConstructorInjector.provision(ConstructorInjector.java:111)
at com.google.inject.internal.ConstructorInjector.construct(ConstructorInjector.java:90)
at com.google.inject.internal.ConstructorBindingImpl$Factory.get(ConstructorBindingImpl.java:268)
at com.google.inject.internal.InjectorImpl$2$1.call(InjectorImpl.java:1019)
at com.google.inject.internal.InjectorImpl.callInContext(InjectorImpl.java:1092)
at com.google.inject.internal.InjectorImpl$2.get(InjectorImpl.java:1015)
at com.google.inject.assistedinject.FactoryProvider2.invoke(FactoryProvider2.java:776)
at com.sun.proxy.$Proxy9.create(Unknown Source)
at org.tlauncher.util.guice.GuiceModule.getTlauncher(GuiceModule.java:151)
at org.tlauncher.util.guice.GuiceModule$$FastClassByGuice$$58e5bf0.invoke(<generated>)
... and 14 more

[Update:2.893] Set state: DOWNLOADING
[Update:2.893] dest C:\Users\Vicky\AppData\Roaming\.minecraft\TLauncher.exe.update
[Update:2.893] url: https://repo.tlauncher.org/update/lch/TLauncher-2.893.exe
[Downloader2] Files in queue 1
[Downloader2] Starting download 1 files...
[Update:2.893] Set state: READY
[Double running] clear time label
[Update:2.893] Set state: APPLYING
[Bootstrapper] choose jvm for restart:C:\Users\Vicky\AppData\Roaming\.tlauncher\jvms\jre1.8.0_281\bin\javaw.exe
Good bye!
[Double running] clear time label
flush now
