[Loading] INITIALIZING
Starting TLauncher 2.893 RELEASE
For more information, visit https://tlauncher.org/
Startup time: 30 Sep, 2023 2:13:12 PM
Running folder C:\Users\Vicky\AppData\Roaming\.minecraft
---
[Loading] LOADING_CONFIGURATION
Machine info: -------------------------------------------------------
Windows 10 10.0, Java 1.8.0_281, jvm bit x64, 8001 MB RAM
java path=C:\Users\Vicky\AppData\Roaming\.tlauncher\jvms\jre1.8.0_281\bin\javaw.exe
AMD Ryzen 5 3550H with Radeon Vega Mobile Gfx
 AMD Radeon(TM) Vega 8 Graphics, AMD Radeon Graphics Processor (0x15D8), 4113 MB, NVIDIA GeForce GTX 1650, NVIDIA GeForce GTX 1650, 7949 MB
-------------------------------------------------------
Selected locale: en
[Loading] LOADING_CONSOLE
[Downloader2] Loaded configuration: good
[Updater] Requesting an update...
[Updater] Requesting from: https://repo.tlauncher.org/update/lch/release_update_2.3.json
[Updater] Making request: https://repo.tlauncher.org/update/lch/release_update_2.3.json?version=2.893&client=f2d004ad-49e4-438b-9a85-cae4170ae3d1
[Browser] Loading resources...
[Browser] Cleaning up after loading:
Starting garbage collector: 54 / 107 MB
Garbage collector completed: 22 / 152 MB
[Loading] LOADING_MANAGERS
[LocalVersionList] Base directory: C:\Users\Vicky\AppData\Roaming\.minecraft
[ProfileManager] Refreshing profiles from: C:\Users\Vicky\AppData\Roaming\.minecraft\TlauncherProfiles.json
[Updater] Request time: 1334 ms
[Updater] Successfully requested from: https://repo.tlauncher.org/update/lch/release_update_2.3.json
[AdvertisingStatusObserver]  started to get ad information
[AdvertisingStatusObserver]  finished to get add information
save profiles
[GsonUtil]  request to https://repo.tlauncher.org/update/downloads/libraries/org/tlauncher/authlib/libraries-1.7.json
[Loading] LOADING_WINDOW
[Swing] Favicons loaded: 256px, 128px, 96px, 64px, 48px, 32px, 24px, 16px
[Loading] PREPARING_MAINPANE
[JFXStartPageLoader]  start load page: https://page.tlauncher.org/update/downloads/configs/pages/index_en.html
[Browser] Running in JavaFX Thread
[Browser] Preparing JavaFX...
[Browser] Initializing...
[REPO][SERVER_LIST_REPO] Success: Reached the repo in 572 ms.
[JFXStartPageLoader]  succeeded load page: https://page.tlauncher.org/update/downloads/configs/pages/index_en.html during 1
[Browser@487048496] Loaded successfully: "https://page.tlauncher.org/update/downloads/configs/pages/index_en.html"
[Downloader2] Loaded configuration: good
[Browser] add listens into server_choose
[Browser] finished listens into server_choose
[Loading] POSTINIT_GUI
[Frame] Packing main frame...
[Frame] Resizing main pane...
Updater is already closed. Showing up...
Visibility set.
[Loading] REFRESHING_INFO
[VersionManager] Refreshing versions remotely...
[REPO][EXTRA_VERSION_REPO] Attempt #1; timeout: 30000 ms; url: https://repo.tlauncher.org/update/downloads/versions/new5/
Started! (9992 ms.)
[Loading] SUCCESS
[TLauncher] show tlauncher!!!
discrord setting status problem: java.io.FileNotFoundException: \\?\pipe\discord-ipc-0 (The system cannot find the file specified)
[REPO][EXTRA_VERSION_REPO] Attempt #1; timeout: 30000 ms; url: https://repo.tlauncher.org/update/downloads/versions/new5/
[REPO][SKIN_VERSION_REPO] Attempt #1; timeout: 30000 ms; url: https://repo.tlauncher.org/update/downloads/versions/new5/skin/versions/
[REPO][OFFICIAL_VERSION_REPO] Attempt #1; timeout: 30000 ms; url: https://launchermeta.mojang.com/mc/game/
[REPO][EXTRA_VERSION_REPO] Success: Reached the repo in 1619 ms.
[REPO][SKIN_VERSION_REPO] Success: Reached the repo in 1150 ms.
[REPO][EXTRA_VERSION_REPO] Success: Reached the repo in 1168 ms.
[SkinVersionList] Got in 1243 ms
[ExtraVersionList] Got in 1334 ms
[REPO][OFFICIAL_VERSION_REPO] Success: Reached the repo in 1813 ms.
[OfficialVersionList] Got in 2485 ms
[VersionManager] Versions has been refreshed (2896 ms)
[REPO][ADD_HOT_SERVERS_REPO] Attempt #1; timeout: 30000 ms; url: https://repo.tlauncher.org/update/lch/additional_hot_servers-1.0.json
[REPO][HOT_SERVERS_REPO] Attempt #1; timeout: 30000 ms; url: https://repo.tlauncher.org/update/lch/servers/hot_servers-1.0.json
run server on  37842
[REPO][ADD_HOT_SERVERS_REPO] Success: Reached the repo in 437 ms.
[REPO][HOT_SERVERS_REPO] Success: Reached the repo in 960 ms.
AccountComboBox.validte pre game launch username Account{skinType=TLAUNCHER, displayName=Vicky, userid=91d519811e5844279199ef1e67a09b70, uuid=91d519811e5844279199ef1e67a09b70, username=Vicky} FREE
onAuthPassed
saved account Account{skinType=TLAUNCHER, displayName=Vicky, userid=91d519811e5844279199ef1e67a09b70, uuid=91d519811e5844279199ef1e67a09b70, username=Vicky}
save profiles
[LoginForm] Login was OK. Trying to launch now.
[Launcher] Running under TLauncher 2.893
[Launcher] Collecting info...
[TLauncherManager] before clearLibrary C:\Users\Vicky\AppData\Roaming\.minecraft\mods\(34) How To Install Minecraft Mods (2022) - YouTube.url C:\Users\Vicky\AppData\Roaming\.minecraft\mods\CProgram FilesJavajre1.8.0_351bin.png C:\Users\Vicky\AppData\Roaming\.minecraft\mods\forge-1.20.1-47.2.0-installer.jar
[TLauncherManager] written:  []
[TLauncherManager] after clearLibrary C:\Users\Vicky\AppData\Roaming\.minecraft\mods\(34) How To Install Minecraft Mods (2022) - YouTube.url C:\Users\Vicky\AppData\Roaming\.minecraft\mods\CProgram FilesJavajre1.8.0_351bin.png C:\Users\Vicky\AppData\Roaming\.minecraft\mods\forge-1.20.1-47.2.0-installer.jar
[Launcher] Force update: true
[Launcher] Selected version: 1.20.1
[Launcher] Selected account: Account{skinType=TLAUNCHER, displayName=Vicky, userid=91d519811e5844279199ef1e67a09b70, uuid=91d519811e5844279199ef1e67a09b70, username=Vicky}
[Launcher] Version sync info: VersionSyncInfo{id='1.20.1',
local=CompleteVersion{id='1.20.1', time=Mon Jun 12 18:55:51 IST 2023, release=Mon Jun 12 18:55:51 IST 2023, type=release, class=net.minecraft.client.main.Main, minimumVersion=21, assets='5', source=LOCAL_VERSION_REPO, list=net.minecraft.launcher.updater.OfficialVersionList@698dff1e, libraries=[Library{name='ca.weblite:java-objc-bridge:1.1', rules=[Rule{action=ALLOW, os=OSRestriction{name=OSX, version='null'}, features=null}], natives=null, extract=null, packed='null'}, Library{name='com.github.oshi:oshi-core:6.2.2', rules=null, natives=null, extract=null, packed='null'}, Library{name='com.google.code.gson:gson:2.10', rules=null, natives=null, extract=null, packed='null'}, Library{name='com.google.guava:failureaccess:1.0.1', rules=null, natives=null, extract=null, packed='null'}, Library{name='com.google.guava:guava:31.1-jre', rules=null, natives=null, extract=null, packed='null'}, Library{name='com.ibm.icu:icu4j:71.1', rules=null, natives=null, extract=null, packed='null'}, Library{name='com.mojang:authlib:4.0.43', rules=null, natives=null, extract=null, packed='null'}, Library{name='com.mojang:blocklist:1.0.10', rules=null, natives=null, extract=null, packed='null'}, Library{name='com.mojang:brigadier:1.1.8', rules=null, natives=null, extract=null, packed='null'}, Library{name='com.mojang:datafixerupper:6.0.8', rules=null, natives=null, extract=null, packed='null'}, Library{name='com.mojang:logging:1.1.1', rules=null, natives=null, extract=null, packed='null'}, Library{name='com.mojang:patchy:2.2.10', rules=null, natives=null, extract=null, packed='null'}, Library{name='com.mojang:text2speech:1.17.9', rules=null, natives=null, extract=null, packed='null'}, Library{name='commons-codec:commons-codec:1.15', rules=null, natives=null, extract=null, packed='null'}, Library{name='commons-io:commons-io:2.11.0', rules=null, natives=null, extract=null, packed='null'}, Library{name='commons-logging:commons-logging:1.2', rules=null, natives=null, extract=null, packed='null'}, Library{name='io.netty:netty-buffer:4.1.82.Final', rules=null, natives=null, extract=null, packed='null'}, Library{name='io.netty:netty-codec:4.1.82.Final', rules=null, natives=null, extract=null, packed='null'}, Library{name='io.netty:netty-common:4.1.82.Final', rules=null, natives=null, extract=null, packed='null'}, Library{name='io.netty:netty-handler:4.1.82.Final', rules=null, natives=null, extract=null, packed='null'}, Library{name='io.netty:netty-resolver:4.1.82.Final', rules=null, natives=null, extract=null, packed='null'}, Library{name='io.netty:netty-transport-classes-epoll:4.1.82.Final', rules=null, natives=null, extract=null, packed='null'}, Library{name='io.netty:netty-transport-native-epoll:4.1.82.Final:linux-aarch_64', rules=[Rule{action=ALLOW, os=OSRestriction{name=LINUX, version='null'}, features=null}], natives=null, extract=null, packed='null'}, Library{name='io.netty:netty-transport-native-epoll:4.1.82.Final:linux-x86_64', rules=[Rule{action=ALLOW, os=OSRestriction{name=LINUX, version='null'}, features=null}], natives=null, extract=null, packed='null'}, Library{name='io.netty:netty-transport-native-unix-common:4.1.82.Final', rules=null, natives=null, extract=null, packed='null'}, Library{name='io.netty:netty-transport:4.1.82.Final', rules=null, natives=null, extract=null, packed='null'}, Library{name='it.unimi.dsi:fastutil:8.5.9', rules=null, natives=null, extract=null, packed='null'}, Library{name='net.java.dev.jna:jna-platform:5.12.1', rules=null, natives=null, extract=null, packed='null'}, Library{name='net.java.dev.jna:jna:5.12.1', rules=null, natives=null, extract=null, packed='null'}, Library{name='net.sf.jopt-simple:jopt-simple:5.0.4', rules=null, natives=null, extract=null, packed='null'}, Library{name='org.apache.commons:commons-compress:1.21', rules=null, natives=null, extract=null, packed='null'}, Library{name='org.apache.commons:commons-lang3:3.12.0', rules=null, natives=null, extract=null, packed='null'}, Library{name='org.apache.httpcomponents:httpclient:4.5.13', rules=null, natives=null, extract=null, packed='null'}, Library{name='org.apache.httpcomponents:httpcore:4.4.15', rules=null, natives=null, extract=null, packed='null'}, Library{name='org.apache.logging.log4j:log4j-api:2.19.0', rules=null, natives=null, extract=null, packed='null'}, Library{name='org.apache.logging.log4j:log4j-core:2.19.0', rules=null, natives=null, extract=null, packed='null'}, Library{name='org.apache.logging.log4j:log4j-slf4j2-impl:2.19.0', rules=null, natives=null, extract=null, packed='null'}, Library{name='org.joml:joml:1.10.5', rules=null, natives=null, extract=null, packed='null'}, Library{name='org.lwjgl:lwjgl-glfw:3.3.1', rules=null, natives=null, extract=null, packed='null'}, Library{name='org.lwjgl:lwjgl-glfw:3.3.1:natives-linux', rules=[Rule{action=ALLOW, os=OSRestriction{name=LINUX, version='null'}, features=null}], natives=null, extract=null, packed='null'}, Library{name='org.lwjgl:lwjgl-glfw:3.3.1:natives-macos', rules=[Rule{action=ALLOW, os=OSRestriction{name=OSX, version='null'}, features=null}], natives=null, extract=null, packed='null'}, Library{name='org.lwjgl:lwjgl-glfw:3.3.1:natives-macos-arm64', rules=[Rule{action=ALLOW, os=OSRestriction{name=OSX, version='null'}, features=null}], natives=null, extract=null, packed='null'}, Library{name='org.lwjgl:lwjgl-glfw:3.3.1:natives-windows', rules=[Rule{action=ALLOW, os=OSRestriction{name=WINDOWS, version='null'}, features=null}], natives=null, extract=null, packed='null'}, Library{name='org.lwjgl:lwjgl-glfw:3.3.1:natives-windows-arm64', rules=[Rule{action=ALLOW, os=OSRestriction{name=WINDOWS, version='null'}, features=null}], natives=null, extract=null, packed='null'}, Library{name='org.lwjgl:lwjgl-glfw:3.3.1:natives-windows-x86', rules=[Rule{action=ALLOW, os=OSRestriction{name=WINDOWS, version='null'}, features=null}], natives=null, extract=null, packed='null'}, Library{name='org.lwjgl:lwjgl-jemalloc:3.3.1', rules=null, natives=null, extract=null, packed='null'}, Library{name='org.lwjgl:lwjgl-jemalloc:3.3.1:natives-linux', rules=[Rule{action=ALLOW, os=OSRestriction{name=LINUX, version='null'}, features=null}], natives=null, extract=null, packed='null'}, Library{name='org.lwjgl:lwjgl-jemalloc:3.3.1:natives-macos', rules=[Rule{action=ALLOW, os=OSRestriction{name=OSX, version='null'}, features=null}], natives=null, extract=null, packed='null'}, Library{name='org.lwjgl:lwjgl-jemalloc:3.3.1:natives-macos-arm64', rules=[Rule{action=ALLOW, os=OSRestriction{name=OSX, version='null'}, features=null}], natives=null, extract=null, packed='null'}, Library{name='org.lwjgl:lwjgl-jemalloc:3.3.1:natives-windows', rules=[Rule{action=ALLOW, os=OSRestriction{name=WINDOWS, version='null'}, features=null}], natives=null, extract=null, packed='null'}, Library{name='org.lwjgl:lwjgl-jemalloc:3.3.1:natives-windows-arm64', rules=[Rule{action=ALLOW, os=OSRestriction{name=WINDOWS, version='null'}, features=null}], natives=null, extract=null, packed='null'}, Library{name='org.lwjgl:lwjgl-jemalloc:3.3.1:natives-windows-x86', rules=[Rule{action=ALLOW, os=OSRestriction{name=WINDOWS, version='null'}, features=null}], natives=null, extract=null, packed='null'}, Library{name='org.lwjgl:lwjgl-openal:3.3.1', rules=null, natives=null, extract=null, packed='null'}, Library{name='org.lwjgl:lwjgl-openal:3.3.1:natives-linux', rules=[Rule{action=ALLOW, os=OSRestriction{name=LINUX, version='null'}, features=null}], natives=null, extract=null, packed='null'}, Library{name='org.lwjgl:lwjgl-openal:3.3.1:natives-macos', rules=[Rule{action=ALLOW, os=OSRestriction{name=OSX, version='null'}, features=null}], natives=null, extract=null, packed='null'}, Library{name='org.lwjgl:lwjgl-openal:3.3.1:natives-macos-arm64', rules=[Rule{action=ALLOW, os=OSRestriction{name=OSX, version='null'}, features=null}], natives=null, extract=null, packed='null'}, Library{name='org.lwjgl:lwjgl-openal:3.3.1:natives-windows', rules=[Rule{action=ALLOW, os=OSRestriction{name=WINDOWS, version='null'}, features=null}], natives=null, extract=null, packed='null'}, Library{name='org.lwjgl:lwjgl-openal:3.3.1:natives-windows-arm64', rules=[Rule{action=ALLOW, os=OSRestriction{name=WINDOWS, version='null'}, features=null}], natives=null, extract=null, packed='null'}, Library{name='org.lwjgl:lwjgl-openal:3.3.1:natives-windows-x86', rules=[Rule{action=ALLOW, os=OSRestriction{name=WINDOWS, version='null'}, features=null}], natives=null, extract=null, packed='null'}, Library{name='org.lwjgl:lwjgl-opengl:3.3.1', rules=null, natives=null, extract=null, packed='null'}, Library{name='org.lwjgl:lwjgl-opengl:3.3.1:natives-linux', rules=[Rule{action=ALLOW, os=OSRestriction{name=LINUX, version='null'}, features=null}], natives=null, extract=null, packed='null'}, Library{name='org.lwjgl:lwjgl-opengl:3.3.1:natives-macos', rules=[Rule{action=ALLOW, os=OSRestriction{name=OSX, version='null'}, features=null}], natives=null, extract=null, packed='null'}, Library{name='org.lwjgl:lwjgl-opengl:3.3.1:natives-macos-arm64', rules=[Rule{action=ALLOW, os=OSRestriction{name=OSX, version='null'}, features=null}], natives=null, extract=null, packed='null'}, Library{name='org.lwjgl:lwjgl-opengl:3.3.1:natives-windows', rules=[Rule{action=ALLOW, os=OSRestriction{name=WINDOWS, version='null'}, features=null}], natives=null, extract=null, packed='null'}, Library{name='org.lwjgl:lwjgl-opengl:3.3.1:natives-windows-arm64', rules=[Rule{action=ALLOW, os=OSRestriction{name=WINDOWS, version='null'}, features=null}], natives=null, extract=null, packed='null'}, Library{name='org.lwjgl:lwjgl-opengl:3.3.1:natives-windows-x86', rules=[Rule{action=ALLOW, os=OSRestriction{name=WINDOWS, version='null'}, features=null}], natives=null, extract=null, packed='null'}, Library{name='org.lwjgl:lwjgl-stb:3.3.1', rules=null, natives=null, extract=null, packed='null'}, Library{name='org.lwjgl:lwjgl-stb:3.3.1:natives-linux', rules=[Rule{action=ALLOW, os=OSRestriction{name=LINUX, version='null'}, features=null}], natives=null, extract=null, packed='null'}, Library{name='org.lwjgl:lwjgl-stb:3.3.1:natives-macos', rules=[Rule{action=ALLOW, os=OSRestriction{name=OSX, version='null'}, features=null}], natives=null, extract=null, packed='null'}, Library{name='org.lwjgl:lwjgl-stb:3.3.1:natives-macos-arm64', rules=[Rule{action=ALLOW, os=OSRestriction{name=OSX, version='null'}, features=null}], natives=null, extract=null, packed='null'}, Library{name='org.lwjgl:lwjgl-stb:3.3.1:natives-windows', rules=[Rule{action=ALLOW, os=OSRestriction{name=WINDOWS, version='null'}, features=null}], natives=null, extract=null, packed='null'}, Library{name='org.lwjgl:lwjgl-stb:3.3.1:natives-windows-arm64', rules=[Rule{action=ALLOW, os=OSRestriction{name=WINDOWS, version='null'}, features=null}], natives=null, extract=null, packed='null'}, Library{name='org.lwjgl:lwjgl-stb:3.3.1:natives-windows-x86', rules=[Rule{action=ALLOW, os=OSRestriction{name=WINDOWS, version='null'}, features=null}], natives=null, extract=null, packed='null'}, Library{name='org.lwjgl:lwjgl-tinyfd:3.3.1', rules=null, natives=null, extract=null, packed='null'}, Library{name='org.lwjgl:lwjgl-tinyfd:3.3.1:natives-linux', rules=[Rule{action=ALLOW, os=OSRestriction{name=LINUX, version='null'}, features=null}], natives=null, extract=null, packed='null'}, Library{name='org.lwjgl:lwjgl-tinyfd:3.3.1:natives-macos', rules=[Rule{action=ALLOW, os=OSRestriction{name=OSX, version='null'}, features=null}], natives=null, extract=null, packed='null'}, Library{name='org.lwjgl:lwjgl-tinyfd:3.3.1:natives-macos-arm64', rules=[Rule{action=ALLOW, os=OSRestriction{name=OSX, version='null'}, features=null}], natives=null, extract=null, packed='null'}, Library{name='org.lwjgl:lwjgl-tinyfd:3.3.1:natives-windows', rules=[Rule{action=ALLOW, os=OSRestriction{name=WINDOWS, version='null'}, features=null}], natives=null, extract=null, packed='null'}, Library{name='org.lwjgl:lwjgl-tinyfd:3.3.1:natives-windows-arm64', rules=[Rule{action=ALLOW, os=OSRestriction{name=WINDOWS, version='null'}, features=null}], natives=null, extract=null, packed='null'}, Library{name='org.lwjgl:lwjgl-tinyfd:3.3.1:natives-windows-x86', rules=[Rule{action=ALLOW, os=OSRestriction{name=WINDOWS, version='null'}, features=null}], natives=null, extract=null, packed='null'}, Library{name='org.lwjgl:lwjgl:3.3.1', rules=null, natives=null, extract=null, packed='null'}, Library{name='org.lwjgl:lwjgl:3.3.1:natives-linux', rules=[Rule{action=ALLOW, os=OSRestriction{name=LINUX, version='null'}, features=null}], natives=null, extract=null, packed='null'}, Library{name='org.lwjgl:lwjgl:3.3.1:natives-macos', rules=[Rule{action=ALLOW, os=OSRestriction{name=OSX, version='null'}, features=null}], natives=null, extract=null, packed='null'}, Library{name='org.lwjgl:lwjgl:3.3.1:natives-macos-arm64', rules=[Rule{action=ALLOW, os=OSRestriction{name=OSX, version='null'}, features=null}], natives=null, extract=null, packed='null'}, Library{name='org.lwjgl:lwjgl:3.3.1:natives-windows', rules=[Rule{action=ALLOW, os=OSRestriction{name=WINDOWS, version='null'}, features=null}], natives=null, extract=null, packed='null'}, Library{name='org.lwjgl:lwjgl:3.3.1:natives-windows-arm64', rules=[Rule{action=ALLOW, os=OSRestriction{name=WINDOWS, version='null'}, features=null}], natives=null, extract=null, packed='null'}, Library{name='org.lwjgl:lwjgl:3.3.1:natives-windows-x86', rules=[Rule{action=ALLOW, os=OSRestriction{name=WINDOWS, version='null'}, features=null}], natives=null, extract=null, packed='null'}, Library{name='org.slf4j:slf4j-api:2.0.1', rules=null, natives=null, extract=null, packed='null'}]},
remote=PartialVersion{id='1.20.1', time=Thu Sep 21 13:57:36 IST 2023, release=Mon Jun 12 18:55:51 IST 2023, type=release, source=OFFICIAL_VERSION_REPO, list=net.minecraft.launcher.updater.OfficialVersionList@698dff1e}, isInstalled=true, hasRemote=true, isUpToDate=false}
[REPO][EMPTY] Attempt #1; timeout: 30000 ms; url: 
[REPO][EMPTY] Success: Reached the repo in 1342 ms.
[GsonUtil]  request to https://res.tlauncher.org/b/jvm/java_configuration.json
[Launcher] Checking conditions...
[Launcher] resourcepacks:Greenfield.Pack.1.20.zip,Halloween-V1.17.zip,redstone.zip,titanic.zip,Water Reflection.zip
[Launcher] Comparing assets...
[AssetsManager] Checking resources...
[AssetsManager] Reading from repository...
[REPO][EMPTY] Attempt #1; timeout: 30000 ms; url: 
[REPO][EMPTY] Success: Reached the repo in 1178 ms.
[AssetsManager] Fast comparing: false
[Double running] clear time label
[OS] Trying to open folder: C:\Users\Vicky\AppData\Roaming\.minecraft\
[Launcher] finished comparing assets: 74309 ms.
[TLauncherManager] add required libraries: 1.20.1
[VersionManager] Required for version 1.20.1: []
[TLauncherManager] add required libraries: 1.20.1
used default java runtime
Minecraft requires java version: 17, java path: C:\Users\Vicky\AppData\Roaming\.minecraft\runtime\java-runtime-gamma\windows\java-runtime-gamma\bin\javaw.exe
[Downloader2] Files in queue 36
[Downloader2] Starting download 36 files...
[D#3] >  done https://resources.download.minecraft.net/83/835f7be460185384d93502e7885ca67ef30d5ccb 
[D#1] >  done https://resources.download.minecraft.net/06/06e4cdd640eb1e5eb8af091b7b4f2f15e0a3cadb 
[D#2] >  done https://resources.download.minecraft.net/e0/e090a575f03fa539f5385c7b3b421e71a04ee904 
[D#3] >  done https://resources.download.minecraft.net/25/257ee587dc8fe9b90e07cde187c085a52cdadb3a 
[D#1] >  done https://resources.download.minecraft.net/3b/3b4d4739478896ed503e57c3fd8b5762994aaa71 
[D#2] >  done https://resources.download.minecraft.net/3d/3d8e50d0b9556f30ec6d65480eb21ddf58a86a06 
[D#1] >  done https://resources.download.minecraft.net/1d/1d5e88f2a898f8d3a705e777eb0ade0ac564a207 
[D#3] >  done https://resources.download.minecraft.net/6a/6a99dc9ce590335317dc749c5de3ee944ea6466d 
[D#1] >  done https://resources.download.minecraft.net/13/1394e8fe335ed0d652937e0c48ed3b0013b1298a 
[D#2] >  done https://resources.download.minecraft.net/be/be47d81704914cdaea4bde8d2fb3fa1f238e9f20 
[D#3] >  done https://resources.download.minecraft.net/c6/c6466d9e2ad8cb39601045f2f019537e16d12290 
[D#1] >  done https://resources.download.minecraft.net/4c/4c47406cfe51bf5b028f1ad175386db0b57482ea 
[D#2] >  done https://resources.download.minecraft.net/58/5889ef5f04084ade3d1cc6acd847d834feaccb7a 
[D#3] >  done https://resources.download.minecraft.net/74/7417eb847304ab2f0702774d7a96e3a744462e83 
[D#1] >  done https://resources.download.minecraft.net/7c/7c942fe4a01a5540af41205a2104b4ebc2e5774d 
[D#2] >  done https://resources.download.minecraft.net/c3/c3dafe259c030dadbe0ce1fbdfce7cdc33717662 
[D#3] >  done https://resources.download.minecraft.net/52/52cd1d254c19ac476ccc1c8d87ccb846ac7e92b4 
[D#1] >  done https://resources.download.minecraft.net/9e/9e2ff967de1d5bb5e44187cd9e1d145798df154b 
[D#2] >  done https://resources.download.minecraft.net/86/86be8b026b50b23f322d17e33997102580c02be0 
[D#3] >  done https://resources.download.minecraft.net/e4/e4ff17c9b21663f6201eb4564e9d3de577fc2e0e 
[D#1] >  done https://resources.download.minecraft.net/25/259525b3026accf086edc1b5e45a6a7ed109b319 
[D#2] >  done https://resources.download.minecraft.net/7d/7df13248555ea1b8a90716d71dfc49772cc2aecd 
[D#3] >  done https://resources.download.minecraft.net/e5/e5c2381ec054b05264600f864375acaf69e3f915 
[D#1] >  done https://resources.download.minecraft.net/84/845244aadba83eee7c5d6ff4df6dacb165d3a09a 
[D#2] >  done https://resources.download.minecraft.net/50/50da9ea9111bb0e1f955a3dc60a01ee1d327f5d9 
[D#3] >  done https://resources.download.minecraft.net/55/552b49d4a9ceb184b1de435b573eb17ab78a44cf 
[D#1] >  done https://resources.download.minecraft.net/f0/f002b0a46ef3d2a527dff01d371afb84a21a2516 
[D#2] >  done https://resources.download.minecraft.net/70/70c1c80e47d412fd3e825d124fbefeb55a97cad1 
[D#3] >  done https://resources.download.minecraft.net/dd/ddcf393e383f7dc3c53358462f77c56f59ca9253 
[D#1] >  done https://resources.download.minecraft.net/d7/d7386bd54496a5e99811bc94db7dae19336265bd 
[D#2] >  done https://resources.download.minecraft.net/8e/8e8be5429af40bcbbda68ff41bc67598779c6e98 
[D#3] >  done https://resources.download.minecraft.net/df/dfdf6cd3115395b3fc23dfb9c1d7c72bff1ebce1 
[D#1] >  done https://resources.download.minecraft.net/54/545047463b6048fa73fe20688145eec060e089e1 
[D#2] >  done https://resources.download.minecraft.net/34/349bd66c02a6867de70452b8080d31bcf6cebd33 
[D#3] >  done https://resources.download.minecraft.net/a0/a0efb8846e470d6fc31950a43d2d041d0be5e96d 
[D#2] >  done https://resources.download.minecraft.net/53/538a8a21d4b4d876f7bccdfda1b7a1dafedf87d5 
library will be replaced: com.mojang:authlib:4.0.43 -> org.tlauncher:authlib:4.0.43.1
library will be replaced: com.mojang:patchy:2.2.10 -> org.tlauncher:patchy:2.2.10
[TLauncherManager] library will be added as required: io.github.classgraph:classgraph:4.8.110
[TLauncherManager] library will be added as required: org.ow2.asm:asm:9.1
[TLauncherManager] library will be added as required: org.ow2.asm:asm-commons:9.1
[TLauncherManager] library will be added as required: org.ow2.asm:asm-tree:9.1
[TLauncherManager] library will be added: org.tlauncher:tl_skin_cape_1.20_1.20.1:1.32
[Launcher] Unpacking natives...
[Launcher] Constructing process...
[Launcher] Constructing classpath...
backup world is active: true
Add new world to backup list: EF-cyberpunk-1.12-original
Add new world to backup list: Exposed Stronghold
Add new world to backup list: Flappy Bird by mattbatwings
Add new world to backup list: Greenfield v0.5.4
Add new world to backup list: Note Block Tutorial 7_0
Add new world to backup list: RMS Titanic - by Purdie 1.19.3
Add new world to backup list: selfbuilding house random world
Add new world to backup list: The Arch Tower - Survival
Add new world to backup list: The Parkour Island
Add new world to backup list: Unlimited-Craft Racetrack
backup world: EF-cyberpunk-1.12-original
backup world finished: EF-cyberpunk-1.12-original
backup world: Exposed Stronghold
backup world finished: Exposed Stronghold
backup world: Flappy Bird by mattbatwings
backup world finished: Flappy Bird by mattbatwings
backup world: Greenfield v0.5.4
[GsonUtil]  request to https://repo.tlauncher.org/update/downloads/libraries/org/tlauncher/authlib/libraries-1.7.json
[GsonUtil]  request to https://repo.tlauncher.org/update/downloads/libraries/org/tlauncher/authlib/libraries-1.7.json
[VersionManager] Refreshing versions remotely...
[REPO][OFFICIAL_VERSION_REPO] Attempt #1; timeout: 30000 ms; url: https://launchermeta.mojang.com/mc/game/
[REPO][EXTRA_VERSION_REPO] Attempt #1; timeout: 30000 ms; url: https://repo.tlauncher.org/update/downloads/versions/new5/
[REPO][SKIN_VERSION_REPO] Attempt #1; timeout: 30000 ms; url: https://repo.tlauncher.org/update/downloads/versions/new5/skin/versions/
[REPO][SKIN_VERSION_REPO] Success: Reached the repo in 206 ms.
[SkinVersionList] Got in 222 ms
[REPO][EXTRA_VERSION_REPO] Success: Reached the repo in 927 ms.
[ExtraVersionList] Got in 958 ms
[REPO][OFFICIAL_VERSION_REPO] Success: Reached the repo in 1821 ms.
[OfficialVersionList] Got in 1993 ms
[VersionManager] Versions has been refreshed (2069 ms)
[ProfileManager] Refreshing profiles from: C:\Users\Vicky\AppData\Roaming\.minecraft\TlauncherProfiles.json
save profiles
[REPO][SERVER_LIST_REPO] Success: Reached the repo in 613 ms.
[REPO][EXTRA_VERSION_REPO] Attempt #1; timeout: 30000 ms; url: https://repo.tlauncher.org/update/downloads/versions/new5/
[REPO][EXTRA_VERSION_REPO] Success: Reached the repo in 747 ms.
backup world finished: Greenfield v0.5.4
backup world: Note Block Tutorial 7_0
backup world finished: Note Block Tutorial 7_0
backup world: RMS Titanic - by Purdie 1.19.3
backup world finished: RMS Titanic - by Purdie 1.19.3
backup world: selfbuilding house random world
backup world finished: selfbuilding house random world
backup world: The Arch Tower - Survival
backup world finished: The Arch Tower - Survival
backup world: The Parkour Island
backup world finished: The Parkour Island
backup world: Unlimited-Craft Racetrack
backup world finished: Unlimited-Craft Racetrack
Deleted world: C:\Users\Vicky\AppData\Roaming\.minecraft\backup\saves\saves\Cool Village\Cool Village_2023-09-09T19_24_50.zip
Deleted world: C:\Users\Vicky\AppData\Roaming\.minecraft\backup\saves\saves\Cool Village\Maze.zip
Deleted world: C:\Users\Vicky\AppData\Roaming\.minecraft\backup\saves\saves\Pretty icy\Pretty icy_2023-09-09T22_18_18.zip
Deleted world: C:\Users\Vicky\AppData\Roaming\.minecraft\backup\saves\saves\Pretty icy\Pretty icy_2023-09-10T13_41_04.zip
Deleted world: C:\Users\Vicky\AppData\Roaming\.minecraft\backup\saves\saves\Pretty icy\Pretty icy_2023-09-11T13_16_11.zip
[Launcher] Getting Minecraft arguments...
[Launcher] Full command: C:\Users\Vicky\AppData\Roaming\.minecraft\runtime\java-runtime-gamma\windows\java-runtime-gamma\bin\javaw.exe -Dos.name=Windows 10 -Dos.version=10.0 -XX:HeapDumpPath=MojangTricksIntelDriversForPerformance_javaw.exe_minecraft.exe.heapdump -Xss1M -Djava.library.path=C:\Users\Vicky\AppData\Roaming\.minecraft\versions\1.20.1\natives -Djna.tmpdir=C:\Users\Vicky\AppData\Roaming\.minecraft\versions\1.20.1\natives -Dorg.lwjgl.system.SharedLibraryExtractPath=C:\Users\Vicky\AppData\Roaming\.minecraft\versions\1.20.1\natives -Dio.netty.native.workdir=C:\Users\Vicky\AppData\Roaming\.minecraft\versions\1.20.1\natives -Dminecraft.launcher.brand=minecraft-launcher -Dminecraft.launcher.version=2.3.173 -cp C:\Users\Vicky\AppData\Roaming\.minecraft\libraries\org\tlauncher\tl_skin_cape_1.20_1.20.1\1.32\tl_skin_cape_1.20_1.20.1-1.32.jar;C:\Users\Vicky\AppData\Roaming\.minecraft\libraries\org\ow2\asm\asm-tree\9.1\asm-tree-9.1.jar;C:\Users\Vicky\AppData\Roaming\.minecraft\libraries\org\ow2\asm\asm-commons\9.1\asm-commons-9.1.jar;C:\Users\Vicky\AppData\Roaming\.minecraft\libraries\org\ow2\asm\asm\9.1\asm-9.1.jar;C:\Users\Vicky\AppData\Roaming\.minecraft\libraries\io\github\classgraph\classgraph\4.8.110\classgraph-4.8.110.jar;C:\Users\Vicky\AppData\Roaming\.minecraft\libraries\com\github\oshi\oshi-core\6.2.2\oshi-core-6.2.2.jar;C:\Users\Vicky\AppData\Roaming\.minecraft\libraries\com\google\code\gson\gson\2.10\gson-2.10.jar;C:\Users\Vicky\AppData\Roaming\.minecraft\libraries\com\google\guava\failureaccess\1.0.1\failureaccess-1.0.1.jar;C:\Users\Vicky\AppData\Roaming\.minecraft\libraries\com\google\guava\guava\31.1-jre\guava-31.1-jre.jar;C:\Users\Vicky\AppData\Roaming\.minecraft\libraries\com\ibm\icu\icu4j\71.1\icu4j-71.1.jar;C:\Users\Vicky\AppData\Roaming\.minecraft\libraries\org\tlauncher\authlib\4.0.43.1\authlib-4.0.43.1.jar;C:\Users\Vicky\AppData\Roaming\.minecraft\libraries\com\mojang\blocklist\1.0.10\blocklist-1.0.10.jar;C:\Users\Vicky\AppData\Roaming\.minecraft\libraries\com\mojang\brigadier\1.1.8\brigadier-1.1.8.jar;C:\Users\Vicky\AppData\Roaming\.minecraft\libraries\com\mojang\datafixerupper\6.0.8\datafixerupper-6.0.8.jar;C:\Users\Vicky\AppData\Roaming\.minecraft\libraries\com\mojang\logging\1.1.1\logging-1.1.1.jar;C:\Users\Vicky\AppData\Roaming\.minecraft\libraries\org\tlauncher\patchy\2.2.10\patchy-2.2.10.jar;C:\Users\Vicky\AppData\Roaming\.minecraft\libraries\com\mojang\text2speech\1.17.9\text2speech-1.17.9.jar;C:\Users\Vicky\AppData\Roaming\.minecraft\libraries\commons-codec\commons-codec\1.15\commons-codec-1.15.jar;C:\Users\Vicky\AppData\Roaming\.minecraft\libraries\commons-io\commons-io\2.11.0\commons-io-2.11.0.jar;C:\Users\Vicky\AppData\Roaming\.minecraft\libraries\commons-logging\commons-logging\1.2\commons-logging-1.2.jar;C:\Users\Vicky\AppData\Roaming\.minecraft\libraries\io\netty\netty-buffer\4.1.82.Final\netty-buffer-4.1.82.Final.jar;C:\Users\Vicky\AppData\Roaming\.minecraft\libraries\io\netty\netty-codec\4.1.82.Final\netty-codec-4.1.82.Final.jar;C:\Users\Vicky\AppData\Roaming\.minecraft\libraries\io\netty\netty-common\4.1.82.Final\netty-common-4.1.82.Final.jar;C:\Users\Vicky\AppData\Roaming\.minecraft\libraries\io\netty\netty-handler\4.1.82.Final\netty-handler-4.1.82.Final.jar;C:\Users\Vicky\AppData\Roaming\.minecraft\libraries\io\netty\netty-resolver\4.1.82.Final\netty-resolver-4.1.82.Final.jar;C:\Users\Vicky\AppData\Roaming\.minecraft\libraries\io\netty\netty-transport-classes-epoll\4.1.82.Final\netty-transport-classes-epoll-4.1.82.Final.jar;C:\Users\Vicky\AppData\Roaming\.minecraft\libraries\io\netty\netty-transport-native-unix-common\4.1.82.Final\netty-transport-native-unix-common-4.1.82.Final.jar;C:\Users\Vicky\AppData\Roaming\.minecraft\libraries\io\netty\netty-transport\4.1.82.Final\netty-transport-4.1.82.Final.jar;C:\Users\Vicky\AppData\Roaming\.minecraft\libraries\it\unimi\dsi\fastutil\8.5.9\fastutil-8.5.9.jar;C:\Users\Vicky\AppData\Roaming\.minecraft\libraries\net\java\dev\jna\jna-platform\5.12.1\jna-platform-5.12.1.jar;C:\Users\Vicky\AppData\Roaming\.minecraft\libraries\net\java\dev\jna\jna\5.12.1\jna-5.12.1.jar;C:\Users\Vicky\AppData\Roaming\.minecraft\libraries\net\sf\jopt-simple\jopt-simple\5.0.4\jopt-simple-5.0.4.jar;C:\Users\Vicky\AppData\Roaming\.minecraft\libraries\org\apache\commons\commons-compress\1.21\commons-compress-1.21.jar;C:\Users\Vicky\AppData\Roaming\.minecraft\libraries\org\apache\commons\commons-lang3\3.12.0\commons-lang3-3.12.0.jar;C:\Users\Vicky\AppData\Roaming\.minecraft\libraries\org\apache\httpcomponents\httpclient\4.5.13\httpclient-4.5.13.jar;C:\Users\Vicky\AppData\Roaming\.minecraft\libraries\org\apache\httpcomponents\httpcore\4.4.15\httpcore-4.4.15.jar;C:\Users\Vicky\AppData\Roaming\.minecraft\libraries\org\apache\logging\log4j\log4j-api\2.19.0\log4j-api-2.19.0.jar;C:\Users\Vicky\AppData\Roaming\.minecraft\libraries\org\apache\logging\log4j\log4j-core\2.19.0\log4j-core-2.19.0.jar;C:\Users\Vicky\AppData\Roaming\.minecraft\libraries\org\apache\logging\log4j\log4j-slf4j2-impl\2.19.0\log4j-slf4j2-impl-2.19.0.jar;C:\Users\Vicky\AppData\Roaming\.minecraft\libraries\org\joml\joml\1.10.5\joml-1.10.5.jar;C:\Users\Vicky\AppData\Roaming\.minecraft\libraries\org\lwjgl\lwjgl-glfw\3.3.1\lwjgl-glfw-3.3.1.jar;C:\Users\Vicky\AppData\Roaming\.minecraft\libraries\org\lwjgl\lwjgl-glfw\3.3.1\lwjgl-glfw-3.3.1-natives-windows.jar;C:\Users\Vicky\AppData\Roaming\.minecraft\libraries\org\lwjgl\lwjgl-glfw\3.3.1\lwjgl-glfw-3.3.1-natives-windows-arm64.jar;C:\Users\Vicky\AppData\Roaming\.minecraft\libraries\org\lwjgl\lwjgl-glfw\3.3.1\lwjgl-glfw-3.3.1-natives-windows-x86.jar;C:\Users\Vicky\AppData\Roaming\.minecraft\libraries\org\lwjgl\lwjgl-jemalloc\3.3.1\lwjgl-jemalloc-3.3.1.jar;C:\Users\Vicky\AppData\Roaming\.minecraft\libraries\org\lwjgl\lwjgl-jemalloc\3.3.1\lwjgl-jemalloc-3.3.1-natives-windows.jar;C:\Users\Vicky\AppData\Roaming\.minecraft\libraries\org\lwjgl\lwjgl-jemalloc\3.3.1\lwjgl-jemalloc-3.3.1-natives-windows-arm64.jar;C:\Users\Vicky\AppData\Roaming\.minecraft\libraries\org\lwjgl\lwjgl-jemalloc\3.3.1\lwjgl-jemalloc-3.3.1-natives-windows-x86.jar;C:\Users\Vicky\AppData\Roaming\.minecraft\libraries\org\lwjgl\lwjgl-openal\3.3.1\lwjgl-openal-3.3.1.jar;C:\Users\Vicky\AppData\Roaming\.minecraft\libraries\org\lwjgl\lwjgl-openal\3.3.1\lwjgl-openal-3.3.1-natives-windows.jar;C:\Users\Vicky\AppData\Roaming\.minecraft\libraries\org\lwjgl\lwjgl-openal\3.3.1\lwjgl-openal-3.3.1-natives-windows-arm64.jar;C:\Users\Vicky\AppData\Roaming\.minecraft\libraries\org\lwjgl\lwjgl-openal\3.3.1\lwjgl-openal-3.3.1-natives-windows-x86.jar;C:\Users\Vicky\AppData\Roaming\.minecraft\libraries\org\lwjgl\lwjgl-opengl\3.3.1\lwjgl-opengl-3.3.1.jar;C:\Users\Vicky\AppData\Roaming\.minecraft\libraries\org\lwjgl\lwjgl-opengl\3.3.1\lwjgl-opengl-3.3.1-natives-windows.jar;C:\Users\Vicky\AppData\Roaming\.minecraft\libraries\org\lwjgl\lwjgl-opengl\3.3.1\lwjgl-opengl-3.3.1-natives-windows-arm64.jar;C:\Users\Vicky\AppData\Roaming\.minecraft\libraries\org\lwjgl\lwjgl-opengl\3.3.1\lwjgl-opengl-3.3.1-natives-windows-x86.jar;C:\Users\Vicky\AppData\Roaming\.minecraft\libraries\org\lwjgl\lwjgl-stb\3.3.1\lwjgl-stb-3.3.1.jar;C:\Users\Vicky\AppData\Roaming\.minecraft\libraries\org\lwjgl\lwjgl-stb\3.3.1\lwjgl-stb-3.3.1-natives-windows.jar;C:\Users\Vicky\AppData\Roaming\.minecraft\libraries\org\lwjgl\lwjgl-stb\3.3.1\lwjgl-stb-3.3.1-natives-windows-arm64.jar;C:\Users\Vicky\AppData\Roaming\.minecraft\libraries\org\lwjgl\lwjgl-stb\3.3.1\lwjgl-stb-3.3.1-natives-windows-x86.jar;C:\Users\Vicky\AppData\Roaming\.minecraft\libraries\org\lwjgl\lwjgl-tinyfd\3.3.1\lwjgl-tinyfd-3.3.1.jar;C:\Users\Vicky\AppData\Roaming\.minecraft\libraries\org\lwjgl\lwjgl-tinyfd\3.3.1\lwjgl-tinyfd-3.3.1-natives-windows.jar;C:\Users\Vicky\AppData\Roaming\.minecraft\libraries\org\lwjgl\lwjgl-tinyfd\3.3.1\lwjgl-tinyfd-3.3.1-natives-windows-arm64.jar;C:\Users\Vicky\AppData\Roaming\.minecraft\libraries\org\lwjgl\lwjgl-tinyfd\3.3.1\lwjgl-tinyfd-3.3.1-natives-windows-x86.jar;C:\Users\Vicky\AppData\Roaming\.minecraft\libraries\org\lwjgl\lwjgl\3.3.1\lwjgl-3.3.1.jar;C:\Users\Vicky\AppData\Roaming\.minecraft\libraries\org\lwjgl\lwjgl\3.3.1\lwjgl-3.3.1-natives-windows.jar;C:\Users\Vicky\AppData\Roaming\.minecraft\libraries\org\lwjgl\lwjgl\3.3.1\lwjgl-3.3.1-natives-windows-arm64.jar;C:\Users\Vicky\AppData\Roaming\.minecraft\libraries\org\lwjgl\lwjgl\3.3.1\lwjgl-3.3.1-natives-windows-x86.jar;C:\Users\Vicky\AppData\Roaming\.minecraft\libraries\org\slf4j\slf4j-api\2.0.1\slf4j-api-2.0.1.jar;C:\Users\Vicky\AppData\Roaming\.minecraft\versions\1.20.1\1.20.1.jar --add-exports jdk.naming.dns/com.sun.jndi.dns=java.naming -Xmx3000M -XX:+UnlockExperimentalVMOptions -XX:+UseG1GC -XX:G1NewSizePercent=20 -XX:G1ReservePercent=20 -XX:MaxGCPauseMillis=50 -XX:G1HeapRegionSize=32M -Dfml.ignoreInvalidMinecraftCertificates=true -Dfml.ignorePatchDiscrepancies=true -Djava.net.preferIPv4Stack=true -Dminecraft.applet.TargetDirectory=C:\Users\Vicky\AppData\Roaming\.minecraft -Dlog4j.configurationFile=C:\Users\Vicky\AppData\Roaming\.minecraft\assets\log_configs\client-1.12.xml net.minecraft.launchwrapper.Launch --username Vicky --version 1.20.1 --gameDir C:\Users\Vicky\AppData\Roaming\.minecraft --assetsDir C:\Users\Vicky\AppData\Roaming\.minecraft\assets --assetIndex 5 --uuid 91d519811e5844279199ef1e67a09b70 --accessToken null --clientId null --xuid null --userType mojang --versionType release --width 925 --height 530 --tweakClass org.tlauncher.tweaker.Tweaker
[Launcher] Launching Minecraft...
I'm hiding!
[TLauncherManager] mods after C:\Users\Vicky\AppData\Roaming\.minecraft\mods\(34) How To Install Minecraft Mods (2022) - YouTube.url C:\Users\Vicky\AppData\Roaming\.minecraft\mods\CProgram FilesJavajre1.8.0_351bin.png C:\Users\Vicky\AppData\Roaming\.minecraft\mods\forge-1.20.1-47.2.0-installer.jar
[InnerMinecraftServersImpl]  search changers of the servers
read servers from servers.dat [Server(name=Minecraft Server, address=top.twerion.net, ip=top.twerion.net, port=null, hideAddress=false, acceptTextures=0), Server(name=Minecraft Server, address=play.ragnarockmc.in, ip=play.ragnarockmc.in, port=null, hideAddress=false, acceptTextures=0), Server(name=Minecraft Server, address=bwhub.net, ip=bwhub.net, port=null, hideAddress=false, acceptTextures=0), Server(name=Minecraft Server, address=as.azerithmc.com, ip=as.azerithmc.com, port=null, hideAddress=false, acceptTextures=0), Server(name=Minecraft Server, address=play.endermc.fun, ip=play.endermc.fun, port=null, hideAddress=false, acceptTextures=0), Server(name=Minecraft Server, address=jenominers.de, ip=jenominers.de, port=null, hideAddress=false, acceptTextures=0), Server(name=Minecraft Server, address=play.fourleafsea.xyz, ip=play.fourleafsea.xyz, port=null, hideAddress=false, acceptTextures=0), Server(name=Minecraft Server, address=play.wondercraft.fun, ip=play.wondercraft.fun, port=null, hideAddress=false, acceptTextures=0), Server(name=Minecraft Server, address=play.exoticnetwork.in, ip=play.exoticnetwork.in, port=null, hideAddress=false, acceptTextures=0), Server(name=Minecraft Server, address=play.minetop.fun, ip=play.minetop.fun, port=null, hideAddress=false, acceptTextures=0), Server(name=Minecraft Server, address=tms.chickencraft.nl, ip=tms.chickencraft.nl, port=null, hideAddress=false, acceptTextures=0), Server(name=Minecraft Server, address=nationsglory.com, ip=nationsglory.com, port=null, hideAddress=false, acceptTextures=0), Server(name=Minecraft Server, address=top.ultimis.net, ip=top.ultimis.net, port=null, hideAddress=false, acceptTextures=0), Server(name=Minecraft Server, address=herobrine.org, ip=herobrine.org, port=null, hideAddress=false, acceptTextures=0), Server(name=Minecraft Server, address=armamc.com, ip=armamc.com, port=null, hideAddress=false, acceptTextures=0), Server(name=Minecraft Server, address=127.0.0.1, ip=127.0.0.1, port=null, hideAddress=false, acceptTextures=0)]
[InnerMinecraftServersImpl]  prepare inner servers
save servers to servers.dat
[Launcher] Game skin type: TLAUNCHER
[Launcher] Starting Minecraft 1.20.1...
[Launcher] Launching in: C:\Users\Vicky\AppData\Roaming\.minecraft
Starting garbage collector: 213 / 440 MB
Garbage collector completed: 50 / 430 MB
[Launcher] Processing post-launch actions. Assist launch: true
===============================================================================================
[14:21:95] [main/INFO]: Loading tweak class name org.tlauncher.tweaker.Tweaker
[14:21:00] [main/INFO]: Using primary tweak class name org.tlauncher.tweaker.Tweaker
[14:21:00] [main/INFO]: Calling tweak class org.tlauncher.tweaker.Tweaker
Log Path: C:\Users\Vicky\AppData\Roaming\.minecraft\.\tlLoader\Tweaker.log
[main INFO] Using Tweaker
[main INFO] Tweaker: acceptOptions
[main INFO] Tweaker: injectIntoClassLoader
[Injection] Injection Class Transformer started
[TLSkinCape] Current TLSkinCape version is 1.32
[TLSkinCape] Current Minecraft version is 1.20.
[main INFO] Loaded as a library.
[Injection] Injection into euw ended successfully with 1 injections.
[Injection] Injection into fiv ended successfully with 1 injections.
2023-09-30 14:21:41,590 main WARN Error parsing URI C:\Users\Vicky\AppData\Roaming\.minecraft\assets\log_configs\client-1.12.xml
[main INFO] Tweaker: getLaunchArguments
[main INFO] Tweaker: getLaunchTarget
[Injection] Injection into net.minecraft.client.main.Main ended successfully with 1 injections.
[14:21:04] [main/INFO]: Launching wrapped minecraft [net.minecraft.client.main.Main]
[Injection] Injection into enn ended successfully with 1 injections.
[14:22:69] [Datafixer Bootstrap/INFO]: 188 Datafixer optimizations took 1340 milliseconds
[14:22:43] [Render thread/INFO]: Environment: authHost='https://authserver.mojang.com', accountsHost='https://api.mojang.com', sessionHost='https://sessionserver.mojang.com', servicesHost='https://api.minecraftservices.com', name='PROD'
[14:22:00] [Render thread/ERROR]: Failed to verify authentication
com.mojang.authlib.exceptions.InvalidCredentialsException: Status: 401
	at com.mojang.authlib.exceptions.MinecraftClientHttpException.toAuthenticationException(MinecraftClientHttpException.java:56)
	at com.mojang.authlib.yggdrasil.YggdrasilUserApiService.fetchProperties(YggdrasilUserApiService.java:147)
	at com.mojang.authlib.yggdrasil.YggdrasilUserApiService.<init>(YggdrasilUserApiService.java:63)
	at com.mojang.authlib.yggdrasil.YggdrasilAuthenticationService.createUserApiService(YggdrasilAuthenticationService.java:124)
	at enn.a(SourceFile:733)
	at enn.<init>(SourceFile:442)
	at net.minecraft.client.main.Main.main(SourceFile:211)
	at java.base/jdk.internal.reflect.NativeMethodAccessorImpl.invoke0(Native Method)
	at java.base/jdk.internal.reflect.NativeMethodAccessorImpl.invoke(NativeMethodAccessorImpl.java:77)
	at java.base/jdk.internal.reflect.DelegatingMethodAccessorImpl.invoke(DelegatingMethodAccessorImpl.java:43)
	at java.base/java.lang.reflect.Method.invoke(Method.java:568)
	at net.minecraft.launchwrapper.Launch.launch(Launch.java:136)
	at net.minecraft.launchwrapper.Launch.main(Launch.java:31)
Caused by: MinecraftClientHttpException[type=HTTP_ERROR, status=401, response=ErrorResponse[path='/player/attributes', error='null', details=null, errorMessage='null']]
	at com.mojang.authlib.minecraft.client.MinecraftClient.readInputStream(MinecraftClient.java:85)
	at com.mojang.authlib.minecraft.client.MinecraftClient.get(MinecraftClient.java:48)
	at com.mojang.authlib.yggdrasil.YggdrasilUserApiService.fetchProperties(YggdrasilUserApiService.java:122)
	... 11 more

[14:22:05] [Render thread/INFO]: Setting user: Vicky
[14:22:51] [Render thread/INFO]: Backend library: LWJGL version 3.3.1 build 7
[14:22:34] [Render thread/WARN]: Missing metadata in pack file/Halloween-V1.17.zip
[14:22:22] [Render thread/INFO]: Reloading ResourceManager: vanilla, file/redstone.zip
[14:22:73] [Worker-Main-2/INFO]: Found unifont_all_no_pua-15.0.06.hex, loading
[14:22:09] [Realms Notification Availability checker #1/INFO]: Could not authorize you against Realms server: Invalid session id
[14:23:23] [Worker-Main-4/WARN]: Missing textures in model minecraft:hopper#enabled=false,facing=east:
    minecraft:textures/atlas/blocks.png:minecraft:break/hopper
[14:23:23] [Worker-Main-4/WARN]: Missing textures in model minecraft:hopper#enabled=false,facing=north:
    minecraft:textures/atlas/blocks.png:minecraft:break/hopper
[14:23:23] [Worker-Main-4/WARN]: Missing textures in model minecraft:hopper#enabled=true,facing=south:
    minecraft:textures/atlas/blocks.png:minecraft:break/hopper
[14:23:23] [Worker-Main-4/WARN]: Missing textures in model minecraft:hopper#enabled=true,facing=down:
    minecraft:textures/atlas/blocks.png:minecraft:break/hopper
[14:23:23] [Worker-Main-4/WARN]: Missing textures in model minecraft:hopper#enabled=true,facing=west:
    minecraft:textures/atlas/blocks.png:minecraft:break/hopper
[14:23:72] [Render thread/WARN]: Missing sound for event: minecraft:item.goat_horn.play
[14:23:72] [Render thread/WARN]: Missing sound for event: minecraft:entity.goat.screaming.horn_break
[14:23:47] [Render thread/INFO]: OpenAL initialized on device OpenAL Soft on Headphones (Airdopes 141)
[14:23:48] [Render thread/INFO]: Sound engine started
[14:23:93] [Render thread/INFO]: Created: 1024x512x4 minecraft:textures/atlas/blocks.png-atlas
[14:23:99] [Render thread/INFO]: Created: 256x256x4 minecraft:textures/atlas/signs.png-atlas
[14:23:99] [Render thread/INFO]: Created: 512x512x4 minecraft:textures/atlas/shield_patterns.png-atlas
[14:23:00] [Render thread/INFO]: Created: 512x512x4 minecraft:textures/atlas/banner_patterns.png-atlas
[14:23:00] [Render thread/INFO]: Created: 1024x1024x4 minecraft:textures/atlas/armor_trims.png-atlas
[14:23:02] [Render thread/INFO]: Created: 128x64x4 minecraft:textures/atlas/decorated_pot.png-atlas
[14:23:02] [Render thread/INFO]: Created: 256x256x4 minecraft:textures/atlas/chest.png-atlas
[14:23:02] [Render thread/INFO]: Created: 512x256x4 minecraft:textures/atlas/beds.png-atlas
[14:23:03] [Render thread/INFO]: Created: 512x256x4 minecraft:textures/atlas/shulker_boxes.png-atlas
[Injection] Injection into fck ended successfully with 1 injections.
[14:23:38] [Render thread/WARN]: Shader rendertype_entity_translucent_emissive could not find sampler named Sampler2 in the specified shader program.
[14:23:62] [Render thread/INFO]: Created: 256x256x0 minecraft:textures/atlas/particles.png-atlas
[14:23:62] [Render thread/INFO]: Created: 256x256x0 minecraft:textures/atlas/paintings.png-atlas
[14:23:63] [Render thread/INFO]: Created: 128x128x0 minecraft:textures/atlas/mob_effects.png-atlas
[14:25:78] [Render thread/WARN]: Missing data pack Fabric Mods
[14:25:81] [Render thread/INFO]: Loaded 7 recipes
[14:25:19] [Render thread/INFO]: Loaded 1271 advancements
[14:25:53] [Server thread/INFO]: Starting integrated minecraft server version 1.20.1
[14:25:53] [Server thread/INFO]: Generating keypair
[14:25:77] [Server thread/INFO]: Preparing start region for dimension minecraft:overworld
[14:25:51] [Render thread/INFO]: Preparing spawn area: 0%
[14:25:63] [Render thread/INFO]: Preparing spawn area: 0%
[14:25:63] [Render thread/INFO]: Preparing spawn area: 0%
[14:25:63] [Render thread/INFO]: Preparing spawn area: 0%
[14:25:63] [Render thread/INFO]: Preparing spawn area: 0%
[14:25:63] [Render thread/INFO]: Preparing spawn area: 0%
[14:25:63] [Render thread/INFO]: Preparing spawn area: 0%
[14:25:63] [Render thread/INFO]: Preparing spawn area: 0%
[14:25:64] [Render thread/INFO]: Preparing spawn area: 0%
[14:25:64] [Render thread/INFO]: Preparing spawn area: 0%
[14:25:64] [Render thread/INFO]: Preparing spawn area: 0%
[14:25:64] [Render thread/INFO]: Preparing spawn area: 0%
[14:25:64] [Render thread/INFO]: Preparing spawn area: 0%
[14:25:64] [Render thread/INFO]: Preparing spawn area: 0%
[14:25:64] [Render thread/INFO]: Preparing spawn area: 0%
[14:25:64] [Render thread/INFO]: Preparing spawn area: 0%
[14:25:64] [Render thread/INFO]: Preparing spawn area: 0%
[14:25:64] [Render thread/INFO]: Preparing spawn area: 0%
[14:25:64] [Render thread/INFO]: Preparing spawn area: 0%
[14:25:64] [Render thread/INFO]: Preparing spawn area: 0%
[14:25:70] [Render thread/INFO]: Preparing spawn area: 0%
[14:25:25] [Render thread/INFO]: Preparing spawn area: 0%
[14:25:25] [Render thread/INFO]: Preparing spawn area: 0%
[14:25:29] [Render thread/INFO]: Preparing spawn area: 0%
[14:25:29] [Render thread/INFO]: Preparing spawn area: 0%
[14:25:72] [Render thread/INFO]: Preparing spawn area: 0%
[14:25:72] [Render thread/INFO]: Preparing spawn area: 0%
[14:25:72] [Render thread/INFO]: Preparing spawn area: 0%
[14:25:83] [Render thread/INFO]: Preparing spawn area: 0%
[14:25:72] [Render thread/INFO]: Preparing spawn area: 0%
[14:25:89] [Render thread/INFO]: Preparing spawn area: 0%
[14:25:29] [Render thread/INFO]: Preparing spawn area: 0%
[14:25:79] [Render thread/INFO]: Preparing spawn area: 0%
[14:25:33] [Render thread/INFO]: Preparing spawn area: 0%
[14:25:89] [Render thread/INFO]: Preparing spawn area: 0%
[14:25:53] [Render thread/INFO]: Preparing spawn area: 0%
[14:25:79] [Render thread/INFO]: Preparing spawn area: 0%
[14:25:56] [Render thread/INFO]: Preparing spawn area: 0%
[14:25:09] [Render thread/INFO]: Preparing spawn area: 0%
[14:25:09] [Render thread/INFO]: Preparing spawn area: 0%
[14:25:09] [Render thread/INFO]: Preparing spawn area: 0%
[14:25:30] [Render thread/INFO]: Preparing spawn area: 0%
[14:25:81] [Render thread/INFO]: Preparing spawn area: 0%
[14:25:30] [Render thread/INFO]: Preparing spawn area: 0%
[14:25:80] [Render thread/INFO]: Preparing spawn area: 0%
[14:25:31] [Render thread/INFO]: Preparing spawn area: 1%
[14:25:78] [Render thread/INFO]: Preparing spawn area: 6%
[14:25:31] [Render thread/INFO]: Preparing spawn area: 18%
[14:25:81] [Render thread/INFO]: Preparing spawn area: 18%
[14:25:28] [Render thread/INFO]: Preparing spawn area: 26%
[14:25:98] [Render thread/INFO]: Preparing spawn area: 26%
[14:25:14] [Server thread/ERROR]: No key selector in MapLike[{event_delay:0,event_distance:0.0f,range:8,source:{pos:[I;257,-54,-180],type:"minecraft:block"}}]
[14:25:33] [Render thread/INFO]: Preparing spawn area: 68%
[14:25:90] [Render thread/INFO]: Preparing spawn area: 84%
[14:25:38] [Render thread/INFO]: Time elapsed: 26601 ms
[14:25:92] [Server thread/INFO]: Changing view distance to 12, from 10
[14:25:93] [Server thread/INFO]: Changing simulation distance to 12, from 0
[14:25:25] [Server thread/ERROR]: Tried to load unrecognized recipe: minecraft:yellow_wool removed now.
[14:25:25] [Server thread/ERROR]: Tried to load unrecognized recipe: minecraft:red_wool removed now.
[14:25:25] [Server thread/ERROR]: Tried to load unrecognized recipe: minecraft:magenta_wool removed now.
[14:25:25] [Server thread/ERROR]: Tried to load unrecognized recipe: minecraft:gray_wool removed now.
[14:25:25] [Server thread/ERROR]: Tried to load unrecognized recipe: minecraft:green_wool removed now.
[14:25:25] [Server thread/ERROR]: Tried to load unrecognized recipe: minecraft:black_wool removed now.
[14:25:25] [Server thread/ERROR]: Tried to load unrecognized recipe: minecraft:lime_wool removed now.
[14:25:26] [Server thread/ERROR]: Tried to load unrecognized recipe: minecraft:light_gray_wool removed now.
[14:25:26] [Server thread/ERROR]: Tried to load unrecognized recipe: minecraft:purple_wool removed now.
[14:25:26] [Server thread/ERROR]: Tried to load unrecognized recipe: minecraft:cyan_wool removed now.
[14:25:26] [Server thread/ERROR]: Tried to load unrecognized recipe: minecraft:pink_wool removed now.
[14:25:26] [Server thread/ERROR]: Tried to load unrecognized recipe: minecraft:light_blue_wool removed now.
[14:25:26] [Server thread/ERROR]: Tried to load unrecognized recipe: minecraft:orange_wool removed now.
[14:25:26] [Server thread/ERROR]: Tried to load unrecognized recipe: minecraft:brown_wool removed now.
[14:25:26] [Server thread/ERROR]: Tried to load unrecognized recipe: minecraft:blue_wool removed now.
[14:25:27] [Server thread/ERROR]: Tried to load unrecognized recipe: minecraft:yellow_wool removed now.
[14:25:27] [Server thread/ERROR]: Tried to load unrecognized recipe: minecraft:red_wool removed now.
[14:25:27] [Server thread/ERROR]: Tried to load unrecognized recipe: minecraft:magenta_wool removed now.
[14:25:27] [Server thread/ERROR]: Tried to load unrecognized recipe: minecraft:gray_wool removed now.
[14:25:27] [Server thread/ERROR]: Tried to load unrecognized recipe: minecraft:green_wool removed now.
[14:25:27] [Server thread/ERROR]: Tried to load unrecognized recipe: minecraft:black_wool removed now.
[14:25:27] [Server thread/ERROR]: Tried to load unrecognized recipe: minecraft:lime_wool removed now.
[14:25:27] [Server thread/ERROR]: Tried to load unrecognized recipe: minecraft:light_gray_wool removed now.
[14:25:28] [Server thread/ERROR]: Tried to load unrecognized recipe: minecraft:purple_wool removed now.
[14:25:28] [Server thread/ERROR]: Tried to load unrecognized recipe: minecraft:cyan_wool removed now.
[14:25:28] [Server thread/ERROR]: Tried to load unrecognized recipe: minecraft:pink_wool removed now.
[14:25:29] [Server thread/ERROR]: Tried to load unrecognized recipe: minecraft:light_blue_wool removed now.
[14:25:29] [Server thread/ERROR]: Tried to load unrecognized recipe: minecraft:orange_wool removed now.
[14:25:30] [Server thread/ERROR]: Tried to load unrecognized recipe: minecraft:brown_wool removed now.
[14:25:30] [Server thread/ERROR]: Tried to load unrecognized recipe: minecraft:blue_wool removed now.
[14:25:31] [Server thread/INFO]: Vicky[local:E:a06393e1] logged in with entity id 64 at (776.593924659823, 63.9375, -700.5696370613126)
[14:25:87] [Server thread/INFO]: Vicky joined the game
[14:25:73] [Render thread/INFO]: textures 'cape_test_272' was added, skin: false,cape: true, max waiting: 65 ,during : 246506 
[14:25:74] [Render thread/INFO]: calculated cape performance:TEXTURE_136, middle time: 30.333333333333332
[14:25:02] [Render thread/INFO]: textures 'elitra_test_272' was added, skin: false,cape: true, max waiting: 60 ,during : 246891 
[14:25:03] [Render thread/INFO]: can use texture size:TEXTURE_136, middle time: 40.1
[14:26:37] [Server thread/WARN]: Can't keep up! Is the server overloaded? Running 10192ms or 203 ticks behind
[14:26:93] [Server thread/ERROR]: No key selector in MapLike[{event_delay:0,event_distance:0.0f,range:8,source:{pos:[I;627,-52,-561],type:"minecraft:block"}}]
[14:26:96] [Server thread/ERROR]: No key selector in MapLike[{event_delay:0,event_distance:0.0f,range:8,source:{pos:[I;624,-31,-591],type:"minecraft:block"}}]
[14:26:53] [Server thread/ERROR]: No key selector in MapLike[{event_delay:0,event_distance:0.0f,range:8,source:{pos:[I;627,-51,-555],type:"minecraft:block"}}]
[14:26:54] [Server thread/ERROR]: No key selector in MapLike[{event_delay:0,event_distance:0.0f,range:8,source:{pos:[I;626,-52,-557],type:"minecraft:block"}}]
[14:26:72] [Server thread/ERROR]: No key selector in MapLike[{event_delay:0,event_distance:0.0f,range:8,source:{pos:[I;943,-51,-636],type:"minecraft:block"}}]
[14:26:73] [Server thread/ERROR]: No key selector in MapLike[{event_delay:0,event_distance:0.0f,range:8,source:{pos:[I;936,-53,-632],type:"minecraft:block"}}]
[14:26:73] [Server thread/ERROR]: No key selector in MapLike[{event_delay:0,event_distance:0.0f,range:8,source:{pos:[I;935,-53,-633],type:"minecraft:block"}}]
[14:26:73] [Server thread/ERROR]: No key selector in MapLike[{event_delay:0,event_distance:0.0f,range:8,source:{pos:[I;938,-53,-631],type:"minecraft:block"}}]
[14:26:74] [Server thread/ERROR]: No key selector in MapLike[{event_delay:0,event_distance:0.0f,range:8,source:{pos:[I;932,-45,-613],type:"minecraft:block"}}]
[14:26:74] [Server thread/ERROR]: No key selector in MapLike[{event_delay:0,event_distance:0.0f,range:8,source:{pos:[I;931,-47,-615],type:"minecraft:block"}}]
[14:26:74] [Server thread/ERROR]: No key selector in MapLike[{event_delay:0,event_distance:0.0f,range:8,source:{pos:[I;929,-47,-616],type:"minecraft:block"}}]
[14:26:74] [Server thread/ERROR]: No key selector in MapLike[{event_delay:0,event_distance:0.0f,range:8,source:{pos:[I;931,-47,-617],type:"minecraft:block"}}]
[14:26:14] [Server thread/ERROR]: No key selector in MapLike[{event_delay:0,event_distance:0.0f,range:8,source:{pos:[I;608,-51,-594],type:"minecraft:block"}}]
[14:26:14] [Server thread/ERROR]: No key selector in MapLike[{event_delay:0,event_distance:0.0f,range:8,source:{pos:[I;622,-34,-593],type:"minecraft:block"}}]
[14:26:14] [Server thread/ERROR]: No key selector in MapLike[{event_delay:0,event_distance:0.0f,range:8,source:{pos:[I;623,-32,-593],type:"minecraft:block"}}]
[14:26:37] [Server thread/ERROR]: No key selector in MapLike[{event_delay:0,event_distance:0.0f,range:8,source:{pos:[I;623,-33,-592],type:"minecraft:block"}}]
[14:26:37] [Server thread/ERROR]: No key selector in MapLike[{event_delay:0,event_distance:0.0f,range:8,source:{pos:[I;621,-34,-592],type:"minecraft:block"}}]
[14:26:38] [Server thread/ERROR]: No key selector in MapLike[{event_delay:0,event_distance:0.0f,range:8,source:{pos:[I;610,-33,-572],type:"minecraft:block"}}]
[14:26:61] [Server thread/ERROR]: No key selector in MapLike[{event_delay:0,event_distance:0.0f,range:8,source:{pos:[I;610,-40,-520],type:"minecraft:block"}}]
[14:26:61] [Server thread/ERROR]: No key selector in MapLike[{event_delay:0,event_distance:0.0f,range:8,source:{pos:[I;614,-42,-524],type:"minecraft:block"}}]
[14:26:62] [Server thread/ERROR]: No key selector in MapLike[{event_delay:0,event_distance:0.0f,range:8,source:{pos:[I;687,-44,-514],type:"minecraft:block"}}]
[14:26:63] [Server thread/ERROR]: No key selector in MapLike[{event_delay:0,event_distance:0.0f,range:8,source:{pos:[I;678,-47,-516],type:"minecraft:block"}}]
[14:26:63] [Server thread/ERROR]: No key selector in MapLike[{event_delay:0,event_distance:0.0f,range:8,source:{pos:[I;677,-47,-514],type:"minecraft:block"}}]
[14:26:63] [Server thread/ERROR]: No key selector in MapLike[{event_delay:0,event_distance:0.0f,range:8,source:{pos:[I;679,-47,-514],type:"minecraft:block"}}]
[14:26:90] [Server thread/ERROR]: No key selector in MapLike[{event_delay:0,event_distance:0.0f,range:8,source:{pos:[I;944,-50,-636],type:"minecraft:block"}}]
[14:26:19] [Server thread/ERROR]: No key selector in MapLike[{event_delay:0,event_distance:0.0f,range:8,source:{pos:[I;695,-48,-513],type:"minecraft:block"}}]
[14:26:20] [Server thread/ERROR]: No key selector in MapLike[{event_delay:0,event_distance:0.0f,range:8,source:{pos:[I;603,-47,-596],type:"minecraft:block"}}]
[14:26:20] [Server thread/ERROR]: No key selector in MapLike[{event_delay:0,event_distance:0.0f,range:8,source:{pos:[I;606,-51,-594],type:"minecraft:block"}}]
[14:26:20] [Server thread/ERROR]: No key selector in MapLike[{event_delay:0,event_distance:0.0f,range:8,source:{pos:[I;607,-51,-596],type:"minecraft:block"}}]
[14:26:21] [Server thread/ERROR]: No key selector in MapLike[{event_delay:0,event_distance:0.0f,range:8,source:{pos:[I;604,-49,-594],type:"minecraft:block"}}]
[14:26:21] [Server thread/ERROR]: No key selector in MapLike[{event_delay:0,event_distance:0.0f,range:8,source:{pos:[I;604,-48,-593],type:"minecraft:block"}}]
[14:26:21] [Server thread/ERROR]: No key selector in MapLike[{event_delay:0,event_distance:0.0f,range:8,source:{pos:[I;606,-49,-597],type:"minecraft:block"}}]
[14:26:67] [Server thread/ERROR]: No key selector in MapLike[{event_delay:0,event_distance:0.0f,range:8,source:{pos:[I;607,-36,-553],type:"minecraft:block"}}]
[14:26:39] [Server thread/ERROR]: No key selector in MapLike[{event_delay:0,event_distance:0.0f,range:8,source:{pos:[I;561,-40,-597],type:"minecraft:block"}}]
[14:26:39] [Server thread/ERROR]: No key selector in MapLike[{event_delay:0,event_distance:0.0f,range:8,source:{pos:[I;561,-40,-598],type:"minecraft:block"}}]
[14:26:40] [Server thread/ERROR]: No key selector in MapLike[{event_delay:0,event_distance:0.0f,range:8,source:{pos:[I;568,-40,-594],type:"minecraft:block"}}]
[14:26:40] [Server thread/ERROR]: No key selector in MapLike[{event_delay:0,event_distance:0.0f,range:8,source:{pos:[I;564,-41,-597],type:"minecraft:block"}}]
[14:26:61] [Server thread/ERROR]: No key selector in MapLike[{event_delay:0,event_distance:0.0f,range:8,source:{pos:[I;958,-48,-484],type:"minecraft:block"}}]
[14:26:99] [Server thread/ERROR]: No key selector in MapLike[{event_delay:0,event_distance:0.0f,range:8,source:{pos:[I;985,-36,-501],type:"minecraft:block"}}]
[14:26:00] [Server thread/ERROR]: No key selector in MapLike[{event_delay:0,event_distance:0.0f,range:8,source:{pos:[I;985,-37,-499],type:"minecraft:block"}}]
[14:26:00] [Server thread/ERROR]: No key selector in MapLike[{event_delay:0,event_distance:0.0f,range:8,source:{pos:[I;987,-37,-499],type:"minecraft:block"}}]
[14:26:00] [Server thread/ERROR]: No key selector in MapLike[{event_delay:0,event_distance:0.0f,range:8,source:{pos:[I;984,-50,-499],type:"minecraft:block"}}]
[14:26:02] [Server thread/ERROR]: No key selector in MapLike[{event_delay:0,event_distance:0.0f,range:8,source:{pos:[I;960,-48,-481],type:"minecraft:block"}}]
[14:26:02] [Server thread/ERROR]: No key selector in MapLike[{event_delay:0,event_distance:0.0f,range:8,source:{pos:[I;963,-48,-483],type:"minecraft:block"}}]
[14:26:03] [Server thread/ERROR]: No key selector in MapLike[{event_delay:0,event_distance:0.0f,range:8,source:{pos:[I;963,-48,-482],type:"minecraft:block"}}]
[14:26:03] [Server thread/ERROR]: No key selector in MapLike[{event_delay:0,event_distance:0.0f,range:8,source:{pos:[I;965,-48,-481],type:"minecraft:block"}}]
[14:26:07] [Server thread/ERROR]: No key selector in MapLike[{event_delay:0,event_distance:0.0f,range:8,source:{pos:[I;988,-33,-493],type:"minecraft:block"}}]
[14:26:07] [Server thread/ERROR]: No key selector in MapLike[{event_delay:0,event_distance:0.0f,range:8,source:{pos:[I;991,-38,-484],type:"minecraft:block"}}]
[14:26:07] [Server thread/ERROR]: No key selector in MapLike[{event_delay:0,event_distance:0.0f,range:8,source:{pos:[I;990,-40,-482],type:"minecraft:block"}}]
[14:26:13] [Server thread/ERROR]: No key selector in MapLike[{event_delay:0,event_distance:0.0f,range:8,source:{pos:[I;549,-34,-614],type:"minecraft:block"}}]
[14:26:07] [Server thread/ERROR]: No key selector in MapLike[{event_delay:0,event_distance:0.0f,range:8,source:{pos:[I;563,-47,-465],type:"minecraft:block"}}]
[14:26:08] [Server thread/ERROR]: No key selector in MapLike[{event_delay:0,event_distance:0.0f,range:8,source:{pos:[I;546,-45,-470],type:"minecraft:block"}}]
[14:26:08] [Server thread/ERROR]: No key selector in MapLike[{event_delay:0,event_distance:0.0f,range:8,source:{pos:[I;545,-46,-466],type:"minecraft:block"}}]
[14:26:08] [Server thread/ERROR]: No key selector in MapLike[{event_delay:0,event_distance:0.0f,range:8,source:{pos:[I;546,-47,-465],type:"minecraft:block"}}]
[14:26:15] [Server thread/ERROR]: No key selector in MapLike[{event_delay:0,event_distance:0.0f,range:8,source:{pos:[I;550,-35,-679],type:"minecraft:block"}}]
[14:26:15] [Server thread/ERROR]: No key selector in MapLike[{event_delay:0,event_distance:0.0f,range:8,source:{pos:[I;548,-37,-680],type:"minecraft:block"}}]
[14:26:15] [Server thread/ERROR]: No key selector in MapLike[{event_delay:0,event_distance:0.0f,range:8,source:{pos:[I;549,-36,-680],type:"minecraft:block"}}]
[14:26:16] [Server thread/ERROR]: No key selector in MapLike[{event_delay:0,event_distance:0.0f,range:8,source:{pos:[I;551,-40,-671],type:"minecraft:block"}}]
[14:26:26] [Server thread/ERROR]: No key selector in MapLike[{event_delay:0,event_distance:0.0f,range:8,source:{pos:[I;958,-39,-471],type:"minecraft:block"}}]
[14:26:26] [Server thread/ERROR]: No key selector in MapLike[{event_delay:0,event_distance:0.0f,range:8,source:{pos:[I;957,-41,-467],type:"minecraft:block"}}]
[14:26:27] [Server thread/ERROR]: No key selector in MapLike[{event_delay:0,event_distance:0.0f,range:8,source:{pos:[I;958,-41,-469],type:"minecraft:block"}}]
[14:26:27] [Server thread/ERROR]: No key selector in MapLike[{event_delay:0,event_distance:0.0f,range:8,source:{pos:[I;968,-47,-479],type:"minecraft:block"}}]
[14:26:27] [Server thread/ERROR]: No key selector in MapLike[{event_delay:0,event_distance:0.0f,range:8,source:{pos:[I;962,-37,-471],type:"minecraft:block"}}]
[14:26:43] [Server thread/ERROR]: No key selector in MapLike[{event_delay:0,event_distance:0.0f,range:8,source:{pos:[I;977,-35,-473],type:"minecraft:block"}}]
[14:26:43] [Server thread/ERROR]: No key selector in MapLike[{event_delay:0,event_distance:0.0f,range:8,source:{pos:[I;978,-34,-471],type:"minecraft:block"}}]
[14:26:43] [Server thread/ERROR]: No key selector in MapLike[{event_delay:0,event_distance:0.0f,range:8,source:{pos:[I;977,-35,-472],type:"minecraft:block"}}]
[14:26:44] [Server thread/ERROR]: No key selector in MapLike[{event_delay:0,event_distance:0.0f,range:8,source:{pos:[I;977,-35,-468],type:"minecraft:block"}}]
[14:26:44] [Server thread/ERROR]: No key selector in MapLike[{event_delay:0,event_distance:0.0f,range:8,source:{pos:[I;979,-35,-467],type:"minecraft:block"}}]
[14:26:44] [Server thread/ERROR]: No key selector in MapLike[{event_delay:0,event_distance:0.0f,range:8,source:{pos:[I;984,-49,-469],type:"minecraft:block"}}]
[14:26:65] [Server thread/ERROR]: No key selector in MapLike[{event_delay:0,event_distance:0.0f,range:8,source:{pos:[I;993,-37,-482],type:"minecraft:block"}}]
[14:26:65] [Server thread/ERROR]: No key selector in MapLike[{event_delay:0,event_distance:0.0f,range:8,source:{pos:[I;996,-34,-481],type:"minecraft:block"}}]
[14:26:66] [Server thread/ERROR]: No key selector in MapLike[{event_delay:0,event_distance:0.0f,range:8,source:{pos:[I;997,-49,-481],type:"minecraft:block"}}]
[14:26:67] [Server thread/ERROR]: No key selector in MapLike[{event_delay:0,event_distance:0.0f,range:8,source:{pos:[I;994,-50,-465],type:"minecraft:block"}}]
[14:29:54] [Server thread/WARN]: Can't keep up! Is the server overloaded? Running 6068ms or 121 ticks behind
[14:29:78] [Render thread/INFO]: Loaded 2 advancements
[14:30:17] [Server thread/INFO]: Saving and pausing game...
[14:30:47] [Server thread/INFO]: Saving chunks for level 'ServerLevel[The Arch Tower - Survival]'/minecraft:overworld
[14:30:95] [Render thread/INFO]: Using default channel type
[14:30:06] [Render thread/INFO]: Started serving on 51884
[14:30:17] [Render thread/INFO]: [System] [CHAT] Local game hosted on port [51884]
[14:30:39] [Server thread/INFO]: Saving chunks for level 'ServerLevel[The Arch Tower - Survival]'/minecraft:the_end
[14:30:47] [Server thread/INFO]: Saving chunks for level 'ServerLevel[The Arch Tower - Survival]'/minecraft:the_nether
[14:30:53] [Server thread/INFO]: [Vicky: Set own game mode to Creative Mode]
[14:30:77] [Render thread/INFO]: [System] [CHAT] Set own game mode to Creative Mode
[14:30:64] [Server thread/WARN]: Can't keep up! Is the server overloaded? Running 23119ms or 462 ticks behind
[14:30:51] [Server thread/WARN]: Can't keep up! Is the server overloaded? Running 3891ms or 77 ticks behind
[14:30:16] [Render thread/INFO]: Loaded 11 advancements
[14:32:24] [Server thread/INFO]: Vicky has made the advancement [Suit Up]
[14:32:24] [Render thread/INFO]: [System] [CHAT] Vicky has made the advancement [Suit Up]
[14:32:25] [Render thread/INFO]: Loaded 19 advancements
[14:34:12] [Server thread/ERROR]: No key selector in MapLike[{event_delay:0,event_distance:0.0f,range:8,source:{pos:[I;539,-47,-624],type:"minecraft:block"}}]
[14:34:26] [Server thread/ERROR]: No key selector in MapLike[{event_delay:0,event_distance:0.0f,range:8,source:{pos:[I;542,-43,-650],type:"minecraft:block"}}]
[14:34:76] [Render thread/INFO]: [System] [CHAT] Saved screenshot as 2023-09-30_14.34.24.png
[14:34:11] [Server thread/ERROR]: No key selector in MapLike[{event_delay:0,event_distance:0.0f,range:8,source:{pos:[I;1023,-41,-521],type:"minecraft:block"}}]
[14:34:11] [Server thread/INFO]: Vicky lost connection: Internal Exception: java.nio.channels.ClosedChannelException
[14:34:11] [Server thread/INFO]: Vicky left the game
[14:34:19] [Server thread/INFO]: Stopping singleplayer server as player logged out
[14:34:23] [Server thread/INFO]: Stopping server
[14:34:24] [Server thread/INFO]: Saving players
[14:34:25] [Server thread/INFO]: Saving worlds
[14:34:99] [Server thread/INFO]: Saving chunks for level 'ServerLevel[The Arch Tower - Survival]'/minecraft:overworld
[14:34:46] [Server thread/INFO]: Saving chunks for level 'ServerLevel[The Arch Tower - Survival]'/minecraft:the_end
[14:34:47] [Server thread/INFO]: Saving chunks for level 'ServerLevel[The Arch Tower - Survival]'/minecraft:the_nether
[14:34:52] [Server thread/INFO]: ThreadedAnvilChunkStorage (The Arch Tower - Survival): All chunks are saved
[14:34:52] [Server thread/INFO]: ThreadedAnvilChunkStorage (DIM1): All chunks are saved
[14:34:52] [Server thread/INFO]: ThreadedAnvilChunkStorage (DIM-1): All chunks are saved
[14:34:52] [Server thread/INFO]: ThreadedAnvilChunkStorage: All dimensions are saved
[14:42:63] [Render thread/INFO]: Stopping!
Here I am!
[VersionManager] Refreshing versions locally...
[VersionManager] Versions has been refreshed (308 ms)
[Launcher] Minecraft closed with exit code: 0
[Launcher] Launcher exited.
!!!the same id was found: mc.FaweMC.me
!!!the same id was found: mc.ldayz.ru
!!!the same id was found: mc.cheatmine.net
!!!the same id was found: me.RageMine.su
!!!the same id was found: mc.playmine.org
!!!the same id was found: mc.SkyCave.pro
!!!the same id was found: mcfunny.net
!!!the same id was found: mc.forscraft.net
!!!the same id was found: ll.minelord.fun
!!!the same id was found: mc.restartcraft.fun
!!!the same id was found: mc.luckydayz.ru
!!!the same id was found: play.fpmc.pw
!!!the same id was found: mc.artemscraft.ru
!!!the same id was found: enderix.ru
!!!the same id was found: mc.cheatmine.net
!!!the same id was found: me.RageMine.su
!!!the same id was found: mc.playmine.org
!!!the same id was found: mc.SkyCave.pro
!!!the same id was found: mcfunny.net
!!!the same id was found: mc.forscraft.net
!!!the same id was found: ll.minelord.fun
!!!the same id was found: mc.restartcraft.fun
!!!the same id was found: mc.luckydayz.ru
!!!the same id was found: mc.rustme.net
!!!the same id was found: go.FunnyMC.net
!!!the same id was found: ltf33.teslacraft.org
!!!the same id was found: best.mbars.net
!!!the same id was found: mc.soulland.su
!!!the same id was found: mc.mooncore.pw
!!!the same id was found: mc.Water-Land.pro
!!!the same id was found: mc.jesusmine.ru
!!!the same id was found: me.justmc.ru
!!!the same id was found: mc.GriefTool.ru
!!!the same id was found: mc.ElementCraft.ru
!!!the same id was found: mc.PalaceCraft.ru
!!!the same id was found: mc.shinegrief.com
!!!the same id was found: join.pvpmc.fun
!!!the same id was found: mc.moonmc.pro
!!!the same id was found: mc.monidays.net
!!!the same id was found: play.fpmc.pw
!!!the same id was found: go.forcedex.su
!!!the same id was found: play.rocketjoin.com
!!!the same id was found: mc.artemscraft.ru
!!!the same id was found: enderix.ru
!!!the same id was found: pvp.enderix.ru
!!!the same id was found: mc.GriefTool.pw
!!!the same id was found: mc.mineberry.org
!!!the same id was found: ruhypixel.net
!!!the same id was found: mc.moonland.pw
!!!the same id was found: play.epicgrief.su
!!!the same id was found: sirius.mcstudio.pro
!!!the same id was found: mc.moonland.pw
!!!the same id was found: mcsuper.net
!!!the same id was found: game.mc-StoneAge.ru
!!!the same id was found: mc.katan-play.ru
!!!the same id was found: mc.bingogrief.ru
!!!the same id was found: FoxMine.net
!!!the same id was found: topbars.net
!!!the same id was found: play.ingcraft.net
!!!the same id was found: mc.FireLand.pro
!!!the same id was found: mc.wildgrief.net
!!!the same id was found: mc.wildgrief.net
!!!the same id was found: go.MLegacy.net
!!!the same id was found: SandMC.ru
!!!the same id was found: go.MLegacy.net
!!!the same id was found: mc.darklands.fun
!!!the same id was found: rugaming.world
!!!the same id was found: rugaming.world
!!!the same id was found: a4craft.top
!!!the same id was found: mc.ForceMine.net
!!!the same id was found: MainMayhem.ru
!!!the same id was found: mc.NoobLine.ru
!!!the same id was found: mc.mxmc.top
!!!the same id was found: mc.mxmc.top
!!!the same id was found: mc.fellty.net
!!!the same id was found: mc.mineruby.org
!!!the same id was found: NevusCraft.Pro
!!!the same id was found: play.strange-craft.ru
!!!the same id was found: play.1mine.ru
!!!the same id was found: mclucky.net
!!!the same id was found: NevusCraft.Pro
!!!the same id was found: play.HellMC.ru
!!!the same id was found: mc.hellmc.net
!!!the same id was found: mc.wordface.ru
!!!the same id was found: play.eqmine.ru
!!!the same id was found: mc.yutiland.ru
!!!the same id was found: mc.kapilend.ru
!!!the same id was found: go.restmine.ru
!!!the same id was found: mc.ReallCraft.ru
!!!the same id was found: play.HellMC.ru
!!!the same id was found: mc.hellmc.net
!!!the same id was found: mc.wordface.ru
!!!the same id was found: play.eqmine.ru
!!!the same id was found: mc.yutiland.ru
!!!the same id was found: candyvoid.com
!!!the same id was found: mc.LytriX.ru
!!!the same id was found: mc.bearmc.xyz
!!!the same id was found: mc.mangogrief.ru
!!!the same id was found: mc.yummyland.fun
!!!the same id was found: grieftime.su
!!!the same id was found: me.FaweMC.me
!!!the same id was found: go.MineLegend.net
!!!the same id was found: grieftime.su
!!!the same id was found: play.prideway.ru
!!!the same id was found: mc.minelord.fun
!!!the same id was found: me.FaweMC.me
!!!the same id was found: lostkingdom.ru
!!!the same id was found: minecraft.devdrift.pro
!!!the same id was found: mc.playsfp.ru
!!!the same id was found: droidmine.ru
!!!the same id was found: mc.cubedex.ru
!!!the same id was found: woodix.me
!!!the same id was found: mc.combatcraft.fun
!!!the same id was found: mc.faithmc.ru
!!!the same id was found: play.alumenator.net
!!!the same id was found: villagercraft.ru
!!!the same id was found: mc.GalaxySpace.su
!!!the same id was found: mc.jollyworld.fun
!!!the same id was found: droidmine.ru
!!!the same id was found: mc.cubedex.ru
!!!the same id was found: woodix.me
!!!the same id was found: mc.combatcraft.fun
!!!the same id was found: mc.faithmc.ru
!!!the same id was found: play.alumenator.net
!!!the same id was found: villagercraft.ru
!!!the same id was found: mc.GalaxySpace.su
Good bye!
[Double running] clear time label
[TLauncherManager] before clearLibrary C:\Users\Vicky\AppData\Roaming\.minecraft\mods\(34) How To Install Minecraft Mods (2022) - YouTube.url C:\Users\Vicky\AppData\Roaming\.minecraft\mods\CProgram FilesJavajre1.8.0_351bin.png C:\Users\Vicky\AppData\Roaming\.minecraft\mods\forge-1.20.1-47.2.0-installer.jar
[TLauncherManager] written:  []
[TLauncherManager] after clearLibrary C:\Users\Vicky\AppData\Roaming\.minecraft\mods\(34) How To Install Minecraft Mods (2022) - YouTube.url C:\Users\Vicky\AppData\Roaming\.minecraft\mods\CProgram FilesJavajre1.8.0_351bin.png C:\Users\Vicky\AppData\Roaming\.minecraft\mods\forge-1.20.1-47.2.0-installer.jar
flush now
