[Loading] INITIALIZING
Starting TLauncher 2.89 RELEASE
For more information, visit https://tlauncher.org/
Startup time: 9 Sep, 2023 4:04:03 PM
Running folder C:\Users\Vicky\AppData\Roaming\.minecraft
---
[Loading] LOADING_CONFIGURATION
Machine info: -------------------------------------------------------
Windows 10 10.0, Java 1.8.0_281, jvm bit x64, 8001 MB RAM
java path=C:\Users\Vicky\AppData\Roaming\.tlauncher\jvms\jre1.8.0_281\bin\javaw.exe
AMD Ryzen 5 3550H with Radeon Vega Mobile Gfx
 AMD Radeon(TM) Vega 8 Graphics, AMD Radeon Graphics Processor (0x15D8), 4113 MB, NVIDIA GeForce GTX 1650, NVIDIA GeForce GTX 1650, 7949 MB
-------------------------------------------------------
Selected locale: en
[Loading] LOADING_CONSOLE
[Downloader2] Loaded configuration: good
[Updater] Requesting an update...
[Updater] Requesting from: https://repo.tlauncher.org/update/lch/release_update_2.3.json
[Updater] Making request: https://repo.tlauncher.org/update/lch/release_update_2.3.json?version=2.89&client=f2d004ad-49e4-438b-9a85-cae4170ae3d1
[Browser] Loading resources...
[Browser] Cleaning up after loading:
Starting garbage collector: 45 / 107 MB
Garbage collector completed: 21 / 155 MB
[Loading] LOADING_MANAGERS
[LocalVersionList] Base directory: C:\Users\Vicky\AppData\Roaming\.minecraft
[ProfileManager] Refreshing profiles from: C:\Users\Vicky\AppData\Roaming\.minecraft\TlauncherProfiles.json
[AdvertisingStatusObserver]  started to get ad information
[AdvertisingStatusObserver]  finished to get add information
save profiles
[GsonUtil]  request to https://repo.tlauncher.org/update/downloads/libraries/org/tlauncher/authlib/libraries-1.7.json
[Loading] LOADING_WINDOW
[Swing] Favicons loaded: 256px, 128px, 96px, 64px, 48px, 32px, 24px, 16px
[Loading] PREPARING_MAINPANE
[Updater] Request time: 2412 ms
[Updater] Successfully requested from: https://repo.tlauncher.org/update/lch/release_update_2.3.json
[REPO][SERVER_LIST_REPO] Success: Reached the repo in 494 ms.
[JFXStartPageLoader]  start load page: https://page.tlauncher.org/update/downloads/configs/pages/index_en.html
[Browser] Running in JavaFX Thread
[Browser] Preparing JavaFX...
[Browser] Initializing...
[JFXStartPageLoader]  succeeded load page: https://page.tlauncher.org/update/downloads/configs/pages/index_en.html during 1
[Browser@1712108921] Loaded successfully: "https://page.tlauncher.org/update/downloads/configs/pages/index_en.html"
[Browser] add listens into server_choose
[Browser] finished listens into server_choose
[Downloader2] Loaded configuration: good
[Loading] POSTINIT_GUI
[Frame] Packing main frame...
[Frame] Resizing main pane...
Updater is already closed. Showing up...
Visibility set.
[Loading] REFRESHING_INFO
[VersionManager] Refreshing versions remotely...
[REPO][EXTRA_VERSION_REPO] Attempt #1; timeout: 30000 ms; url: https://repo.tlauncher.org/update/downloads/versions/new5/
Started! (12461 ms.)
[Loading] SUCCESS
[TLauncher] show tlauncher!!!
[REPO][OFFICIAL_VERSION_REPO] Attempt #1; timeout: 30000 ms; url: https://launchermeta.mojang.com/mc/game/
[REPO][SKIN_VERSION_REPO] Attempt #1; timeout: 30000 ms; url: https://repo.tlauncher.org/update/downloads/versions/new5/skin/versions/
[REPO][EXTRA_VERSION_REPO] Attempt #1; timeout: 30000 ms; url: https://repo.tlauncher.org/update/downloads/versions/new5/
[REPO][SKIN_VERSION_REPO] Success: Reached the repo in 168 ms.
[REPO][EXTRA_VERSION_REPO] Success: Reached the repo in 180 ms.
[SkinVersionList] Got in 254 ms
[REPO][EXTRA_VERSION_REPO] Success: Reached the repo in 1019 ms.
[ExtraVersionList] Got in 431 ms
[REPO][OFFICIAL_VERSION_REPO] Success: Reached the repo in 3637 ms.
[OfficialVersionList] Got in 4363 ms
[VersionManager] Versions has been refreshed (4646 ms)
[REPO][ADD_HOT_SERVERS_REPO] Attempt #1; timeout: 30000 ms; url: https://repo.tlauncher.org/update/lch/additional_hot_servers-1.0.json
[REPO][HOT_SERVERS_REPO] Attempt #1; timeout: 30000 ms; url: https://repo.tlauncher.org/update/lch/servers/hot_servers-1.0.json
[REPO][ADD_HOT_SERVERS_REPO] Success: Reached the repo in 59 ms.
[REPO][HOT_SERVERS_REPO] Success: Reached the repo in 114 ms.
run server on  37842
[Double running] clear time label
AccountComboBox.validte pre game launch username Account{skinType=TLAUNCHER, displayName=Vicky, userid=91d519811e5844279199ef1e67a09b70, uuid=91d519811e5844279199ef1e67a09b70, username=Vicky} FREE
onAuthPassed
saved account Account{skinType=TLAUNCHER, displayName=Vicky, userid=91d519811e5844279199ef1e67a09b70, uuid=91d519811e5844279199ef1e67a09b70, username=Vicky}
save profiles
[LoginForm] Login was OK. Trying to launch now.
[Launcher] Running under TLauncher 2.89
[Launcher] Collecting info...
[TLauncherManager] before clearLibrary 
[TLauncherManager] written:  []
[TLauncherManager] after clearLibrary 
[Launcher] Force update: false
[Launcher] Selected version: 1.20.1
[Launcher] Selected account: Account{skinType=TLAUNCHER, displayName=Vicky, userid=91d519811e5844279199ef1e67a09b70, uuid=91d519811e5844279199ef1e67a09b70, username=Vicky}
[Launcher] Version sync info: VersionSyncInfo{id='1.20.1',
local=CompleteVersion{id='1.20.1', time=Mon Jun 12 18:55:51 IST 2023, release=Mon Jun 12 18:55:51 IST 2023, type=release, class=net.minecraft.client.main.Main, minimumVersion=21, assets='5', source=LOCAL_VERSION_REPO, list=net.minecraft.launcher.updater.OfficialVersionList@33d647e0, libraries=[Library{name='ca.weblite:java-objc-bridge:1.1', rules=[Rule{action=ALLOW, os=OSRestriction{name=OSX, version='null'}, features=null}], natives=null, extract=null, packed='null'}, Library{name='com.github.oshi:oshi-core:6.2.2', rules=null, natives=null, extract=null, packed='null'}, Library{name='com.google.code.gson:gson:2.10', rules=null, natives=null, extract=null, packed='null'}, Library{name='com.google.guava:failureaccess:1.0.1', rules=null, natives=null, extract=null, packed='null'}, Library{name='com.google.guava:guava:31.1-jre', rules=null, natives=null, extract=null, packed='null'}, Library{name='com.ibm.icu:icu4j:71.1', rules=null, natives=null, extract=null, packed='null'}, Library{name='com.mojang:authlib:4.0.43', rules=null, natives=null, extract=null, packed='null'}, Library{name='com.mojang:blocklist:1.0.10', rules=null, natives=null, extract=null, packed='null'}, Library{name='com.mojang:brigadier:1.1.8', rules=null, natives=null, extract=null, packed='null'}, Library{name='com.mojang:datafixerupper:6.0.8', rules=null, natives=null, extract=null, packed='null'}, Library{name='com.mojang:logging:1.1.1', rules=null, natives=null, extract=null, packed='null'}, Library{name='com.mojang:patchy:2.2.10', rules=null, natives=null, extract=null, packed='null'}, Library{name='com.mojang:text2speech:1.17.9', rules=null, natives=null, extract=null, packed='null'}, Library{name='commons-codec:commons-codec:1.15', rules=null, natives=null, extract=null, packed='null'}, Library{name='commons-io:commons-io:2.11.0', rules=null, natives=null, extract=null, packed='null'}, Library{name='commons-logging:commons-logging:1.2', rules=null, natives=null, extract=null, packed='null'}, Library{name='io.netty:netty-buffer:4.1.82.Final', rules=null, natives=null, extract=null, packed='null'}, Library{name='io.netty:netty-codec:4.1.82.Final', rules=null, natives=null, extract=null, packed='null'}, Library{name='io.netty:netty-common:4.1.82.Final', rules=null, natives=null, extract=null, packed='null'}, Library{name='io.netty:netty-handler:4.1.82.Final', rules=null, natives=null, extract=null, packed='null'}, Library{name='io.netty:netty-resolver:4.1.82.Final', rules=null, natives=null, extract=null, packed='null'}, Library{name='io.netty:netty-transport-classes-epoll:4.1.82.Final', rules=null, natives=null, extract=null, packed='null'}, Library{name='io.netty:netty-transport-native-epoll:4.1.82.Final:linux-aarch_64', rules=[Rule{action=ALLOW, os=OSRestriction{name=LINUX, version='null'}, features=null}], natives=null, extract=null, packed='null'}, Library{name='io.netty:netty-transport-native-epoll:4.1.82.Final:linux-x86_64', rules=[Rule{action=ALLOW, os=OSRestriction{name=LINUX, version='null'}, features=null}], natives=null, extract=null, packed='null'}, Library{name='io.netty:netty-transport-native-unix-common:4.1.82.Final', rules=null, natives=null, extract=null, packed='null'}, Library{name='io.netty:netty-transport:4.1.82.Final', rules=null, natives=null, extract=null, packed='null'}, Library{name='it.unimi.dsi:fastutil:8.5.9', rules=null, natives=null, extract=null, packed='null'}, Library{name='net.java.dev.jna:jna-platform:5.12.1', rules=null, natives=null, extract=null, packed='null'}, Library{name='net.java.dev.jna:jna:5.12.1', rules=null, natives=null, extract=null, packed='null'}, Library{name='net.sf.jopt-simple:jopt-simple:5.0.4', rules=null, natives=null, extract=null, packed='null'}, Library{name='org.apache.commons:commons-compress:1.21', rules=null, natives=null, extract=null, packed='null'}, Library{name='org.apache.commons:commons-lang3:3.12.0', rules=null, natives=null, extract=null, packed='null'}, Library{name='org.apache.httpcomponents:httpclient:4.5.13', rules=null, natives=null, extract=null, packed='null'}, Library{name='org.apache.httpcomponents:httpcore:4.4.15', rules=null, natives=null, extract=null, packed='null'}, Library{name='org.apache.logging.log4j:log4j-api:2.19.0', rules=null, natives=null, extract=null, packed='null'}, Library{name='org.apache.logging.log4j:log4j-core:2.19.0', rules=null, natives=null, extract=null, packed='null'}, Library{name='org.apache.logging.log4j:log4j-slf4j2-impl:2.19.0', rules=null, natives=null, extract=null, packed='null'}, Library{name='org.joml:joml:1.10.5', rules=null, natives=null, extract=null, packed='null'}, Library{name='org.lwjgl:lwjgl-glfw:3.3.1', rules=null, natives=null, extract=null, packed='null'}, Library{name='org.lwjgl:lwjgl-glfw:3.3.1:natives-linux', rules=[Rule{action=ALLOW, os=OSRestriction{name=LINUX, version='null'}, features=null}], natives=null, extract=null, packed='null'}, Library{name='org.lwjgl:lwjgl-glfw:3.3.1:natives-macos', rules=[Rule{action=ALLOW, os=OSRestriction{name=OSX, version='null'}, features=null}], natives=null, extract=null, packed='null'}, Library{name='org.lwjgl:lwjgl-glfw:3.3.1:natives-macos-arm64', rules=[Rule{action=ALLOW, os=OSRestriction{name=OSX, version='null'}, features=null}], natives=null, extract=null, packed='null'}, Library{name='org.lwjgl:lwjgl-glfw:3.3.1:natives-windows', rules=[Rule{action=ALLOW, os=OSRestriction{name=WINDOWS, version='null'}, features=null}], natives=null, extract=null, packed='null'}, Library{name='org.lwjgl:lwjgl-glfw:3.3.1:natives-windows-arm64', rules=[Rule{action=ALLOW, os=OSRestriction{name=WINDOWS, version='null'}, features=null}], natives=null, extract=null, packed='null'}, Library{name='org.lwjgl:lwjgl-glfw:3.3.1:natives-windows-x86', rules=[Rule{action=ALLOW, os=OSRestriction{name=WINDOWS, version='null'}, features=null}], natives=null, extract=null, packed='null'}, Library{name='org.lwjgl:lwjgl-jemalloc:3.3.1', rules=null, natives=null, extract=null, packed='null'}, Library{name='org.lwjgl:lwjgl-jemalloc:3.3.1:natives-linux', rules=[Rule{action=ALLOW, os=OSRestriction{name=LINUX, version='null'}, features=null}], natives=null, extract=null, packed='null'}, Library{name='org.lwjgl:lwjgl-jemalloc:3.3.1:natives-macos', rules=[Rule{action=ALLOW, os=OSRestriction{name=OSX, version='null'}, features=null}], natives=null, extract=null, packed='null'}, Library{name='org.lwjgl:lwjgl-jemalloc:3.3.1:natives-macos-arm64', rules=[Rule{action=ALLOW, os=OSRestriction{name=OSX, version='null'}, features=null}], natives=null, extract=null, packed='null'}, Library{name='org.lwjgl:lwjgl-jemalloc:3.3.1:natives-windows', rules=[Rule{action=ALLOW, os=OSRestriction{name=WINDOWS, version='null'}, features=null}], natives=null, extract=null, packed='null'}, Library{name='org.lwjgl:lwjgl-jemalloc:3.3.1:natives-windows-arm64', rules=[Rule{action=ALLOW, os=OSRestriction{name=WINDOWS, version='null'}, features=null}], natives=null, extract=null, packed='null'}, Library{name='org.lwjgl:lwjgl-jemalloc:3.3.1:natives-windows-x86', rules=[Rule{action=ALLOW, os=OSRestriction{name=WINDOWS, version='null'}, features=null}], natives=null, extract=null, packed='null'}, Library{name='org.lwjgl:lwjgl-openal:3.3.1', rules=null, natives=null, extract=null, packed='null'}, Library{name='org.lwjgl:lwjgl-openal:3.3.1:natives-linux', rules=[Rule{action=ALLOW, os=OSRestriction{name=LINUX, version='null'}, features=null}], natives=null, extract=null, packed='null'}, Library{name='org.lwjgl:lwjgl-openal:3.3.1:natives-macos', rules=[Rule{action=ALLOW, os=OSRestriction{name=OSX, version='null'}, features=null}], natives=null, extract=null, packed='null'}, Library{name='org.lwjgl:lwjgl-openal:3.3.1:natives-macos-arm64', rules=[Rule{action=ALLOW, os=OSRestriction{name=OSX, version='null'}, features=null}], natives=null, extract=null, packed='null'}, Library{name='org.lwjgl:lwjgl-openal:3.3.1:natives-windows', rules=[Rule{action=ALLOW, os=OSRestriction{name=WINDOWS, version='null'}, features=null}], natives=null, extract=null, packed='null'}, Library{name='org.lwjgl:lwjgl-openal:3.3.1:natives-windows-arm64', rules=[Rule{action=ALLOW, os=OSRestriction{name=WINDOWS, version='null'}, features=null}], natives=null, extract=null, packed='null'}, Library{name='org.lwjgl:lwjgl-openal:3.3.1:natives-windows-x86', rules=[Rule{action=ALLOW, os=OSRestriction{name=WINDOWS, version='null'}, features=null}], natives=null, extract=null, packed='null'}, Library{name='org.lwjgl:lwjgl-opengl:3.3.1', rules=null, natives=null, extract=null, packed='null'}, Library{name='org.lwjgl:lwjgl-opengl:3.3.1:natives-linux', rules=[Rule{action=ALLOW, os=OSRestriction{name=LINUX, version='null'}, features=null}], natives=null, extract=null, packed='null'}, Library{name='org.lwjgl:lwjgl-opengl:3.3.1:natives-macos', rules=[Rule{action=ALLOW, os=OSRestriction{name=OSX, version='null'}, features=null}], natives=null, extract=null, packed='null'}, Library{name='org.lwjgl:lwjgl-opengl:3.3.1:natives-macos-arm64', rules=[Rule{action=ALLOW, os=OSRestriction{name=OSX, version='null'}, features=null}], natives=null, extract=null, packed='null'}, Library{name='org.lwjgl:lwjgl-opengl:3.3.1:natives-windows', rules=[Rule{action=ALLOW, os=OSRestriction{name=WINDOWS, version='null'}, features=null}], natives=null, extract=null, packed='null'}, Library{name='org.lwjgl:lwjgl-opengl:3.3.1:natives-windows-arm64', rules=[Rule{action=ALLOW, os=OSRestriction{name=WINDOWS, version='null'}, features=null}], natives=null, extract=null, packed='null'}, Library{name='org.lwjgl:lwjgl-opengl:3.3.1:natives-windows-x86', rules=[Rule{action=ALLOW, os=OSRestriction{name=WINDOWS, version='null'}, features=null}], natives=null, extract=null, packed='null'}, Library{name='org.lwjgl:lwjgl-stb:3.3.1', rules=null, natives=null, extract=null, packed='null'}, Library{name='org.lwjgl:lwjgl-stb:3.3.1:natives-linux', rules=[Rule{action=ALLOW, os=OSRestriction{name=LINUX, version='null'}, features=null}], natives=null, extract=null, packed='null'}, Library{name='org.lwjgl:lwjgl-stb:3.3.1:natives-macos', rules=[Rule{action=ALLOW, os=OSRestriction{name=OSX, version='null'}, features=null}], natives=null, extract=null, packed='null'}, Library{name='org.lwjgl:lwjgl-stb:3.3.1:natives-macos-arm64', rules=[Rule{action=ALLOW, os=OSRestriction{name=OSX, version='null'}, features=null}], natives=null, extract=null, packed='null'}, Library{name='org.lwjgl:lwjgl-stb:3.3.1:natives-windows', rules=[Rule{action=ALLOW, os=OSRestriction{name=WINDOWS, version='null'}, features=null}], natives=null, extract=null, packed='null'}, Library{name='org.lwjgl:lwjgl-stb:3.3.1:natives-windows-arm64', rules=[Rule{action=ALLOW, os=OSRestriction{name=WINDOWS, version='null'}, features=null}], natives=null, extract=null, packed='null'}, Library{name='org.lwjgl:lwjgl-stb:3.3.1:natives-windows-x86', rules=[Rule{action=ALLOW, os=OSRestriction{name=WINDOWS, version='null'}, features=null}], natives=null, extract=null, packed='null'}, Library{name='org.lwjgl:lwjgl-tinyfd:3.3.1', rules=null, natives=null, extract=null, packed='null'}, Library{name='org.lwjgl:lwjgl-tinyfd:3.3.1:natives-linux', rules=[Rule{action=ALLOW, os=OSRestriction{name=LINUX, version='null'}, features=null}], natives=null, extract=null, packed='null'}, Library{name='org.lwjgl:lwjgl-tinyfd:3.3.1:natives-macos', rules=[Rule{action=ALLOW, os=OSRestriction{name=OSX, version='null'}, features=null}], natives=null, extract=null, packed='null'}, Library{name='org.lwjgl:lwjgl-tinyfd:3.3.1:natives-macos-arm64', rules=[Rule{action=ALLOW, os=OSRestriction{name=OSX, version='null'}, features=null}], natives=null, extract=null, packed='null'}, Library{name='org.lwjgl:lwjgl-tinyfd:3.3.1:natives-windows', rules=[Rule{action=ALLOW, os=OSRestriction{name=WINDOWS, version='null'}, features=null}], natives=null, extract=null, packed='null'}, Library{name='org.lwjgl:lwjgl-tinyfd:3.3.1:natives-windows-arm64', rules=[Rule{action=ALLOW, os=OSRestriction{name=WINDOWS, version='null'}, features=null}], natives=null, extract=null, packed='null'}, Library{name='org.lwjgl:lwjgl-tinyfd:3.3.1:natives-windows-x86', rules=[Rule{action=ALLOW, os=OSRestriction{name=WINDOWS, version='null'}, features=null}], natives=null, extract=null, packed='null'}, Library{name='org.lwjgl:lwjgl:3.3.1', rules=null, natives=null, extract=null, packed='null'}, Library{name='org.lwjgl:lwjgl:3.3.1:natives-linux', rules=[Rule{action=ALLOW, os=OSRestriction{name=LINUX, version='null'}, features=null}], natives=null, extract=null, packed='null'}, Library{name='org.lwjgl:lwjgl:3.3.1:natives-macos', rules=[Rule{action=ALLOW, os=OSRestriction{name=OSX, version='null'}, features=null}], natives=null, extract=null, packed='null'}, Library{name='org.lwjgl:lwjgl:3.3.1:natives-macos-arm64', rules=[Rule{action=ALLOW, os=OSRestriction{name=OSX, version='null'}, features=null}], natives=null, extract=null, packed='null'}, Library{name='org.lwjgl:lwjgl:3.3.1:natives-windows', rules=[Rule{action=ALLOW, os=OSRestriction{name=WINDOWS, version='null'}, features=null}], natives=null, extract=null, packed='null'}, Library{name='org.lwjgl:lwjgl:3.3.1:natives-windows-arm64', rules=[Rule{action=ALLOW, os=OSRestriction{name=WINDOWS, version='null'}, features=null}], natives=null, extract=null, packed='null'}, Library{name='org.lwjgl:lwjgl:3.3.1:natives-windows-x86', rules=[Rule{action=ALLOW, os=OSRestriction{name=WINDOWS, version='null'}, features=null}], natives=null, extract=null, packed='null'}, Library{name='org.slf4j:slf4j-api:2.0.1', rules=null, natives=null, extract=null, packed='null'}]},
remote=PartialVersion{id='1.20.1', time=Thu Sep 07 17:46:18 IST 2023, release=Mon Jun 12 18:55:51 IST 2023, type=release, source=OFFICIAL_VERSION_REPO, list=net.minecraft.launcher.updater.OfficialVersionList@33d647e0}, isInstalled=true, hasRemote=true, isUpToDate=true}
[GsonUtil]  request to https://res.tlauncher.org/b/jvm/java_configuration.json
[Launcher] Checking conditions...
[Launcher] resourcepacks:Greenfield.Pack.1.20.zip,Halloween-V1.17.zip,redstone.zip,titanic.zip,Water Reflection.zip
[Launcher] Comparing assets...
[AssetsManager] Checking resources...
[AssetsManager] Reading indexes from file C:\Users\Vicky\AppData\Roaming\.minecraft\assets\indexes\5.json
[AssetsManager] Fast comparing: true
[Launcher] finished comparing assets: 2955 ms.
[TLauncherManager] add required libraries: 1.20.1
[VersionManager] Required for version 1.20.1: []
[TLauncherManager] add required libraries: 1.20.1
used default java runtime
Minecraft requires java version: 17, java path: C:\Users\Vicky\AppData\Roaming\.minecraft\runtime\java-runtime-gamma\windows\java-runtime-gamma\bin\javaw.exe
library will be replaced: com.mojang:authlib:4.0.43 -> org.tlauncher:authlib:4.0.43.1
library will be replaced: com.mojang:patchy:2.2.10 -> org.tlauncher:patchy:2.2.10
[TLauncherManager] library will be added as required: io.github.classgraph:classgraph:4.8.110
[TLauncherManager] library will be added as required: org.ow2.asm:asm:9.1
[TLauncherManager] library will be added as required: org.ow2.asm:asm-commons:9.1
[TLauncherManager] library will be added as required: org.ow2.asm:asm-tree:9.1
[TLauncherManager] library will be added: org.tlauncher:tl_skin_cape_1.20_1.20.1:1.32
[Launcher] Unpacking natives...
[Launcher] Constructing process...
[Launcher] Constructing classpath...
backup world is active: true
[Launcher] Getting Minecraft arguments...
[Launcher] Full command: C:\Users\Vicky\AppData\Roaming\.minecraft\runtime\java-runtime-gamma\windows\java-runtime-gamma\bin\javaw.exe -Dos.name=Windows 10 -Dos.version=10.0 -XX:HeapDumpPath=MojangTricksIntelDriversForPerformance_javaw.exe_minecraft.exe.heapdump -Xss1M -Djava.library.path=C:\Users\Vicky\AppData\Roaming\.minecraft\versions\1.20.1\natives -Djna.tmpdir=C:\Users\Vicky\AppData\Roaming\.minecraft\versions\1.20.1\natives -Dorg.lwjgl.system.SharedLibraryExtractPath=C:\Users\Vicky\AppData\Roaming\.minecraft\versions\1.20.1\natives -Dio.netty.native.workdir=C:\Users\Vicky\AppData\Roaming\.minecraft\versions\1.20.1\natives -Dminecraft.launcher.brand=minecraft-launcher -Dminecraft.launcher.version=2.3.173 -cp C:\Users\Vicky\AppData\Roaming\.minecraft\libraries\org\tlauncher\tl_skin_cape_1.20_1.20.1\1.32\tl_skin_cape_1.20_1.20.1-1.32.jar;C:\Users\Vicky\AppData\Roaming\.minecraft\libraries\org\ow2\asm\asm-tree\9.1\asm-tree-9.1.jar;C:\Users\Vicky\AppData\Roaming\.minecraft\libraries\org\ow2\asm\asm-commons\9.1\asm-commons-9.1.jar;C:\Users\Vicky\AppData\Roaming\.minecraft\libraries\org\ow2\asm\asm\9.1\asm-9.1.jar;C:\Users\Vicky\AppData\Roaming\.minecraft\libraries\io\github\classgraph\classgraph\4.8.110\classgraph-4.8.110.jar;C:\Users\Vicky\AppData\Roaming\.minecraft\libraries\com\github\oshi\oshi-core\6.2.2\oshi-core-6.2.2.jar;C:\Users\Vicky\AppData\Roaming\.minecraft\libraries\com\google\code\gson\gson\2.10\gson-2.10.jar;C:\Users\Vicky\AppData\Roaming\.minecraft\libraries\com\google\guava\failureaccess\1.0.1\failureaccess-1.0.1.jar;C:\Users\Vicky\AppData\Roaming\.minecraft\libraries\com\google\guava\guava\31.1-jre\guava-31.1-jre.jar;C:\Users\Vicky\AppData\Roaming\.minecraft\libraries\com\ibm\icu\icu4j\71.1\icu4j-71.1.jar;C:\Users\Vicky\AppData\Roaming\.minecraft\libraries\org\tlauncher\authlib\4.0.43.1\authlib-4.0.43.1.jar;C:\Users\Vicky\AppData\Roaming\.minecraft\libraries\com\mojang\blocklist\1.0.10\blocklist-1.0.10.jar;C:\Users\Vicky\AppData\Roaming\.minecraft\libraries\com\mojang\brigadier\1.1.8\brigadier-1.1.8.jar;C:\Users\Vicky\AppData\Roaming\.minecraft\libraries\com\mojang\datafixerupper\6.0.8\datafixerupper-6.0.8.jar;C:\Users\Vicky\AppData\Roaming\.minecraft\libraries\com\mojang\logging\1.1.1\logging-1.1.1.jar;C:\Users\Vicky\AppData\Roaming\.minecraft\libraries\org\tlauncher\patchy\2.2.10\patchy-2.2.10.jar;C:\Users\Vicky\AppData\Roaming\.minecraft\libraries\com\mojang\text2speech\1.17.9\text2speech-1.17.9.jar;C:\Users\Vicky\AppData\Roaming\.minecraft\libraries\commons-codec\commons-codec\1.15\commons-codec-1.15.jar;C:\Users\Vicky\AppData\Roaming\.minecraft\libraries\commons-io\commons-io\2.11.0\commons-io-2.11.0.jar;C:\Users\Vicky\AppData\Roaming\.minecraft\libraries\commons-logging\commons-logging\1.2\commons-logging-1.2.jar;C:\Users\Vicky\AppData\Roaming\.minecraft\libraries\io\netty\netty-buffer\4.1.82.Final\netty-buffer-4.1.82.Final.jar;C:\Users\Vicky\AppData\Roaming\.minecraft\libraries\io\netty\netty-codec\4.1.82.Final\netty-codec-4.1.82.Final.jar;C:\Users\Vicky\AppData\Roaming\.minecraft\libraries\io\netty\netty-common\4.1.82.Final\netty-common-4.1.82.Final.jar;C:\Users\Vicky\AppData\Roaming\.minecraft\libraries\io\netty\netty-handler\4.1.82.Final\netty-handler-4.1.82.Final.jar;C:\Users\Vicky\AppData\Roaming\.minecraft\libraries\io\netty\netty-resolver\4.1.82.Final\netty-resolver-4.1.82.Final.jar;C:\Users\Vicky\AppData\Roaming\.minecraft\libraries\io\netty\netty-transport-classes-epoll\4.1.82.Final\netty-transport-classes-epoll-4.1.82.Final.jar;C:\Users\Vicky\AppData\Roaming\.minecraft\libraries\io\netty\netty-transport-native-unix-common\4.1.82.Final\netty-transport-native-unix-common-4.1.82.Final.jar;C:\Users\Vicky\AppData\Roaming\.minecraft\libraries\io\netty\netty-transport\4.1.82.Final\netty-transport-4.1.82.Final.jar;C:\Users\Vicky\AppData\Roaming\.minecraft\libraries\it\unimi\dsi\fastutil\8.5.9\fastutil-8.5.9.jar;C:\Users\Vicky\AppData\Roaming\.minecraft\libraries\net\java\dev\jna\jna-platform\5.12.1\jna-platform-5.12.1.jar;C:\Users\Vicky\AppData\Roaming\.minecraft\libraries\net\java\dev\jna\jna\5.12.1\jna-5.12.1.jar;C:\Users\Vicky\AppData\Roaming\.minecraft\libraries\net\sf\jopt-simple\jopt-simple\5.0.4\jopt-simple-5.0.4.jar;C:\Users\Vicky\AppData\Roaming\.minecraft\libraries\org\apache\commons\commons-compress\1.21\commons-compress-1.21.jar;C:\Users\Vicky\AppData\Roaming\.minecraft\libraries\org\apache\commons\commons-lang3\3.12.0\commons-lang3-3.12.0.jar;C:\Users\Vicky\AppData\Roaming\.minecraft\libraries\org\apache\httpcomponents\httpclient\4.5.13\httpclient-4.5.13.jar;C:\Users\Vicky\AppData\Roaming\.minecraft\libraries\org\apache\httpcomponents\httpcore\4.4.15\httpcore-4.4.15.jar;C:\Users\Vicky\AppData\Roaming\.minecraft\libraries\org\apache\logging\log4j\log4j-api\2.19.0\log4j-api-2.19.0.jar;C:\Users\Vicky\AppData\Roaming\.minecraft\libraries\org\apache\logging\log4j\log4j-core\2.19.0\log4j-core-2.19.0.jar;C:\Users\Vicky\AppData\Roaming\.minecraft\libraries\org\apache\logging\log4j\log4j-slf4j2-impl\2.19.0\log4j-slf4j2-impl-2.19.0.jar;C:\Users\Vicky\AppData\Roaming\.minecraft\libraries\org\joml\joml\1.10.5\joml-1.10.5.jar;C:\Users\Vicky\AppData\Roaming\.minecraft\libraries\org\lwjgl\lwjgl-glfw\3.3.1\lwjgl-glfw-3.3.1.jar;C:\Users\Vicky\AppData\Roaming\.minecraft\libraries\org\lwjgl\lwjgl-glfw\3.3.1\lwjgl-glfw-3.3.1-natives-windows.jar;C:\Users\Vicky\AppData\Roaming\.minecraft\libraries\org\lwjgl\lwjgl-glfw\3.3.1\lwjgl-glfw-3.3.1-natives-windows-arm64.jar;C:\Users\Vicky\AppData\Roaming\.minecraft\libraries\org\lwjgl\lwjgl-glfw\3.3.1\lwjgl-glfw-3.3.1-natives-windows-x86.jar;C:\Users\Vicky\AppData\Roaming\.minecraft\libraries\org\lwjgl\lwjgl-jemalloc\3.3.1\lwjgl-jemalloc-3.3.1.jar;C:\Users\Vicky\AppData\Roaming\.minecraft\libraries\org\lwjgl\lwjgl-jemalloc\3.3.1\lwjgl-jemalloc-3.3.1-natives-windows.jar;C:\Users\Vicky\AppData\Roaming\.minecraft\libraries\org\lwjgl\lwjgl-jemalloc\3.3.1\lwjgl-jemalloc-3.3.1-natives-windows-arm64.jar;C:\Users\Vicky\AppData\Roaming\.minecraft\libraries\org\lwjgl\lwjgl-jemalloc\3.3.1\lwjgl-jemalloc-3.3.1-natives-windows-x86.jar;C:\Users\Vicky\AppData\Roaming\.minecraft\libraries\org\lwjgl\lwjgl-openal\3.3.1\lwjgl-openal-3.3.1.jar;C:\Users\Vicky\AppData\Roaming\.minecraft\libraries\org\lwjgl\lwjgl-openal\3.3.1\lwjgl-openal-3.3.1-natives-windows.jar;C:\Users\Vicky\AppData\Roaming\.minecraft\libraries\org\lwjgl\lwjgl-openal\3.3.1\lwjgl-openal-3.3.1-natives-windows-arm64.jar;C:\Users\Vicky\AppData\Roaming\.minecraft\libraries\org\lwjgl\lwjgl-openal\3.3.1\lwjgl-openal-3.3.1-natives-windows-x86.jar;C:\Users\Vicky\AppData\Roaming\.minecraft\libraries\org\lwjgl\lwjgl-opengl\3.3.1\lwjgl-opengl-3.3.1.jar;C:\Users\Vicky\AppData\Roaming\.minecraft\libraries\org\lwjgl\lwjgl-opengl\3.3.1\lwjgl-opengl-3.3.1-natives-windows.jar;C:\Users\Vicky\AppData\Roaming\.minecraft\libraries\org\lwjgl\lwjgl-opengl\3.3.1\lwjgl-opengl-3.3.1-natives-windows-arm64.jar;C:\Users\Vicky\AppData\Roaming\.minecraft\libraries\org\lwjgl\lwjgl-opengl\3.3.1\lwjgl-opengl-3.3.1-natives-windows-x86.jar;C:\Users\Vicky\AppData\Roaming\.minecraft\libraries\org\lwjgl\lwjgl-stb\3.3.1\lwjgl-stb-3.3.1.jar;C:\Users\Vicky\AppData\Roaming\.minecraft\libraries\org\lwjgl\lwjgl-stb\3.3.1\lwjgl-stb-3.3.1-natives-windows.jar;C:\Users\Vicky\AppData\Roaming\.minecraft\libraries\org\lwjgl\lwjgl-stb\3.3.1\lwjgl-stb-3.3.1-natives-windows-arm64.jar;C:\Users\Vicky\AppData\Roaming\.minecraft\libraries\org\lwjgl\lwjgl-stb\3.3.1\lwjgl-stb-3.3.1-natives-windows-x86.jar;C:\Users\Vicky\AppData\Roaming\.minecraft\libraries\org\lwjgl\lwjgl-tinyfd\3.3.1\lwjgl-tinyfd-3.3.1.jar;C:\Users\Vicky\AppData\Roaming\.minecraft\libraries\org\lwjgl\lwjgl-tinyfd\3.3.1\lwjgl-tinyfd-3.3.1-natives-windows.jar;C:\Users\Vicky\AppData\Roaming\.minecraft\libraries\org\lwjgl\lwjgl-tinyfd\3.3.1\lwjgl-tinyfd-3.3.1-natives-windows-arm64.jar;C:\Users\Vicky\AppData\Roaming\.minecraft\libraries\org\lwjgl\lwjgl-tinyfd\3.3.1\lwjgl-tinyfd-3.3.1-natives-windows-x86.jar;C:\Users\Vicky\AppData\Roaming\.minecraft\libraries\org\lwjgl\lwjgl\3.3.1\lwjgl-3.3.1.jar;C:\Users\Vicky\AppData\Roaming\.minecraft\libraries\org\lwjgl\lwjgl\3.3.1\lwjgl-3.3.1-natives-windows.jar;C:\Users\Vicky\AppData\Roaming\.minecraft\libraries\org\lwjgl\lwjgl\3.3.1\lwjgl-3.3.1-natives-windows-arm64.jar;C:\Users\Vicky\AppData\Roaming\.minecraft\libraries\org\lwjgl\lwjgl\3.3.1\lwjgl-3.3.1-natives-windows-x86.jar;C:\Users\Vicky\AppData\Roaming\.minecraft\libraries\org\slf4j\slf4j-api\2.0.1\slf4j-api-2.0.1.jar;C:\Users\Vicky\AppData\Roaming\.minecraft\versions\1.20.1\1.20.1.jar --add-exports jdk.naming.dns/com.sun.jndi.dns=java.naming -Xmx3000M -XX:+UnlockExperimentalVMOptions -XX:+UseG1GC -XX:G1NewSizePercent=20 -XX:G1ReservePercent=20 -XX:MaxGCPauseMillis=50 -XX:G1HeapRegionSize=32M -Dfml.ignoreInvalidMinecraftCertificates=true -Dfml.ignorePatchDiscrepancies=true -Djava.net.preferIPv4Stack=true -Dminecraft.applet.TargetDirectory=C:\Users\Vicky\AppData\Roaming\.minecraft -Dlog4j.configurationFile=C:\Users\Vicky\AppData\Roaming\.minecraft\assets\log_configs\client-1.12.xml net.minecraft.launchwrapper.Launch --username Vicky --version 1.20.1 --gameDir C:\Users\Vicky\AppData\Roaming\.minecraft --assetsDir C:\Users\Vicky\AppData\Roaming\.minecraft\assets --assetIndex 5 --uuid 91d519811e5844279199ef1e67a09b70 --accessToken null --clientId null --xuid null --userType mojang --versionType release --width 925 --height 530 --tweakClass org.tlauncher.tweaker.Tweaker
[Launcher] Launching Minecraft...
I'm hiding!
[TLauncherManager] mods after 
[InnerMinecraftServersImpl]  search changers of the servers
read servers from servers.dat [Server(name=Minecraft Server, address=top.twerion.net, ip=top.twerion.net, port=null, hideAddress=false, acceptTextures=0), Server(name=Minecraft Server, address=play.ragnarockmc.in, ip=play.ragnarockmc.in, port=null, hideAddress=false, acceptTextures=0), Server(name=Minecraft Server, address=bwhub.net, ip=bwhub.net, port=null, hideAddress=false, acceptTextures=0), Server(name=Minecraft Server, address=as.azerithmc.com, ip=as.azerithmc.com, port=null, hideAddress=false, acceptTextures=0), Server(name=Minecraft Server, address=play.endermc.fun, ip=play.endermc.fun, port=null, hideAddress=false, acceptTextures=0), Server(name=Minecraft Server, address=jenominers.de, ip=jenominers.de, port=null, hideAddress=false, acceptTextures=0), Server(name=Minecraft Server, address=play.fourleafsea.xyz, ip=play.fourleafsea.xyz, port=null, hideAddress=false, acceptTextures=0), Server(name=Minecraft Server, address=play.wondercraft.fun, ip=play.wondercraft.fun, port=null, hideAddress=false, acceptTextures=0), Server(name=Minecraft Server, address=play.exoticnetwork.in, ip=play.exoticnetwork.in, port=null, hideAddress=false, acceptTextures=0), Server(name=Minecraft Server, address=play.minetop.fun, ip=play.minetop.fun, port=null, hideAddress=false, acceptTextures=0), Server(name=Minecraft Server, address=tms.chickencraft.nl, ip=tms.chickencraft.nl, port=null, hideAddress=false, acceptTextures=0), Server(name=Minecraft Server, address=nationsglory.com, ip=nationsglory.com, port=null, hideAddress=false, acceptTextures=0), Server(name=Minecraft Server, address=top.ultimis.net, ip=top.ultimis.net, port=null, hideAddress=false, acceptTextures=0), Server(name=Minecraft Server, address=herobrine.org, ip=herobrine.org, port=null, hideAddress=false, acceptTextures=0), Server(name=Minecraft Server, address=armamc.com, ip=armamc.com, port=null, hideAddress=false, acceptTextures=0), Server(name=Minecraft Server, address=127.0.0.1, ip=127.0.0.1, port=null, hideAddress=false, acceptTextures=0)]
[InnerMinecraftServersImpl]  prepare inner servers
save servers to servers.dat
[Launcher] Game skin type: TLAUNCHER
[Launcher] Starting Minecraft 1.20.1...
[Launcher] Launching in: C:\Users\Vicky\AppData\Roaming\.minecraft
Starting garbage collector: 81 / 429 MB
Garbage collector completed: 43 / 429 MB
[Launcher] Processing post-launch actions. Assist launch: true
===============================================================================================
[16:05:43] [main/INFO]: Loading tweak class name org.tlauncher.tweaker.Tweaker
[16:05:46] [main/INFO]: Using primary tweak class name org.tlauncher.tweaker.Tweaker
[16:05:46] [main/INFO]: Calling tweak class org.tlauncher.tweaker.Tweaker
Log Path: C:\Users\Vicky\AppData\Roaming\.minecraft\.\tlLoader\Tweaker.log
[main INFO] Using Tweaker
[main INFO] Tweaker: acceptOptions
[main INFO] Tweaker: injectIntoClassLoader
[Injection] Injection Class Transformer started
[TLSkinCape] Current TLSkinCape version is 1.32
[TLSkinCape] Current Minecraft version is 1.20.
[main INFO] Loaded as a library.
[Injection] Injection into euw ended successfully with 1 injections.
[Injection] Injection into fiv ended successfully with 1 injections.
2023-09-09 16:05:05,126 main WARN Error parsing URI C:\Users\Vicky\AppData\Roaming\.minecraft\assets\log_configs\client-1.12.xml
[main INFO] Tweaker: getLaunchArguments
[main INFO] Tweaker: getLaunchTarget
[Injection] Injection into net.minecraft.client.main.Main ended successfully with 1 injections.
[16:05:67] [main/INFO]: Launching wrapped minecraft [net.minecraft.client.main.Main]
[Injection] Injection into enn ended successfully with 1 injections.
[16:05:30] [Datafixer Bootstrap/INFO]: 188 Datafixer optimizations took 1811 milliseconds
[16:05:12] [Render thread/INFO]: Environment: authHost='https://authserver.mojang.com', accountsHost='https://api.mojang.com', sessionHost='https://sessionserver.mojang.com', servicesHost='https://api.minecraftservices.com', name='PROD'
[16:05:19] [Render thread/ERROR]: Failed to verify authentication
com.mojang.authlib.exceptions.InvalidCredentialsException: Status: 401
	at com.mojang.authlib.exceptions.MinecraftClientHttpException.toAuthenticationException(MinecraftClientHttpException.java:56)
	at com.mojang.authlib.yggdrasil.YggdrasilUserApiService.fetchProperties(YggdrasilUserApiService.java:147)
	at com.mojang.authlib.yggdrasil.YggdrasilUserApiService.<init>(YggdrasilUserApiService.java:63)
	at com.mojang.authlib.yggdrasil.YggdrasilAuthenticationService.createUserApiService(YggdrasilAuthenticationService.java:124)
	at enn.a(SourceFile:733)
	at enn.<init>(SourceFile:442)
	at net.minecraft.client.main.Main.main(SourceFile:211)
	at java.base/jdk.internal.reflect.NativeMethodAccessorImpl.invoke0(Native Method)
	at java.base/jdk.internal.reflect.NativeMethodAccessorImpl.invoke(NativeMethodAccessorImpl.java:77)
	at java.base/jdk.internal.reflect.DelegatingMethodAccessorImpl.invoke(DelegatingMethodAccessorImpl.java:43)
	at java.base/java.lang.reflect.Method.invoke(Method.java:568)
	at net.minecraft.launchwrapper.Launch.launch(Launch.java:136)
	at net.minecraft.launchwrapper.Launch.main(Launch.java:31)
Caused by: MinecraftClientHttpException[type=HTTP_ERROR, status=401, response=ErrorResponse[path='/player/attributes', error='null', details=null, errorMessage='null']]
	at com.mojang.authlib.minecraft.client.MinecraftClient.readInputStream(MinecraftClient.java:85)
	at com.mojang.authlib.minecraft.client.MinecraftClient.get(MinecraftClient.java:48)
	at com.mojang.authlib.yggdrasil.YggdrasilUserApiService.fetchProperties(YggdrasilUserApiService.java:122)
	... 11 more

[16:05:25] [Render thread/INFO]: Setting user: Vicky
[16:05:57] [Render thread/INFO]: Backend library: LWJGL version 3.3.1 build 7
[16:05:82] [Render thread/WARN]: Missing metadata in pack file/Halloween-V1.17.zip
[16:05:20] [Render thread/INFO]: Reloading ResourceManager: vanilla, file/redstone.zip
[16:05:62] [Worker-Main-2/INFO]: Found unifont_all_no_pua-15.0.06.hex, loading
[16:05:90] [Realms Notification Availability checker #1/INFO]: Could not authorize you against Realms server: Invalid session id
[16:05:06] [Worker-Main-5/WARN]: Missing textures in model minecraft:hopper#enabled=false,facing=east:
    minecraft:textures/atlas/blocks.png:minecraft:break/hopper
[16:05:07] [Worker-Main-5/WARN]: Missing textures in model minecraft:hopper#enabled=false,facing=north:
    minecraft:textures/atlas/blocks.png:minecraft:break/hopper
[16:05:07] [Worker-Main-5/WARN]: Missing textures in model minecraft:hopper#enabled=true,facing=south:
    minecraft:textures/atlas/blocks.png:minecraft:break/hopper
[16:05:07] [Worker-Main-5/WARN]: Missing textures in model minecraft:hopper#enabled=true,facing=down:
    minecraft:textures/atlas/blocks.png:minecraft:break/hopper
[16:05:07] [Worker-Main-5/WARN]: Missing textures in model minecraft:hopper#enabled=true,facing=west:
    minecraft:textures/atlas/blocks.png:minecraft:break/hopper
[16:05:31] [Render thread/WARN]: Missing sound for event: minecraft:item.goat_horn.play
[16:05:31] [Render thread/WARN]: Missing sound for event: minecraft:entity.goat.screaming.horn_break
[16:05:52] [Render thread/INFO]: OpenAL initialized on device OpenAL Soft on Headphones (Airdopes 141)
[16:05:52] [Render thread/INFO]: Sound engine started
[16:05:87] [Render thread/INFO]: Created: 1024x512x4 minecraft:textures/atlas/blocks.png-atlas
[16:05:90] [Render thread/INFO]: Created: 256x256x4 minecraft:textures/atlas/signs.png-atlas
[16:05:91] [Render thread/INFO]: Created: 512x512x4 minecraft:textures/atlas/shield_patterns.png-atlas
[16:05:92] [Render thread/INFO]: Created: 512x512x4 minecraft:textures/atlas/banner_patterns.png-atlas
[16:05:93] [Render thread/INFO]: Created: 1024x1024x4 minecraft:textures/atlas/armor_trims.png-atlas
[16:05:95] [Render thread/INFO]: Created: 128x64x4 minecraft:textures/atlas/decorated_pot.png-atlas
[16:05:96] [Render thread/INFO]: Created: 256x256x4 minecraft:textures/atlas/chest.png-atlas
[16:05:96] [Render thread/INFO]: Created: 512x256x4 minecraft:textures/atlas/beds.png-atlas
[16:05:96] [Render thread/INFO]: Created: 512x256x4 minecraft:textures/atlas/shulker_boxes.png-atlas
[Injection] Injection into fck ended successfully with 1 injections.
[16:05:52] [Render thread/WARN]: Shader rendertype_entity_translucent_emissive could not find sampler named Sampler2 in the specified shader program.
[16:05:61] [Render thread/INFO]: Created: 256x256x0 minecraft:textures/atlas/particles.png-atlas
[16:05:61] [Render thread/INFO]: Created: 256x256x0 minecraft:textures/atlas/paintings.png-atlas
[16:05:61] [Render thread/INFO]: Created: 128x128x0 minecraft:textures/atlas/mob_effects.png-atlas
[16:10:54] [Worker-Main-7/ERROR]: Exception reading C:\Users\Vicky\AppData\Roaming\.minecraft\saves\Android World\level.dat
java.util.zip.ZipException: Not in GZIP format
	at java.base/java.util.zip.GZIPInputStream.readHeader(GZIPInputStream.java:165)
	at java.base/java.util.zip.GZIPInputStream.<init>(GZIPInputStream.java:79)
	at java.base/java.util.zip.GZIPInputStream.<init>(GZIPInputStream.java:91)
	at rb.b(SourceFile:31)
	at rb.a(SourceFile:47)
	at rb.a(SourceFile:42)
	at dyy.c(SourceFile:340)
	at dyy.a(SourceFile:297)
	at dyy.a(SourceFile:234)
	at dyy.a(SourceFile:195)
	at java.base/java.util.concurrent.CompletableFuture$AsyncSupply.run(CompletableFuture.java:1768)
	at java.base/java.util.concurrent.CompletableFuture$AsyncSupply.exec(CompletableFuture.java:1760)
	at java.base/java.util.concurrent.ForkJoinTask.doExec(ForkJoinTask.java:373)
	at java.base/java.util.concurrent.ForkJoinPool$WorkQueue.topLevelExec(ForkJoinPool.java:1182)
	at java.base/java.util.concurrent.ForkJoinPool.scan(ForkJoinPool.java:1655)
	at java.base/java.util.concurrent.ForkJoinPool.runWorker(ForkJoinPool.java:1622)
	at java.base/java.util.concurrent.ForkJoinWorkerThread.run(ForkJoinWorkerThread.java:165)

[16:10:61] [Worker-Main-7/ERROR]: Exception reading C:\Users\Vicky\AppData\Roaming\.minecraft\saves\Android World\level.dat_old
java.util.zip.ZipException: Not in GZIP format
	at java.base/java.util.zip.GZIPInputStream.readHeader(GZIPInputStream.java:165)
	at java.base/java.util.zip.GZIPInputStream.<init>(GZIPInputStream.java:79)
	at java.base/java.util.zip.GZIPInputStream.<init>(GZIPInputStream.java:91)
	at rb.b(SourceFile:31)
	at rb.a(SourceFile:47)
	at rb.a(SourceFile:42)
	at dyy.c(SourceFile:340)
	at dyy.a(SourceFile:297)
	at dyy.a(SourceFile:242)
	at dyy.a(SourceFile:195)
	at java.base/java.util.concurrent.CompletableFuture$AsyncSupply.run(CompletableFuture.java:1768)
	at java.base/java.util.concurrent.CompletableFuture$AsyncSupply.exec(CompletableFuture.java:1760)
	at java.base/java.util.concurrent.ForkJoinTask.doExec(ForkJoinTask.java:373)
	at java.base/java.util.concurrent.ForkJoinPool$WorkQueue.topLevelExec(ForkJoinPool.java:1182)
	at java.base/java.util.concurrent.ForkJoinPool.scan(ForkJoinPool.java:1655)
	at java.base/java.util.concurrent.ForkJoinPool.runWorker(ForkJoinPool.java:1622)
	at java.base/java.util.concurrent.ForkJoinWorkerThread.run(ForkJoinWorkerThread.java:165)

[16:10:33] [Render thread/INFO]: Loaded 7 recipes
[16:10:80] [Render thread/INFO]: Loaded 1271 advancements
[16:10:78] [Server thread/INFO]: Starting integrated minecraft server version 1.20.1
[16:10:78] [Server thread/INFO]: Generating keypair
[16:10:49] [Server thread/INFO]: Preparing start region for dimension minecraft:overworld
[16:10:16] [Render thread/INFO]: Preparing spawn area: 0%
[16:10:16] [Render thread/INFO]: Preparing spawn area: 0%
[16:10:16] [Render thread/INFO]: Preparing spawn area: 0%
[16:10:16] [Render thread/INFO]: Preparing spawn area: 0%
[16:10:17] [Render thread/INFO]: Preparing spawn area: 0%
[16:10:17] [Render thread/INFO]: Preparing spawn area: 0%
[16:10:17] [Render thread/INFO]: Preparing spawn area: 0%
[16:10:17] [Render thread/INFO]: Preparing spawn area: 0%
[16:10:17] [Render thread/INFO]: Preparing spawn area: 0%
[16:10:17] [Render thread/INFO]: Preparing spawn area: 0%
[16:10:17] [Render thread/INFO]: Preparing spawn area: 0%
[16:10:17] [Render thread/INFO]: Preparing spawn area: 0%
[16:10:52] [Render thread/INFO]: Preparing spawn area: 0%
[16:10:02] [Render thread/INFO]: Preparing spawn area: 0%
[16:10:55] [Render thread/INFO]: Preparing spawn area: 0%
[16:10:55] [Render thread/INFO]: Preparing spawn area: 0%
[16:10:55] [Render thread/INFO]: Preparing spawn area: 0%
[16:10:55] [Render thread/INFO]: Preparing spawn area: 0%
[16:10:55] [Render thread/INFO]: Preparing spawn area: 0%
[16:11:36] [Render thread/INFO]: Preparing spawn area: 0%
[16:11:36] [Render thread/INFO]: Preparing spawn area: 0%
[16:11:37] [Render thread/INFO]: Preparing spawn area: 0%
[16:11:51] [Render thread/INFO]: Preparing spawn area: 0%
[16:11:13] [Render thread/INFO]: Preparing spawn area: 4%
[16:11:51] [Render thread/INFO]: Preparing spawn area: 7%
[16:11:04] [Render thread/INFO]: Preparing spawn area: 7%
[16:11:52] [Render thread/INFO]: Preparing spawn area: 15%
[16:11:03] [Render thread/INFO]: Preparing spawn area: 15%
[16:11:54] [Render thread/INFO]: Preparing spawn area: 16%
[16:11:05] [Render thread/INFO]: Preparing spawn area: 29%
[16:11:54] [Render thread/INFO]: Preparing spawn area: 33%
[16:11:01] [Render thread/INFO]: Preparing spawn area: 33%
[16:11:57] [Render thread/INFO]: Preparing spawn area: 43%
[16:11:04] [Render thread/INFO]: Preparing spawn area: 44%
[16:11:54] [Render thread/INFO]: Preparing spawn area: 55%
[16:11:02] [Render thread/INFO]: Preparing spawn area: 55%
[16:11:51] [Render thread/INFO]: Preparing spawn area: 57%
[16:11:02] [Render thread/INFO]: Preparing spawn area: 64%
[16:11:56] [Render thread/INFO]: Preparing spawn area: 69%
[16:11:02] [Render thread/INFO]: Preparing spawn area: 71%
[16:11:52] [Render thread/INFO]: Preparing spawn area: 72%
[16:11:02] [Render thread/INFO]: Preparing spawn area: 81%
[16:11:53] [Render thread/INFO]: Preparing spawn area: 82%
[16:11:01] [Render thread/INFO]: Preparing spawn area: 86%
[16:11:51] [Render thread/INFO]: Preparing spawn area: 89%
[16:11:02] [Render thread/INFO]: Preparing spawn area: 99%
[16:11:14] [Render thread/INFO]: Time elapsed: 22639 ms
[16:11:42] [Server thread/INFO]: Changing view distance to 12, from 10
[16:11:42] [Server thread/INFO]: Changing simulation distance to 12, from 0
[16:11:21] [Server thread/INFO]: Vicky[local:E:b7b0f527] logged in with entity id 384 at (8.111439905643326, 150.2320823090065, -6.246011804026036)
[16:11:41] [Server thread/INFO]: Vicky joined the game
[16:11:68] [Server thread/WARN]: Can't keep up! Is the server overloaded? Running 2102ms or 42 ticks behind
[16:11:80] [Render thread/INFO]: Loaded 16 advancements
[16:11:64] [Server thread/WARN]: Can't keep up! Is the server overloaded? Running 2166ms or 43 ticks behind
[16:11:68] [Server thread/INFO]: Saving and pausing game...
[16:11:76] [Server thread/INFO]: Saving chunks for level 'ServerLevel[Cool Village]'/minecraft:overworld
[16:11:70] [Server thread/INFO]: Saving chunks for level 'ServerLevel[Cool Village]'/minecraft:the_end
[16:11:70] [Server thread/INFO]: Saving chunks for level 'ServerLevel[Cool Village]'/minecraft:the_nether
[16:11:36] [Render thread/INFO]: Using default channel type
[16:11:47] [Render thread/INFO]: Started serving on 52057
[16:11:53] [Render thread/INFO]: [System] [CHAT] Local game hosted on port [52057]
[16:11:13] [Server thread/INFO]: [Vicky: Set own game mode to Creative Mode]
[16:11:16] [Render thread/INFO]: [System] [CHAT] Set own game mode to Creative Mode
[16:11:59] [Server thread/WARN]: Can't keep up! Is the server overloaded? Running 3965ms or 79 ticks behind
[16:12:63] [Server thread/INFO]: [Not Secure] <Vicky> hi
[16:12:66] [Render thread/INFO]: [CHAT] <Vicky> hi
[16:12:39] [Server thread/WARN]: Can't keep up! Is the server overloaded? Running 6817ms or 136 ticks behind
[16:12:57] [Server thread/WARN]: Can't keep up! Is the server overloaded? Running 8197ms or 163 ticks behind
[16:13:85] [Server thread/WARN]: Can't keep up! Is the server overloaded? Running 8326ms or 166 ticks behind
[16:13:10] [Server thread/WARN]: Can't keep up! Is the server overloaded? Running 9277ms or 185 ticks behind
[16:13:92] [Server thread/WARN]: Can't keep up! Is the server overloaded? Running 7849ms or 156 ticks behind
[16:14:15] [Server thread/WARN]: Can't keep up! Is the server overloaded? Running 7274ms or 145 ticks behind
[16:14:21] [Server thread/WARN]: Can't keep up! Is the server overloaded? Running 8087ms or 161 ticks behind
[16:14:73] [Render thread/INFO]: [System] [CHAT] Unknown or incomplete command, see below for error
[16:14:73] [Render thread/INFO]: [System] [CHAT] hi<--[HERE]
[16:14:72] [Server thread/WARN]: Can't keep up! Is the server overloaded? Running 7544ms or 150 ticks behind
[16:15:33] [Server thread/INFO]: [Not Secure] <Vicky> hi
[16:15:33] [Render thread/INFO]: [CHAT] <Vicky> hi
[16:15:86] [Server thread/WARN]: Can't keep up! Is the server overloaded? Running 8186ms or 163 ticks behind
[16:15:05] [Server thread/WARN]: Can't keep up! Is the server overloaded? Running 4224ms or 84 ticks behind
[16:15:47] [Server thread/WARN]: Can't keep up! Is the server overloaded? Running 5445ms or 108 ticks behind
[16:16:97] [Server thread/WARN]: Can't keep up! Is the server overloaded? Running 6543ms or 130 ticks behind
[16:16:52] [Server thread/WARN]: Can't keep up! Is the server overloaded? Running 4596ms or 91 ticks behind
[16:17:54] [Server thread/WARN]: Can't keep up! Is the server overloaded? Running 2017ms or 40 ticks behind
[16:17:79] [Server thread/WARN]: Can't keep up! Is the server overloaded? Running 6266ms or 125 ticks behind
[16:17:27] [Server thread/WARN]: Can't keep up! Is the server overloaded? Running 3497ms or 69 ticks behind
[16:17:37] [Server thread/WARN]: Can't keep up! Is the server overloaded? Running 3142ms or 62 ticks behind
[16:18:18] [Server thread/WARN]: Can't keep up! Is the server overloaded? Running 4854ms or 97 ticks behind
[16:18:51] [Server thread/WARN]: Can't keep up! Is the server overloaded? Running 5338ms or 106 ticks behind
[16:18:25] [Server thread/WARN]: Can't keep up! Is the server overloaded? Running 3775ms or 75 ticks behind
[16:19:62] [Server thread/WARN]: Can't keep up! Is the server overloaded? Running 5398ms or 107 ticks behind
[16:19:40] [Server thread/WARN]: Can't keep up! Is the server overloaded? Running 3823ms or 76 ticks behind
[16:19:13] [Server thread/WARN]: Can't keep up! Is the server overloaded? Running 4752ms or 95 ticks behind
[16:20:62] [Server thread/WARN]: Can't keep up! Is the server overloaded? Running 3495ms or 69 ticks behind
[16:20:14] [Server thread/WARN]: Can't keep up! Is the server overloaded? Running 2010ms or 40 ticks behind
[16:20:52] [Server thread/WARN]: Can't keep up! Is the server overloaded? Running 2395ms or 47 ticks behind
[16:21:25] [Server thread/WARN]: Can't keep up! Is the server overloaded? Running 3777ms or 75 ticks behind
[16:21:29] [Server thread/WARN]: Can't keep up! Is the server overloaded? Running 4063ms or 81 ticks behind
[16:21:80] [Server thread/WARN]: Can't keep up! Is the server overloaded? Running 4527ms or 90 ticks behind
[16:22:68] [Server thread/WARN]: Can't keep up! Is the server overloaded? Running 4907ms or 98 ticks behind
[16:22:05] [Server thread/WARN]: Can't keep up! Is the server overloaded? Running 4369ms or 87 ticks behind
[16:22:40] [Server thread/WARN]: Can't keep up! Is the server overloaded? Running 3377ms or 67 ticks behind
[16:23:25] [Server thread/WARN]: Can't keep up! Is the server overloaded? Running 3875ms or 77 ticks behind
[16:23:67] [Server thread/WARN]: Can't keep up! Is the server overloaded? Running 4449ms or 88 ticks behind
[16:23:71] [Server thread/WARN]: Can't keep up! Is the server overloaded? Running 4080ms or 81 ticks behind
[16:24:38] [Server thread/WARN]: Can't keep up! Is the server overloaded? Running 4702ms or 94 ticks behind
[16:24:73] [Server thread/WARN]: Can't keep up! Is the server overloaded? Running 4359ms or 87 ticks behind
[16:24:98] [Server thread/WARN]: Can't keep up! Is the server overloaded? Running 5258ms or 105 ticks behind
[16:24:87] [Render thread/WARN]: Unable to play empty soundEvent: minecraft:entity.tropical_fish.ambient
[16:25:03] [Server thread/WARN]: Can't keep up! Is the server overloaded? Running 7058ms or 141 ticks behind
[16:25:58] [Render thread/INFO]: Loaded 18 advancements
[16:25:73] [Server thread/INFO]: Vicky has made the advancement [Ice Bucket Challenge]
[16:25:77] [Render thread/INFO]: [System] [CHAT] Vicky has made the advancement [Ice Bucket Challenge]
[16:25:77] [Render thread/INFO]: Loaded 29 advancements
[16:25:16] [Server thread/WARN]: Can't keep up! Is the server overloaded? Running 6134ms or 122 ticks behind
[16:25:18] [Server thread/WARN]: Can't keep up! Is the server overloaded? Running 8054ms or 161 ticks behind
[16:26:80] [Server thread/INFO]: Vicky lost connection: Disconnected
[16:26:80] [Server thread/INFO]: Vicky left the game
[16:26:86] [Server thread/INFO]: Stopping singleplayer server as player logged out
[16:26:90] [Server thread/INFO]: Stopping server
[16:26:90] [Server thread/INFO]: Saving players
[16:26:90] [Server thread/INFO]: Saving worlds
[16:26:62] [Server thread/INFO]: Saving chunks for level 'ServerLevel[Cool Village]'/minecraft:overworld
[16:26:58] [Server thread/INFO]: Saving chunks for level 'ServerLevel[Cool Village]'/minecraft:the_end
[16:26:59] [Server thread/INFO]: Saving chunks for level 'ServerLevel[Cool Village]'/minecraft:the_nether
[16:26:63] [Server thread/INFO]: ThreadedAnvilChunkStorage (Cool Village): All chunks are saved
[16:26:63] [Server thread/INFO]: ThreadedAnvilChunkStorage (DIM1): All chunks are saved
[16:26:63] [Server thread/INFO]: ThreadedAnvilChunkStorage (DIM-1): All chunks are saved
[16:26:63] [Server thread/INFO]: ThreadedAnvilChunkStorage: All dimensions are saved
[16:26:30] [Worker-Main-9/ERROR]: Exception reading C:\Users\Vicky\AppData\Roaming\.minecraft\saves\Android World\level.dat
java.util.zip.ZipException: Not in GZIP format
	at java.base/java.util.zip.GZIPInputStream.readHeader(GZIPInputStream.java:165)
	at java.base/java.util.zip.GZIPInputStream.<init>(GZIPInputStream.java:79)
	at java.base/java.util.zip.GZIPInputStream.<init>(GZIPInputStream.java:91)
	at rb.b(SourceFile:31)
	at rb.a(SourceFile:47)
	at rb.a(SourceFile:42)
	at dyy.c(SourceFile:340)
	at dyy.a(SourceFile:297)
	at dyy.a(SourceFile:234)
	at dyy.a(SourceFile:195)
	at java.base/java.util.concurrent.CompletableFuture$AsyncSupply.run(CompletableFuture.java:1768)
	at java.base/java.util.concurrent.CompletableFuture$AsyncSupply.exec(CompletableFuture.java:1760)
	at java.base/java.util.concurrent.ForkJoinTask.doExec(ForkJoinTask.java:373)
	at java.base/java.util.concurrent.ForkJoinPool$WorkQueue.topLevelExec(ForkJoinPool.java:1182)
	at java.base/java.util.concurrent.ForkJoinPool.scan(ForkJoinPool.java:1655)
	at java.base/java.util.concurrent.ForkJoinPool.runWorker(ForkJoinPool.java:1622)
	at java.base/java.util.concurrent.ForkJoinWorkerThread.run(ForkJoinWorkerThread.java:165)

[16:26:34] [Worker-Main-9/ERROR]: Exception reading C:\Users\Vicky\AppData\Roaming\.minecraft\saves\Android World\level.dat_old
java.util.zip.ZipException: Not in GZIP format
	at java.base/java.util.zip.GZIPInputStream.readHeader(GZIPInputStream.java:165)
	at java.base/java.util.zip.GZIPInputStream.<init>(GZIPInputStream.java:79)
	at java.base/java.util.zip.GZIPInputStream.<init>(GZIPInputStream.java:91)
	at rb.b(SourceFile:31)
	at rb.a(SourceFile:47)
	at rb.a(SourceFile:42)
	at dyy.c(SourceFile:340)
	at dyy.a(SourceFile:297)
	at dyy.a(SourceFile:242)
	at dyy.a(SourceFile:195)
	at java.base/java.util.concurrent.CompletableFuture$AsyncSupply.run(CompletableFuture.java:1768)
	at java.base/java.util.concurrent.CompletableFuture$AsyncSupply.exec(CompletableFuture.java:1760)
	at java.base/java.util.concurrent.ForkJoinTask.doExec(ForkJoinTask.java:373)
	at java.base/java.util.concurrent.ForkJoinPool$WorkQueue.topLevelExec(ForkJoinPool.java:1182)
	at java.base/java.util.concurrent.ForkJoinPool.scan(ForkJoinPool.java:1655)
	at java.base/java.util.concurrent.ForkJoinPool.runWorker(ForkJoinPool.java:1622)
	at java.base/java.util.concurrent.ForkJoinWorkerThread.run(ForkJoinWorkerThread.java:165)

[16:26:89] [Render thread/INFO]: Loaded 7 recipes
[16:26:04] [Render thread/INFO]: Loaded 1271 advancements
[16:26:11] [Server thread/INFO]: Starting integrated minecraft server version 1.20.1
[16:26:11] [Server thread/INFO]: Generating keypair
[16:26:52] [Server thread/INFO]: Preparing start region for dimension minecraft:overworld
[16:26:24] [Render thread/INFO]: Preparing spawn area: 0%
[16:26:24] [Render thread/INFO]: Preparing spawn area: 0%
[16:26:24] [Render thread/INFO]: Preparing spawn area: 0%
[16:26:24] [Render thread/INFO]: Preparing spawn area: 0%
[16:26:55] [Render thread/INFO]: Preparing spawn area: 0%
[16:26:03] [Render thread/INFO]: Preparing spawn area: 0%
[16:26:56] [Render thread/INFO]: Preparing spawn area: 0%
[16:26:56] [Render thread/INFO]: Preparing spawn area: 0%
[16:26:56] [Render thread/INFO]: Preparing spawn area: 0%
[16:26:58] [Render thread/INFO]: Preparing spawn area: 0%
[16:26:58] [Render thread/INFO]: Preparing spawn area: 0%
[16:26:58] [Render thread/INFO]: Preparing spawn area: 0%
[16:26:58] [Render thread/INFO]: Preparing spawn area: 0%
[16:26:58] [Render thread/INFO]: Preparing spawn area: 0%
[16:26:58] [Render thread/INFO]: Preparing spawn area: 0%
[16:26:11] [Render thread/INFO]: Preparing spawn area: 4%
[16:26:54] [Render thread/INFO]: Preparing spawn area: 8%
[16:26:14] [Render thread/INFO]: Preparing spawn area: 14%
[16:26:53] [Render thread/INFO]: Preparing spawn area: 15%
[16:26:04] [Render thread/INFO]: Preparing spawn area: 16%
[16:26:55] [Render thread/INFO]: Preparing spawn area: 23%
[16:26:05] [Render thread/INFO]: Preparing spawn area: 32%
[16:26:55] [Render thread/INFO]: Preparing spawn area: 42%
[16:26:04] [Render thread/INFO]: Preparing spawn area: 47%
[16:26:54] [Render thread/INFO]: Preparing spawn area: 57%
[16:26:14] [Render thread/INFO]: Preparing spawn area: 66%
[16:26:58] [Render thread/INFO]: Preparing spawn area: 68%
[16:26:05] [Render thread/INFO]: Preparing spawn area: 70%
[16:26:53] [Render thread/INFO]: Preparing spawn area: 73%
[16:26:09] [Render thread/INFO]: Preparing spawn area: 79%
[16:26:54] [Render thread/INFO]: Preparing spawn area: 82%
[16:26:03] [Render thread/INFO]: Preparing spawn area: 84%
[16:26:54] [Render thread/INFO]: Preparing spawn area: 92%
[16:26:05] [Render thread/INFO]: Preparing spawn area: 94%
[16:26:55] [Render thread/INFO]: Preparing spawn area: 99%
[16:26:63] [Render thread/INFO]: Time elapsed: 17097 ms
[16:26:66] [Server thread/INFO]: Changing view distance to 12, from 10
[16:26:66] [Server thread/INFO]: Changing simulation distance to 12, from 0
[16:26:86] [Server thread/INFO]: Vicky[local:E:aacc9f33] logged in with entity id 5266 at (14.526809545665134, 60.200000047683716, 26.43189309652203)
[16:26:88] [Server thread/INFO]: Vicky joined the game
[16:26:34] [Render thread/INFO]: Loaded 29 advancements
[16:27:29] [Server thread/WARN]: Can't keep up! Is the server overloaded? Running 2015ms or 40 ticks behind
[16:27:68] [Server thread/WARN]: Can't keep up! Is the server overloaded? Running 6404ms or 128 ticks behind
[16:27:72] [Server thread/WARN]: Can't keep up! Is the server overloaded? Running 7048ms or 140 ticks behind
[16:28:53] [Server thread/WARN]: Can't keep up! Is the server overloaded? Running 6857ms or 137 ticks behind
[16:28:13] [Server thread/WARN]: Can't keep up! Is the server overloaded? Running 6613ms or 132 ticks behind
[16:28:01] [Server thread/WARN]: Can't keep up! Is the server overloaded? Running 6888ms or 137 ticks behind
[16:29:80] [Server thread/WARN]: Can't keep up! Is the server overloaded? Running 8830ms or 176 ticks behind
[16:29:19] [Server thread/WARN]: Can't keep up! Is the server overloaded? Running 9414ms or 188 ticks behind
[16:30:43] [Server thread/WARN]: Can't keep up! Is the server overloaded? Running 8261ms or 165 ticks behind
[16:30:93] [Server thread/WARN]: Can't keep up! Is the server overloaded? Running 10508ms or 210 ticks behind
[16:30:94] [Render thread/INFO]: textures 'cape_test_272' was added, skin: false,cape: true, max waiting: 27 ,during : 1539067 
[16:30:94] [Render thread/INFO]: calculated cape performance:TEXTURE_136, middle time: 10.166666666666666
[16:30:82] [Render thread/INFO]: can use texture size:TEXTURE_272, middle time: 9.8
[16:30:28] [Server thread/WARN]: Can't keep up! Is the server overloaded? Running 8357ms or 167 ticks behind
[16:31:11] [Server thread/WARN]: Can't keep up! Is the server overloaded? Running 8840ms or 176 ticks behind
[16:31:31] [Server thread/INFO]: [Vicky: Set own game mode to Survival Mode]
[16:31:32] [Render thread/INFO]: [System] [CHAT] Set own game mode to Survival Mode
[16:31:62] [Server thread/WARN]: Can't keep up! Is the server overloaded? Running 8548ms or 170 ticks behind
[16:31:74] [Server thread/INFO]: [Vicky: Set own game mode to Creative Mode]
[16:31:77] [Render thread/INFO]: [System] [CHAT] Set own game mode to Creative Mode
[16:32:16] [Server thread/WARN]: Can't keep up! Is the server overloaded? Running 8591ms or 171 ticks behind
[16:32:83] [Server thread/INFO]: [Vicky: Set own game mode to Survival Mode]
[16:32:83] [Render thread/INFO]: [System] [CHAT] Set own game mode to Survival Mode
[16:32:95] [Server thread/WARN]: Can't keep up! Is the server overloaded? Running 8827ms or 176 ticks behind
[16:32:44] [Server thread/WARN]: Can't keep up! Is the server overloaded? Running 9514ms or 190 ticks behind
[16:33:10] [Server thread/INFO]: [Vicky: Set own game mode to Creative Mode]
[16:33:11] [Render thread/INFO]: [System] [CHAT] Set own game mode to Creative Mode
[16:33:53] [Server thread/INFO]: [Vicky: Set own game mode to Survival Mode]
[16:33:54] [Render thread/INFO]: [System] [CHAT] Set own game mode to Survival Mode
[16:33:87] [Server thread/WARN]: Can't keep up! Is the server overloaded? Running 9448ms or 188 ticks behind
[16:33:61] [Server thread/WARN]: Can't keep up! Is the server overloaded? Running 8785ms or 175 ticks behind
[16:34:72] [Server thread/INFO]: [Vicky: Set own game mode to Creative Mode]
[16:34:72] [Render thread/INFO]: [System] [CHAT] Set own game mode to Creative Mode
[16:34:66] [Server thread/WARN]: Can't keep up! Is the server overloaded? Running 8092ms or 161 ticks behind
[16:34:62] [Server thread/WARN]: Can't keep up! Is the server overloaded? Running 7998ms or 159 ticks behind
[16:34:72] [Server thread/WARN]: Can't keep up! Is the server overloaded? Running 8150ms or 163 ticks behind
[16:35:11] [Server thread/INFO]: [Vicky: Set own game mode to Survival Mode]
[16:35:11] [Render thread/INFO]: [System] [CHAT] Set own game mode to Survival Mode
[16:35:52] [Server thread/WARN]: Can't keep up! Is the server overloaded? Running 6797ms or 135 ticks behind
[16:35:71] [Server thread/INFO]: [Vicky: Set own game mode to Creative Mode]
[16:35:72] [Render thread/INFO]: [System] [CHAT] Set own game mode to Creative Mode
[16:35:16] [Server thread/WARN]: Can't keep up! Is the server overloaded? Running 7685ms or 153 ticks behind
[16:35:61] [Server thread/INFO]: [Vicky: Set own game mode to Survival Mode]
[16:35:62] [Render thread/INFO]: [System] [CHAT] Set own game mode to Survival Mode
[16:35:28] [Server thread/WARN]: Can't keep up! Is the server overloaded? Running 8154ms or 163 ticks behind
[16:36:21] [Server thread/INFO]: [Vicky: Set own game mode to Creative Mode]
[16:36:22] [Render thread/INFO]: [System] [CHAT] Set own game mode to Creative Mode
[16:36:28] [Server thread/INFO]: [Vicky: Set own game mode to Survival Mode]
[16:36:29] [Render thread/INFO]: [System] [CHAT] Set own game mode to Survival Mode
[16:36:19] [Server thread/WARN]: Can't keep up! Is the server overloaded? Running 7916ms or 158 ticks behind
[16:36:25] [Server thread/INFO]: [Vicky: Set own game mode to Creative Mode]
[16:36:26] [Render thread/INFO]: [System] [CHAT] Set own game mode to Creative Mode
[16:36:22] [Server thread/INFO]: Vicky has made the advancement [Monster Hunter]
[16:36:24] [Render thread/INFO]: [System] [CHAT] Vicky has made the advancement [Monster Hunter]
[16:36:29] [Render thread/INFO]: Loaded 58 advancements
[16:36:80] [Server thread/WARN]: Can't keep up! Is the server overloaded? Running 7626ms or 152 ticks behind
[16:37:27] [Server thread/INFO]: [Vicky: Set own game mode to Survival Mode]
[16:37:28] [Render thread/INFO]: [System] [CHAT] Set own game mode to Survival Mode
[16:37:91] [Server thread/WARN]: Can't keep up! Is the server overloaded? Running 8133ms or 162 ticks behind
[16:37:47] [Server thread/INFO]: [Vicky: Set own game mode to Creative Mode]
[16:37:47] [Render thread/INFO]: [System] [CHAT] Set own game mode to Creative Mode
[16:37:73] [Server thread/INFO]: [Vicky: Set own game mode to Survival Mode]
[16:37:74] [Render thread/INFO]: [System] [CHAT] Set own game mode to Survival Mode
[16:37:54] [Server thread/WARN]: Can't keep up! Is the server overloaded? Running 7667ms or 153 ticks behind
[16:37:42] [Server thread/INFO]: [Vicky: Set own game mode to Creative Mode]
[16:37:42] [Render thread/INFO]: [System] [CHAT] Set own game mode to Creative Mode
[16:37:23] [Server thread/WARN]: Can't keep up! Is the server overloaded? Running 7713ms or 154 ticks behind
[16:38:99] [Server thread/INFO]: [Vicky: Set own game mode to Survival Mode]
[16:38:00] [Render thread/INFO]: [System] [CHAT] Set own game mode to Survival Mode
[16:38:83] [Server thread/WARN]: Can't keep up! Is the server overloaded? Running 7607ms or 152 ticks behind
[16:38:68] [Server thread/WARN]: Can't keep up! Is the server overloaded? Running 7859ms or 157 ticks behind
[16:38:31] [Server thread/INFO]: [Vicky: Set own game mode to Creative Mode]
[16:38:32] [Render thread/INFO]: [System] [CHAT] Set own game mode to Creative Mode
[16:39:91] [Server thread/INFO]: [Vicky: Set own game mode to Survival Mode]
[16:39:91] [Server thread/WARN]: Can't keep up! Is the server overloaded? Running 7236ms or 144 ticks behind
[16:39:91] [Render thread/INFO]: [System] [CHAT] Set own game mode to Survival Mode
[16:39:47] [Server thread/WARN]: Can't keep up! Is the server overloaded? Running 6597ms or 131 ticks behind
[16:39:97] [Server thread/WARN]: Can't keep up! Is the server overloaded? Running 7546ms or 150 ticks behind
[16:40:92] [Server thread/WARN]: Can't keep up! Is the server overloaded? Running 8000ms or 160 ticks behind
[16:40:97] [Server thread/WARN]: Can't keep up! Is the server overloaded? Running 8049ms or 160 ticks behind
[16:40:89] [Server thread/INFO]: [Vicky: Set own game mode to Creative Mode]
[16:40:89] [Render thread/INFO]: [System] [CHAT] Set own game mode to Creative Mode
[16:40:72] [Server thread/WARN]: Can't keep up! Is the server overloaded? Running 7793ms or 155 ticks behind
[16:40:10] [Server thread/INFO]: [Vicky: Set own game mode to Survival Mode]
[16:40:11] [Render thread/INFO]: [System] [CHAT] Set own game mode to Survival Mode
[16:41:68] [Server thread/WARN]: Can't keep up! Is the server overloaded? Running 7005ms or 140 ticks behind
[16:41:09] [Server thread/WARN]: Can't keep up! Is the server overloaded? Running 7417ms or 148 ticks behind
[16:41:87] [Server thread/INFO]: [Vicky: Set own game mode to Creative Mode]
[16:41:88] [Render thread/INFO]: [System] [CHAT] Set own game mode to Creative Mode
[16:42:17] [Server thread/WARN]: Can't keep up! Is the server overloaded? Running 8094ms or 161 ticks behind
[16:42:82] [Server thread/INFO]: Saving and pausing game...
[16:42:87] [Server thread/INFO]: Saving chunks for level 'ServerLevel[Cool Village]'/minecraft:overworld
[16:42:91] [Server thread/INFO]: Saving chunks for level 'ServerLevel[Cool Village]'/minecraft:the_end
[16:42:91] [Server thread/INFO]: Saving chunks for level 'ServerLevel[Cool Village]'/minecraft:the_nether
[16:42:72] [Server thread/INFO]: Vicky lost connection: Disconnected
[16:42:72] [Server thread/INFO]: Vicky left the game
[16:42:78] [Server thread/INFO]: Stopping singleplayer server as player logged out
[16:42:81] [Server thread/INFO]: Stopping server
[16:42:81] [Server thread/INFO]: Saving players
[16:42:81] [Server thread/INFO]: Saving worlds
[16:42:77] [Server thread/INFO]: Saving chunks for level 'ServerLevel[Cool Village]'/minecraft:overworld
[16:42:25] [Server thread/INFO]: Saving chunks for level 'ServerLevel[Cool Village]'/minecraft:the_end
[16:42:25] [Server thread/INFO]: Saving chunks for level 'ServerLevel[Cool Village]'/minecraft:the_nether
[16:42:29] [Server thread/INFO]: ThreadedAnvilChunkStorage (Cool Village): All chunks are saved
[16:42:29] [Server thread/INFO]: ThreadedAnvilChunkStorage (DIM1): All chunks are saved
[16:42:29] [Server thread/INFO]: ThreadedAnvilChunkStorage (DIM-1): All chunks are saved
[16:42:29] [Server thread/INFO]: ThreadedAnvilChunkStorage: All dimensions are saved
[16:42:41] [Render thread/INFO]: Stopping!
Here I am!
[VersionManager] Refreshing versions locally...
[VersionManager] Versions has been refreshed (154 ms)
[Launcher] Launcher exited.
[Launcher] Minecraft closed with exit code: 0
Good bye!
[Double running] clear time label
[TLauncherManager] before clearLibrary 
[TLauncherManager] written:  []
[TLauncherManager] after clearLibrary 
flush now
