[Loading] INITIALIZING
Starting TLauncher 2.89 RELEASE
For more information, visit https://tlauncher.org/
Startup time: 18 Sep, 2023 3:15:35 PM
Running folder C:\Users\Vicky\AppData\Roaming\.minecraft
---
[Loading] LOADING_CONFIGURATION
Machine info: -------------------------------------------------------
Windows 10 10.0, Java 1.8.0_281, jvm bit x64, 8001 MB RAM
java path=C:\Users\Vicky\AppData\Roaming\.tlauncher\jvms\jre1.8.0_281\bin\javaw.exe
AMD Ryzen 5 3550H with Radeon Vega Mobile Gfx
 AMD Radeon(TM) Vega 8 Graphics, AMD Radeon Graphics Processor (0x15D8), 4113 MB, NVIDIA GeForce GTX 1650, NVIDIA GeForce GTX 1650, 7949 MB
-------------------------------------------------------
Selected locale: en
[Loading] LOADING_CONSOLE
[Downloader2] Loaded configuration: good
[Updater] Requesting an update...
[Updater] Requesting from: https://repo.tlauncher.org/update/lch/release_update_2.3.json
[Updater] Making request: https://repo.tlauncher.org/update/lch/release_update_2.3.json?version=2.89&client=f2d004ad-49e4-438b-9a85-cae4170ae3d1
[Updater] Request time: 667 ms
[Updater] Successfully requested from: https://repo.tlauncher.org/update/lch/release_update_2.3.json
[Browser] Loading resources...
[Browser] Cleaning up after loading:
Starting garbage collector: 48 / 108 MB
Garbage collector completed: 21 / 154 MB
[Loading] LOADING_MANAGERS
[LocalVersionList] Base directory: C:\Users\Vicky\AppData\Roaming\.minecraft
[ProfileManager] Refreshing profiles from: C:\Users\Vicky\AppData\Roaming\.minecraft\TlauncherProfiles.json
[AdvertisingStatusObserver]  started to get ad information
[AdvertisingStatusObserver]  finished to get add information
save profiles
[GsonUtil]  request to https://repo.tlauncher.org/update/downloads/libraries/org/tlauncher/authlib/libraries-1.7.json
[Loading] LOADING_WINDOW
[Swing] Favicons loaded: 256px, 128px, 96px, 64px, 48px, 32px, 24px, 16px
[Loading] PREPARING_MAINPANE
[REPO][SERVER_LIST_REPO] Success: Reached the repo in 315 ms.
[JFXStartPageLoader]  start load page: https://page.tlauncher.org/update/downloads/configs/pages/index_en.html
[Browser] Running in JavaFX Thread
[Browser] Preparing JavaFX...
[Browser] Initializing...
[JFXStartPageLoader]  succeeded load page: https://page.tlauncher.org/update/downloads/configs/pages/index_en.html during 1
[Browser@495916878] Loaded successfully: "https://page.tlauncher.org/update/downloads/configs/pages/index_en.html"
[Browser] add listens into server_choose
[Browser] finished listens into server_choose
[Downloader2] Loaded configuration: good
[Loading] POSTINIT_GUI
[Frame] Packing main frame...
[Frame] Resizing main pane...
Updater is already closed. Showing up...
Visibility set.
[Loading] REFRESHING_INFO
[VersionManager] Refreshing versions remotely...
[REPO][EXTRA_VERSION_REPO] Attempt #1; timeout: 30000 ms; url: https://repo.tlauncher.org/update/downloads/versions/new5/
Started! (14956 ms.)
[Loading] SUCCESS
[TLauncher] show tlauncher!!!
[REPO][EXTRA_VERSION_REPO] Success: Reached the repo in 263 ms.
[REPO][SKIN_VERSION_REPO] Attempt #1; timeout: 30000 ms; url: https://repo.tlauncher.org/update/downloads/versions/new5/skin/versions/
[REPO][EXTRA_VERSION_REPO] Attempt #1; timeout: 30000 ms; url: https://repo.tlauncher.org/update/downloads/versions/new5/
[REPO][OFFICIAL_VERSION_REPO] Attempt #1; timeout: 30000 ms; url: https://launchermeta.mojang.com/mc/game/
[REPO][SKIN_VERSION_REPO] Success: Reached the repo in 70 ms.
[SkinVersionList] Got in 154 ms
[REPO][EXTRA_VERSION_REPO] Success: Reached the repo in 177 ms.
[REPO][OFFICIAL_VERSION_REPO] Success: Reached the repo in 322 ms.
[ExtraVersionList] Got in 466 ms
[OfficialVersionList] Got in 1039 ms
[VersionManager] Versions has been refreshed (1380 ms)
[REPO][ADD_HOT_SERVERS_REPO] Attempt #1; timeout: 30000 ms; url: https://repo.tlauncher.org/update/lch/additional_hot_servers-1.0.json
[REPO][HOT_SERVERS_REPO] Attempt #1; timeout: 30000 ms; url: https://repo.tlauncher.org/update/lch/servers/hot_servers-1.0.json
[REPO][HOT_SERVERS_REPO] Success: Reached the repo in 101 ms.
[REPO][ADD_HOT_SERVERS_REPO] Success: Reached the repo in 106 ms.
run server on  37842
[Double running] clear time label
AccountComboBox.validte pre game launch username Account{skinType=TLAUNCHER, displayName=Vicky, userid=91d519811e5844279199ef1e67a09b70, uuid=91d519811e5844279199ef1e67a09b70, username=Vicky} FREE
onAuthPassed
saved account Account{skinType=TLAUNCHER, displayName=Vicky, userid=91d519811e5844279199ef1e67a09b70, uuid=91d519811e5844279199ef1e67a09b70, username=Vicky}
save profiles
[LoginForm] Login was OK. Trying to launch now.
[Launcher] Running under TLauncher 2.89
[Launcher] Collecting info...
[TLauncherManager] before clearLibrary 
[TLauncherManager] written:  []
[TLauncherManager] after clearLibrary 
[Launcher] Force update: true
[Launcher] Selected version: 1.20.1
[Launcher] Selected account: Account{skinType=TLAUNCHER, displayName=Vicky, userid=91d519811e5844279199ef1e67a09b70, uuid=91d519811e5844279199ef1e67a09b70, username=Vicky}
[Launcher] Version sync info: VersionSyncInfo{id='1.20.1',
local=CompleteVersion{id='1.20.1', time=Mon Jun 12 18:55:51 IST 2023, release=Mon Jun 12 18:55:51 IST 2023, type=release, class=net.minecraft.client.main.Main, minimumVersion=21, assets='5', source=LOCAL_VERSION_REPO, list=net.minecraft.launcher.updater.OfficialVersionList@5a3ed453, libraries=[Library{name='ca.weblite:java-objc-bridge:1.1', rules=[Rule{action=ALLOW, os=OSRestriction{name=OSX, version='null'}, features=null}], natives=null, extract=null, packed='null'}, Library{name='com.github.oshi:oshi-core:6.2.2', rules=null, natives=null, extract=null, packed='null'}, Library{name='com.google.code.gson:gson:2.10', rules=null, natives=null, extract=null, packed='null'}, Library{name='com.google.guava:failureaccess:1.0.1', rules=null, natives=null, extract=null, packed='null'}, Library{name='com.google.guava:guava:31.1-jre', rules=null, natives=null, extract=null, packed='null'}, Library{name='com.ibm.icu:icu4j:71.1', rules=null, natives=null, extract=null, packed='null'}, Library{name='com.mojang:authlib:4.0.43', rules=null, natives=null, extract=null, packed='null'}, Library{name='com.mojang:blocklist:1.0.10', rules=null, natives=null, extract=null, packed='null'}, Library{name='com.mojang:brigadier:1.1.8', rules=null, natives=null, extract=null, packed='null'}, Library{name='com.mojang:datafixerupper:6.0.8', rules=null, natives=null, extract=null, packed='null'}, Library{name='com.mojang:logging:1.1.1', rules=null, natives=null, extract=null, packed='null'}, Library{name='com.mojang:patchy:2.2.10', rules=null, natives=null, extract=null, packed='null'}, Library{name='com.mojang:text2speech:1.17.9', rules=null, natives=null, extract=null, packed='null'}, Library{name='commons-codec:commons-codec:1.15', rules=null, natives=null, extract=null, packed='null'}, Library{name='commons-io:commons-io:2.11.0', rules=null, natives=null, extract=null, packed='null'}, Library{name='commons-logging:commons-logging:1.2', rules=null, natives=null, extract=null, packed='null'}, Library{name='io.netty:netty-buffer:4.1.82.Final', rules=null, natives=null, extract=null, packed='null'}, Library{name='io.netty:netty-codec:4.1.82.Final', rules=null, natives=null, extract=null, packed='null'}, Library{name='io.netty:netty-common:4.1.82.Final', rules=null, natives=null, extract=null, packed='null'}, Library{name='io.netty:netty-handler:4.1.82.Final', rules=null, natives=null, extract=null, packed='null'}, Library{name='io.netty:netty-resolver:4.1.82.Final', rules=null, natives=null, extract=null, packed='null'}, Library{name='io.netty:netty-transport-classes-epoll:4.1.82.Final', rules=null, natives=null, extract=null, packed='null'}, Library{name='io.netty:netty-transport-native-epoll:4.1.82.Final:linux-aarch_64', rules=[Rule{action=ALLOW, os=OSRestriction{name=LINUX, version='null'}, features=null}], natives=null, extract=null, packed='null'}, Library{name='io.netty:netty-transport-native-epoll:4.1.82.Final:linux-x86_64', rules=[Rule{action=ALLOW, os=OSRestriction{name=LINUX, version='null'}, features=null}], natives=null, extract=null, packed='null'}, Library{name='io.netty:netty-transport-native-unix-common:4.1.82.Final', rules=null, natives=null, extract=null, packed='null'}, Library{name='io.netty:netty-transport:4.1.82.Final', rules=null, natives=null, extract=null, packed='null'}, Library{name='it.unimi.dsi:fastutil:8.5.9', rules=null, natives=null, extract=null, packed='null'}, Library{name='net.java.dev.jna:jna-platform:5.12.1', rules=null, natives=null, extract=null, packed='null'}, Library{name='net.java.dev.jna:jna:5.12.1', rules=null, natives=null, extract=null, packed='null'}, Library{name='net.sf.jopt-simple:jopt-simple:5.0.4', rules=null, natives=null, extract=null, packed='null'}, Library{name='org.apache.commons:commons-compress:1.21', rules=null, natives=null, extract=null, packed='null'}, Library{name='org.apache.commons:commons-lang3:3.12.0', rules=null, natives=null, extract=null, packed='null'}, Library{name='org.apache.httpcomponents:httpclient:4.5.13', rules=null, natives=null, extract=null, packed='null'}, Library{name='org.apache.httpcomponents:httpcore:4.4.15', rules=null, natives=null, extract=null, packed='null'}, Library{name='org.apache.logging.log4j:log4j-api:2.19.0', rules=null, natives=null, extract=null, packed='null'}, Library{name='org.apache.logging.log4j:log4j-core:2.19.0', rules=null, natives=null, extract=null, packed='null'}, Library{name='org.apache.logging.log4j:log4j-slf4j2-impl:2.19.0', rules=null, natives=null, extract=null, packed='null'}, Library{name='org.joml:joml:1.10.5', rules=null, natives=null, extract=null, packed='null'}, Library{name='org.lwjgl:lwjgl-glfw:3.3.1', rules=null, natives=null, extract=null, packed='null'}, Library{name='org.lwjgl:lwjgl-glfw:3.3.1:natives-linux', rules=[Rule{action=ALLOW, os=OSRestriction{name=LINUX, version='null'}, features=null}], natives=null, extract=null, packed='null'}, Library{name='org.lwjgl:lwjgl-glfw:3.3.1:natives-macos', rules=[Rule{action=ALLOW, os=OSRestriction{name=OSX, version='null'}, features=null}], natives=null, extract=null, packed='null'}, Library{name='org.lwjgl:lwjgl-glfw:3.3.1:natives-macos-arm64', rules=[Rule{action=ALLOW, os=OSRestriction{name=OSX, version='null'}, features=null}], natives=null, extract=null, packed='null'}, Library{name='org.lwjgl:lwjgl-glfw:3.3.1:natives-windows', rules=[Rule{action=ALLOW, os=OSRestriction{name=WINDOWS, version='null'}, features=null}], natives=null, extract=null, packed='null'}, Library{name='org.lwjgl:lwjgl-glfw:3.3.1:natives-windows-arm64', rules=[Rule{action=ALLOW, os=OSRestriction{name=WINDOWS, version='null'}, features=null}], natives=null, extract=null, packed='null'}, Library{name='org.lwjgl:lwjgl-glfw:3.3.1:natives-windows-x86', rules=[Rule{action=ALLOW, os=OSRestriction{name=WINDOWS, version='null'}, features=null}], natives=null, extract=null, packed='null'}, Library{name='org.lwjgl:lwjgl-jemalloc:3.3.1', rules=null, natives=null, extract=null, packed='null'}, Library{name='org.lwjgl:lwjgl-jemalloc:3.3.1:natives-linux', rules=[Rule{action=ALLOW, os=OSRestriction{name=LINUX, version='null'}, features=null}], natives=null, extract=null, packed='null'}, Library{name='org.lwjgl:lwjgl-jemalloc:3.3.1:natives-macos', rules=[Rule{action=ALLOW, os=OSRestriction{name=OSX, version='null'}, features=null}], natives=null, extract=null, packed='null'}, Library{name='org.lwjgl:lwjgl-jemalloc:3.3.1:natives-macos-arm64', rules=[Rule{action=ALLOW, os=OSRestriction{name=OSX, version='null'}, features=null}], natives=null, extract=null, packed='null'}, Library{name='org.lwjgl:lwjgl-jemalloc:3.3.1:natives-windows', rules=[Rule{action=ALLOW, os=OSRestriction{name=WINDOWS, version='null'}, features=null}], natives=null, extract=null, packed='null'}, Library{name='org.lwjgl:lwjgl-jemalloc:3.3.1:natives-windows-arm64', rules=[Rule{action=ALLOW, os=OSRestriction{name=WINDOWS, version='null'}, features=null}], natives=null, extract=null, packed='null'}, Library{name='org.lwjgl:lwjgl-jemalloc:3.3.1:natives-windows-x86', rules=[Rule{action=ALLOW, os=OSRestriction{name=WINDOWS, version='null'}, features=null}], natives=null, extract=null, packed='null'}, Library{name='org.lwjgl:lwjgl-openal:3.3.1', rules=null, natives=null, extract=null, packed='null'}, Library{name='org.lwjgl:lwjgl-openal:3.3.1:natives-linux', rules=[Rule{action=ALLOW, os=OSRestriction{name=LINUX, version='null'}, features=null}], natives=null, extract=null, packed='null'}, Library{name='org.lwjgl:lwjgl-openal:3.3.1:natives-macos', rules=[Rule{action=ALLOW, os=OSRestriction{name=OSX, version='null'}, features=null}], natives=null, extract=null, packed='null'}, Library{name='org.lwjgl:lwjgl-openal:3.3.1:natives-macos-arm64', rules=[Rule{action=ALLOW, os=OSRestriction{name=OSX, version='null'}, features=null}], natives=null, extract=null, packed='null'}, Library{name='org.lwjgl:lwjgl-openal:3.3.1:natives-windows', rules=[Rule{action=ALLOW, os=OSRestriction{name=WINDOWS, version='null'}, features=null}], natives=null, extract=null, packed='null'}, Library{name='org.lwjgl:lwjgl-openal:3.3.1:natives-windows-arm64', rules=[Rule{action=ALLOW, os=OSRestriction{name=WINDOWS, version='null'}, features=null}], natives=null, extract=null, packed='null'}, Library{name='org.lwjgl:lwjgl-openal:3.3.1:natives-windows-x86', rules=[Rule{action=ALLOW, os=OSRestriction{name=WINDOWS, version='null'}, features=null}], natives=null, extract=null, packed='null'}, Library{name='org.lwjgl:lwjgl-opengl:3.3.1', rules=null, natives=null, extract=null, packed='null'}, Library{name='org.lwjgl:lwjgl-opengl:3.3.1:natives-linux', rules=[Rule{action=ALLOW, os=OSRestriction{name=LINUX, version='null'}, features=null}], natives=null, extract=null, packed='null'}, Library{name='org.lwjgl:lwjgl-opengl:3.3.1:natives-macos', rules=[Rule{action=ALLOW, os=OSRestriction{name=OSX, version='null'}, features=null}], natives=null, extract=null, packed='null'}, Library{name='org.lwjgl:lwjgl-opengl:3.3.1:natives-macos-arm64', rules=[Rule{action=ALLOW, os=OSRestriction{name=OSX, version='null'}, features=null}], natives=null, extract=null, packed='null'}, Library{name='org.lwjgl:lwjgl-opengl:3.3.1:natives-windows', rules=[Rule{action=ALLOW, os=OSRestriction{name=WINDOWS, version='null'}, features=null}], natives=null, extract=null, packed='null'}, Library{name='org.lwjgl:lwjgl-opengl:3.3.1:natives-windows-arm64', rules=[Rule{action=ALLOW, os=OSRestriction{name=WINDOWS, version='null'}, features=null}], natives=null, extract=null, packed='null'}, Library{name='org.lwjgl:lwjgl-opengl:3.3.1:natives-windows-x86', rules=[Rule{action=ALLOW, os=OSRestriction{name=WINDOWS, version='null'}, features=null}], natives=null, extract=null, packed='null'}, Library{name='org.lwjgl:lwjgl-stb:3.3.1', rules=null, natives=null, extract=null, packed='null'}, Library{name='org.lwjgl:lwjgl-stb:3.3.1:natives-linux', rules=[Rule{action=ALLOW, os=OSRestriction{name=LINUX, version='null'}, features=null}], natives=null, extract=null, packed='null'}, Library{name='org.lwjgl:lwjgl-stb:3.3.1:natives-macos', rules=[Rule{action=ALLOW, os=OSRestriction{name=OSX, version='null'}, features=null}], natives=null, extract=null, packed='null'}, Library{name='org.lwjgl:lwjgl-stb:3.3.1:natives-macos-arm64', rules=[Rule{action=ALLOW, os=OSRestriction{name=OSX, version='null'}, features=null}], natives=null, extract=null, packed='null'}, Library{name='org.lwjgl:lwjgl-stb:3.3.1:natives-windows', rules=[Rule{action=ALLOW, os=OSRestriction{name=WINDOWS, version='null'}, features=null}], natives=null, extract=null, packed='null'}, Library{name='org.lwjgl:lwjgl-stb:3.3.1:natives-windows-arm64', rules=[Rule{action=ALLOW, os=OSRestriction{name=WINDOWS, version='null'}, features=null}], natives=null, extract=null, packed='null'}, Library{name='org.lwjgl:lwjgl-stb:3.3.1:natives-windows-x86', rules=[Rule{action=ALLOW, os=OSRestriction{name=WINDOWS, version='null'}, features=null}], natives=null, extract=null, packed='null'}, Library{name='org.lwjgl:lwjgl-tinyfd:3.3.1', rules=null, natives=null, extract=null, packed='null'}, Library{name='org.lwjgl:lwjgl-tinyfd:3.3.1:natives-linux', rules=[Rule{action=ALLOW, os=OSRestriction{name=LINUX, version='null'}, features=null}], natives=null, extract=null, packed='null'}, Library{name='org.lwjgl:lwjgl-tinyfd:3.3.1:natives-macos', rules=[Rule{action=ALLOW, os=OSRestriction{name=OSX, version='null'}, features=null}], natives=null, extract=null, packed='null'}, Library{name='org.lwjgl:lwjgl-tinyfd:3.3.1:natives-macos-arm64', rules=[Rule{action=ALLOW, os=OSRestriction{name=OSX, version='null'}, features=null}], natives=null, extract=null, packed='null'}, Library{name='org.lwjgl:lwjgl-tinyfd:3.3.1:natives-windows', rules=[Rule{action=ALLOW, os=OSRestriction{name=WINDOWS, version='null'}, features=null}], natives=null, extract=null, packed='null'}, Library{name='org.lwjgl:lwjgl-tinyfd:3.3.1:natives-windows-arm64', rules=[Rule{action=ALLOW, os=OSRestriction{name=WINDOWS, version='null'}, features=null}], natives=null, extract=null, packed='null'}, Library{name='org.lwjgl:lwjgl-tinyfd:3.3.1:natives-windows-x86', rules=[Rule{action=ALLOW, os=OSRestriction{name=WINDOWS, version='null'}, features=null}], natives=null, extract=null, packed='null'}, Library{name='org.lwjgl:lwjgl:3.3.1', rules=null, natives=null, extract=null, packed='null'}, Library{name='org.lwjgl:lwjgl:3.3.1:natives-linux', rules=[Rule{action=ALLOW, os=OSRestriction{name=LINUX, version='null'}, features=null}], natives=null, extract=null, packed='null'}, Library{name='org.lwjgl:lwjgl:3.3.1:natives-macos', rules=[Rule{action=ALLOW, os=OSRestriction{name=OSX, version='null'}, features=null}], natives=null, extract=null, packed='null'}, Library{name='org.lwjgl:lwjgl:3.3.1:natives-macos-arm64', rules=[Rule{action=ALLOW, os=OSRestriction{name=OSX, version='null'}, features=null}], natives=null, extract=null, packed='null'}, Library{name='org.lwjgl:lwjgl:3.3.1:natives-windows', rules=[Rule{action=ALLOW, os=OSRestriction{name=WINDOWS, version='null'}, features=null}], natives=null, extract=null, packed='null'}, Library{name='org.lwjgl:lwjgl:3.3.1:natives-windows-arm64', rules=[Rule{action=ALLOW, os=OSRestriction{name=WINDOWS, version='null'}, features=null}], natives=null, extract=null, packed='null'}, Library{name='org.lwjgl:lwjgl:3.3.1:natives-windows-x86', rules=[Rule{action=ALLOW, os=OSRestriction{name=WINDOWS, version='null'}, features=null}], natives=null, extract=null, packed='null'}, Library{name='org.slf4j:slf4j-api:2.0.1', rules=null, natives=null, extract=null, packed='null'}]},
remote=PartialVersion{id='1.20.1', time=Fri Sep 15 15:40:54 IST 2023, release=Mon Jun 12 18:55:51 IST 2023, type=release, source=OFFICIAL_VERSION_REPO, list=net.minecraft.launcher.updater.OfficialVersionList@5a3ed453}, isInstalled=true, hasRemote=true, isUpToDate=false}
[REPO][EMPTY] Attempt #1; timeout: 30000 ms; url: 
[REPO][EMPTY] Success: Reached the repo in 251 ms.
[GsonUtil]  request to https://res.tlauncher.org/b/jvm/java_configuration.json
[Launcher] Checking conditions...
[Launcher] resourcepacks:Greenfield.Pack.1.20.zip,Halloween-V1.17.zip,redstone.zip,titanic.zip,Water Reflection.zip
[Launcher] Comparing assets...
[AssetsManager] Checking resources...
[AssetsManager] Reading from repository...
[REPO][EMPTY] Attempt #1; timeout: 30000 ms; url: 
[REPO][EMPTY] Success: Reached the repo in 170 ms.
[AssetsManager] Fast comparing: false
[Launcher] finished comparing assets: 66355 ms.
[TLauncherManager] add required libraries: 1.20.1
[VersionManager] Required for version 1.20.1: []
[TLauncherManager] add required libraries: 1.20.1
used default java runtime
Minecraft requires java version: 17, java path: C:\Users\Vicky\AppData\Roaming\.minecraft\runtime\java-runtime-gamma\windows\java-runtime-gamma\bin\javaw.exe
[Downloader2] Files in queue 127
[Downloader2] Starting download 127 files...
[D#3] >  done https://resources.download.minecraft.net/a8/a8176c57834c93d8741572ad52dc7ce9b0439d95 
[D#2] >  done https://resources.download.minecraft.net/de/de57e6590dc095faf14900795cf439eac14706be 
[D#1] >  done https://resources.download.minecraft.net/67/67a774e1d8b783baa7e7e3b30afa6793084b3d43 
[D#3] >  done https://resources.download.minecraft.net/f0/f0ea8386ed2cad5f20522adff3fc2d7cc819de25 
[D#2] >  done https://resources.download.minecraft.net/78/78239dd455e170331c6ccf9072108ab2ee98cc1a 
[D#1] >  done https://resources.download.minecraft.net/e3/e3d07efd499b7045b504b8e1aa35ff762e40d7c6 
[D#3] >  done https://resources.download.minecraft.net/7b/7b6c6d61685d627d3f852d5b11dc7665e6b1773b 
[D#2] >  done https://resources.download.minecraft.net/9d/9d3211f476346b3e9a26fed625452f383fa74b39 
[D#1] >  done https://resources.download.minecraft.net/d8/d827394de6c7a4d20b2f95ca6458b00065c058fb 
[D#3] >  done https://resources.download.minecraft.net/77/77cbabd4c18d2315063ec1172368c4a2788b640e 
[D#2] >  done https://resources.download.minecraft.net/8f/8fd58f896fa6464fa3d907461f28662d09dd565a 
[D#1] >  done https://resources.download.minecraft.net/e1/e1512f0419de25b99b83901ad691ad25128710dd 
[D#2] >  done https://resources.download.minecraft.net/0e/0e384c87ef4fd03554cb8fec3e9aaf0a2bb4c190 
[D#3] >  done https://resources.download.minecraft.net/46/468dda9ef31f01be7e9b15e45f79f8111192a2b2 
[D#1] >  done https://resources.download.minecraft.net/88/88304a9c2b0ddd5277a2e44ac09d6aeb1ed64367 
[D#2] >  done https://resources.download.minecraft.net/4d/4d140fd3443b6b0dcbdc0a3d07764d4ae3a6b740 
[D#3] >  done https://resources.download.minecraft.net/df/dff87bd93091a0bceda70eeb74a44a916b18797f 
[D#1] >  done https://resources.download.minecraft.net/21/21f1cc20754a0f54e1ba3b134e644dd5951660bc 
[D#2] >  done https://resources.download.minecraft.net/89/89ad9ffbec7096c7da483e7e644c3c421562f136 
[D#3] >  done https://resources.download.minecraft.net/97/97b3d8b2556e57bcf20cbd0bdff2c5aacbe76968 
[D#1] >  done https://resources.download.minecraft.net/62/6240dc7d3399a9892537ea9c32cb0b81636623dd 
[D#2] >  done https://resources.download.minecraft.net/fa/fa70e48c7b4bf295143270928a4dff0b39d4c505 
[D#3] >  done https://resources.download.minecraft.net/dc/dc0076d3e5ef71e9f6869e86ad297f59403882de 
[D#1] >  done https://resources.download.minecraft.net/16/16d5fa3fa57eb365ae225b82492db9e9f302acd0 
[D#2] >  done https://resources.download.minecraft.net/93/93119118363f72d0ca6a5eeaeee71e3ba4644f05 
[D#3] >  done https://resources.download.minecraft.net/fc/fc2cb7d282ae18431160454dc502e6aa6c270687 
[D#1] >  done https://resources.download.minecraft.net/dd/ddbef529552b18ddd0cd76617118b544b79b2d66 
[D#3] >  done https://resources.download.minecraft.net/06/0651a24853d3916295ee5523f1a3cee58c12a91a 
[D#2] >  done https://resources.download.minecraft.net/d0/d09ab53375c68a89a4486a7ea25fb17b08704670 
[D#1] >  done https://resources.download.minecraft.net/17/173db3c64a470179b91df1562bcdbfb750d54328 
[D#3] >  done https://resources.download.minecraft.net/a8/a8e2b8839e83d052b25cb05fe5db94f3b7d101f4 
[D#2] >  done https://resources.download.minecraft.net/2c/2c70c03f6afe3eff3c16a77e42da8049b4a7a383 
[D#1] >  done https://resources.download.minecraft.net/88/888a4399566ce0b1721f0a802192a1c0391b0fbb 
[D#3] >  done https://resources.download.minecraft.net/be/be6c25b8e6ff3fd276468b9a597fe0dec0e013be 
[D#2] >  done https://resources.download.minecraft.net/b2/b24461509042b0d5de002bacff275c720e180c07 
[D#3] >  done https://resources.download.minecraft.net/48/486dedc26aa230a543ad63bb125a9d4a6a1212ee 
[D#1] >  done https://resources.download.minecraft.net/9a/9a1a59bad595dcee1d884cbed5acdc57ee29780c 
[D#2] >  done https://resources.download.minecraft.net/5d/5d30967a0143fe833b561a57a0cb92ae01c341bb 
[D#3] >  done https://resources.download.minecraft.net/c0/c054dde05a04b68a25362572eea8d5b4750e0f7e 
[D#1] >  done https://resources.download.minecraft.net/1a/1add99bb0aa847a28ecdd9d4bf89afa2ee7d8262 
[D#1] >  done https://resources.download.minecraft.net/d0/d0fa051cbb8a258b5101afb19d1e750d0cfa41ad 
[D#2] >  done https://resources.download.minecraft.net/c4/c420e8f37c0ea9bea32a8769f5e1d5f402c847a1 
[D#3] >  done https://resources.download.minecraft.net/be/be859270131171e7d1ec77e67256ef5e06f7183e 
[D#1] >  done https://resources.download.minecraft.net/a3/a362fc1a9ef8c8926f4597f7dc67f6e883a58db8 
[D#2] >  done https://resources.download.minecraft.net/55/551c6f3835ce9173df4423a78f329a5442312d5f 
[D#3] >  done https://resources.download.minecraft.net/99/99b5b1c7260393170dac794b2bfee81075fe4987 
[D#1] >  done https://resources.download.minecraft.net/d8/d8dd56951512a5b98e418deb48c888a9c337cf77 
[D#3] >  done https://resources.download.minecraft.net/1d/1d3dde0b162c55bced477b6c29b1bddae132acb7 
[D#2] >  done https://resources.download.minecraft.net/4d/4d2d5cc7a6df9cdb8f4cb94e8ff1b79542843d44 
[D#1] >  done https://resources.download.minecraft.net/d1/d114552ab901ff281fe43d18be94b4b96e56f163 
[D#3] >  done https://resources.download.minecraft.net/52/52bf3d613ece51655fd8b99527ca307acae8fe31 
[D#2] >  done https://resources.download.minecraft.net/af/af143b156f064f2b77158da27673aa066dad8b6f 
[D#3] >  done https://resources.download.minecraft.net/4b/4b553dcc466503fb0b6482c3cb1f1d24e3a996c4 
[D#1] >  done https://resources.download.minecraft.net/8d/8d77ca2139294beb07e2b090c3541db06fb7224e 
[D#2] >  done https://resources.download.minecraft.net/9d/9d9dc93def25bef2e743df3595c936045cc66abf 
[D#1] >  done https://resources.download.minecraft.net/d3/d3a6dccd6ed94087152d9b3db2c64191f5129db4 
[D#3] >  done https://resources.download.minecraft.net/ab/abf448718c3d05fe8461d5aa92dd9a71c1eee639 
[D#2] >  done https://resources.download.minecraft.net/6e/6ed8a7aac2e1ee6f0d15b9d857baf48bf7d5b044 
[D#3] >  done https://resources.download.minecraft.net/f9/f98b15c7f928ff9f2889a477f36243bfdcdbd83f 
[D#1] >  done https://resources.download.minecraft.net/1a/1ac5e6b8be49236204cbf8ecc8bf57e90e431edb 
[D#3] >  done https://resources.download.minecraft.net/01/01a68775088def206ac0cdb9fdb37b2e5ed9f14e 
[D#2] >  done https://resources.download.minecraft.net/a0/a04e4ce492f04ec10deb6ff90313a39020fd7f0a 
[D#3] >  done https://resources.download.minecraft.net/c6/c689b034e924a661b85b92daaca6f030b792dd57 
[D#2] >  done https://resources.download.minecraft.net/53/53454b0ea0ac0c451e165dbcf5a58b0aa9068427 
[D#1] >  done https://resources.download.minecraft.net/da/dab455eaa5cd444507b74ffc921390f696355f98 
[D#3] >  done https://resources.download.minecraft.net/f1/f16cd8dc8fc33272695bb1769926ba3c1b891b82 
[D#1] >  done https://resources.download.minecraft.net/b0/b054cddc795695ed883d673309629354ffd3e5ec 
[D#3] >  done https://resources.download.minecraft.net/ab/ab654ad0ed015ab979efb6bae45b6ce97f2c3592 
[D#2] >  done https://resources.download.minecraft.net/fb/fbc8b79e9195b99075905929945a97940c02572c 
[D#1] >  done https://resources.download.minecraft.net/c3/c3ac995e584dfefb6f120442713a1b3a45e50cd8 
[D#3] >  done https://resources.download.minecraft.net/23/233099c100caf963e330b04d3821b7ccc6159a94 
[D#2] >  done https://resources.download.minecraft.net/26/264378650eed9d3c5d019e61745f89ab91b46aff 
[D#3] >  done https://resources.download.minecraft.net/34/349faf88a87ed870540da2e35a7f104f2e239e0f 
[D#1] >  done https://resources.download.minecraft.net/5e/5e64e189fdebe2aa3c81da1be631273586e8ce38 
[D#2] >  done https://resources.download.minecraft.net/3d/3d3588df3adab6a266bdb669ec425eb56a59a51a 
[D#3] >  done https://resources.download.minecraft.net/f7/f79ae0b3526f6125afea380dd1b23efff106a9d5 
[D#1] >  done https://resources.download.minecraft.net/9c/9c950c91e12913515b8dd8e2c3ca86e7c7fd11f9 
[D#2] >  done https://resources.download.minecraft.net/72/72598d66ac470dbf890fce7363ddc4df627402b6 
[D#3] >  done https://resources.download.minecraft.net/d7/d7be1f003cda5a290d701b0aaa9b02f27818d21b 
[D#2] >  done https://resources.download.minecraft.net/cb/cb4ea39b644a120e0807c99c656ab78c6e4164ca 
[D#1] >  done https://resources.download.minecraft.net/90/9088ae2dce42d2a19c22780814a2d67ff65dfcc5 
[D#3] >  done https://resources.download.minecraft.net/8e/8e386c02b04648b404b369b70327cda38f5c5bea 
[D#2] >  done https://resources.download.minecraft.net/80/80fc989620f618f110f4a648591ca16bce20a22a 
[D#1] >  done https://resources.download.minecraft.net/64/64f10bdb27ce980b8c65ea26b5bd0f1a3bdc0de9 
[D#3] >  done https://resources.download.minecraft.net/c9/c912f48b9ca8a333ef609f1a71e039c6ece82673 
[D#2] >  done https://resources.download.minecraft.net/20/2066800230f7780ed33084c71d18be039f36a0bb 
[D#3] >  done https://resources.download.minecraft.net/25/25ebc674c465dd88108bbbca3b18dc547f502ab8 
[D#2] >  done https://resources.download.minecraft.net/95/95da5ca738fd10fd4eab011a173d430fccaf46b5 
[D#1] >  done https://resources.download.minecraft.net/ca/caf5f053314ea4c2727eea254bfd6e75018dc536 
[D#3] >  done https://resources.download.minecraft.net/ea/ea3e884c83cc3c50ccc34924d4021ded25bdc304 
[D#1] >  done https://resources.download.minecraft.net/fd/fde27bb0e9de03625a2b3b903ae22808ff968f80 
[D#2] >  done https://resources.download.minecraft.net/73/7391fddf62b6fb290eccfe29d214648dfbaf2e5b 
[D#3] >  done https://resources.download.minecraft.net/1e/1e1abc32f458abfccc03801bb4b73b82d8e20dad 
[D#1] >  done https://resources.download.minecraft.net/16/169e41f9b26150406f305955f6e992e65d8dc234 
[D#2] >  done https://resources.download.minecraft.net/2f/2f00651f9aa30aee02c48a323ae5914529601e93 
[D#1] >  done https://resources.download.minecraft.net/64/649019c0ead573e5e0253302a651d0539ab4dd18 
[D#3] >  done https://resources.download.minecraft.net/83/831ef003339657dfe210007937615ec36ebaf881 
[D#2] >  done https://resources.download.minecraft.net/b8/b861f3c83d511ccb710901e7f4f40f807746bdd9 
[D#1] >  done https://resources.download.minecraft.net/bc/bcae30eb1849018716d5052c6d65207d836758ef 
[D#3] >  done https://resources.download.minecraft.net/32/32bda30527361d00a6964d0b321d54753daf635f 
[D#2] >  done https://resources.download.minecraft.net/75/75e3c39d7c01d11af5b36722c59e51daf952fdee 
[D#1] >  done https://resources.download.minecraft.net/61/614fc72e5977f110d2968bfc1bbf61373145a77b 
[D#3] >  done https://resources.download.minecraft.net/c0/c04c53188d771e5a08865bb6cdb4db8102a15318 
[D#1] >  done https://resources.download.minecraft.net/a4/a4e612de4b1a36c7b7934a2d4c2c28f3eccaf13b 
[D#2] >  done https://resources.download.minecraft.net/0a/0a0eb7044e62bbca166557af0c8bab6c6e22a69f 
[D#3] >  done https://resources.download.minecraft.net/71/71ee23d5dd41cb70939ef94d0248be672924dab9 
[D#2] >  done https://resources.download.minecraft.net/26/269a9d1cb66190cf4f420a7b3eeb43fb4dfbc5a6 
[D#1] >  done https://resources.download.minecraft.net/a9/a993d413f0754a3ffc2ceb805828c27329339f39 
[D#2] >  done https://resources.download.minecraft.net/13/13432594430b3c742eb09bbffe4a8e4646e6e366 
[D#3] >  done https://resources.download.minecraft.net/8a/8ad11e238193fb9225629e731b599a5849959e9d 
[D#1] >  done https://resources.download.minecraft.net/eb/eb68d9fe38b6ff3323978422fb6ed762a92bca55 
[D#2] >  done https://resources.download.minecraft.net/82/82bc96e4889f70e003583151aa03f50086c1bf0d 
[D#3] >  done https://resources.download.minecraft.net/7b/7b03f088293689413e8f0a04d175bb6da817d422 
[D#1] >  done https://resources.download.minecraft.net/e3/e31a9a02cdbb1ffb6731ff2ba9c650eb5fed3ffa 
[D#2] >  done https://resources.download.minecraft.net/71/716c4590f2caad5281150631d2db0edb252f7f89 
[D#3] >  done https://resources.download.minecraft.net/ed/ed8a5d4dfbbe8424cde80f90b522052cc865070a 
[D#1] >  done https://resources.download.minecraft.net/0b/0bea07d8ddf1e491a889dd50a53c6e5a357c1775 
[D#3] >  done https://resources.download.minecraft.net/cb/cb07ee7c12785b447c5076837e7d5369d8fc0e82 
[D#2] >  done https://resources.download.minecraft.net/ee/ee338e102abb86806be0124b8b17047d5af7c085 
[D#1] >  done https://resources.download.minecraft.net/9e/9ebc934099906254ef29fdbd9ea155b6f525c2b1 
[D#1] >  done https://resources.download.minecraft.net/50/505b1bcebe4d65124b6e3362cc8136f4b2e447e3 
[D#2] >  done https://resources.download.minecraft.net/67/67a16f406db4dffaefbc2fd11cf12f06327efad8 
[D#1] >  done https://resources.download.minecraft.net/3e/3e81af928c04e205a406a50335a7f8d49366290a 
[D#2] >  done https://resources.download.minecraft.net/e6/e6c0bc0ce429ce5746403e1818214d667b94b5a8 
[D#2] >  done https://resources.download.minecraft.net/6a/6a20fb0f0be7b798b644ead1714bce55fc84f2b2 
[D#1] >  done https://resources.download.minecraft.net/14/1445f0a53dd2e064b996b80adbe325e4dd72d353 
[D#1] >  done https://resources.download.minecraft.net/29/2933e798180da71ff4ecbf32950cdb0d7df5db33 
library will be replaced: com.mojang:authlib:4.0.43 -> org.tlauncher:authlib:4.0.43.1
library will be replaced: com.mojang:patchy:2.2.10 -> org.tlauncher:patchy:2.2.10
[TLauncherManager] library will be added as required: io.github.classgraph:classgraph:4.8.110
[TLauncherManager] library will be added as required: org.ow2.asm:asm:9.1
[TLauncherManager] library will be added as required: org.ow2.asm:asm-commons:9.1
[TLauncherManager] library will be added as required: org.ow2.asm:asm-tree:9.1
[TLauncherManager] library will be added: org.tlauncher:tl_skin_cape_1.20_1.20.1:1.32
[Launcher] Unpacking natives...
[Launcher] Constructing process...
[Launcher] Constructing classpath...
backup world is active: true
backup world: Pretty icy
backup world finished: Pretty icy
Deleted world: C:\Users\Vicky\AppData\Roaming\.minecraft\backup\saves\saves\Android World\Android World_2023-08-31T18_57_09.zip
[Launcher] Getting Minecraft arguments...
[Launcher] Full command: C:\Users\Vicky\AppData\Roaming\.minecraft\runtime\java-runtime-gamma\windows\java-runtime-gamma\bin\javaw.exe -Dos.name=Windows 10 -Dos.version=10.0 -XX:HeapDumpPath=MojangTricksIntelDriversForPerformance_javaw.exe_minecraft.exe.heapdump -Xss1M -Djava.library.path=C:\Users\Vicky\AppData\Roaming\.minecraft\versions\1.20.1\natives -Djna.tmpdir=C:\Users\Vicky\AppData\Roaming\.minecraft\versions\1.20.1\natives -Dorg.lwjgl.system.SharedLibraryExtractPath=C:\Users\Vicky\AppData\Roaming\.minecraft\versions\1.20.1\natives -Dio.netty.native.workdir=C:\Users\Vicky\AppData\Roaming\.minecraft\versions\1.20.1\natives -Dminecraft.launcher.brand=minecraft-launcher -Dminecraft.launcher.version=2.3.173 -cp C:\Users\Vicky\AppData\Roaming\.minecraft\libraries\org\tlauncher\tl_skin_cape_1.20_1.20.1\1.32\tl_skin_cape_1.20_1.20.1-1.32.jar;C:\Users\Vicky\AppData\Roaming\.minecraft\libraries\org\ow2\asm\asm-tree\9.1\asm-tree-9.1.jar;C:\Users\Vicky\AppData\Roaming\.minecraft\libraries\org\ow2\asm\asm-commons\9.1\asm-commons-9.1.jar;C:\Users\Vicky\AppData\Roaming\.minecraft\libraries\org\ow2\asm\asm\9.1\asm-9.1.jar;C:\Users\Vicky\AppData\Roaming\.minecraft\libraries\io\github\classgraph\classgraph\4.8.110\classgraph-4.8.110.jar;C:\Users\Vicky\AppData\Roaming\.minecraft\libraries\com\github\oshi\oshi-core\6.2.2\oshi-core-6.2.2.jar;C:\Users\Vicky\AppData\Roaming\.minecraft\libraries\com\google\code\gson\gson\2.10\gson-2.10.jar;C:\Users\Vicky\AppData\Roaming\.minecraft\libraries\com\google\guava\failureaccess\1.0.1\failureaccess-1.0.1.jar;C:\Users\Vicky\AppData\Roaming\.minecraft\libraries\com\google\guava\guava\31.1-jre\guava-31.1-jre.jar;C:\Users\Vicky\AppData\Roaming\.minecraft\libraries\com\ibm\icu\icu4j\71.1\icu4j-71.1.jar;C:\Users\Vicky\AppData\Roaming\.minecraft\libraries\org\tlauncher\authlib\4.0.43.1\authlib-4.0.43.1.jar;C:\Users\Vicky\AppData\Roaming\.minecraft\libraries\com\mojang\blocklist\1.0.10\blocklist-1.0.10.jar;C:\Users\Vicky\AppData\Roaming\.minecraft\libraries\com\mojang\brigadier\1.1.8\brigadier-1.1.8.jar;C:\Users\Vicky\AppData\Roaming\.minecraft\libraries\com\mojang\datafixerupper\6.0.8\datafixerupper-6.0.8.jar;C:\Users\Vicky\AppData\Roaming\.minecraft\libraries\com\mojang\logging\1.1.1\logging-1.1.1.jar;C:\Users\Vicky\AppData\Roaming\.minecraft\libraries\org\tlauncher\patchy\2.2.10\patchy-2.2.10.jar;C:\Users\Vicky\AppData\Roaming\.minecraft\libraries\com\mojang\text2speech\1.17.9\text2speech-1.17.9.jar;C:\Users\Vicky\AppData\Roaming\.minecraft\libraries\commons-codec\commons-codec\1.15\commons-codec-1.15.jar;C:\Users\Vicky\AppData\Roaming\.minecraft\libraries\commons-io\commons-io\2.11.0\commons-io-2.11.0.jar;C:\Users\Vicky\AppData\Roaming\.minecraft\libraries\commons-logging\commons-logging\1.2\commons-logging-1.2.jar;C:\Users\Vicky\AppData\Roaming\.minecraft\libraries\io\netty\netty-buffer\4.1.82.Final\netty-buffer-4.1.82.Final.jar;C:\Users\Vicky\AppData\Roaming\.minecraft\libraries\io\netty\netty-codec\4.1.82.Final\netty-codec-4.1.82.Final.jar;C:\Users\Vicky\AppData\Roaming\.minecraft\libraries\io\netty\netty-common\4.1.82.Final\netty-common-4.1.82.Final.jar;C:\Users\Vicky\AppData\Roaming\.minecraft\libraries\io\netty\netty-handler\4.1.82.Final\netty-handler-4.1.82.Final.jar;C:\Users\Vicky\AppData\Roaming\.minecraft\libraries\io\netty\netty-resolver\4.1.82.Final\netty-resolver-4.1.82.Final.jar;C:\Users\Vicky\AppData\Roaming\.minecraft\libraries\io\netty\netty-transport-classes-epoll\4.1.82.Final\netty-transport-classes-epoll-4.1.82.Final.jar;C:\Users\Vicky\AppData\Roaming\.minecraft\libraries\io\netty\netty-transport-native-unix-common\4.1.82.Final\netty-transport-native-unix-common-4.1.82.Final.jar;C:\Users\Vicky\AppData\Roaming\.minecraft\libraries\io\netty\netty-transport\4.1.82.Final\netty-transport-4.1.82.Final.jar;C:\Users\Vicky\AppData\Roaming\.minecraft\libraries\it\unimi\dsi\fastutil\8.5.9\fastutil-8.5.9.jar;C:\Users\Vicky\AppData\Roaming\.minecraft\libraries\net\java\dev\jna\jna-platform\5.12.1\jna-platform-5.12.1.jar;C:\Users\Vicky\AppData\Roaming\.minecraft\libraries\net\java\dev\jna\jna\5.12.1\jna-5.12.1.jar;C:\Users\Vicky\AppData\Roaming\.minecraft\libraries\net\sf\jopt-simple\jopt-simple\5.0.4\jopt-simple-5.0.4.jar;C:\Users\Vicky\AppData\Roaming\.minecraft\libraries\org\apache\commons\commons-compress\1.21\commons-compress-1.21.jar;C:\Users\Vicky\AppData\Roaming\.minecraft\libraries\org\apache\commons\commons-lang3\3.12.0\commons-lang3-3.12.0.jar;C:\Users\Vicky\AppData\Roaming\.minecraft\libraries\org\apache\httpcomponents\httpclient\4.5.13\httpclient-4.5.13.jar;C:\Users\Vicky\AppData\Roaming\.minecraft\libraries\org\apache\httpcomponents\httpcore\4.4.15\httpcore-4.4.15.jar;C:\Users\Vicky\AppData\Roaming\.minecraft\libraries\org\apache\logging\log4j\log4j-api\2.19.0\log4j-api-2.19.0.jar;C:\Users\Vicky\AppData\Roaming\.minecraft\libraries\org\apache\logging\log4j\log4j-core\2.19.0\log4j-core-2.19.0.jar;C:\Users\Vicky\AppData\Roaming\.minecraft\libraries\org\apache\logging\log4j\log4j-slf4j2-impl\2.19.0\log4j-slf4j2-impl-2.19.0.jar;C:\Users\Vicky\AppData\Roaming\.minecraft\libraries\org\joml\joml\1.10.5\joml-1.10.5.jar;C:\Users\Vicky\AppData\Roaming\.minecraft\libraries\org\lwjgl\lwjgl-glfw\3.3.1\lwjgl-glfw-3.3.1.jar;C:\Users\Vicky\AppData\Roaming\.minecraft\libraries\org\lwjgl\lwjgl-glfw\3.3.1\lwjgl-glfw-3.3.1-natives-windows.jar;C:\Users\Vicky\AppData\Roaming\.minecraft\libraries\org\lwjgl\lwjgl-glfw\3.3.1\lwjgl-glfw-3.3.1-natives-windows-arm64.jar;C:\Users\Vicky\AppData\Roaming\.minecraft\libraries\org\lwjgl\lwjgl-glfw\3.3.1\lwjgl-glfw-3.3.1-natives-windows-x86.jar;C:\Users\Vicky\AppData\Roaming\.minecraft\libraries\org\lwjgl\lwjgl-jemalloc\3.3.1\lwjgl-jemalloc-3.3.1.jar;C:\Users\Vicky\AppData\Roaming\.minecraft\libraries\org\lwjgl\lwjgl-jemalloc\3.3.1\lwjgl-jemalloc-3.3.1-natives-windows.jar;C:\Users\Vicky\AppData\Roaming\.minecraft\libraries\org\lwjgl\lwjgl-jemalloc\3.3.1\lwjgl-jemalloc-3.3.1-natives-windows-arm64.jar;C:\Users\Vicky\AppData\Roaming\.minecraft\libraries\org\lwjgl\lwjgl-jemalloc\3.3.1\lwjgl-jemalloc-3.3.1-natives-windows-x86.jar;C:\Users\Vicky\AppData\Roaming\.minecraft\libraries\org\lwjgl\lwjgl-openal\3.3.1\lwjgl-openal-3.3.1.jar;C:\Users\Vicky\AppData\Roaming\.minecraft\libraries\org\lwjgl\lwjgl-openal\3.3.1\lwjgl-openal-3.3.1-natives-windows.jar;C:\Users\Vicky\AppData\Roaming\.minecraft\libraries\org\lwjgl\lwjgl-openal\3.3.1\lwjgl-openal-3.3.1-natives-windows-arm64.jar;C:\Users\Vicky\AppData\Roaming\.minecraft\libraries\org\lwjgl\lwjgl-openal\3.3.1\lwjgl-openal-3.3.1-natives-windows-x86.jar;C:\Users\Vicky\AppData\Roaming\.minecraft\libraries\org\lwjgl\lwjgl-opengl\3.3.1\lwjgl-opengl-3.3.1.jar;C:\Users\Vicky\AppData\Roaming\.minecraft\libraries\org\lwjgl\lwjgl-opengl\3.3.1\lwjgl-opengl-3.3.1-natives-windows.jar;C:\Users\Vicky\AppData\Roaming\.minecraft\libraries\org\lwjgl\lwjgl-opengl\3.3.1\lwjgl-opengl-3.3.1-natives-windows-arm64.jar;C:\Users\Vicky\AppData\Roaming\.minecraft\libraries\org\lwjgl\lwjgl-opengl\3.3.1\lwjgl-opengl-3.3.1-natives-windows-x86.jar;C:\Users\Vicky\AppData\Roaming\.minecraft\libraries\org\lwjgl\lwjgl-stb\3.3.1\lwjgl-stb-3.3.1.jar;C:\Users\Vicky\AppData\Roaming\.minecraft\libraries\org\lwjgl\lwjgl-stb\3.3.1\lwjgl-stb-3.3.1-natives-windows.jar;C:\Users\Vicky\AppData\Roaming\.minecraft\libraries\org\lwjgl\lwjgl-stb\3.3.1\lwjgl-stb-3.3.1-natives-windows-arm64.jar;C:\Users\Vicky\AppData\Roaming\.minecraft\libraries\org\lwjgl\lwjgl-stb\3.3.1\lwjgl-stb-3.3.1-natives-windows-x86.jar;C:\Users\Vicky\AppData\Roaming\.minecraft\libraries\org\lwjgl\lwjgl-tinyfd\3.3.1\lwjgl-tinyfd-3.3.1.jar;C:\Users\Vicky\AppData\Roaming\.minecraft\libraries\org\lwjgl\lwjgl-tinyfd\3.3.1\lwjgl-tinyfd-3.3.1-natives-windows.jar;C:\Users\Vicky\AppData\Roaming\.minecraft\libraries\org\lwjgl\lwjgl-tinyfd\3.3.1\lwjgl-tinyfd-3.3.1-natives-windows-arm64.jar;C:\Users\Vicky\AppData\Roaming\.minecraft\libraries\org\lwjgl\lwjgl-tinyfd\3.3.1\lwjgl-tinyfd-3.3.1-natives-windows-x86.jar;C:\Users\Vicky\AppData\Roaming\.minecraft\libraries\org\lwjgl\lwjgl\3.3.1\lwjgl-3.3.1.jar;C:\Users\Vicky\AppData\Roaming\.minecraft\libraries\org\lwjgl\lwjgl\3.3.1\lwjgl-3.3.1-natives-windows.jar;C:\Users\Vicky\AppData\Roaming\.minecraft\libraries\org\lwjgl\lwjgl\3.3.1\lwjgl-3.3.1-natives-windows-arm64.jar;C:\Users\Vicky\AppData\Roaming\.minecraft\libraries\org\lwjgl\lwjgl\3.3.1\lwjgl-3.3.1-natives-windows-x86.jar;C:\Users\Vicky\AppData\Roaming\.minecraft\libraries\org\slf4j\slf4j-api\2.0.1\slf4j-api-2.0.1.jar;C:\Users\Vicky\AppData\Roaming\.minecraft\versions\1.20.1\1.20.1.jar --add-exports jdk.naming.dns/com.sun.jndi.dns=java.naming -Xmx3000M -XX:+UnlockExperimentalVMOptions -XX:+UseG1GC -XX:G1NewSizePercent=20 -XX:G1ReservePercent=20 -XX:MaxGCPauseMillis=50 -XX:G1HeapRegionSize=32M -Dfml.ignoreInvalidMinecraftCertificates=true -Dfml.ignorePatchDiscrepancies=true -Djava.net.preferIPv4Stack=true -Dminecraft.applet.TargetDirectory=C:\Users\Vicky\AppData\Roaming\.minecraft -Dlog4j.configurationFile=C:\Users\Vicky\AppData\Roaming\.minecraft\assets\log_configs\client-1.12.xml net.minecraft.launchwrapper.Launch --username Vicky --version 1.20.1 --gameDir C:\Users\Vicky\AppData\Roaming\.minecraft --assetsDir C:\Users\Vicky\AppData\Roaming\.minecraft\assets --assetIndex 5 --uuid 91d519811e5844279199ef1e67a09b70 --accessToken null --clientId null --xuid null --userType mojang --versionType release --width 925 --height 530 --tweakClass org.tlauncher.tweaker.Tweaker
[Launcher] Launching Minecraft...
I'm hiding!
[TLauncherManager] mods after 
[InnerMinecraftServersImpl]  search changers of the servers
read servers from servers.dat [Server(name=Minecraft Server, address=top.twerion.net, ip=top.twerion.net, port=null, hideAddress=false, acceptTextures=0), Server(name=Minecraft Server, address=play.ragnarockmc.in, ip=play.ragnarockmc.in, port=null, hideAddress=false, acceptTextures=0), Server(name=Minecraft Server, address=bwhub.net, ip=bwhub.net, port=null, hideAddress=false, acceptTextures=0), Server(name=Minecraft Server, address=as.azerithmc.com, ip=as.azerithmc.com, port=null, hideAddress=false, acceptTextures=0), Server(name=Minecraft Server, address=play.endermc.fun, ip=play.endermc.fun, port=null, hideAddress=false, acceptTextures=0), Server(name=Minecraft Server, address=jenominers.de, ip=jenominers.de, port=null, hideAddress=false, acceptTextures=0), Server(name=Minecraft Server, address=play.fourleafsea.xyz, ip=play.fourleafsea.xyz, port=null, hideAddress=false, acceptTextures=0), Server(name=Minecraft Server, address=play.wondercraft.fun, ip=play.wondercraft.fun, port=null, hideAddress=false, acceptTextures=0), Server(name=Minecraft Server, address=play.exoticnetwork.in, ip=play.exoticnetwork.in, port=null, hideAddress=false, acceptTextures=0), Server(name=Minecraft Server, address=play.minetop.fun, ip=play.minetop.fun, port=null, hideAddress=false, acceptTextures=0), Server(name=Minecraft Server, address=tms.chickencraft.nl, ip=tms.chickencraft.nl, port=null, hideAddress=false, acceptTextures=0), Server(name=Minecraft Server, address=nationsglory.com, ip=nationsglory.com, port=null, hideAddress=false, acceptTextures=0), Server(name=Minecraft Server, address=top.ultimis.net, ip=top.ultimis.net, port=null, hideAddress=false, acceptTextures=0), Server(name=Minecraft Server, address=herobrine.org, ip=herobrine.org, port=null, hideAddress=false, acceptTextures=0), Server(name=Minecraft Server, address=armamc.com, ip=armamc.com, port=null, hideAddress=false, acceptTextures=0), Server(name=Minecraft Server, address=127.0.0.1, ip=127.0.0.1, port=null, hideAddress=false, acceptTextures=0)]
[InnerMinecraftServersImpl]  prepare inner servers
save servers to servers.dat
[Launcher] Game skin type: TLAUNCHER
[Launcher] Starting Minecraft 1.20.1...
[Launcher] Launching in: C:\Users\Vicky\AppData\Roaming\.minecraft
Starting garbage collector: 212 / 409 MB
Garbage collector completed: 46 / 429 MB
[Launcher] Processing post-launch actions. Assist launch: true
===============================================================================================
[15:22:56] [main/INFO]: Loading tweak class name org.tlauncher.tweaker.Tweaker
[15:22:63] [main/INFO]: Using primary tweak class name org.tlauncher.tweaker.Tweaker
[15:22:63] [main/INFO]: Calling tweak class org.tlauncher.tweaker.Tweaker
Log Path: C:\Users\Vicky\AppData\Roaming\.minecraft\.\tlLoader\Tweaker.log
[main INFO] Using Tweaker
[main INFO] Tweaker: acceptOptions
[main INFO] Tweaker: injectIntoClassLoader
[Injection] Injection Class Transformer started
[TLSkinCape] Current TLSkinCape version is 1.32
[TLSkinCape] Current Minecraft version is 1.20.
[main INFO] Loaded as a library.
[Injection] Injection into euw ended successfully with 1 injections.
[Injection] Injection into fiv ended successfully with 1 injections.
2023-09-18 15:23:00,238 main WARN Error parsing URI C:\Users\Vicky\AppData\Roaming\.minecraft\assets\log_configs\client-1.12.xml
[main INFO] Tweaker: getLaunchArguments
[main INFO] Tweaker: getLaunchTarget
[Injection] Injection into net.minecraft.client.main.Main ended successfully with 1 injections.
[15:23:10] [main/INFO]: Launching wrapped minecraft [net.minecraft.client.main.Main]
[Injection] Injection into enn ended successfully with 1 injections.
[15:23:64] [Datafixer Bootstrap/INFO]: 188 Datafixer optimizations took 1556 milliseconds
[15:23:94] [Render thread/INFO]: Environment: authHost='https://authserver.mojang.com', accountsHost='https://api.mojang.com', sessionHost='https://sessionserver.mojang.com', servicesHost='https://api.minecraftservices.com', name='PROD'
[15:23:65] [Render thread/ERROR]: Failed to verify authentication
com.mojang.authlib.exceptions.InvalidCredentialsException: Status: 401
	at com.mojang.authlib.exceptions.MinecraftClientHttpException.toAuthenticationException(MinecraftClientHttpException.java:56)
	at com.mojang.authlib.yggdrasil.YggdrasilUserApiService.fetchProperties(YggdrasilUserApiService.java:147)
	at com.mojang.authlib.yggdrasil.YggdrasilUserApiService.<init>(YggdrasilUserApiService.java:63)
	at com.mojang.authlib.yggdrasil.YggdrasilAuthenticationService.createUserApiService(YggdrasilAuthenticationService.java:124)
	at enn.a(SourceFile:733)
	at enn.<init>(SourceFile:442)
	at net.minecraft.client.main.Main.main(SourceFile:211)
	at java.base/jdk.internal.reflect.NativeMethodAccessorImpl.invoke0(Native Method)
	at java.base/jdk.internal.reflect.NativeMethodAccessorImpl.invoke(NativeMethodAccessorImpl.java:77)
	at java.base/jdk.internal.reflect.DelegatingMethodAccessorImpl.invoke(DelegatingMethodAccessorImpl.java:43)
	at java.base/java.lang.reflect.Method.invoke(Method.java:568)
	at net.minecraft.launchwrapper.Launch.launch(Launch.java:136)
	at net.minecraft.launchwrapper.Launch.main(Launch.java:31)
Caused by: MinecraftClientHttpException[type=HTTP_ERROR, status=401, response=ErrorResponse[path='/player/attributes', error='null', details=null, errorMessage='null']]
	at com.mojang.authlib.minecraft.client.MinecraftClient.readInputStream(MinecraftClient.java:85)
	at com.mojang.authlib.minecraft.client.MinecraftClient.get(MinecraftClient.java:48)
	at com.mojang.authlib.yggdrasil.YggdrasilUserApiService.fetchProperties(YggdrasilUserApiService.java:122)
	... 11 more

[15:23:80] [Render thread/INFO]: Setting user: Vicky
[15:23:43] [Render thread/INFO]: Backend library: LWJGL version 3.3.1 build 7
[15:23:15] [Render thread/WARN]: Missing metadata in pack file/Halloween-V1.17.zip
[15:23:08] [Render thread/INFO]: Reloading ResourceManager: vanilla, file/redstone.zip
[15:23:91] [Realms Notification Availability checker #1/INFO]: Could not authorize you against Realms server: Invalid session id
[15:23:93] [Worker-Main-2/INFO]: Found unifont_all_no_pua-15.0.06.hex, loading
[15:23:62] [Worker-Main-5/WARN]: Missing textures in model minecraft:hopper#enabled=false,facing=east:
    minecraft:textures/atlas/blocks.png:minecraft:break/hopper
[15:23:63] [Worker-Main-5/WARN]: Missing textures in model minecraft:hopper#enabled=false,facing=north:
    minecraft:textures/atlas/blocks.png:minecraft:break/hopper
[15:23:63] [Worker-Main-5/WARN]: Missing textures in model minecraft:hopper#enabled=true,facing=south:
    minecraft:textures/atlas/blocks.png:minecraft:break/hopper
[15:23:63] [Worker-Main-5/WARN]: Missing textures in model minecraft:hopper#enabled=true,facing=down:
    minecraft:textures/atlas/blocks.png:minecraft:break/hopper
[15:23:63] [Worker-Main-5/WARN]: Missing textures in model minecraft:hopper#enabled=true,facing=west:
    minecraft:textures/atlas/blocks.png:minecraft:break/hopper
[15:23:06] [Render thread/WARN]: Missing sound for event: minecraft:item.goat_horn.play
[15:23:07] [Render thread/WARN]: Missing sound for event: minecraft:entity.goat.screaming.horn_break
[15:23:20] [Render thread/INFO]: OpenAL initialized on device OpenAL Soft on Headphones (Airdopes 141)
[15:23:21] [Render thread/INFO]: Sound engine started
[15:23:79] [Render thread/INFO]: Created: 1024x512x4 minecraft:textures/atlas/blocks.png-atlas
[15:23:84] [Render thread/INFO]: Created: 256x256x4 minecraft:textures/atlas/signs.png-atlas
[15:23:86] [Render thread/INFO]: Created: 512x512x4 minecraft:textures/atlas/banner_patterns.png-atlas
[15:23:87] [Render thread/INFO]: Created: 512x512x4 minecraft:textures/atlas/shield_patterns.png-atlas
[15:23:88] [Render thread/INFO]: Created: 1024x1024x4 minecraft:textures/atlas/armor_trims.png-atlas
[15:23:89] [Render thread/INFO]: Created: 128x64x4 minecraft:textures/atlas/decorated_pot.png-atlas
[15:23:90] [Render thread/INFO]: Created: 256x256x4 minecraft:textures/atlas/chest.png-atlas
[15:23:90] [Render thread/INFO]: Created: 512x256x4 minecraft:textures/atlas/beds.png-atlas
[15:23:91] [Render thread/INFO]: Created: 512x256x4 minecraft:textures/atlas/shulker_boxes.png-atlas
[Injection] Injection into fck ended successfully with 1 injections.
[15:23:96] [Render thread/WARN]: Shader rendertype_entity_translucent_emissive could not find sampler named Sampler2 in the specified shader program.
[15:23:19] [Render thread/INFO]: Created: 256x256x0 minecraft:textures/atlas/particles.png-atlas
[15:23:20] [Render thread/INFO]: Created: 256x256x0 minecraft:textures/atlas/paintings.png-atlas
[15:23:20] [Render thread/INFO]: Created: 128x128x0 minecraft:textures/atlas/mob_effects.png-atlas
[15:24:60] [Worker-Main-2/ERROR]: Exception reading C:\Users\Vicky\AppData\Roaming\.minecraft\saves\Android World\level.dat
java.util.zip.ZipException: Not in GZIP format
	at java.base/java.util.zip.GZIPInputStream.readHeader(GZIPInputStream.java:165)
	at java.base/java.util.zip.GZIPInputStream.<init>(GZIPInputStream.java:79)
	at java.base/java.util.zip.GZIPInputStream.<init>(GZIPInputStream.java:91)
	at rb.b(SourceFile:31)
	at rb.a(SourceFile:47)
	at rb.a(SourceFile:42)
	at dyy.c(SourceFile:340)
	at dyy.a(SourceFile:297)
	at dyy.a(SourceFile:234)
	at dyy.a(SourceFile:195)
	at java.base/java.util.concurrent.CompletableFuture$AsyncSupply.run(CompletableFuture.java:1768)
	at java.base/java.util.concurrent.CompletableFuture$AsyncSupply.exec(CompletableFuture.java:1760)
	at java.base/java.util.concurrent.ForkJoinTask.doExec(ForkJoinTask.java:373)
	at java.base/java.util.concurrent.ForkJoinPool$WorkQueue.topLevelExec(ForkJoinPool.java:1182)
	at java.base/java.util.concurrent.ForkJoinPool.scan(ForkJoinPool.java:1655)
	at java.base/java.util.concurrent.ForkJoinPool.runWorker(ForkJoinPool.java:1622)
	at java.base/java.util.concurrent.ForkJoinWorkerThread.run(ForkJoinWorkerThread.java:165)

[15:24:63] [Worker-Main-2/ERROR]: Exception reading C:\Users\Vicky\AppData\Roaming\.minecraft\saves\Android World\level.dat_old
java.util.zip.ZipException: Not in GZIP format
	at java.base/java.util.zip.GZIPInputStream.readHeader(GZIPInputStream.java:165)
	at java.base/java.util.zip.GZIPInputStream.<init>(GZIPInputStream.java:79)
	at java.base/java.util.zip.GZIPInputStream.<init>(GZIPInputStream.java:91)
	at rb.b(SourceFile:31)
	at rb.a(SourceFile:47)
	at rb.a(SourceFile:42)
	at dyy.c(SourceFile:340)
	at dyy.a(SourceFile:297)
	at dyy.a(SourceFile:242)
	at dyy.a(SourceFile:195)
	at java.base/java.util.concurrent.CompletableFuture$AsyncSupply.run(CompletableFuture.java:1768)
	at java.base/java.util.concurrent.CompletableFuture$AsyncSupply.exec(CompletableFuture.java:1760)
	at java.base/java.util.concurrent.ForkJoinTask.doExec(ForkJoinTask.java:373)
	at java.base/java.util.concurrent.ForkJoinPool$WorkQueue.topLevelExec(ForkJoinPool.java:1182)
	at java.base/java.util.concurrent.ForkJoinPool.scan(ForkJoinPool.java:1655)
	at java.base/java.util.concurrent.ForkJoinPool.runWorker(ForkJoinPool.java:1622)
	at java.base/java.util.concurrent.ForkJoinWorkerThread.run(ForkJoinWorkerThread.java:165)

[15:24:57] [Render thread/INFO]: Loaded 7 recipes
[15:24:98] [Render thread/INFO]: Loaded 1271 advancements
[15:24:76] [Server thread/INFO]: Starting integrated minecraft server version 1.20.1
[15:24:76] [Server thread/INFO]: Generating keypair
[15:24:89] [Server thread/INFO]: Preparing start region for dimension minecraft:overworld
[15:24:82] [Render thread/INFO]: Preparing spawn area: 0%
[15:24:82] [Render thread/INFO]: Preparing spawn area: 0%
[15:24:82] [Render thread/INFO]: Preparing spawn area: 0%
[15:24:82] [Render thread/INFO]: Preparing spawn area: 0%
[15:24:82] [Render thread/INFO]: Preparing spawn area: 0%
[15:24:82] [Render thread/INFO]: Preparing spawn area: 0%
[15:24:93] [Render thread/INFO]: Preparing spawn area: 0%
[15:25:51] [Render thread/INFO]: Preparing spawn area: 0%
[15:25:94] [Render thread/INFO]: Preparing spawn area: 0%
[15:25:44] [Render thread/INFO]: Preparing spawn area: 0%
[15:25:95] [Render thread/INFO]: Preparing spawn area: 0%
[15:25:44] [Render thread/INFO]: Preparing spawn area: 0%
[15:25:92] [Render thread/INFO]: Preparing spawn area: 0%
[15:25:48] [Render thread/INFO]: Preparing spawn area: 1%
[15:25:95] [Render thread/INFO]: Preparing spawn area: 1%
[15:25:55] [Render thread/INFO]: Preparing spawn area: 2%
[15:25:95] [Render thread/INFO]: Preparing spawn area: 2%
[15:25:42] [Render thread/INFO]: Preparing spawn area: 2%
[15:25:93] [Render thread/INFO]: Preparing spawn area: 3%
[15:25:42] [Render thread/INFO]: Preparing spawn area: 3%
[15:25:92] [Render thread/INFO]: Preparing spawn area: 4%
[15:25:42] [Render thread/INFO]: Preparing spawn area: 4%
[15:25:96] [Render thread/INFO]: Preparing spawn area: 5%
[15:25:42] [Render thread/INFO]: Preparing spawn area: 5%
[15:25:92] [Render thread/INFO]: Preparing spawn area: 6%
[15:25:42] [Render thread/INFO]: Preparing spawn area: 6%
[15:25:92] [Render thread/INFO]: Preparing spawn area: 6%
[15:25:42] [Render thread/INFO]: Preparing spawn area: 6%
[15:25:47] [Render thread/INFO]: Preparing spawn area: 7%
[15:25:47] [Render thread/INFO]: Preparing spawn area: 7%
[15:25:47] [Render thread/INFO]: Preparing spawn area: 7%
[15:25:47] [Render thread/INFO]: Preparing spawn area: 7%
[15:25:47] [Render thread/INFO]: Preparing spawn area: 8%
[15:25:47] [Render thread/INFO]: Preparing spawn area: 8%
[15:25:47] [Render thread/INFO]: Preparing spawn area: 8%
[15:25:47] [Render thread/INFO]: Preparing spawn area: 8%
[15:25:47] [Render thread/INFO]: Preparing spawn area: 8%
[15:25:47] [Render thread/INFO]: Preparing spawn area: 8%
[15:25:93] [Render thread/INFO]: Preparing spawn area: 8%
[15:25:43] [Render thread/INFO]: Preparing spawn area: 9%
[15:25:94] [Render thread/INFO]: Preparing spawn area: 9%
[15:25:44] [Render thread/INFO]: Preparing spawn area: 10%
[15:25:97] [Render thread/INFO]: Preparing spawn area: 11%
[15:25:47] [Render thread/INFO]: Preparing spawn area: 11%
[15:25:94] [Render thread/INFO]: Preparing spawn area: 12%
[15:25:42] [Render thread/INFO]: Preparing spawn area: 13%
[15:25:95] [Render thread/INFO]: Preparing spawn area: 14%
[15:25:45] [Render thread/INFO]: Preparing spawn area: 14%
[15:25:92] [Render thread/INFO]: Preparing spawn area: 15%
[15:25:45] [Render thread/INFO]: Preparing spawn area: 15%
[15:25:18] [Render thread/INFO]: Preparing spawn area: 15%
[15:25:48] [Render thread/INFO]: Preparing spawn area: 15%
[15:25:03] [Render thread/INFO]: Preparing spawn area: 15%
[15:25:43] [Render thread/INFO]: Preparing spawn area: 16%
[15:25:93] [Render thread/INFO]: Preparing spawn area: 17%
[15:25:43] [Render thread/INFO]: Preparing spawn area: 18%
[15:25:94] [Render thread/INFO]: Preparing spawn area: 18%
[15:25:46] [Render thread/INFO]: Preparing spawn area: 19%
[15:25:95] [Render thread/INFO]: Preparing spawn area: 19%
[15:25:49] [Render thread/INFO]: Preparing spawn area: 21%
[15:25:92] [Render thread/INFO]: Preparing spawn area: 21%
[15:25:53] [Render thread/INFO]: Preparing spawn area: 22%
[15:25:93] [Render thread/INFO]: Preparing spawn area: 23%
[15:25:43] [Render thread/INFO]: Preparing spawn area: 24%
[15:25:93] [Render thread/INFO]: Preparing spawn area: 24%
[15:25:47] [Render thread/INFO]: Preparing spawn area: 25%
[15:25:94] [Render thread/INFO]: Preparing spawn area: 25%
[15:25:44] [Render thread/INFO]: Preparing spawn area: 26%
[15:25:94] [Render thread/INFO]: Preparing spawn area: 27%
[15:25:42] [Render thread/INFO]: Preparing spawn area: 28%
[15:25:92] [Render thread/INFO]: Preparing spawn area: 30%
[15:25:60] [Render thread/INFO]: Preparing spawn area: 31%
[15:25:93] [Render thread/INFO]: Preparing spawn area: 31%
[15:25:47] [Render thread/INFO]: Preparing spawn area: 32%
[15:25:93] [Render thread/INFO]: Preparing spawn area: 32%
[15:25:43] [Render thread/INFO]: Preparing spawn area: 33%
[15:25:94] [Render thread/INFO]: Preparing spawn area: 34%
[15:25:51] [Render thread/INFO]: Preparing spawn area: 35%
[15:25:94] [Render thread/INFO]: Preparing spawn area: 35%
[15:25:43] [Render thread/INFO]: Preparing spawn area: 36%
[15:25:93] [Render thread/INFO]: Preparing spawn area: 37%
[15:25:54] [Render thread/INFO]: Preparing spawn area: 38%
[15:25:95] [Render thread/INFO]: Preparing spawn area: 38%
[15:25:42] [Render thread/INFO]: Preparing spawn area: 39%
[15:25:94] [Render thread/INFO]: Preparing spawn area: 40%
[15:25:47] [Render thread/INFO]: Preparing spawn area: 41%
[15:25:93] [Render thread/INFO]: Preparing spawn area: 41%
[15:25:43] [Render thread/INFO]: Preparing spawn area: 41%
[15:25:57] [Render thread/INFO]: Preparing spawn area: 42%
[15:25:57] [Render thread/INFO]: Preparing spawn area: 42%
[15:25:01] [Render thread/INFO]: Preparing spawn area: 42%
[15:25:42] [Render thread/INFO]: Preparing spawn area: 42%
[15:25:94] [Render thread/INFO]: Preparing spawn area: 43%
[15:25:51] [Render thread/INFO]: Preparing spawn area: 43%
[15:25:95] [Render thread/INFO]: Preparing spawn area: 43%
[15:25:57] [Render thread/INFO]: Preparing spawn area: 43%
[15:25:94] [Render thread/INFO]: Preparing spawn area: 44%
[15:25:47] [Render thread/INFO]: Preparing spawn area: 45%
[15:25:94] [Render thread/INFO]: Preparing spawn area: 46%
[15:25:43] [Render thread/INFO]: Preparing spawn area: 46%
[15:25:94] [Render thread/INFO]: Preparing spawn area: 46%
[15:25:46] [Render thread/INFO]: Preparing spawn area: 47%
[15:25:05] [Render thread/INFO]: Preparing spawn area: 49%
[15:25:45] [Render thread/INFO]: Preparing spawn area: 50%
[15:25:94] [Render thread/INFO]: Preparing spawn area: 51%
[15:25:65] [Render thread/INFO]: Preparing spawn area: 52%
[15:25:92] [Render thread/INFO]: Preparing spawn area: 52%
[15:25:51] [Render thread/INFO]: Preparing spawn area: 53%
[15:25:96] [Render thread/INFO]: Preparing spawn area: 54%
[15:25:44] [Render thread/INFO]: Preparing spawn area: 54%
[15:25:94] [Render thread/INFO]: Preparing spawn area: 55%
[15:25:44] [Render thread/INFO]: Preparing spawn area: 55%
[15:25:92] [Render thread/INFO]: Preparing spawn area: 56%
[15:25:43] [Render thread/INFO]: Preparing spawn area: 56%
[15:25:93] [Render thread/INFO]: Preparing spawn area: 57%
[15:25:47] [Render thread/INFO]: Preparing spawn area: 58%
[15:25:92] [Render thread/INFO]: Preparing spawn area: 58%
[15:25:44] [Render thread/INFO]: Preparing spawn area: 59%
[15:25:94] [Render thread/INFO]: Preparing spawn area: 60%
[15:25:44] [Render thread/INFO]: Preparing spawn area: 61%
[15:25:94] [Render thread/INFO]: Preparing spawn area: 62%
[15:25:61] [Render thread/INFO]: Preparing spawn area: 63%
[15:25:93] [Render thread/INFO]: Preparing spawn area: 63%
[15:25:45] [Render thread/INFO]: Preparing spawn area: 64%
[15:25:94] [Render thread/INFO]: Preparing spawn area: 64%
[15:25:45] [Render thread/INFO]: Preparing spawn area: 64%
[15:26:18] [Render thread/INFO]: Preparing spawn area: 65%
[15:26:48] [Render thread/INFO]: Preparing spawn area: 65%
[15:26:09] [Render thread/INFO]: Preparing spawn area: 66%
[15:26:51] [Render thread/INFO]: Preparing spawn area: 66%
[15:26:95] [Render thread/INFO]: Preparing spawn area: 67%
[15:26:42] [Render thread/INFO]: Preparing spawn area: 68%
[15:26:92] [Render thread/INFO]: Preparing spawn area: 68%
[15:26:44] [Render thread/INFO]: Preparing spawn area: 69%
[15:26:94] [Render thread/INFO]: Preparing spawn area: 70%
[15:26:44] [Render thread/INFO]: Preparing spawn area: 71%
[15:26:94] [Render thread/INFO]: Preparing spawn area: 72%
[15:26:42] [Render thread/INFO]: Preparing spawn area: 73%
[15:26:93] [Render thread/INFO]: Preparing spawn area: 74%
[15:26:42] [Render thread/INFO]: Preparing spawn area: 75%
[15:26:92] [Render thread/INFO]: Preparing spawn area: 76%
[15:26:44] [Render thread/INFO]: Preparing spawn area: 78%
[15:26:94] [Render thread/INFO]: Preparing spawn area: 79%
[15:26:45] [Render thread/INFO]: Preparing spawn area: 81%
[15:26:94] [Render thread/INFO]: Preparing spawn area: 81%
[15:26:43] [Render thread/INFO]: Preparing spawn area: 83%
[15:26:46] [Render thread/INFO]: Preparing spawn area: 83%
[15:26:46] [Render thread/INFO]: Preparing spawn area: 83%
[15:26:93] [Render thread/INFO]: Preparing spawn area: 84%
[15:26:23] [Render thread/INFO]: Preparing spawn area: 84%
[15:26:30] [Render thread/INFO]: Preparing spawn area: 84%
[15:26:36] [Render thread/INFO]: Preparing spawn area: 84%
[15:26:36] [Render thread/INFO]: Preparing spawn area: 84%
[15:26:37] [Render thread/INFO]: Preparing spawn area: 84%
[15:26:37] [Render thread/INFO]: Preparing spawn area: 84%
[15:26:37] [Render thread/INFO]: Preparing spawn area: 84%
[15:26:40] [Render thread/INFO]: Preparing spawn area: 84%
[15:26:43] [Render thread/INFO]: Preparing spawn area: 84%
[15:26:43] [Render thread/INFO]: Preparing spawn area: 84%
[15:26:43] [Render thread/INFO]: Preparing spawn area: 84%
[15:26:43] [Render thread/INFO]: Preparing spawn area: 84%
[15:26:43] [Render thread/INFO]: Preparing spawn area: 84%
[15:26:44] [Render thread/INFO]: Preparing spawn area: 84%
[15:26:44] [Render thread/INFO]: Preparing spawn area: 84%
[15:26:44] [Render thread/INFO]: Preparing spawn area: 84%
[15:26:47] [Render thread/INFO]: Preparing spawn area: 84%
[15:26:93] [Render thread/INFO]: Preparing spawn area: 84%
[15:26:44] [Render thread/INFO]: Preparing spawn area: 85%
[15:26:93] [Render thread/INFO]: Preparing spawn area: 85%
[15:26:46] [Render thread/INFO]: Preparing spawn area: 85%
[15:26:93] [Render thread/INFO]: Preparing spawn area: 86%
[15:26:42] [Render thread/INFO]: Preparing spawn area: 87%
[15:26:92] [Render thread/INFO]: Preparing spawn area: 88%
[15:26:42] [Render thread/INFO]: Preparing spawn area: 89%
[15:26:92] [Render thread/INFO]: Preparing spawn area: 90%
[15:26:42] [Render thread/INFO]: Preparing spawn area: 91%
[15:26:92] [Render thread/INFO]: Preparing spawn area: 92%
[15:26:89] [Render thread/INFO]: Preparing spawn area: 93%
[15:26:92] [Render thread/INFO]: Preparing spawn area: 93%
[15:26:43] [Render thread/INFO]: Preparing spawn area: 93%
[15:26:93] [Render thread/INFO]: Preparing spawn area: 94%
[15:26:43] [Render thread/INFO]: Preparing spawn area: 96%
[15:26:96] [Render thread/INFO]: Preparing spawn area: 97%
[15:26:42] [Render thread/INFO]: Preparing spawn area: 98%
[15:26:02] [Render thread/INFO]: Preparing spawn area: 99%
[15:26:18] [Render thread/INFO]: Time elapsed: 92267 ms
[15:26:08] [Server thread/INFO]: Changing view distance to 12, from 10
[15:26:09] [Server thread/INFO]: Changing simulation distance to 12, from 0
[15:26:89] [Server thread/WARN]: Can't keep up! Is the server overloaded? Running 2629ms or 52 ticks behind
[15:26:35] [Server thread/INFO]: Vicky[local:E:e61b8025] logged in with entity id 278 at (33.5, 72.0, 7.5)
[15:26:71] [Server thread/INFO]: Vicky joined the game
[15:26:83] [Render thread/INFO]: Loaded 2 advancements
[15:26:36] [Render thread/INFO]: textures 'cape_test_272' was added, skin: false,cape: true, max waiting: 18 ,during : 216031 
[15:26:37] [Render thread/INFO]: calculated cape performance:TEXTURE_272, middle time: 9.833333333333334
[15:26:63] [Render thread/INFO]: textures 'elitra_test_272' was added, skin: false,cape: true, max waiting: 76 ,during : 216645 
[15:26:63] [Render thread/INFO]: can use texture size:TEXTURE_136, middle time: 25.7
[15:26:57] [Server thread/INFO]: Saving and pausing game...
[15:26:64] [Server thread/INFO]: Saving chunks for level 'ServerLevel[Exposed Stronghold]'/minecraft:overworld
[15:26:90] [Server thread/INFO]: Saving chunks for level 'ServerLevel[Exposed Stronghold]'/minecraft:the_end
[15:26:97] [Server thread/INFO]: Saving chunks for level 'ServerLevel[Exposed Stronghold]'/minecraft:the_nether
[15:27:55] [Server thread/WARN]: Can't keep up! Is the server overloaded? Running 2038ms or 40 ticks behind
[15:28:06] [Server thread/INFO]: Saving and pausing game...
[15:28:18] [Server thread/INFO]: Saving chunks for level 'ServerLevel[Exposed Stronghold]'/minecraft:overworld
[15:28:06] [Server thread/INFO]: Saving chunks for level 'ServerLevel[Exposed Stronghold]'/minecraft:the_end
[15:28:06] [Server thread/INFO]: Saving chunks for level 'ServerLevel[Exposed Stronghold]'/minecraft:the_nether
[15:28:27] [Render thread/INFO]: Using default channel type
[15:28:32] [Render thread/INFO]: Started serving on 60023
[15:28:44] [Render thread/INFO]: [System] [CHAT] Local game hosted on port [60023]
[15:28:67] [Server thread/INFO]: [Vicky: Set own game mode to Creative Mode]
[15:28:70] [Render thread/INFO]: [System] [CHAT] Set own game mode to Creative Mode
[15:29:76] [Server thread/INFO]: [Vicky: Teleported Vicky to 785.500000, 500.000000, 1244.500000]
[15:29:77] [Render thread/INFO]: [System] [CHAT] Teleported Vicky to 785.500000, 500.000000, 1244.500000
[15:29:93] [Server thread/WARN]: Can't keep up! Is the server overloaded? Running 3121ms or 62 ticks behind
[15:29:56] [Render thread/INFO]: Loaded 11 advancements
[15:29:38] [Server thread/INFO]: [Vicky: Set own game mode to Spectator Mode]
[15:29:40] [Render thread/INFO]: [System] [CHAT] Set own game mode to Spectator Mode
[15:30:92] [Server thread/INFO]: Vicky lost connection: Disconnected
[15:30:92] [Server thread/INFO]: Vicky left the game
[15:30:96] [Server thread/INFO]: Stopping singleplayer server as player logged out
[15:30:02] [Server thread/INFO]: Stopping server
[15:30:02] [Server thread/INFO]: Saving players
[15:30:02] [Server thread/INFO]: Saving worlds
[15:30:16] [Server thread/INFO]: Saving chunks for level 'ServerLevel[Exposed Stronghold]'/minecraft:overworld
[15:31:13] [Server thread/INFO]: Saving chunks for level 'ServerLevel[Exposed Stronghold]'/minecraft:the_end
[15:31:13] [Server thread/INFO]: Saving chunks for level 'ServerLevel[Exposed Stronghold]'/minecraft:the_nether
[15:31:17] [Server thread/INFO]: ThreadedAnvilChunkStorage (Exposed Stronghold): All chunks are saved
[15:31:17] [Server thread/INFO]: ThreadedAnvilChunkStorage (DIM1): All chunks are saved
[15:31:17] [Server thread/INFO]: ThreadedAnvilChunkStorage (DIM-1): All chunks are saved
[15:31:17] [Server thread/INFO]: ThreadedAnvilChunkStorage: All dimensions are saved
[15:31:71] [Worker-Main-6/ERROR]: Exception reading C:\Users\Vicky\AppData\Roaming\.minecraft\saves\Android World\level.dat
java.util.zip.ZipException: Not in GZIP format
	at java.base/java.util.zip.GZIPInputStream.readHeader(GZIPInputStream.java:165)
	at java.base/java.util.zip.GZIPInputStream.<init>(GZIPInputStream.java:79)
	at java.base/java.util.zip.GZIPInputStream.<init>(GZIPInputStream.java:91)
	at rb.b(SourceFile:31)
	at rb.a(SourceFile:47)
	at rb.a(SourceFile:42)
	at dyy.c(SourceFile:340)
	at dyy.a(SourceFile:297)
	at dyy.a(SourceFile:234)
	at dyy.a(SourceFile:195)
	at java.base/java.util.concurrent.CompletableFuture$AsyncSupply.run(CompletableFuture.java:1768)
	at java.base/java.util.concurrent.CompletableFuture$AsyncSupply.exec(CompletableFuture.java:1760)
	at java.base/java.util.concurrent.ForkJoinTask.doExec(ForkJoinTask.java:373)
	at java.base/java.util.concurrent.ForkJoinPool$WorkQueue.topLevelExec(ForkJoinPool.java:1182)
	at java.base/java.util.concurrent.ForkJoinPool.scan(ForkJoinPool.java:1655)
	at java.base/java.util.concurrent.ForkJoinPool.runWorker(ForkJoinPool.java:1622)
	at java.base/java.util.concurrent.ForkJoinWorkerThread.run(ForkJoinWorkerThread.java:165)

[15:31:73] [Worker-Main-6/ERROR]: Exception reading C:\Users\Vicky\AppData\Roaming\.minecraft\saves\Android World\level.dat_old
java.util.zip.ZipException: Not in GZIP format
	at java.base/java.util.zip.GZIPInputStream.readHeader(GZIPInputStream.java:165)
	at java.base/java.util.zip.GZIPInputStream.<init>(GZIPInputStream.java:79)
	at java.base/java.util.zip.GZIPInputStream.<init>(GZIPInputStream.java:91)
	at rb.b(SourceFile:31)
	at rb.a(SourceFile:47)
	at rb.a(SourceFile:42)
	at dyy.c(SourceFile:340)
	at dyy.a(SourceFile:297)
	at dyy.a(SourceFile:242)
	at dyy.a(SourceFile:195)
	at java.base/java.util.concurrent.CompletableFuture$AsyncSupply.run(CompletableFuture.java:1768)
	at java.base/java.util.concurrent.CompletableFuture$AsyncSupply.exec(CompletableFuture.java:1760)
	at java.base/java.util.concurrent.ForkJoinTask.doExec(ForkJoinTask.java:373)
	at java.base/java.util.concurrent.ForkJoinPool$WorkQueue.topLevelExec(ForkJoinPool.java:1182)
	at java.base/java.util.concurrent.ForkJoinPool.scan(ForkJoinPool.java:1655)
	at java.base/java.util.concurrent.ForkJoinPool.runWorker(ForkJoinPool.java:1622)
	at java.base/java.util.concurrent.ForkJoinWorkerThread.run(ForkJoinWorkerThread.java:165)

[15:31:63] [Render thread/INFO]: Deleting level Exposed Stronghold
[15:31:63] [Render thread/INFO]: Attempt 1...
[15:31:69] [Worker-Main-4/ERROR]: Exception reading C:\Users\Vicky\AppData\Roaming\.minecraft\saves\Android World\level.dat
java.util.zip.ZipException: Not in GZIP format
	at java.base/java.util.zip.GZIPInputStream.readHeader(GZIPInputStream.java:165)
	at java.base/java.util.zip.GZIPInputStream.<init>(GZIPInputStream.java:79)
	at java.base/java.util.zip.GZIPInputStream.<init>(GZIPInputStream.java:91)
	at rb.b(SourceFile:31)
	at rb.a(SourceFile:47)
	at rb.a(SourceFile:42)
	at dyy.c(SourceFile:340)
	at dyy.a(SourceFile:297)
	at dyy.a(SourceFile:234)
	at dyy.a(SourceFile:195)
	at java.base/java.util.concurrent.CompletableFuture$AsyncSupply.run(CompletableFuture.java:1768)
	at java.base/java.util.concurrent.CompletableFuture$AsyncSupply.exec(CompletableFuture.java:1760)
	at java.base/java.util.concurrent.ForkJoinTask.doExec(ForkJoinTask.java:373)
	at java.base/java.util.concurrent.ForkJoinPool$WorkQueue.topLevelExec(ForkJoinPool.java:1182)
	at java.base/java.util.concurrent.ForkJoinPool.scan(ForkJoinPool.java:1655)
	at java.base/java.util.concurrent.ForkJoinPool.runWorker(ForkJoinPool.java:1622)
	at java.base/java.util.concurrent.ForkJoinWorkerThread.run(ForkJoinWorkerThread.java:165)

[15:31:69] [Worker-Main-4/ERROR]: Exception reading C:\Users\Vicky\AppData\Roaming\.minecraft\saves\Android World\level.dat_old
java.util.zip.ZipException: Not in GZIP format
	at java.base/java.util.zip.GZIPInputStream.readHeader(GZIPInputStream.java:165)
	at java.base/java.util.zip.GZIPInputStream.<init>(GZIPInputStream.java:79)
	at java.base/java.util.zip.GZIPInputStream.<init>(GZIPInputStream.java:91)
	at rb.b(SourceFile:31)
	at rb.a(SourceFile:47)
	at rb.a(SourceFile:42)
	at dyy.c(SourceFile:340)
	at dyy.a(SourceFile:297)
	at dyy.a(SourceFile:242)
	at dyy.a(SourceFile:195)
	at java.base/java.util.concurrent.CompletableFuture$AsyncSupply.run(CompletableFuture.java:1768)
	at java.base/java.util.concurrent.CompletableFuture$AsyncSupply.exec(CompletableFuture.java:1760)
	at java.base/java.util.concurrent.ForkJoinTask.doExec(ForkJoinTask.java:373)
	at java.base/java.util.concurrent.ForkJoinPool$WorkQueue.topLevelExec(ForkJoinPool.java:1182)
	at java.base/java.util.concurrent.ForkJoinPool.scan(ForkJoinPool.java:1655)
	at java.base/java.util.concurrent.ForkJoinPool.runWorker(ForkJoinPool.java:1622)
	at java.base/java.util.concurrent.ForkJoinWorkerThread.run(ForkJoinWorkerThread.java:165)

[15:31:67] [Render thread/INFO]: Loaded 7 recipes
[15:31:77] [Render thread/INFO]: Loaded 1271 advancements
[15:32:23] [Server thread/INFO]: Starting integrated minecraft server version 1.20.1
[15:32:23] [Server thread/INFO]: Generating keypair
[15:32:28] [Server thread/INFO]: Preparing start region for dimension minecraft:overworld
[15:32:39] [Render thread/INFO]: Preparing spawn area: 0%
[15:32:39] [Render thread/INFO]: Preparing spawn area: 0%
[15:32:39] [Render thread/INFO]: Preparing spawn area: 0%
[15:32:82] [Render thread/INFO]: Preparing spawn area: 0%
[15:32:44] [Render thread/INFO]: Preparing spawn area: 0%
[15:32:81] [Render thread/INFO]: Preparing spawn area: 0%
[15:32:31] [Render thread/INFO]: Preparing spawn area: 0%
[15:32:84] [Render thread/INFO]: Preparing spawn area: 1%
[15:32:35] [Render thread/INFO]: Preparing spawn area: 1%
[15:32:81] [Render thread/INFO]: Preparing spawn area: 2%
[15:32:31] [Render thread/INFO]: Preparing spawn area: 2%
[15:32:96] [Render thread/INFO]: Preparing spawn area: 3%
[15:32:96] [Render thread/INFO]: Preparing spawn area: 3%
[15:32:96] [Render thread/INFO]: Preparing spawn area: 3%
[15:32:96] [Render thread/INFO]: Preparing spawn area: 3%
[15:32:96] [Render thread/INFO]: Preparing spawn area: 3%
[15:32:31] [Render thread/INFO]: Preparing spawn area: 3%
[15:32:81] [Render thread/INFO]: Preparing spawn area: 4%
[15:32:31] [Render thread/INFO]: Preparing spawn area: 4%
[15:32:81] [Render thread/INFO]: Preparing spawn area: 5%
[15:32:35] [Render thread/INFO]: Preparing spawn area: 5%
[15:32:82] [Render thread/INFO]: Preparing spawn area: 6%
[15:32:32] [Render thread/INFO]: Preparing spawn area: 6%
[15:32:82] [Render thread/INFO]: Preparing spawn area: 7%
[15:32:33] [Render thread/INFO]: Preparing spawn area: 7%
[15:32:83] [Render thread/INFO]: Preparing spawn area: 9%
[15:32:36] [Render thread/INFO]: Preparing spawn area: 9%
[15:32:83] [Render thread/INFO]: Preparing spawn area: 10%
[15:32:31] [Render thread/INFO]: Preparing spawn area: 10%
[15:32:83] [Render thread/INFO]: Preparing spawn area: 11%
[15:32:33] [Render thread/INFO]: Preparing spawn area: 12%
[15:32:83] [Render thread/INFO]: Preparing spawn area: 13%
[15:32:33] [Render thread/INFO]: Preparing spawn area: 15%
[15:32:82] [Render thread/INFO]: Preparing spawn area: 15%
[15:32:32] [Render thread/INFO]: Preparing spawn area: 15%
[15:32:83] [Render thread/INFO]: Preparing spawn area: 16%
[15:32:33] [Render thread/INFO]: Preparing spawn area: 16%
[15:32:87] [Render thread/INFO]: Preparing spawn area: 17%
[15:32:37] [Render thread/INFO]: Preparing spawn area: 17%
[15:32:80] [Render thread/INFO]: Preparing spawn area: 17%
[15:32:34] [Render thread/INFO]: Preparing spawn area: 17%
[15:32:80] [Render thread/INFO]: Preparing spawn area: 18%
[15:32:34] [Render thread/INFO]: Preparing spawn area: 18%
[15:32:80] [Render thread/INFO]: Preparing spawn area: 19%
[15:32:34] [Render thread/INFO]: Preparing spawn area: 20%
[15:32:80] [Render thread/INFO]: Preparing spawn area: 21%
[15:32:30] [Render thread/INFO]: Preparing spawn area: 22%
[15:32:80] [Render thread/INFO]: Preparing spawn area: 22%
[15:32:44] [Render thread/INFO]: Preparing spawn area: 23%
[15:32:80] [Render thread/INFO]: Preparing spawn area: 24%
[15:32:44] [Render thread/INFO]: Preparing spawn area: 24%
[15:32:81] [Render thread/INFO]: Preparing spawn area: 24%
[15:32:61] [Render thread/INFO]: Preparing spawn area: 25%
[15:32:81] [Render thread/INFO]: Preparing spawn area: 25%
[15:32:31] [Render thread/INFO]: Preparing spawn area: 26%
[15:32:80] [Render thread/INFO]: Preparing spawn area: 27%
[15:32:33] [Render thread/INFO]: Preparing spawn area: 27%
[15:32:84] [Render thread/INFO]: Preparing spawn area: 27%
[15:32:33] [Render thread/INFO]: Preparing spawn area: 27%
[15:32:85] [Render thread/INFO]: Preparing spawn area: 29%
[15:32:31] [Render thread/INFO]: Preparing spawn area: 29%
[15:32:98] [Render thread/INFO]: Preparing spawn area: 31%
[15:32:32] [Render thread/INFO]: Preparing spawn area: 31%
[15:32:85] [Render thread/INFO]: Preparing spawn area: 31%
[15:32:31] [Render thread/INFO]: Preparing spawn area: 32%
[15:32:82] [Render thread/INFO]: Preparing spawn area: 32%
[15:32:35] [Render thread/INFO]: Preparing spawn area: 33%
[15:32:82] [Render thread/INFO]: Preparing spawn area: 34%
[15:32:39] [Render thread/INFO]: Preparing spawn area: 34%
[15:32:82] [Render thread/INFO]: Preparing spawn area: 34%
[15:32:32] [Render thread/INFO]: Preparing spawn area: 35%
[15:32:82] [Render thread/INFO]: Preparing spawn area: 36%
[15:32:38] [Render thread/INFO]: Preparing spawn area: 36%
[15:32:81] [Render thread/INFO]: Preparing spawn area: 37%
[15:32:31] [Render thread/INFO]: Preparing spawn area: 38%
[15:32:81] [Render thread/INFO]: Preparing spawn area: 39%
[15:32:31] [Render thread/INFO]: Preparing spawn area: 39%
[15:32:82] [Render thread/INFO]: Preparing spawn area: 40%
[15:32:32] [Render thread/INFO]: Preparing spawn area: 41%
[15:32:82] [Render thread/INFO]: Preparing spawn area: 42%
[15:32:32] [Render thread/INFO]: Preparing spawn area: 42%
[15:32:99] [Render thread/INFO]: Preparing spawn area: 43%
[15:32:32] [Render thread/INFO]: Preparing spawn area: 43%
[15:32:90] [Render thread/INFO]: Preparing spawn area: 45%
[15:32:33] [Render thread/INFO]: Preparing spawn area: 45%
[15:32:90] [Render thread/INFO]: Preparing spawn area: 46%
[15:33:33] [Render thread/INFO]: Preparing spawn area: 46%
[15:33:83] [Render thread/INFO]: Preparing spawn area: 47%
[15:33:32] [Render thread/INFO]: Preparing spawn area: 47%
[15:33:82] [Render thread/INFO]: Preparing spawn area: 48%
[15:33:39] [Render thread/INFO]: Preparing spawn area: 50%
[15:33:83] [Render thread/INFO]: Preparing spawn area: 51%
[15:33:33] [Render thread/INFO]: Preparing spawn area: 52%
[15:33:86] [Render thread/INFO]: Preparing spawn area: 53%
[15:33:36] [Render thread/INFO]: Preparing spawn area: 54%
[15:33:83] [Render thread/INFO]: Preparing spawn area: 54%
[15:33:33] [Render thread/INFO]: Preparing spawn area: 55%
[15:33:83] [Render thread/INFO]: Preparing spawn area: 55%
[15:33:33] [Render thread/INFO]: Preparing spawn area: 56%
[15:33:83] [Render thread/INFO]: Preparing spawn area: 56%
[15:33:38] [Render thread/INFO]: Preparing spawn area: 57%
[15:33:81] [Render thread/INFO]: Preparing spawn area: 57%
[15:33:31] [Render thread/INFO]: Preparing spawn area: 58%
[15:33:81] [Render thread/INFO]: Preparing spawn area: 59%
[15:33:31] [Render thread/INFO]: Preparing spawn area: 61%
[15:33:81] [Render thread/INFO]: Preparing spawn area: 61%
[15:33:40] [Render thread/INFO]: Preparing spawn area: 63%
[15:33:83] [Render thread/INFO]: Preparing spawn area: 64%
[15:33:36] [Render thread/INFO]: Preparing spawn area: 64%
[15:33:00] [Render thread/INFO]: Preparing spawn area: 66%
[15:33:33] [Render thread/INFO]: Preparing spawn area: 66%
[15:33:83] [Render thread/INFO]: Preparing spawn a