[Loading] INITIALIZING
Starting TLauncher 2.89 RELEASE
For more information, visit https://tlauncher.org/
Startup time: 8 Sep, 2023 11:49:29 AM
Running folder C:\Users\Vicky\AppData\Roaming\.minecraft
---
[Loading] LOADING_CONFIGURATION
Machine info: -------------------------------------------------------
Windows 10 10.0, Java 1.8.0_281, jvm bit x64, 8001 MB RAM
java path=C:\Users\Vicky\AppData\Roaming\.tlauncher\jvms\jre1.8.0_281\bin\javaw.exe
AMD Ryzen 5 3550H with Radeon Vega Mobile Gfx
 AMD Radeon(TM) Vega 8 Graphics, AMD Radeon Graphics Processor (0x15D8), 4113 MB, NVIDIA GeForce GTX 1650, NVIDIA GeForce GTX 1650, 7949 MB
-------------------------------------------------------
Selected locale: en
[Loading] LOADING_CONSOLE
[Downloader2] Loaded configuration: good
[Updater] Requesting an update...
[Updater] Requesting from: https://repo.tlauncher.org/update/lch/release_update_2.3.json
[Updater] Making request: https://repo.tlauncher.org/update/lch/release_update_2.3.json?version=2.89&client=f2d004ad-49e4-438b-9a85-cae4170ae3d1
[Updater] Request time: 303 ms
[Updater] Successfully requested from: https://repo.tlauncher.org/update/lch/release_update_2.3.json
[Browser] Loading resources...
[Browser] Cleaning up after loading:
Starting garbage collector: 48 / 107 MB
Garbage collector completed: 21 / 151 MB
[Loading] LOADING_MANAGERS
[LocalVersionList] Base directory: C:\Users\Vicky\AppData\Roaming\.minecraft
[ProfileManager] Refreshing profiles from: C:\Users\Vicky\AppData\Roaming\.minecraft\TlauncherProfiles.json
[AdvertisingStatusObserver]  started to get ad information
[AdvertisingStatusObserver]  finished to get add information
save profiles
[GsonUtil]  request to https://repo.tlauncher.org/update/downloads/libraries/org/tlauncher/authlib/libraries-1.7.json
[Loading] LOADING_WINDOW
[Swing] Favicons loaded: 256px, 128px, 96px, 64px, 48px, 32px, 24px, 16px
[Loading] PREPARING_MAINPANE
[REPO][SERVER_LIST_REPO] Success: Reached the repo in 416 ms.
[JFXStartPageLoader]  start load page: https://page.tlauncher.org/update/downloads/configs/pages/index_en.html
[Browser] Running in JavaFX Thread
[Browser] Preparing JavaFX...
[Browser] Initializing...
[JFXStartPageLoader]  succeeded load page: https://page.tlauncher.org/update/downloads/configs/pages/index_en.html during 0
[Browser@984445035] Loaded successfully: "https://page.tlauncher.org/update/downloads/configs/pages/index_en.html"
[Browser] add listens into server_choose
[Browser] finished listens into server_choose
[Downloader2] Loaded configuration: good
[Loading] POSTINIT_GUI
[Frame] Packing main frame...
[Frame] Resizing main pane...
Updater is already closed. Showing up...
Visibility set.
[Loading] REFRESHING_INFO
[VersionManager] Refreshing versions remotely...
[REPO][EXTRA_VERSION_REPO] Attempt #1; timeout: 30000 ms; url: https://repo.tlauncher.org/update/downloads/versions/new5/
Started! (8494 ms.)
[Loading] SUCCESS
[TLauncher] show tlauncher!!!
[REPO][EXTRA_VERSION_REPO] Success: Reached the repo in 228 ms.
[REPO][OFFICIAL_VERSION_REPO] Attempt #1; timeout: 30000 ms; url: https://launchermeta.mojang.com/mc/game/
[REPO][SKIN_VERSION_REPO] Attempt #1; timeout: 30000 ms; url: https://repo.tlauncher.org/update/downloads/versions/new5/skin/versions/
[REPO][EXTRA_VERSION_REPO] Attempt #1; timeout: 30000 ms; url: https://repo.tlauncher.org/update/downloads/versions/new5/
[REPO][SKIN_VERSION_REPO] Success: Reached the repo in 64 ms.
[SkinVersionList] Got in 176 ms
[REPO][EXTRA_VERSION_REPO] Success: Reached the repo in 167 ms.
[REPO][OFFICIAL_VERSION_REPO] Success: Reached the repo in 323 ms.
[ExtraVersionList] Got in 368 ms
[OfficialVersionList] Got in 615 ms
[VersionManager] Versions has been refreshed (801 ms)
[REPO][ADD_HOT_SERVERS_REPO] Attempt #1; timeout: 30000 ms; url: https://repo.tlauncher.org/update/lch/additional_hot_servers-1.0.json
[REPO][HOT_SERVERS_REPO] Attempt #1; timeout: 30000 ms; url: https://repo.tlauncher.org/update/lch/servers/hot_servers-1.0.json
[REPO][ADD_HOT_SERVERS_REPO] Success: Reached the repo in 66 ms.
[REPO][HOT_SERVERS_REPO] Success: Reached the repo in 62 ms.
run server on  37842
[Double running] clear time label
AccountComboBox.validte pre game launch username Account{skinType=TLAUNCHER, displayName=Vicky, userid=91d519811e5844279199ef1e67a09b70, uuid=91d519811e5844279199ef1e67a09b70, username=Vicky} FREE
onAuthPassed
saved account Account{skinType=TLAUNCHER, displayName=Vicky, userid=91d519811e5844279199ef1e67a09b70, uuid=91d519811e5844279199ef1e67a09b70, username=Vicky}
save profiles
[LoginForm] Login was OK. Trying to launch now.
[Launcher] Running under TLauncher 2.89
[Launcher] Collecting info...
[TLauncherManager] before clearLibrary 
[TLauncherManager] written:  []
[TLauncherManager] after clearLibrary 
[Launcher] Force update: false
[Launcher] Selected version: 1.20.1
[Launcher] Selected account: Account{skinType=TLAUNCHER, displayName=Vicky, userid=91d519811e5844279199ef1e67a09b70, uuid=91d519811e5844279199ef1e67a09b70, username=Vicky}
[Launcher] Version sync info: VersionSyncInfo{id='1.20.1',
local=CompleteVersion{id='1.20.1', time=Mon Jun 12 18:55:51 IST 2023, release=Mon Jun 12 18:55:51 IST 2023, type=release, class=net.minecraft.client.main.Main, minimumVersion=21, assets='5', source=LOCAL_VERSION_REPO, list=net.minecraft.launcher.updater.OfficialVersionList@66454f64, libraries=[Library{name='ca.weblite:java-objc-bridge:1.1', rules=[Rule{action=ALLOW, os=OSRestriction{name=OSX, version='null'}, features=null}], natives=null, extract=null, packed='null'}, Library{name='com.github.oshi:oshi-core:6.2.2', rules=null, natives=null, extract=null, packed='null'}, Library{name='com.google.code.gson:gson:2.10', rules=null, natives=null, extract=null, packed='null'}, Library{name='com.google.guava:failureaccess:1.0.1', rules=null, natives=null, extract=null, packed='null'}, Library{name='com.google.guava:guava:31.1-jre', rules=null, natives=null, extract=null, packed='null'}, Library{name='com.ibm.icu:icu4j:71.1', rules=null, natives=null, extract=null, packed='null'}, Library{name='com.mojang:authlib:4.0.43', rules=null, natives=null, extract=null, packed='null'}, Library{name='com.mojang:blocklist:1.0.10', rules=null, natives=null, extract=null, packed='null'}, Library{name='com.mojang:brigadier:1.1.8', rules=null, natives=null, extract=null, packed='null'}, Library{name='com.mojang:datafixerupper:6.0.8', rules=null, natives=null, extract=null, packed='null'}, Library{name='com.mojang:logging:1.1.1', rules=null, natives=null, extract=null, packed='null'}, Library{name='com.mojang:patchy:2.2.10', rules=null, natives=null, extract=null, packed='null'}, Library{name='com.mojang:text2speech:1.17.9', rules=null, natives=null, extract=null, packed='null'}, Library{name='commons-codec:commons-codec:1.15', rules=null, natives=null, extract=null, packed='null'}, Library{name='commons-io:commons-io:2.11.0', rules=null, natives=null, extract=null, packed='null'}, Library{name='commons-logging:commons-logging:1.2', rules=null, natives=null, extract=null, packed='null'}, Library{name='io.netty:netty-buffer:4.1.82.Final', rules=null, natives=null, extract=null, packed='null'}, Library{name='io.netty:netty-codec:4.1.82.Final', rules=null, natives=null, extract=null, packed='null'}, Library{name='io.netty:netty-common:4.1.82.Final', rules=null, natives=null, extract=null, packed='null'}, Library{name='io.netty:netty-handler:4.1.82.Final', rules=null, natives=null, extract=null, packed='null'}, Library{name='io.netty:netty-resolver:4.1.82.Final', rules=null, natives=null, extract=null, packed='null'}, Library{name='io.netty:netty-transport-classes-epoll:4.1.82.Final', rules=null, natives=null, extract=null, packed='null'}, Library{name='io.netty:netty-transport-native-epoll:4.1.82.Final:linux-aarch_64', rules=[Rule{action=ALLOW, os=OSRestriction{name=LINUX, version='null'}, features=null}], natives=null, extract=null, packed='null'}, Library{name='io.netty:netty-transport-native-epoll:4.1.82.Final:linux-x86_64', rules=[Rule{action=ALLOW, os=OSRestriction{name=LINUX, version='null'}, features=null}], natives=null, extract=null, packed='null'}, Library{name='io.netty:netty-transport-native-unix-common:4.1.82.Final', rules=null, natives=null, extract=null, packed='null'}, Library{name='io.netty:netty-transport:4.1.82.Final', rules=null, natives=null, extract=null, packed='null'}, Library{name='it.unimi.dsi:fastutil:8.5.9', rules=null, natives=null, extract=null, packed='null'}, Library{name='net.java.dev.jna:jna-platform:5.12.1', rules=null, natives=null, extract=null, packed='null'}, Library{name='net.java.dev.jna:jna:5.12.1', rules=null, natives=null, extract=null, packed='null'}, Library{name='net.sf.jopt-simple:jopt-simple:5.0.4', rules=null, natives=null, extract=null, packed='null'}, Library{name='org.apache.commons:commons-compress:1.21', rules=null, natives=null, extract=null, packed='null'}, Library{name='org.apache.commons:commons-lang3:3.12.0', rules=null, natives=null, extract=null, packed='null'}, Library{name='org.apache.httpcomponents:httpclient:4.5.13', rules=null, natives=null, extract=null, packed='null'}, Library{name='org.apache.httpcomponents:httpcore:4.4.15', rules=null, natives=null, extract=null, packed='null'}, Library{name='org.apache.logging.log4j:log4j-api:2.19.0', rules=null, natives=null, extract=null, packed='null'}, Library{name='org.apache.logging.log4j:log4j-core:2.19.0', rules=null, natives=null, extract=null, packed='null'}, Library{name='org.apache.logging.log4j:log4j-slf4j2-impl:2.19.0', rules=null, natives=null, extract=null, packed='null'}, Library{name='org.joml:joml:1.10.5', rules=null, natives=null, extract=null, packed='null'}, Library{name='org.lwjgl:lwjgl-glfw:3.3.1', rules=null, natives=null, extract=null, packed='null'}, Library{name='org.lwjgl:lwjgl-glfw:3.3.1:natives-linux', rules=[Rule{action=ALLOW, os=OSRestriction{name=LINUX, version='null'}, features=null}], natives=null, extract=null, packed='null'}, Library{name='org.lwjgl:lwjgl-glfw:3.3.1:natives-macos', rules=[Rule{action=ALLOW, os=OSRestriction{name=OSX, version='null'}, features=null}], natives=null, extract=null, packed='null'}, Library{name='org.lwjgl:lwjgl-glfw:3.3.1:natives-macos-arm64', rules=[Rule{action=ALLOW, os=OSRestriction{name=OSX, version='null'}, features=null}], natives=null, extract=null, packed='null'}, Library{name='org.lwjgl:lwjgl-glfw:3.3.1:natives-windows', rules=[Rule{action=ALLOW, os=OSRestriction{name=WINDOWS, version='null'}, features=null}], natives=null, extract=null, packed='null'}, Library{name='org.lwjgl:lwjgl-glfw:3.3.1:natives-windows-arm64', rules=[Rule{action=ALLOW, os=OSRestriction{name=WINDOWS, version='null'}, features=null}], natives=null, extract=null, packed='null'}, Library{name='org.lwjgl:lwjgl-glfw:3.3.1:natives-windows-x86', rules=[Rule{action=ALLOW, os=OSRestriction{name=WINDOWS, version='null'}, features=null}], natives=null, extract=null, packed='null'}, Library{name='org.lwjgl:lwjgl-jemalloc:3.3.1', rules=null, natives=null, extract=null, packed='null'}, Library{name='org.lwjgl:lwjgl-jemalloc:3.3.1:natives-linux', rules=[Rule{action=ALLOW, os=OSRestriction{name=LINUX, version='null'}, features=null}], natives=null, extract=null, packed='null'}, Library{name='org.lwjgl:lwjgl-jemalloc:3.3.1:natives-macos', rules=[Rule{action=ALLOW, os=OSRestriction{name=OSX, version='null'}, features=null}], natives=null, extract=null, packed='null'}, Library{name='org.lwjgl:lwjgl-jemalloc:3.3.1:natives-macos-arm64', rules=[Rule{action=ALLOW, os=OSRestriction{name=OSX, version='null'}, features=null}], natives=null, extract=null, packed='null'}, Library{name='org.lwjgl:lwjgl-jemalloc:3.3.1:natives-windows', rules=[Rule{action=ALLOW, os=OSRestriction{name=WINDOWS, version='null'}, features=null}], natives=null, extract=null, packed='null'}, Library{name='org.lwjgl:lwjgl-jemalloc:3.3.1:natives-windows-arm64', rules=[Rule{action=ALLOW, os=OSRestriction{name=WINDOWS, version='null'}, features=null}], natives=null, extract=null, packed='null'}, Library{name='org.lwjgl:lwjgl-jemalloc:3.3.1:natives-windows-x86', rules=[Rule{action=ALLOW, os=OSRestriction{name=WINDOWS, version='null'}, features=null}], natives=null, extract=null, packed='null'}, Library{name='org.lwjgl:lwjgl-openal:3.3.1', rules=null, natives=null, extract=null, packed='null'}, Library{name='org.lwjgl:lwjgl-openal:3.3.1:natives-linux', rules=[Rule{action=ALLOW, os=OSRestriction{name=LINUX, version='null'}, features=null}], natives=null, extract=null, packed='null'}, Library{name='org.lwjgl:lwjgl-openal:3.3.1:natives-macos', rules=[Rule{action=ALLOW, os=OSRestriction{name=OSX, version='null'}, features=null}], natives=null, extract=null, packed='null'}, Library{name='org.lwjgl:lwjgl-openal:3.3.1:natives-macos-arm64', rules=[Rule{action=ALLOW, os=OSRestriction{name=OSX, version='null'}, features=null}], natives=null, extract=null, packed='null'}, Library{name='org.lwjgl:lwjgl-openal:3.3.1:natives-windows', rules=[Rule{action=ALLOW, os=OSRestriction{name=WINDOWS, version='null'}, features=null}], natives=null, extract=null, packed='null'}, Library{name='org.lwjgl:lwjgl-openal:3.3.1:natives-windows-arm64', rules=[Rule{action=ALLOW, os=OSRestriction{name=WINDOWS, version='null'}, features=null}], natives=null, extract=null, packed='null'}, Library{name='org.lwjgl:lwjgl-openal:3.3.1:natives-windows-x86', rules=[Rule{action=ALLOW, os=OSRestriction{name=WINDOWS, version='null'}, features=null}], natives=null, extract=null, packed='null'}, Library{name='org.lwjgl:lwjgl-opengl:3.3.1', rules=null, natives=null, extract=null, packed='null'}, Library{name='org.lwjgl:lwjgl-opengl:3.3.1:natives-linux', rules=[Rule{action=ALLOW, os=OSRestriction{name=LINUX, version='null'}, features=null}], natives=null, extract=null, packed='null'}, Library{name='org.lwjgl:lwjgl-opengl:3.3.1:natives-macos', rules=[Rule{action=ALLOW, os=OSRestriction{name=OSX, version='null'}, features=null}], natives=null, extract=null, packed='null'}, Library{name='org.lwjgl:lwjgl-opengl:3.3.1:natives-macos-arm64', rules=[Rule{action=ALLOW, os=OSRestriction{name=OSX, version='null'}, features=null}], natives=null, extract=null, packed='null'}, Library{name='org.lwjgl:lwjgl-opengl:3.3.1:natives-windows', rules=[Rule{action=ALLOW, os=OSRestriction{name=WINDOWS, version='null'}, features=null}], natives=null, extract=null, packed='null'}, Library{name='org.lwjgl:lwjgl-opengl:3.3.1:natives-windows-arm64', rules=[Rule{action=ALLOW, os=OSRestriction{name=WINDOWS, version='null'}, features=null}], natives=null, extract=null, packed='null'}, Library{name='org.lwjgl:lwjgl-opengl:3.3.1:natives-windows-x86', rules=[Rule{action=ALLOW, os=OSRestriction{name=WINDOWS, version='null'}, features=null}], natives=null, extract=null, packed='null'}, Library{name='org.lwjgl:lwjgl-stb:3.3.1', rules=null, natives=null, extract=null, packed='null'}, Library{name='org.lwjgl:lwjgl-stb:3.3.1:natives-linux', rules=[Rule{action=ALLOW, os=OSRestriction{name=LINUX, version='null'}, features=null}], natives=null, extract=null, packed='null'}, Library{name='org.lwjgl:lwjgl-stb:3.3.1:natives-macos', rules=[Rule{action=ALLOW, os=OSRestriction{name=OSX, version='null'}, features=null}], natives=null, extract=null, packed='null'}, Library{name='org.lwjgl:lwjgl-stb:3.3.1:natives-macos-arm64', rules=[Rule{action=ALLOW, os=OSRestriction{name=OSX, version='null'}, features=null}], natives=null, extract=null, packed='null'}, Library{name='org.lwjgl:lwjgl-stb:3.3.1:natives-windows', rules=[Rule{action=ALLOW, os=OSRestriction{name=WINDOWS, version='null'}, features=null}], natives=null, extract=null, packed='null'}, Library{name='org.lwjgl:lwjgl-stb:3.3.1:natives-windows-arm64', rules=[Rule{action=ALLOW, os=OSRestriction{name=WINDOWS, version='null'}, features=null}], natives=null, extract=null, packed='null'}, Library{name='org.lwjgl:lwjgl-stb:3.3.1:natives-windows-x86', rules=[Rule{action=ALLOW, os=OSRestriction{name=WINDOWS, version='null'}, features=null}], natives=null, extract=null, packed='null'}, Library{name='org.lwjgl:lwjgl-tinyfd:3.3.1', rules=null, natives=null, extract=null, packed='null'}, Library{name='org.lwjgl:lwjgl-tinyfd:3.3.1:natives-linux', rules=[Rule{action=ALLOW, os=OSRestriction{name=LINUX, version='null'}, features=null}], natives=null, extract=null, packed='null'}, Library{name='org.lwjgl:lwjgl-tinyfd:3.3.1:natives-macos', rules=[Rule{action=ALLOW, os=OSRestriction{name=OSX, version='null'}, features=null}], natives=null, extract=null, packed='null'}, Library{name='org.lwjgl:lwjgl-tinyfd:3.3.1:natives-macos-arm64', rules=[Rule{action=ALLOW, os=OSRestriction{name=OSX, version='null'}, features=null}], natives=null, extract=null, packed='null'}, Library{name='org.lwjgl:lwjgl-tinyfd:3.3.1:natives-windows', rules=[Rule{action=ALLOW, os=OSRestriction{name=WINDOWS, version='null'}, features=null}], natives=null, extract=null, packed='null'}, Library{name='org.lwjgl:lwjgl-tinyfd:3.3.1:natives-windows-arm64', rules=[Rule{action=ALLOW, os=OSRestriction{name=WINDOWS, version='null'}, features=null}], natives=null, extract=null, packed='null'}, Library{name='org.lwjgl:lwjgl-tinyfd:3.3.1:natives-windows-x86', rules=[Rule{action=ALLOW, os=OSRestriction{name=WINDOWS, version='null'}, features=null}], natives=null, extract=null, packed='null'}, Library{name='org.lwjgl:lwjgl:3.3.1', rules=null, natives=null, extract=null, packed='null'}, Library{name='org.lwjgl:lwjgl:3.3.1:natives-linux', rules=[Rule{action=ALLOW, os=OSRestriction{name=LINUX, version='null'}, features=null}], natives=null, extract=null, packed='null'}, Library{name='org.lwjgl:lwjgl:3.3.1:natives-macos', rules=[Rule{action=ALLOW, os=OSRestriction{name=OSX, version='null'}, features=null}], natives=null, extract=null, packed='null'}, Library{name='org.lwjgl:lwjgl:3.3.1:natives-macos-arm64', rules=[Rule{action=ALLOW, os=OSRestriction{name=OSX, version='null'}, features=null}], natives=null, extract=null, packed='null'}, Library{name='org.lwjgl:lwjgl:3.3.1:natives-windows', rules=[Rule{action=ALLOW, os=OSRestriction{name=WINDOWS, version='null'}, features=null}], natives=null, extract=null, packed='null'}, Library{name='org.lwjgl:lwjgl:3.3.1:natives-windows-arm64', rules=[Rule{action=ALLOW, os=OSRestriction{name=WINDOWS, version='null'}, features=null}], natives=null, extract=null, packed='null'}, Library{name='org.lwjgl:lwjgl:3.3.1:natives-windows-x86', rules=[Rule{action=ALLOW, os=OSRestriction{name=WINDOWS, version='null'}, features=null}], natives=null, extract=null, packed='null'}, Library{name='org.slf4j:slf4j-api:2.0.1', rules=null, natives=null, extract=null, packed='null'}]},
remote=PartialVersion{id='1.20.1', time=Thu Sep 07 17:46:18 IST 2023, release=Mon Jun 12 18:55:51 IST 2023, type=release, source=OFFICIAL_VERSION_REPO, list=net.minecraft.launcher.updater.OfficialVersionList@66454f64}, isInstalled=true, hasRemote=true, isUpToDate=true}
[GsonUtil]  request to https://res.tlauncher.org/b/jvm/java_configuration.json
[Launcher] Checking conditions...
[Launcher] resourcepacks:Greenfield.Pack.1.20.zip,Halloween-V1.17.zip,redstone.zip,titanic.zip,Water Reflection.zip
[Launcher] Comparing assets...
[AssetsManager] Checking resources...
[AssetsManager] Reading indexes from file C:\Users\Vicky\AppData\Roaming\.minecraft\assets\indexes\5.json
[AssetsManager] Fast comparing: true
[Launcher] finished comparing assets: 2432 ms.
[TLauncherManager] add required libraries: 1.20.1
[VersionManager] Required for version 1.20.1: []
[TLauncherManager] add required libraries: 1.20.1
used default java runtime
Minecraft requires java version: 17, java path: C:\Users\Vicky\AppData\Roaming\.minecraft\runtime\java-runtime-gamma\windows\java-runtime-gamma\bin\javaw.exe
library will be replaced: com.mojang:authlib:4.0.43 -> org.tlauncher:authlib:4.0.43.1
library will be replaced: com.mojang:patchy:2.2.10 -> org.tlauncher:patchy:2.2.10
[TLauncherManager] library will be added as required: io.github.classgraph:classgraph:4.8.110
[TLauncherManager] library will be added as required: org.ow2.asm:asm:9.1
[TLauncherManager] library will be added as required: org.ow2.asm:asm-commons:9.1
[TLauncherManager] library will be added as required: org.ow2.asm:asm-tree:9.1
[TLauncherManager] library will be added: org.tlauncher:tl_skin_cape_1.20_1.20.1:1.32
[Launcher] Unpacking natives...
[Launcher] Constructing process...
[Launcher] Constructing classpath...
backup world is active: true
[Launcher] Getting Minecraft arguments...
[Launcher] Full command: C:\Users\Vicky\AppData\Roaming\.minecraft\runtime\java-runtime-gamma\windows\java-runtime-gamma\bin\javaw.exe -Dos.name=Windows 10 -Dos.version=10.0 -XX:HeapDumpPath=MojangTricksIntelDriversForPerformance_javaw.exe_minecraft.exe.heapdump -Xss1M -Djava.library.path=C:\Users\Vicky\AppData\Roaming\.minecraft\versions\1.20.1\natives -Djna.tmpdir=C:\Users\Vicky\AppData\Roaming\.minecraft\versions\1.20.1\natives -Dorg.lwjgl.system.SharedLibraryExtractPath=C:\Users\Vicky\AppData\Roaming\.minecraft\versions\1.20.1\natives -Dio.netty.native.workdir=C:\Users\Vicky\AppData\Roaming\.minecraft\versions\1.20.1\natives -Dminecraft.launcher.brand=minecraft-launcher -Dminecraft.launcher.version=2.3.173 -cp C:\Users\Vicky\AppData\Roaming\.minecraft\libraries\org\tlauncher\tl_skin_cape_1.20_1.20.1\1.32\tl_skin_cape_1.20_1.20.1-1.32.jar;C:\Users\Vicky\AppData\Roaming\.minecraft\libraries\org\ow2\asm\asm-tree\9.1\asm-tree-9.1.jar;C:\Users\Vicky\AppData\Roaming\.minecraft\libraries\org\ow2\asm\asm-commons\9.1\asm-commons-9.1.jar;C:\Users\Vicky\AppData\Roaming\.minecraft\libraries\org\ow2\asm\asm\9.1\asm-9.1.jar;C:\Users\Vicky\AppData\Roaming\.minecraft\libraries\io\github\classgraph\classgraph\4.8.110\classgraph-4.8.110.jar;C:\Users\Vicky\AppData\Roaming\.minecraft\libraries\com\github\oshi\oshi-core\6.2.2\oshi-core-6.2.2.jar;C:\Users\Vicky\AppData\Roaming\.minecraft\libraries\com\google\code\gson\gson\2.10\gson-2.10.jar;C:\Users\Vicky\AppData\Roaming\.minecraft\libraries\com\google\guava\failureaccess\1.0.1\failureaccess-1.0.1.jar;C:\Users\Vicky\AppData\Roaming\.minecraft\libraries\com\google\guava\guava\31.1-jre\guava-31.1-jre.jar;C:\Users\Vicky\AppData\Roaming\.minecraft\libraries\com\ibm\icu\icu4j\71.1\icu4j-71.1.jar;C:\Users\Vicky\AppData\Roaming\.minecraft\libraries\org\tlauncher\authlib\4.0.43.1\authlib-4.0.43.1.jar;C:\Users\Vicky\AppData\Roaming\.minecraft\libraries\com\mojang\blocklist\1.0.10\blocklist-1.0.10.jar;C:\Users\Vicky\AppData\Roaming\.minecraft\libraries\com\mojang\brigadier\1.1.8\brigadier-1.1.8.jar;C:\Users\Vicky\AppData\Roaming\.minecraft\libraries\com\mojang\datafixerupper\6.0.8\datafixerupper-6.0.8.jar;C:\Users\Vicky\AppData\Roaming\.minecraft\libraries\com\mojang\logging\1.1.1\logging-1.1.1.jar;C:\Users\Vicky\AppData\Roaming\.minecraft\libraries\org\tlauncher\patchy\2.2.10\patchy-2.2.10.jar;C:\Users\Vicky\AppData\Roaming\.minecraft\libraries\com\mojang\text2speech\1.17.9\text2speech-1.17.9.jar;C:\Users\Vicky\AppData\Roaming\.minecraft\libraries\commons-codec\commons-codec\1.15\commons-codec-1.15.jar;C:\Users\Vicky\AppData\Roaming\.minecraft\libraries\commons-io\commons-io\2.11.0\commons-io-2.11.0.jar;C:\Users\Vicky\AppData\Roaming\.minecraft\libraries\commons-logging\commons-logging\1.2\commons-logging-1.2.jar;C:\Users\Vicky\AppData\Roaming\.minecraft\libraries\io\netty\netty-buffer\4.1.82.Final\netty-buffer-4.1.82.Final.jar;C:\Users\Vicky\AppData\Roaming\.minecraft\libraries\io\netty\netty-codec\4.1.82.Final\netty-codec-4.1.82.Final.jar;C:\Users\Vicky\AppData\Roaming\.minecraft\libraries\io\netty\netty-common\4.1.82.Final\netty-common-4.1.82.Final.jar;C:\Users\Vicky\AppData\Roaming\.minecraft\libraries\io\netty\netty-handler\4.1.82.Final\netty-handler-4.1.82.Final.jar;C:\Users\Vicky\AppData\Roaming\.minecraft\libraries\io\netty\netty-resolver\4.1.82.Final\netty-resolver-4.1.82.Final.jar;C:\Users\Vicky\AppData\Roaming\.minecraft\libraries\io\netty\netty-transport-classes-epoll\4.1.82.Final\netty-transport-classes-epoll-4.1.82.Final.jar;C:\Users\Vicky\AppData\Roaming\.minecraft\libraries\io\netty\netty-transport-native-unix-common\4.1.82.Final\netty-transport-native-unix-common-4.1.82.Final.jar;C:\Users\Vicky\AppData\Roaming\.minecraft\libraries\io\netty\netty-transport\4.1.82.Final\netty-transport-4.1.82.Final.jar;C:\Users\Vicky\AppData\Roaming\.minecraft\libraries\it\unimi\dsi\fastutil\8.5.9\fastutil-8.5.9.jar;C:\Users\Vicky\AppData\Roaming\.minecraft\libraries\net\java\dev\jna\jna-platform\5.12.1\jna-platform-5.12.1.jar;C:\Users\Vicky\AppData\Roaming\.minecraft\libraries\net\java\dev\jna\jna\5.12.1\jna-5.12.1.jar;C:\Users\Vicky\AppData\Roaming\.minecraft\libraries\net\sf\jopt-simple\jopt-simple\5.0.4\jopt-simple-5.0.4.jar;C:\Users\Vicky\AppData\Roaming\.minecraft\libraries\org\apache\commons\commons-compress\1.21\commons-compress-1.21.jar;C:\Users\Vicky\AppData\Roaming\.minecraft\libraries\org\apache\commons\commons-lang3\3.12.0\commons-lang3-3.12.0.jar;C:\Users\Vicky\AppData\Roaming\.minecraft\libraries\org\apache\httpcomponents\httpclient\4.5.13\httpclient-4.5.13.jar;C:\Users\Vicky\AppData\Roaming\.minecraft\libraries\org\apache\httpcomponents\httpcore\4.4.15\httpcore-4.4.15.jar;C:\Users\Vicky\AppData\Roaming\.minecraft\libraries\org\apache\logging\log4j\log4j-api\2.19.0\log4j-api-2.19.0.jar;C:\Users\Vicky\AppData\Roaming\.minecraft\libraries\org\apache\logging\log4j\log4j-core\2.19.0\log4j-core-2.19.0.jar;C:\Users\Vicky\AppData\Roaming\.minecraft\libraries\org\apache\logging\log4j\log4j-slf4j2-impl\2.19.0\log4j-slf4j2-impl-2.19.0.jar;C:\Users\Vicky\AppData\Roaming\.minecraft\libraries\org\joml\joml\1.10.5\joml-1.10.5.jar;C:\Users\Vicky\AppData\Roaming\.minecraft\libraries\org\lwjgl\lwjgl-glfw\3.3.1\lwjgl-glfw-3.3.1.jar;C:\Users\Vicky\AppData\Roaming\.minecraft\libraries\org\lwjgl\lwjgl-glfw\3.3.1\lwjgl-glfw-3.3.1-natives-windows.jar;C:\Users\Vicky\AppData\Roaming\.minecraft\libraries\org\lwjgl\lwjgl-glfw\3.3.1\lwjgl-glfw-3.3.1-natives-windows-arm64.jar;C:\Users\Vicky\AppData\Roaming\.minecraft\libraries\org\lwjgl\lwjgl-glfw\3.3.1\lwjgl-glfw-3.3.1-natives-windows-x86.jar;C:\Users\Vicky\AppData\Roaming\.minecraft\libraries\org\lwjgl\lwjgl-jemalloc\3.3.1\lwjgl-jemalloc-3.3.1.jar;C:\Users\Vicky\AppData\Roaming\.minecraft\libraries\org\lwjgl\lwjgl-jemalloc\3.3.1\lwjgl-jemalloc-3.3.1-natives-windows.jar;C:\Users\Vicky\AppData\Roaming\.minecraft\libraries\org\lwjgl\lwjgl-jemalloc\3.3.1\lwjgl-jemalloc-3.3.1-natives-windows-arm64.jar;C:\Users\Vicky\AppData\Roaming\.minecraft\libraries\org\lwjgl\lwjgl-jemalloc\3.3.1\lwjgl-jemalloc-3.3.1-natives-windows-x86.jar;C:\Users\Vicky\AppData\Roaming\.minecraft\libraries\org\lwjgl\lwjgl-openal\3.3.1\lwjgl-openal-3.3.1.jar;C:\Users\Vicky\AppData\Roaming\.minecraft\libraries\org\lwjgl\lwjgl-openal\3.3.1\lwjgl-openal-3.3.1-natives-windows.jar;C:\Users\Vicky\AppData\Roaming\.minecraft\libraries\org\lwjgl\lwjgl-openal\3.3.1\lwjgl-openal-3.3.1-natives-windows-arm64.jar;C:\Users\Vicky\AppData\Roaming\.minecraft\libraries\org\lwjgl\lwjgl-openal\3.3.1\lwjgl-openal-3.3.1-natives-windows-x86.jar;C:\Users\Vicky\AppData\Roaming\.minecraft\libraries\org\lwjgl\lwjgl-opengl\3.3.1\lwjgl-opengl-3.3.1.jar;C:\Users\Vicky\AppData\Roaming\.minecraft\libraries\org\lwjgl\lwjgl-opengl\3.3.1\lwjgl-opengl-3.3.1-natives-windows.jar;C:\Users\Vicky\AppData\Roaming\.minecraft\libraries\org\lwjgl\lwjgl-opengl\3.3.1\lwjgl-opengl-3.3.1-natives-windows-arm64.jar;C:\Users\Vicky\AppData\Roaming\.minecraft\libraries\org\lwjgl\lwjgl-opengl\3.3.1\lwjgl-opengl-3.3.1-natives-windows-x86.jar;C:\Users\Vicky\AppData\Roaming\.minecraft\libraries\org\lwjgl\lwjgl-stb\3.3.1\lwjgl-stb-3.3.1.jar;C:\Users\Vicky\AppData\Roaming\.minecraft\libraries\org\lwjgl\lwjgl-stb\3.3.1\lwjgl-stb-3.3.1-natives-windows.jar;C:\Users\Vicky\AppData\Roaming\.minecraft\libraries\org\lwjgl\lwjgl-stb\3.3.1\lwjgl-stb-3.3.1-natives-windows-arm64.jar;C:\Users\Vicky\AppData\Roaming\.minecraft\libraries\org\lwjgl\lwjgl-stb\3.3.1\lwjgl-stb-3.3.1-natives-windows-x86.jar;C:\Users\Vicky\AppData\Roaming\.minecraft\libraries\org\lwjgl\lwjgl-tinyfd\3.3.1\lwjgl-tinyfd-3.3.1.jar;C:\Users\Vicky\AppData\Roaming\.minecraft\libraries\org\lwjgl\lwjgl-tinyfd\3.3.1\lwjgl-tinyfd-3.3.1-natives-windows.jar;C:\Users\Vicky\AppData\Roaming\.minecraft\libraries\org\lwjgl\lwjgl-tinyfd\3.3.1\lwjgl-tinyfd-3.3.1-natives-windows-arm64.jar;C:\Users\Vicky\AppData\Roaming\.minecraft\libraries\org\lwjgl\lwjgl-tinyfd\3.3.1\lwjgl-tinyfd-3.3.1-natives-windows-x86.jar;C:\Users\Vicky\AppData\Roaming\.minecraft\libraries\org\lwjgl\lwjgl\3.3.1\lwjgl-3.3.1.jar;C:\Users\Vicky\AppData\Roaming\.minecraft\libraries\org\lwjgl\lwjgl\3.3.1\lwjgl-3.3.1-natives-windows.jar;C:\Users\Vicky\AppData\Roaming\.minecraft\libraries\org\lwjgl\lwjgl\3.3.1\lwjgl-3.3.1-natives-windows-arm64.jar;C:\Users\Vicky\AppData\Roaming\.minecraft\libraries\org\lwjgl\lwjgl\3.3.1\lwjgl-3.3.1-natives-windows-x86.jar;C:\Users\Vicky\AppData\Roaming\.minecraft\libraries\org\slf4j\slf4j-api\2.0.1\slf4j-api-2.0.1.jar;C:\Users\Vicky\AppData\Roaming\.minecraft\versions\1.20.1\1.20.1.jar --add-exports jdk.naming.dns/com.sun.jndi.dns=java.naming -Xmx3000M -XX:+UnlockExperimentalVMOptions -XX:+UseG1GC -XX:G1NewSizePercent=20 -XX:G1ReservePercent=20 -XX:MaxGCPauseMillis=50 -XX:G1HeapRegionSize=32M -Dfml.ignoreInvalidMinecraftCertificates=true -Dfml.ignorePatchDiscrepancies=true -Djava.net.preferIPv4Stack=true -Dminecraft.applet.TargetDirectory=C:\Users\Vicky\AppData\Roaming\.minecraft -Dlog4j.configurationFile=C:\Users\Vicky\AppData\Roaming\.minecraft\assets\log_configs\client-1.12.xml net.minecraft.launchwrapper.Launch --username Vicky --version 1.20.1 --gameDir C:\Users\Vicky\AppData\Roaming\.minecraft --assetsDir C:\Users\Vicky\AppData\Roaming\.minecraft\assets --assetIndex 5 --uuid 91d519811e5844279199ef1e67a09b70 --accessToken null --clientId null --xuid null --userType mojang --versionType release --width 925 --height 530 --tweakClass org.tlauncher.tweaker.Tweaker
[Launcher] Launching Minecraft...
I'm hiding!
[TLauncherManager] mods after 
[InnerMinecraftServersImpl]  search changers of the servers
read servers from servers.dat [Server(name=Minecraft Server, address=top.twerion.net, ip=top.twerion.net, port=null, hideAddress=false, acceptTextures=0), Server(name=Minecraft Server, address=play.ragnarockmc.in, ip=play.ragnarockmc.in, port=null, hideAddress=false, acceptTextures=0), Server(name=Minecraft Server, address=bwhub.net, ip=bwhub.net, port=null, hideAddress=false, acceptTextures=0), Server(name=Minecraft Server, address=as.azerithmc.com, ip=as.azerithmc.com, port=null, hideAddress=false, acceptTextures=0), Server(name=Minecraft Server, address=play.endermc.fun, ip=play.endermc.fun, port=null, hideAddress=false, acceptTextures=0), Server(name=Minecraft Server, address=jenominers.de, ip=jenominers.de, port=null, hideAddress=false, acceptTextures=0), Server(name=Minecraft Server, address=play.fourleafsea.xyz, ip=play.fourleafsea.xyz, port=null, hideAddress=false, acceptTextures=0), Server(name=Minecraft Server, address=play.wondercraft.fun, ip=play.wondercraft.fun, port=null, hideAddress=false, acceptTextures=0), Server(name=Minecraft Server, address=play.exoticnetwork.in, ip=play.exoticnetwork.in, port=null, hideAddress=false, acceptTextures=0), Server(name=Minecraft Server, address=play.minetop.fun, ip=play.minetop.fun, port=null, hideAddress=false, acceptTextures=0), Server(name=Minecraft Server, address=tms.chickencraft.nl, ip=tms.chickencraft.nl, port=null, hideAddress=false, acceptTextures=0), Server(name=Minecraft Server, address=nationsglory.com, ip=nationsglory.com, port=null, hideAddress=false, acceptTextures=0), Server(name=Minecraft Server, address=top.ultimis.net, ip=top.ultimis.net, port=null, hideAddress=false, acceptTextures=0), Server(name=Minecraft Server, address=herobrine.org, ip=herobrine.org, port=null, hideAddress=false, acceptTextures=0), Server(name=Minecraft Server, address=armamc.com, ip=armamc.com, port=null, hideAddress=false, acceptTextures=0), Server(name=Minecraft Server, address=127.0.0.1, ip=127.0.0.1, port=null, hideAddress=false, acceptTextures=0)]
[InnerMinecraftServersImpl]  prepare inner servers
save servers to servers.dat
[Launcher] Game skin type: TLAUNCHER
[Launcher] Starting Minecraft 1.20.1...
[Launcher] Launching in: C:\Users\Vicky\AppData\Roaming\.minecraft
Starting garbage collector: 62 / 391 MB
Garbage collector completed: 44 / 434 MB
[Launcher] Processing post-launch actions. Assist launch: true
===============================================================================================
[11:50:24] [main/INFO]: Loading tweak class name org.tlauncher.tweaker.Tweaker
[11:50:26] [main/INFO]: Using primary tweak class name org.tlauncher.tweaker.Tweaker
[11:50:26] [main/INFO]: Calling tweak class org.tlauncher.tweaker.Tweaker
Log Path: C:\Users\Vicky\AppData\Roaming\.minecraft\.\tlLoader\Tweaker.log
[main INFO] Using Tweaker
[main INFO] Tweaker: acceptOptions
[main INFO] Tweaker: injectIntoClassLoader
[Injection] Injection Class Transformer started
[TLSkinCape] Current TLSkinCape version is 1.32
[TLSkinCape] Current Minecraft version is 1.20.
[main INFO] Loaded as a library.
[Injection] Injection into euw ended successfully with 1 injections.
[Injection] Injection into fiv ended successfully with 1 injections.
2023-09-08 11:50:08,337 main WARN Error parsing URI C:\Users\Vicky\AppData\Roaming\.minecraft\assets\log_configs\client-1.12.xml
[main INFO] Tweaker: getLaunchArguments
[main INFO] Tweaker: getLaunchTarget
[Injection] Injection into net.minecraft.client.main.Main ended successfully with 1 injections.
[11:50:63] [main/INFO]: Launching wrapped minecraft [net.minecraft.client.main.Main]
[Injection] Injection into enn ended successfully with 1 injections.
[11:50:65] [Datafixer Bootstrap/INFO]: 188 Datafixer optimizations took 924 milliseconds
[11:50:42] [Render thread/INFO]: Environment: authHost='https://authserver.mojang.com', accountsHost='https://api.mojang.com', sessionHost='https://sessionserver.mojang.com', servicesHost='https://api.minecraftservices.com', name='PROD'
[11:50:34] [Render thread/ERROR]: Failed to verify authentication
com.mojang.authlib.exceptions.InvalidCredentialsException: Status: 401
	at com.mojang.authlib.exceptions.MinecraftClientHttpException.toAuthenticationException(MinecraftClientHttpException.java:56)
	at com.mojang.authlib.yggdrasil.YggdrasilUserApiService.fetchProperties(YggdrasilUserApiService.java:147)
	at com.mojang.authlib.yggdrasil.YggdrasilUserApiService.<init>(YggdrasilUserApiService.java:63)
	at com.mojang.authlib.yggdrasil.YggdrasilAuthenticationService.createUserApiService(YggdrasilAuthenticationService.java:124)
	at enn.a(SourceFile:733)
	at enn.<init>(SourceFile:442)
	at net.minecraft.client.main.Main.main(SourceFile:211)
	at java.base/jdk.internal.reflect.NativeMethodAccessorImpl.invoke0(Native Method)
	at java.base/jdk.internal.reflect.NativeMethodAccessorImpl.invoke(NativeMethodAccessorImpl.java:77)
	at java.base/jdk.internal.reflect.DelegatingMethodAccessorImpl.invoke(DelegatingMethodAccessorImpl.java:43)
	at java.base/java.lang.reflect.Method.invoke(Method.java:568)
	at net.minecraft.launchwrapper.Launch.launch(Launch.java:136)
	at net.minecraft.launchwrapper.Launch.main(Launch.java:31)
Caused by: MinecraftClientHttpException[type=HTTP_ERROR, status=401, response=ErrorResponse[path='/player/attributes', error='null', details=null, errorMessage='null']]
	at com.mojang.authlib.minecraft.client.MinecraftClient.readInputStream(MinecraftClient.java:85)
	at com.mojang.authlib.minecraft.client.MinecraftClient.get(MinecraftClient.java:48)
	at com.mojang.authlib.yggdrasil.YggdrasilUserApiService.fetchProperties(YggdrasilUserApiService.java:122)
	... 11 more

[11:50:38] [Render thread/INFO]: Setting user: Vicky
[11:50:66] [Render thread/INFO]: Backend library: LWJGL version 3.3.1 build 7
[11:50:00] [Render thread/WARN]: Missing metadata in pack file/Halloween-V1.17.zip
[11:50:72] [Render thread/INFO]: Reloading ResourceManager: vanilla, file/redstone.zip
[11:50:04] [Worker-Main-4/INFO]: Found unifont_all_no_pua-15.0.06.hex, loading
[11:50:35] [Realms Notification Availability checker #1/INFO]: Could not authorize you against Realms server: Invalid session id
[11:50:93] [Worker-Main-7/WARN]: Missing textures in model minecraft:hopper#enabled=false,facing=east:
    minecraft:textures/atlas/blocks.png:minecraft:break/hopper
[11:50:93] [Worker-Main-7/WARN]: Missing textures in model minecraft:hopper#enabled=false,facing=north:
    minecraft:textures/atlas/blocks.png:minecraft:break/hopper
[11:50:93] [Worker-Main-7/WARN]: Missing textures in model minecraft:hopper#enabled=true,facing=south:
    minecraft:textures/atlas/blocks.png:minecraft:break/hopper
[11:50:93] [Worker-Main-7/WARN]: Missing textures in model minecraft:hopper#enabled=true,facing=down:
    minecraft:textures/atlas/blocks.png:minecraft:break/hopper
[11:50:93] [Worker-Main-7/WARN]: Missing textures in model minecraft:hopper#enabled=true,facing=west:
    minecraft:textures/atlas/blocks.png:minecraft:break/hopper
[11:50:08] [Render thread/WARN]: Missing sound for event: minecraft:item.goat_horn.play
[11:50:08] [Render thread/WARN]: Missing sound for event: minecraft:entity.goat.screaming.horn_break
[11:50:31] [Render thread/INFO]: OpenAL initialized on device OpenAL Soft on Headphones (Airdopes 141)
[11:50:32] [Render thread/INFO]: Sound engine started
[11:50:50] [Render thread/INFO]: Created: 1024x512x4 minecraft:textures/atlas/blocks.png-atlas
[11:50:52] [Render thread/INFO]: Created: 256x256x4 minecraft:textures/atlas/signs.png-atlas
[11:50:52] [Render thread/INFO]: Created: 512x512x4 minecraft:textures/atlas/shield_patterns.png-atlas
[11:50:52] [Render thread/INFO]: Created: 512x512x4 minecraft:textures/atlas/banner_patterns.png-atlas
[11:50:53] [Render thread/INFO]: Created: 1024x1024x4 minecraft:textures/atlas/armor_trims.png-atlas
[11:50:54] [Render thread/INFO]: Created: 128x64x4 minecraft:textures/atlas/decorated_pot.png-atlas
[11:50:54] [Render thread/INFO]: Created: 256x256x4 minecraft:textures/atlas/chest.png-atlas
[11:50:54] [Render thread/INFO]: Created: 512x256x4 minecraft:textures/atlas/shulker_boxes.png-atlas
[11:50:54] [Render thread/INFO]: Created: 512x256x4 minecraft:textures/atlas/beds.png-atlas
[Injection] Injection into fck ended successfully with 1 injections.
[11:50:12] [Render thread/WARN]: Shader rendertype_entity_translucent_emissive could not find sampler named Sampler2 in the specified shader program.
[11:50:24] [Render thread/INFO]: Created: 256x256x0 minecraft:textures/atlas/particles.png-atlas
[11:50:24] [Render thread/INFO]: Created: 256x256x0 minecraft:textures/atlas/paintings.png-atlas
[11:50:24] [Render thread/INFO]: Created: 128x128x0 minecraft:textures/atlas/mob_effects.png-atlas
[11:50:99] [Worker-Main-1/ERROR]: Exception reading C:\Users\Vicky\AppData\Roaming\.minecraft\saves\Android World\level.dat
java.util.zip.ZipException: Not in GZIP format
	at java.base/java.util.zip.GZIPInputStream.readHeader(GZIPInputStream.java:165)
	at java.base/java.util.zip.GZIPInputStream.<init>(GZIPInputStream.java:79)
	at java.base/java.util.zip.GZIPInputStream.<init>(GZIPInputStream.java:91)
	at rb.b(SourceFile:31)
	at rb.a(SourceFile:47)
	at rb.a(SourceFile:42)
	at dyy.c(SourceFile:340)
	at dyy.a(SourceFile:297)
	at dyy.a(SourceFile:234)
	at dyy.a(SourceFile:195)
	at java.base/java.util.concurrent.CompletableFuture$AsyncSupply.run(CompletableFuture.java:1768)
	at java.base/java.util.concurrent.CompletableFuture$AsyncSupply.exec(CompletableFuture.java:1760)
	at java.base/java.util.concurrent.ForkJoinTask.doExec(ForkJoinTask.java:373)
	at java.base/java.util.concurrent.ForkJoinPool$WorkQueue.topLevelExec(ForkJoinPool.java:1182)
	at java.base/java.util.concurrent.ForkJoinPool.scan(ForkJoinPool.java:1655)
	at java.base/java.util.concurrent.ForkJoinPool.runWorker(ForkJoinPool.java:1622)
	at java.base/java.util.concurrent.ForkJoinWorkerThread.run(ForkJoinWorkerThread.java:165)

[11:50:04] [Worker-Main-1/ERROR]: Exception reading C:\Users\Vicky\AppData\Roaming\.minecraft\saves\Android World\level.dat_old
java.util.zip.ZipException: Not in GZIP format
	at java.base/java.util.zip.GZIPInputStream.readHeader(GZIPInputStream.java:165)
	at java.base/java.util.zip.GZIPInputStream.<init>(GZIPInputStream.java:79)
	at java.base/java.util.zip.GZIPInputStream.<init>(GZIPInputStream.java:91)
	at rb.b(SourceFile:31)
	at rb.a(SourceFile:47)
	at rb.a(SourceFile:42)
	at dyy.c(SourceFile:340)
	at dyy.a(SourceFile:297)
	at dyy.a(SourceFile:242)
	at dyy.a(SourceFile:195)
	at java.base/java.util.concurrent.CompletableFuture$AsyncSupply.run(CompletableFuture.java:1768)
	at java.base/java.util.concurrent.CompletableFuture$AsyncSupply.exec(CompletableFuture.java:1760)
	at java.base/java.util.concurrent.ForkJoinTask.doExec(ForkJoinTask.java:373)
	at java.base/java.util.concurrent.ForkJoinPool$WorkQueue.topLevelExec(ForkJoinPool.java:1182)
	at java.base/java.util.concurrent.ForkJoinPool.scan(ForkJoinPool.java:1655)
	at java.base/java.util.concurrent.ForkJoinPool.runWorker(ForkJoinPool.java:1622)
	at java.base/java.util.concurrent.ForkJoinWorkerThread.run(ForkJoinWorkerThread.java:165)

[11:56:73] [Render thread/INFO]: Loaded 7 recipes
[11:56:96] [Render thread/INFO]: Loaded 1271 advancements
[11:56:87] [Server thread/INFO]: Starting integrated minecraft server version 1.20.1
[11:56:88] [Server thread/INFO]: Generating keypair
[11:56:36] [Server thread/INFO]: Preparing start region for dimension minecraft:overworld
[11:56:39] [Render thread/INFO]: Preparing spawn area: 0%
[11:56:39] [Render thread/INFO]: Preparing spawn area: 0%
[11:56:39] [Render thread/INFO]: Preparing spawn area: 0%
[11:56:39] [Render thread/INFO]: Preparing spawn area: 0%
[11:56:39] [Render thread/INFO]: Preparing spawn area: 0%
[11:56:39] [Render thread/INFO]: Preparing spawn area: 0%
[11:56:39] [Render thread/INFO]: Preparing spawn area: 0%
[11:56:39] [Render thread/INFO]: Preparing spawn area: 0%
[11:56:39] [Render thread/INFO]: Preparing spawn area: 0%
[11:56:39] [Render thread/INFO]: Preparing spawn area: 0%
[11:56:39] [Render thread/INFO]: Preparing spawn area: 0%
[11:56:39] [Render thread/INFO]: Preparing spawn area: 0%
[11:56:39] [Render thread/INFO]: Preparing spawn area: 0%
[11:56:39] [Render thread/INFO]: Preparing spawn area: 0%
[11:56:39] [Render thread/INFO]: Preparing spawn area: 0%
[11:56:87] [Render thread/INFO]: Preparing spawn area: 0%
[11:56:54] [Render thread/INFO]: Preparing spawn area: 0%
[11:56:54] [Render thread/INFO]: Preparing spawn area: 0%
[11:56:54] [Render thread/INFO]: Preparing spawn area: 0%
[11:56:54] [Render thread/INFO]: Preparing spawn area: 0%
[11:56:54] [Render thread/INFO]: Preparing spawn area: 0%
[11:56:54] [Render thread/INFO]: Preparing spawn area: 0%
[11:56:54] [Render thread/INFO]: Preparing spawn area: 0%
[11:56:54] [Render thread/INFO]: Preparing spawn area: 0%
[11:56:54] [Render thread/INFO]: Preparing spawn area: 0%
[11:56:06] [Render thread/INFO]: Preparing spawn area: 4%
[11:56:37] [Render thread/INFO]: Preparing spawn area: 8%
[11:56:87] [Render thread/INFO]: Preparing spawn area: 9%
[11:56:38] [Render thread/INFO]: Preparing spawn area: 10%
[11:56:90] [Render thread/INFO]: Preparing spawn area: 16%
[11:56:43] [Render thread/INFO]: Preparing spawn area: 16%
[11:56:98] [Render thread/INFO]: Preparing spawn area: 23%
[11:56:42] [Render thread/INFO]: Preparing spawn area: 27%
[11:56:88] [Render thread/INFO]: Preparing spawn area: 28%
[11:56:43] [Render thread/INFO]: Preparing spawn area: 32%
[11:56:88] [Render thread/INFO]: Preparing spawn area: 33%
[11:56:37] [Render thread/INFO]: Preparing spawn area: 36%
[11:56:03] [Render thread/INFO]: Preparing spawn area: 36%
[11:56:41] [Render thread/INFO]: Preparing spawn area: 37%
[11:56:88] [Render thread/INFO]: Preparing spawn area: 43%
[11:56:60] [Render thread/INFO]: Preparing spawn area: 53%
[11:56:88] [Render thread/INFO]: Preparing spawn area: 53%
[11:56:37] [Render thread/INFO]: Preparing spawn area: 57%
[11:56:93] [Render thread/INFO]: Preparing spawn area: 57%
[11:56:39] [Render thread/INFO]: Preparing spawn area: 57%
[11:56:90] [Render thread/INFO]: Preparing spawn area: 68%
[11:56:38] [Render thread/INFO]: Preparing spawn area: 69%
[11:56:88] [Render thread/INFO]: Preparing spawn area: 70%
[11:56:61] [Render thread/INFO]: Preparing spawn area: 70%
[11:56:91] [Render thread/INFO]: Preparing spawn area: 76%
[11:56:40] [Render thread/INFO]: Preparing spawn area: 82%
[11:56:90] [Render thread/INFO]: Preparing spawn area: 84%
[11:56:42] [Render thread/INFO]: Preparing spawn area: 86%
[11:56:87] [Render thread/INFO]: Preparing spawn area: 86%
[11:56:38] [Render thread/INFO]: Time elapsed: 27011 ms
[11:56:68] [Server thread/INFO]: Changing view distance to 12, from 10
[11:56:69] [Server thread/INFO]: Changing simulation distance to 12, from 0
[11:56:41] [Server thread/INFO]: Vicky[local:E:09ff0179] logged in with entity id 194 at (114.71552361841586, 61.519966992330396, 178.95700537076513)
[11:56:65] [Server thread/INFO]: Vicky joined the game
[11:56:58] [Server thread/WARN]: Can't keep up! Is the server overloaded? Running 2362ms or 47 ticks behind
[11:56:98] [Render thread/INFO]: Loaded 78 advancements
[11:57:17] [Render thread/WARN]: Unable to play empty soundEvent: minecraft:entity.cod.ambient
[11:57:68] [Render thread/WARN]: Unable to play empty soundEvent: minecraft:entity.tropical_fish.ambient
[11:57:65] [Server thread/WARN]: Can't keep up! Is the server overloaded? Running 5083ms or 101 ticks behind
[11:57:19] [Server thread/WARN]: Can't keep up! Is the server overloaded? Running 4574ms or 91 ticks behind
[12:01:34] [Server thread/INFO]: Villager byb['Villager'/61, l='ServerLevel[Cool Village]', x=116.41, y=62.51, z=98.32] died, message: 'Villager was shot by Pillager'
[12:01:36] [Render thread/INFO]: Villager byb['Villager'/61, l='ClientLevel', x=116.40, y=62.52, z=98.22] died, message: 'Villager died'
[12:02:79] [Render thread/WARN]: Unable to play empty soundEvent: minecraft:entity.puffer_fish.ambient
[12:02:79] [Server thread/INFO]: Villager byb['Villager'/437, l='ServerLevel[Cool Village]', x=152.40, y=62.94, z=122.70] died, message: 'Villager was shot by Pillager'
[12:02:80] [Render thread/INFO]: Villager byb['Villager'/437, l='ClientLevel', x=152.26, y=62.94, z=122.70] died, message: 'Villager died'
[12:07:32] [Server thread/INFO]: Saving and pausing game...
[12:07:34] [Server thread/INFO]: Saving chunks for level 'ServerLevel[Cool Village]'/minecraft:overworld
[12:07:36] [Server thread/INFO]: Saving chunks for level 'ServerLevel[Cool Village]'/minecraft:the_end
[12:07:36] [Server thread/INFO]: Saving chunks for level 'ServerLevel[Cool Village]'/minecraft:the_nether
[12:07:19] [Server thread/INFO]: Vicky lost connection: Disconnected
[12:07:19] [Server thread/INFO]: Vicky left the game
[12:07:21] [Server thread/INFO]: Stopping singleplayer server as player logged out
[12:07:22] [Server thread/INFO]: Stopping server
[12:07:22] [Server thread/INFO]: Saving players
[12:07:23] [Server thread/INFO]: Saving worlds
[12:07:12] [Server thread/INFO]: Saving chunks for level 'ServerLevel[Cool Village]'/minecraft:overworld
[12:07:94] [Server thread/INFO]: Saving chunks for level 'ServerLevel[Cool Village]'/minecraft:the_end
[12:07:94] [Server thread/INFO]: Saving chunks for level 'ServerLevel[Cool Village]'/minecraft:the_nether
[12:07:96] [Server thread/INFO]: ThreadedAnvilChunkStorage (Cool Village): All chunks are saved
[12:07:96] [Server thread/INFO]: ThreadedAnvilChunkStorage (DIM1): All chunks are saved
[12:07:96] [Server thread/INFO]: ThreadedAnvilChunkStorage (DIM-1): All chunks are saved
[12:07:96] [Server thread/INFO]: ThreadedAnvilChunkStorage: All dimensions are saved
[12:11:14] [Worker-Main-10/ERROR]: Exception reading C:\Users\Vicky\AppData\Roaming\.minecraft\saves\Android World\level.dat
java.util.zip.ZipException: Not in GZIP format
	at java.base/java.util.zip.GZIPInputStream.readHeader(GZIPInputStream.java:165)
	at java.base/java.util.zip.GZIPInputStream.<init>(GZIPInputStream.java:79)
	at java.base/java.util.zip.GZIPInputStream.<init>(GZIPInputStream.java:91)
	at rb.b(SourceFile:31)
	at rb.a(SourceFile:47)
	at rb.a(SourceFile:42)
	at dyy.c(SourceFile:340)
	at dyy.a(SourceFile:297)
	at dyy.a(SourceFile:234)
	at dyy.a(SourceFile:195)
	at java.base/java.util.concurrent.CompletableFuture$AsyncSupply.run(CompletableFuture.java:1768)
	at java.base/java.util.concurrent.CompletableFuture$AsyncSupply.exec(CompletableFuture.java:1760)
	at java.base/java.util.concurrent.ForkJoinTask.doExec(ForkJoinTask.java:373)
	at java.base/java.util.concurrent.ForkJoinPool$WorkQueue.topLevelExec(ForkJoinPool.java:1182)
	at java.base/java.util.concurrent.ForkJoinPool.scan(ForkJoinPool.java:1655)
	at java.base/java.util.concurrent.ForkJoinPool.runWorker(ForkJoinPool.java:1622)
	at java.base/java.util.concurrent.ForkJoinWorkerThread.run(ForkJoinWorkerThread.java:165)

[12:11:14] [Worker-Main-10/ERROR]: Exception reading C:\Users\Vicky\AppData\Roaming\.minecraft\saves\Android World\level.dat_old
java.util.zip.ZipException: Not in GZIP format
	at java.base/java.util.zip.GZIPInputStream.readHeader(GZIPInputStream.java:165)
	at java.base/java.util.zip.GZIPInputStream.<init>(GZIPInputStream.java:79)
	at java.base/java.util.zip.GZIPInputStream.<init>(GZIPInputStream.java:91)
	at rb.b(SourceFile:31)
	at rb.a(SourceFile:47)
	at rb.a(SourceFile:42)
	at dyy.c(SourceFile:340)
	at dyy.a(SourceFile:297)
	at dyy.a(SourceFile:242)
	at dyy.a(SourceFile:195)
	at java.base/java.util.concurrent.CompletableFuture$AsyncSupply.run(CompletableFuture.java:1768)
	at java.base/java.util.concurrent.CompletableFuture$AsyncSupply.exec(CompletableFuture.java:1760)
	at java.base/java.util.concurrent.ForkJoinTask.doExec(ForkJoinTask.java:373)
	at java.base/java.util.concurrent.ForkJoinPool$WorkQueue.topLevelExec(ForkJoinPool.java:1182)
	at java.base/java.util.concurrent.ForkJoinPool.scan(ForkJoinPool.java:1655)
	at java.base/java.util.concurrent.ForkJoinPool.runWorker(ForkJoinPool.java:1622)
	at java.base/java.util.concurrent.ForkJoinWorkerThread.run(ForkJoinWorkerThread.java:165)

[12:11:07] [Render thread/INFO]: Loaded 7 recipes
[12:11:14] [Render thread/INFO]: Loaded 1271 advancements
[12:11:71] [Server thread/INFO]: Starting integrated minecraft server version 1.20.1
[12:11:71] [Server thread/INFO]: Generating keypair
[12:11:45] [Server thread/INFO]: Preparing start region for dimension minecraft:overworld
[12:11:62] [Render thread/INFO]: Preparing spawn area: 0%
[12:11:62] [Render thread/INFO]: Preparing spawn area: 0%
[12:11:67] [Render thread/INFO]: Preparing spawn area: 0%
[12:11:67] [Render thread/INFO]: Preparing spawn area: 0%
[12:11:67] [Render thread/INFO]: Preparing spawn area: 0%
[12:11:96] [Render thread/INFO]: Preparing spawn area: 0%
[12:11:48] [Render thread/INFO]: Preparing spawn area: 0%
[12:11:04] [Render thread/INFO]: Preparing spawn area: 0%
[12:11:47] [Render thread/INFO]: Preparing spawn area: 0%
[12:11:13] [Render thread/INFO]: Preparing spawn area: 0%
[12:11:49] [Render thread/INFO]: Preparing spawn area: 0%
[12:11:96] [Render thread/INFO]: Preparing spawn area: 21%
[12:12:46] [Render thread/INFO]: Preparing spawn area: 43%
[12:12:96] [Render thread/INFO]: Preparing spawn area: 77%
[12:12:23] [Render thread/INFO]: Time elapsed: 6777 ms
[12:12:26] [Server thread/INFO]: Changing view distance to 12, from 10
[12:12:26] [Server thread/INFO]: Changing simulation distance to 12, from 0
[12:12:46] [Server thread/INFO]: Vicky[local:E:53783b32] logged in with entity id 6031 at (12.424168643725606, 88.0, 20.30000001192093)
[12:12:50] [Server thread/INFO]: Vicky joined the game
[12:12:90] [Render thread/INFO]: Loaded 78 advancements
[12:12:21] [Server thread/INFO]: Villager byb['Villager'/6223, l='ServerLevel[Cool Village]', x=141.52, y=-162.46, z=152.43] died, message: 'Villager fell out of the world'
[12:12:20] [Server thread/INFO]: Villager byb['Villager'/6248, l='ServerLevel[Cool Village]', x=156.70, y=-163.90, z=133.30] died, message: 'Villager fell out of the world'
[12:12:50] [Server thread/INFO]: Villager byb['Villager'/6258, l='ServerLevel[Cool Village]', x=143.69, y=-196.93, z=168.24] died, message: 'Villager fell out of the world'
[12:12:60] [Server thread/INFO]: Villager byb['Nitwit'/6222, l='ServerLevel[Cool Village]', x=140.87, y=-268.42, z=150.05] died, message: 'Nitwit fell out of the world'
[12:12:60] [Server thread/INFO]: Villager byb['Villager'/6224, l='ServerLevel[Cool Village]', x=142.36, y=-268.42, z=158.64] died, message: 'Villager fell out of the world'
[12:12:75] [Server thread/INFO]: Villager byb['Villager'/6267, l='ServerLevel[Cool Village]', x=150.51, y=-196.93, z=170.93] died, message: 'Villager fell out of the world'
[12:12:84] [Server thread/INFO]: Villager byb['Villager'/5973, l='ServerLevel[Cool Village]', x=143.64, y=-269.71, z=116.51] died, message: 'Villager fell out of the world'
[12:12:99] [Server thread/INFO]: Villager byb['Villager'/6259, l='ServerLevel[Cool Village]', x=140.52, y=-232.39, z=169.55] died, message: 'Villager fell out of the world'
[12:12:99] [Server thread/INFO]: Villager byb['Villager'/6260, l='ServerLevel[Cool Village]', x=142.83, y=-232.33, z=160.57] died, message: 'Villager fell out of the world'
[12:12:19] [Server thread/INFO]: Villager byb['Nitwit'/6255, l='ServerLevel[Cool Village]', x=151.08, y=-232.33, z=159.95] died, message: 'Nitwit fell out of the world'
[12:12:20] [Server thread/INFO]: Villager byb['Villager'/6257, l='ServerLevel[Cool Village]', x=145.48, y=-232.33, z=151.53] died, message: 'Villager fell out of the world'
[12:12:24] [Server thread/INFO]: Villager byb['Nitwit'/6270, l='ServerLevel[Cool Village]', x=146.81, y=-232.33, z=160.82] died, message: 'Nitwit fell out of the world'
[12:12:49] [Server thread/INFO]: Villager byb['Villager'/6261, l='ServerLevel[Cool Village]', x=141.14, y=-268.42, z=162.23] died, message: 'Villager fell out of the world'
[12:12:69] [Server thread/INFO]: Villager byb['Villager'/6250, l='ServerLevel[Cool Village]', x=155.99, y=-270.06, z=133.68] died, message: 'Villager fell out of the world'
[12:12:69] [Server thread/INFO]: Villager byb['Villager'/6251, l='ServerLevel[Cool Village]', x=146.40, y=-270.06, z=139.70] died, message: 'Villager fell out of the world'
[12:12:69] [Server thread/INFO]: Villager byb['Villager'/6252, l='ServerLevel[Cool Village]', x=145.49, y=-268.42, z=152.57] died, message: 'Villager fell out of the world'
[12:12:69] [Server thread/INFO]: Villager byb['Villager'/6253, l='ServerLevel[Cool Village]', x=145.44, y=-268.42, z=148.11] died, message: 'Villager fell out of the world'
[12:12:69] [Server thread/INFO]: Villager byb['Villager'/6254, l='ServerLevel[Cool Village]', x=150.65, y=-268.48, z=156.29] died, message: 'Villager fell out of the world'
[12:12:75] [Server thread/INFO]: Villager byb['Villager'/6256, l='ServerLevel[Cool Village]', x=145.39, y=-270.08, z=144.78] died, message: 'Villager fell out of the world'
[12:12:75] [Server thread/INFO]: Villager byb['Villager'/6263, l='ServerLevel[Cool Village]', x=147.50, y=-268.42, z=162.92] died, message: 'Villager fell out of the world'
[12:12:75] [Server thread/INFO]: Villager byb['Villager'/6266, l='ServerLevel[Cool Village]', x=146.60, y=-268.42, z=166.90] died, message: 'Villager fell out of the world'
[12:12:76] [Server thread/INFO]: Villager byb['Villager'/6268, l='ServerLevel[Cool Village]', x=144.26, y=-268.48, z=169.81] died, message: 'Villager fell out of the world'
[12:12:76] [Server thread/INFO]: Villager byb['Villager'/6269, l='ServerLevel[Cool Village]', x=148.38, y=-268.48, z=166.61] died, message: 'Villager fell out of the world'
[12:12:80] [Server thread/INFO]: Villager byb['Villager'/6262, l='ServerLevel[Cool Village]', x=149.30, y=-270.06, z=174.58] died, message: 'Villager fell out of the world'
[12:12:80] [Server thread/INFO]: Villager byb['Villager'/6264, l='ServerLevel[Cool Village]', x=149.40, y=-270.06, z=173.81] died, message: 'Villager fell out of the world'
[12:12:84] [Render thread/INFO]: Loaded 78 advancements
[12:12:80] [Server thread/INFO]: Villager byb['Villager'/6892, l='ServerLevel[Cool Village]', x=186.58, y=-270.06, z=115.30] died, message: 'Villager fell out of the world'
[12:15:68] [Server thread/INFO]: Saving and pausing game...
[12:15:71] [Server thread/INFO]: Saving chunks for level 'ServerLevel[Cool Village]'/minecraft:overworld
[12:15:73] [Server thread/INFO]: Saving chunks for level 'ServerLevel[Cool Village]'/minecraft:the_end
[12:15:73] [Server thread/INFO]: Saving chunks for level 'ServerLevel[Cool Village]'/minecraft:the_nether
[12:17:48] [Server thread/INFO]: Saving and pausing game...
[12:17:51] [Server thread/INFO]: Saving chunks for level 'ServerLevel[Cool Village]'/minecraft:overworld
[12:17:52] [Server thread/INFO]: Saving chunks for level 'ServerLevel[Cool Village]'/minecraft:the_end
[12:17:53] [Server thread/INFO]: Saving chunks for level 'ServerLevel[Cool Village]'/minecraft:the_nether
[12:18:28] [Server thread/INFO]: Saving and pausing game...
[12:18:31] [Server thread/INFO]: Saving chunks for level 'ServerLevel[Cool Village]'/minecraft:overworld
[12:18:32] [Server thread/INFO]: Saving chunks for level 'ServerLevel[Cool Village]'/minecraft:the_end
[12:18:32] [Server thread/INFO]: Saving chunks for level 'ServerLevel[Cool Village]'/minecraft:the_nether
[12:19:53] [Server thread/INFO]: Saving and pausing game...
[12:19:55] [Server thread/INFO]: Saving chunks for level 'ServerLevel[Cool Village]'/minecraft:overworld
[12:19:57] [Server thread/INFO]: Saving chunks for level 'ServerLevel[Cool Village]'/minecraft:the_end
[12:19:57] [Server thread/INFO]: Saving chunks for level 'ServerLevel[Cool Village]'/minecraft:the_nether
[12:27:07] [Render thread/INFO]: calculated cape performance:TEXTURE_272, middle time: 3.8333333333333335
[12:27:74] [Render thread/INFO]: textures 'elitra_test_272' was added, skin: false,cape: true, max waiting: 17 ,during : 2240709 
[12:27:74] [Render thread/INFO]: can use texture size:TEXTURE_136, middle time: 11.4
[12:29:98] [Server thread/INFO]: Saving and pausing game...
[12:29:01] [Server thread/INFO]: Saving chunks for level 'ServerLevel[Cool Village]'/minecraft:overworld
[12:29:02] [Server thread/INFO]: Saving chunks for level 'ServerLevel[Cool Village]'/minecraft:the_end
[12:29:02] [Server thread/INFO]: Saving chunks for level 'ServerLevel[Cool Village]'/minecraft:the_nether
[12:30:74] [Server thread/INFO]: Vicky lost connection: Disconnected
[12:30:74] [Server thread/INFO]: Vicky left the game
[12:30:76] [Server thread/INFO]: Stopping singleplayer server as player logged out
[12:30:79] [Server thread/INFO]: Stopping server
[12:30:79] [Server thread/INFO]: Saving players
[12:30:79] [Server thread/INFO]: Saving worlds
[12:30:25] [Server thread/INFO]: Saving chunks for level 'ServerLevel[Cool Village]'/minecraft:overworld
[12:30:77] [Server thread/INFO]: Saving chunks for level 'ServerLevel[Cool Village]'/minecraft:the_end
[12:30:77] [Server thread/INFO]: Saving chunks for level 'ServerLevel[Cool Village]'/minecraft:the_nether
[12:30:78] [Server thread/INFO]: ThreadedAnvilChunkStorage (Cool Village): All chunks are saved
[12:30:78] [Server thread/INFO]: ThreadedAnvilChunkStorage (DIM1): All chunks are saved
[12:30:78] [Server thread/INFO]: ThreadedAnvilChunkStorage (DIM-1): All chunks are saved
[12:30:78] [Server thread/INFO]: ThreadedAnvilChunkStorage: All dimensions are saved
[12:30:21] [Worker-Main-13/ERROR]: Exception reading C:\Users\Vicky\AppData\Roaming\.minecraft\saves\Android World\level.dat
java.util.zip.ZipException: Not in GZIP format
	at java.base/java.util.zip.GZIPInputStream.readHeader(GZIPInputStream.java:165)
	at java.base/java.util.zip.GZIPInputStream.<init>(GZIPInputStream.java:79)
	at java.base/java.util.zip.GZIPInputStream.<init>(GZIPInputStream.java:91)
	at rb.b(SourceFile:31)
	at rb.a(SourceFile:47)
	at rb.a(SourceFile:42)
	at dyy.c(SourceFile:340)
	at dyy.a(SourceFile:297)
	at dyy.a(SourceFile:234)
	at dyy.a(SourceFile:195)
	at java.base/java.util.concurrent.CompletableFuture$AsyncSupply.run(CompletableFuture.java:1768)
	at java.base/java.util.concurrent.CompletableFuture$AsyncSupply.exec(CompletableFuture.java:1760)
	at java.base/java.util.concurrent.ForkJoinTask.doExec(ForkJoinTask.java:373)
	at java.base/java.util.concurrent.ForkJoinPool$WorkQueue.topLevelExec(ForkJoinPool.java:1182)
	at java.base/java.util.concurrent.ForkJoinPool.scan(ForkJoinPool.java:1655)
	at java.base/java.util.concurrent.ForkJoinPool.runWorker(ForkJoinPool.java:1622)
	at java.base/java.util.concurrent.ForkJoinWorkerThread.run(ForkJoinWorkerThread.java:165)

[12:30:22] [Worker-Main-13/ERROR]: Exception reading C:\Users\Vicky\AppData\Roaming\.minecraft\saves\Android World\level.dat_old
java.util.zip.ZipException: Not in GZIP format
	at java.base/java.util.zip.GZIPInputStream.readHeader(GZIPInputStream.java:165)
	at java.base/java.util.zip.GZIPInputStream.<init>(GZIPInputStream.java:79)
	at java.base/java.util.zip.GZIPInputStream.<init>(GZIPInputStream.java:91)
	at rb.b(SourceFile:31)
	at rb.a(SourceFile:47)
	at rb.a(SourceFile:42)
	at dyy.c(SourceFile:340)
	at dyy.a(SourceFile:297)
	at dyy.a(SourceFile:242)
	at dyy.a(SourceFile:195)
	at java.base/java.util.concurrent.CompletableFuture$AsyncSupply.run(CompletableFuture.java:1768)
	at java.base/java.util.concurrent.CompletableFuture$AsyncSupply.exec(CompletableFuture.java:1760)
	at java.base/java.util.concurrent.ForkJoinTask.doExec(ForkJoinTask.java:373)
	at java.base/java.util.concurrent.ForkJoinPool$WorkQueue.topLevelExec(ForkJoinPool.java:1182)
	at java.base/java.util.concurrent.ForkJoinPool.scan(ForkJoinPool.java:1655)
	at java.base/java.util.concurrent.ForkJoinPool.runWorker(ForkJoinPool.java:1622)
	at java.base/java.util.concurrent.ForkJoinWorkerThread.run(ForkJoinWorkerThread.java:165)

[12:30:91] [Render thread/INFO]: Loaded 7 recipes
[12:30:94] [Render thread/INFO]: Loaded 1271 advancements
[12:30:59] [Server thread/INFO]: Starting integrated minecraft server version 1.20.1
[12:30:59] [Server thread/INFO]: Generating keypair
[12:30:12] [Server thread/INFO]: Preparing start region for dimension minecraft:overworld
[12:30:43] [Render thread/INFO]: Preparing spawn area: 0%
[12:30:63] [Render thread/INFO]: Preparing spawn area: 0%
[12:30:64] [Render thread/INFO]: Preparing spawn area: 0%
[12:30:64] [Render thread/INFO]: Preparing spawn area: 0%
[12:30:13] [Render thread/INFO]: Preparing spawn area: 0%
[12:30:12] [Render thread/INFO]: Preparing spawn area: 0%
[12:30:12] [Render thread/INFO]: Preparing spawn area: 0%
[12:30:12] [Render thread/INFO]: Preparing spawn area: 0%
[12:30:14] [Render thread/INFO]: Preparing spawn area: 0%
[12:30:19] [Render thread/INFO]: Preparing spawn area: 0%
[12:30:19] [Render thread/INFO]: Preparing spawn area: 0%
[12:30:19] [Render thread/INFO]: Preparing spawn area: 0%
[12:30:19] [Render thread/INFO]: Preparing spawn area: 0%
[12:30:65] [Render thread/INFO]: Preparing spawn area: 8%
[12:30:15] [Render thread/INFO]: Preparing spawn area: 14%
[12:30:63] [Render thread/INFO]: Preparing spawn area: 21%
[12:30:31] [Render thread/INFO]: Preparing spawn area: 21%
[12:30:72] [Render thread/INFO]: Preparing spawn area: 25%
[12:30:14] [Render thread/INFO]: Preparing spawn area: 25%
[12:30:66] [Render thread/INFO]: Preparing spawn area: 34%
[12:30:13] [Render thread/INFO]: Preparing spawn area: 42%
[12:30:64] [Render thread/INFO]: Preparing spawn area: 53%
[12:30:14] [Render thread/INFO]: Preparing spawn area: 55%
[12:30:63] [Render thread/INFO]: Preparing spawn area: 67%
[12:30:14] [Render thread/INFO]: Preparing spawn area: 70%
[12:30:64] [Render thread/INFO]: Preparing spawn area: 82%
[12:30:14] [Render thread/INFO]: Preparing spawn area: 91%
[12:30:64] [Render thread/INFO]: Preparing spawn area: 98%
[12:30:87] [Render thread/INFO]: Time elapsed: 13743 ms
[12:30:88] [Server thread/INFO]: Changing view distance to 12, from 10
[12:30:88] [Server thread/INFO]: Changing simulation distance to 12, from 0
[12:30:99] [Server thread/INFO]: Vicky[local:E:7a8946e4] logged in with entity id 13857 at (102.57784357919446, 59.11519565996487, 30.226092329907672)
[12:30:01] [Server thread/INFO]: Vicky joined the game
[12:30:37] [Render thread/INFO]: Loaded 78 advancements
[12:31:17] [Server thread/INFO]: Saving and pausing game...
[12:31:19] [Server thread/INFO]: Saving chunks for level 'ServerLevel[Cool Village]'/minecraft:overworld
[12:31:20] [Server thread/INFO]: Saving chunks for level 'ServerLevel[Cool Village]'/minecraft:the_end
[12:31:20] [Server thread/INFO]: Saving chunks for level 'ServerLevel[Cool Village]'/minecraft:the_nether
[12:32:39] [Server thread/INFO]: Vicky lost connection: Disconnected
[12:32:39] [Server thread/INFO]: Vicky left the game
[12:32:41] [Server thread/INFO]: Stopping singleplayer server as player logged out
[12:32:42] [Server thread/INFO]: Stopping server
[12:32:42] [Server thread/INFO]: Saving players
[12:32:42] [Server thread/INFO]: Saving worlds
[12:32:80] [Server thread/INFO]: Saving chunks for level 'ServerLevel[Cool Village]'/minecraft:overworld
[12:32:49] [Server thread/INFO]: Saving chunks for level 'ServerLevel[Cool Village]'/minecraft:the_end
[12:32:49] [Server thread/INFO]: Saving chunks for level 'ServerLevel[Cool Village]'/minecraft:the_nether
[12:32:51] [Server thread/INFO]: ThreadedAnvilChunkStorage (Cool Village): All chunks are saved
[12:32:51] [Server thread/INFO]: ThreadedAnvilChunkStorage (DIM1): All chunks are saved
[12:32:51] [Server thread/INFO]: ThreadedAnvilChunkStorage (DIM-1): All chunks are saved
[12:32:51] [Server thread/INFO]: ThreadedAnvilChunkStorage: All dimensions are saved
[12:32:25] [Render thread/INFO]: Stopping!
Here I am!
[VersionManager] Refreshing versions locally...
[VersionManager] Versions has been refreshed (74 ms)
[Launcher] Launcher exited.
[Launcher] Minecraft closed with exit code: 0
Good bye!
[Double running] clear time label
[TLauncherManager] before clearLibrary 
[TLauncherManager] written:  []
[TLauncherManager] after clearLibrary 
flush now
