[Loading] INITIALIZING
Starting TLauncher 2.89 RELEASE
For more information, visit https://tlauncher.org/
Startup time: 31 Aug, 2023 6:55:57 PM
Running folder C:\Users\Vicky\AppData\Roaming\.minecraft
---
[Loading] LOADING_CONFIGURATION
Machine info: -------------------------------------------------------
Windows 10 10.0, Java 1.8.0_281, jvm bit x64, 8001 MB RAM
java path=C:\Users\Vicky\AppData\Roaming\.tlauncher\jvms\jre1.8.0_281\bin\javaw.exe
AMD Ryzen 5 3550H with Radeon Vega Mobile Gfx
 AMD Radeon(TM) Vega 8 Graphics, AMD Radeon Graphics Processor (0x15D8), 4113 MB, NVIDIA GeForce GTX 1650, NVIDIA GeForce GTX 1650, 7949 MB
-------------------------------------------------------
Selected locale: en
[Loading] LOADING_CONSOLE
[Downloader2] Loaded configuration: good
[Updater] Requesting an update...
[Updater] Requesting from: https://repo.tlauncher.org/update/lch/release_update_2.3.json
[Updater] Making request: https://repo.tlauncher.org/update/lch/release_update_2.3.json?version=2.89&client=f2d004ad-49e4-438b-9a85-cae4170ae3d1
[Updater] Request time: 1042 ms
[Updater] Successfully requested from: https://repo.tlauncher.org/update/lch/release_update_2.3.json
[Browser] Loading resources...
[Browser] Cleaning up after loading:
Starting garbage collector: 47 / 108 MB
Garbage collector completed: 21 / 152 MB
[Loading] LOADING_MANAGERS
[LocalVersionList] Base directory: C:\Users\Vicky\AppData\Roaming\.minecraft
[ProfileManager] Refreshing profiles from: C:\Users\Vicky\AppData\Roaming\.minecraft\TlauncherProfiles.json
[AdvertisingStatusObserver]  started to get ad information
[GsonUtil]  request to https://repo.tlauncher.org/update/downloads/libraries/org/tlauncher/authlib/libraries-1.7.json
[AdvertisingStatusObserver]  finished to get add information
save profiles
[Loading] LOADING_WINDOW
[Swing] Favicons loaded: 256px, 128px, 96px, 64px, 48px, 32px, 24px, 16px
[Loading] PREPARING_MAINPANE
[REPO][SERVER_LIST_REPO] Success: Reached the repo in 306 ms.
[JFXStartPageLoader]  start load page: https://page.tlauncher.org/update/downloads/configs/pages/index_en.html
[Browser] Running in JavaFX Thread
[Browser] Preparing JavaFX...
[Browser] Initializing...
[JFXStartPageLoader]  succeeded load page: https://page.tlauncher.org/update/downloads/configs/pages/index_en.html during 1
[Browser@1277256447] Loaded successfully: "https://page.tlauncher.org/update/downloads/configs/pages/index_en.html"
[Browser] add listens into server_choose
[Browser] finished listens into server_choose
[Downloader2] Loaded configuration: good
[Loading] POSTINIT_GUI
[Frame] Packing main frame...
[Frame] Resizing main pane...
Updater is already closed. Showing up...
Visibility set.
[Loading] REFRESHING_INFO
[VersionManager] Refreshing versions remotely...
[REPO][EXTRA_VERSION_REPO] Attempt #1; timeout: 30000 ms; url: https://repo.tlauncher.org/update/downloads/versions/new5/
Started! (21580 ms.)
[Loading] SUCCESS
[TLauncher] show tlauncher!!!
[REPO][EXTRA_VERSION_REPO] Success: Reached the repo in 534 ms.
[REPO][EXTRA_VERSION_REPO] Attempt #1; timeout: 30000 ms; url: https://repo.tlauncher.org/update/downloads/versions/new5/
[REPO][SKIN_VERSION_REPO] Attempt #1; timeout: 30000 ms; url: https://repo.tlauncher.org/update/downloads/versions/new5/skin/versions/
[REPO][OFFICIAL_VERSION_REPO] Attempt #1; timeout: 30000 ms; url: https://launchermeta.mojang.com/mc/game/
[REPO][EXTRA_VERSION_REPO] Success: Reached the repo in 153 ms.
[REPO][SKIN_VERSION_REPO] Success: Reached the repo in 240 ms.
[REPO][OFFICIAL_VERSION_REPO] Success: Reached the repo in 299 ms.
[SkinVersionList] Got in 335 ms
[ExtraVersionList] Got in 490 ms
[OfficialVersionList] Got in 1121 ms
[VersionManager] Versions has been refreshed (1463 ms)
[REPO][ADD_HOT_SERVERS_REPO] Attempt #1; timeout: 30000 ms; url: https://repo.tlauncher.org/update/lch/additional_hot_servers-1.0.json
[REPO][HOT_SERVERS_REPO] Attempt #1; timeout: 30000 ms; url: https://repo.tlauncher.org/update/lch/servers/hot_servers-1.0.json
[REPO][ADD_HOT_SERVERS_REPO] Success: Reached the repo in 77 ms.
[REPO][HOT_SERVERS_REPO] Success: Reached the repo in 119 ms.
run server on  37842
[Double running] clear time label
AccountComboBox.validte pre game launch username Account{skinType=TLAUNCHER, displayName=imvickykumar999, userid=c48adad9ff484785a2308b4897b05b78, uuid=c48adad9ff484785a2308b4897b05b78, username=imvickykumar999} FREE
onAuthPassed
saved account Account{skinType=TLAUNCHER, displayName=imvickykumar999, userid=c48adad9ff484785a2308b4897b05b78, uuid=c48adad9ff484785a2308b4897b05b78, username=imvickykumar999}
save profiles
[LoginForm] Login was OK. Trying to launch now.
[Launcher] Running under TLauncher 2.89
[Launcher] Collecting info...
[TLauncherManager] before clearLibrary 
[TLauncherManager] written:  []
[TLauncherManager] after clearLibrary 
[Launcher] Force update: false
[Launcher] Selected version: latest-release
[Launcher] Selected account: Account{skinType=TLAUNCHER, displayName=imvickykumar999, userid=c48adad9ff484785a2308b4897b05b78, uuid=c48adad9ff484785a2308b4897b05b78, username=imvickykumar999}
[Launcher] Version sync info: VersionSyncInfo{id='1.20.1',
local=CompleteVersion{id='1.20.1', time=Mon Jun 12 18:55:51 IST 2023, release=Mon Jun 12 18:55:51 IST 2023, type=release, class=net.minecraft.client.main.Main, minimumVersion=21, assets='5', source=LOCAL_VERSION_REPO, list=net.minecraft.launcher.updater.OfficialVersionList@f69a2cc, libraries=[Library{name='ca.weblite:java-objc-bridge:1.1', rules=[Rule{action=ALLOW, os=OSRestriction{name=OSX, version='null'}, features=null}], natives=null, extract=null, packed='null'}, Library{name='com.github.oshi:oshi-core:6.2.2', rules=null, natives=null, extract=null, packed='null'}, Library{name='com.google.code.gson:gson:2.10', rules=null, natives=null, extract=null, packed='null'}, Library{name='com.google.guava:failureaccess:1.0.1', rules=null, natives=null, extract=null, packed='null'}, Library{name='com.google.guava:guava:31.1-jre', rules=null, natives=null, extract=null, packed='null'}, Library{name='com.ibm.icu:icu4j:71.1', rules=null, natives=null, extract=null, packed='null'}, Library{name='com.mojang:authlib:4.0.43', rules=null, natives=null, extract=null, packed='null'}, Library{name='com.mojang:blocklist:1.0.10', rules=null, natives=null, extract=null, packed='null'}, Library{name='com.mojang:brigadier:1.1.8', rules=null, natives=null, extract=null, packed='null'}, Library{name='com.mojang:datafixerupper:6.0.8', rules=null, natives=null, extract=null, packed='null'}, Library{name='com.mojang:logging:1.1.1', rules=null, natives=null, extract=null, packed='null'}, Library{name='com.mojang:patchy:2.2.10', rules=null, natives=null, extract=null, packed='null'}, Library{name='com.mojang:text2speech:1.17.9', rules=null, natives=null, extract=null, packed='null'}, Library{name='commons-codec:commons-codec:1.15', rules=null, natives=null, extract=null, packed='null'}, Library{name='commons-io:commons-io:2.11.0', rules=null, natives=null, extract=null, packed='null'}, Library{name='commons-logging:commons-logging:1.2', rules=null, natives=null, extract=null, packed='null'}, Library{name='io.netty:netty-buffer:4.1.82.Final', rules=null, natives=null, extract=null, packed='null'}, Library{name='io.netty:netty-codec:4.1.82.Final', rules=null, natives=null, extract=null, packed='null'}, Library{name='io.netty:netty-common:4.1.82.Final', rules=null, natives=null, extract=null, packed='null'}, Library{name='io.netty:netty-handler:4.1.82.Final', rules=null, natives=null, extract=null, packed='null'}, Library{name='io.netty:netty-resolver:4.1.82.Final', rules=null, natives=null, extract=null, packed='null'}, Library{name='io.netty:netty-transport-classes-epoll:4.1.82.Final', rules=null, natives=null, extract=null, packed='null'}, Library{name='io.netty:netty-transport-native-epoll:4.1.82.Final:linux-aarch_64', rules=[Rule{action=ALLOW, os=OSRestriction{name=LINUX, version='null'}, features=null}], natives=null, extract=null, packed='null'}, Library{name='io.netty:netty-transport-native-epoll:4.1.82.Final:linux-x86_64', rules=[Rule{action=ALLOW, os=OSRestriction{name=LINUX, version='null'}, features=null}], natives=null, extract=null, packed='null'}, Library{name='io.netty:netty-transport-native-unix-common:4.1.82.Final', rules=null, natives=null, extract=null, packed='null'}, Library{name='io.netty:netty-transport:4.1.82.Final', rules=null, natives=null, extract=null, packed='null'}, Library{name='it.unimi.dsi:fastutil:8.5.9', rules=null, natives=null, extract=null, packed='null'}, Library{name='net.java.dev.jna:jna-platform:5.12.1', rules=null, natives=null, extract=null, packed='null'}, Library{name='net.java.dev.jna:jna:5.12.1', rules=null, natives=null, extract=null, packed='null'}, Library{name='net.sf.jopt-simple:jopt-simple:5.0.4', rules=null, natives=null, extract=null, packed='null'}, Library{name='org.apache.commons:commons-compress:1.21', rules=null, natives=null, extract=null, packed='null'}, Library{name='org.apache.commons:commons-lang3:3.12.0', rules=null, natives=null, extract=null, packed='null'}, Library{name='org.apache.httpcomponents:httpclient:4.5.13', rules=null, natives=null, extract=null, packed='null'}, Library{name='org.apache.httpcomponents:httpcore:4.4.15', rules=null, natives=null, extract=null, packed='null'}, Library{name='org.apache.logging.log4j:log4j-api:2.19.0', rules=null, natives=null, extract=null, packed='null'}, Library{name='org.apache.logging.log4j:log4j-core:2.19.0', rules=null, natives=null, extract=null, packed='null'}, Library{name='org.apache.logging.log4j:log4j-slf4j2-impl:2.19.0', rules=null, natives=null, extract=null, packed='null'}, Library{name='org.joml:joml:1.10.5', rules=null, natives=null, extract=null, packed='null'}, Library{name='org.lwjgl:lwjgl-glfw:3.3.1', rules=null, natives=null, extract=null, packed='null'}, Library{name='org.lwjgl:lwjgl-glfw:3.3.1:natives-linux', rules=[Rule{action=ALLOW, os=OSRestriction{name=LINUX, version='null'}, features=null}], natives=null, extract=null, packed='null'}, Library{name='org.lwjgl:lwjgl-glfw:3.3.1:natives-macos', rules=[Rule{action=ALLOW, os=OSRestriction{name=OSX, version='null'}, features=null}], natives=null, extract=null, packed='null'}, Library{name='org.lwjgl:lwjgl-glfw:3.3.1:natives-macos-arm64', rules=[Rule{action=ALLOW, os=OSRestriction{name=OSX, version='null'}, features=null}], natives=null, extract=null, packed='null'}, Library{name='org.lwjgl:lwjgl-glfw:3.3.1:natives-windows', rules=[Rule{action=ALLOW, os=OSRestriction{name=WINDOWS, version='null'}, features=null}], natives=null, extract=null, packed='null'}, Library{name='org.lwjgl:lwjgl-glfw:3.3.1:natives-windows-arm64', rules=[Rule{action=ALLOW, os=OSRestriction{name=WINDOWS, version='null'}, features=null}], natives=null, extract=null, packed='null'}, Library{name='org.lwjgl:lwjgl-glfw:3.3.1:natives-windows-x86', rules=[Rule{action=ALLOW, os=OSRestriction{name=WINDOWS, version='null'}, features=null}], natives=null, extract=null, packed='null'}, Library{name='org.lwjgl:lwjgl-jemalloc:3.3.1', rules=null, natives=null, extract=null, packed='null'}, Library{name='org.lwjgl:lwjgl-jemalloc:3.3.1:natives-linux', rules=[Rule{action=ALLOW, os=OSRestriction{name=LINUX, version='null'}, features=null}], natives=null, extract=null, packed='null'}, Library{name='org.lwjgl:lwjgl-jemalloc:3.3.1:natives-macos', rules=[Rule{action=ALLOW, os=OSRestriction{name=OSX, version='null'}, features=null}], natives=null, extract=null, packed='null'}, Library{name='org.lwjgl:lwjgl-jemalloc:3.3.1:natives-macos-arm64', rules=[Rule{action=ALLOW, os=OSRestriction{name=OSX, version='null'}, features=null}], natives=null, extract=null, packed='null'}, Library{name='org.lwjgl:lwjgl-jemalloc:3.3.1:natives-windows', rules=[Rule{action=ALLOW, os=OSRestriction{name=WINDOWS, version='null'}, features=null}], natives=null, extract=null, packed='null'}, Library{name='org.lwjgl:lwjgl-jemalloc:3.3.1:natives-windows-arm64', rules=[Rule{action=ALLOW, os=OSRestriction{name=WINDOWS, version='null'}, features=null}], natives=null, extract=null, packed='null'}, Library{name='org.lwjgl:lwjgl-jemalloc:3.3.1:natives-windows-x86', rules=[Rule{action=ALLOW, os=OSRestriction{name=WINDOWS, version='null'}, features=null}], natives=null, extract=null, packed='null'}, Library{name='org.lwjgl:lwjgl-openal:3.3.1', rules=null, natives=null, extract=null, packed='null'}, Library{name='org.lwjgl:lwjgl-openal:3.3.1:natives-linux', rules=[Rule{action=ALLOW, os=OSRestriction{name=LINUX, version='null'}, features=null}], natives=null, extract=null, packed='null'}, Library{name='org.lwjgl:lwjgl-openal:3.3.1:natives-macos', rules=[Rule{action=ALLOW, os=OSRestriction{name=OSX, version='null'}, features=null}], natives=null, extract=null, packed='null'}, Library{name='org.lwjgl:lwjgl-openal:3.3.1:natives-macos-arm64', rules=[Rule{action=ALLOW, os=OSRestriction{name=OSX, version='null'}, features=null}], natives=null, extract=null, packed='null'}, Library{name='org.lwjgl:lwjgl-openal:3.3.1:natives-windows', rules=[Rule{action=ALLOW, os=OSRestriction{name=WINDOWS, version='null'}, features=null}], natives=null, extract=null, packed='null'}, Library{name='org.lwjgl:lwjgl-openal:3.3.1:natives-windows-arm64', rules=[Rule{action=ALLOW, os=OSRestriction{name=WINDOWS, version='null'}, features=null}], natives=null, extract=null, packed='null'}, Library{name='org.lwjgl:lwjgl-openal:3.3.1:natives-windows-x86', rules=[Rule{action=ALLOW, os=OSRestriction{name=WINDOWS, version='null'}, features=null}], natives=null, extract=null, packed='null'}, Library{name='org.lwjgl:lwjgl-opengl:3.3.1', rules=null, natives=null, extract=null, packed='null'}, Library{name='org.lwjgl:lwjgl-opengl:3.3.1:natives-linux', rules=[Rule{action=ALLOW, os=OSRestriction{name=LINUX, version='null'}, features=null}], natives=null, extract=null, packed='null'}, Library{name='org.lwjgl:lwjgl-opengl:3.3.1:natives-macos', rules=[Rule{action=ALLOW, os=OSRestriction{name=OSX, version='null'}, features=null}], natives=null, extract=null, packed='null'}, Library{name='org.lwjgl:lwjgl-opengl:3.3.1:natives-macos-arm64', rules=[Rule{action=ALLOW, os=OSRestriction{name=OSX, version='null'}, features=null}], natives=null, extract=null, packed='null'}, Library{name='org.lwjgl:lwjgl-opengl:3.3.1:natives-windows', rules=[Rule{action=ALLOW, os=OSRestriction{name=WINDOWS, version='null'}, features=null}], natives=null, extract=null, packed='null'}, Library{name='org.lwjgl:lwjgl-opengl:3.3.1:natives-windows-arm64', rules=[Rule{action=ALLOW, os=OSRestriction{name=WINDOWS, version='null'}, features=null}], natives=null, extract=null, packed='null'}, Library{name='org.lwjgl:lwjgl-opengl:3.3.1:natives-windows-x86', rules=[Rule{action=ALLOW, os=OSRestriction{name=WINDOWS, version='null'}, features=null}], natives=null, extract=null, packed='null'}, Library{name='org.lwjgl:lwjgl-stb:3.3.1', rules=null, natives=null, extract=null, packed='null'}, Library{name='org.lwjgl:lwjgl-stb:3.3.1:natives-linux', rules=[Rule{action=ALLOW, os=OSRestriction{name=LINUX, version='null'}, features=null}], natives=null, extract=null, packed='null'}, Library{name='org.lwjgl:lwjgl-stb:3.3.1:natives-macos', rules=[Rule{action=ALLOW, os=OSRestriction{name=OSX, version='null'}, features=null}], natives=null, extract=null, packed='null'}, Library{name='org.lwjgl:lwjgl-stb:3.3.1:natives-macos-arm64', rules=[Rule{action=ALLOW, os=OSRestriction{name=OSX, version='null'}, features=null}], natives=null, extract=null, packed='null'}, Library{name='org.lwjgl:lwjgl-stb:3.3.1:natives-windows', rules=[Rule{action=ALLOW, os=OSRestriction{name=WINDOWS, version='null'}, features=null}], natives=null, extract=null, packed='null'}, Library{name='org.lwjgl:lwjgl-stb:3.3.1:natives-windows-arm64', rules=[Rule{action=ALLOW, os=OSRestriction{name=WINDOWS, version='null'}, features=null}], natives=null, extract=null, packed='null'}, Library{name='org.lwjgl:lwjgl-stb:3.3.1:natives-windows-x86', rules=[Rule{action=ALLOW, os=OSRestriction{name=WINDOWS, version='null'}, features=null}], natives=null, extract=null, packed='null'}, Library{name='org.lwjgl:lwjgl-tinyfd:3.3.1', rules=null, natives=null, extract=null, packed='null'}, Library{name='org.lwjgl:lwjgl-tinyfd:3.3.1:natives-linux', rules=[Rule{action=ALLOW, os=OSRestriction{name=LINUX, version='null'}, features=null}], natives=null, extract=null, packed='null'}, Library{name='org.lwjgl:lwjgl-tinyfd:3.3.1:natives-macos', rules=[Rule{action=ALLOW, os=OSRestriction{name=OSX, version='null'}, features=null}], natives=null, extract=null, packed='null'}, Library{name='org.lwjgl:lwjgl-tinyfd:3.3.1:natives-macos-arm64', rules=[Rule{action=ALLOW, os=OSRestriction{name=OSX, version='null'}, features=null}], natives=null, extract=null, packed='null'}, Library{name='org.lwjgl:lwjgl-tinyfd:3.3.1:natives-windows', rules=[Rule{action=ALLOW, os=OSRestriction{name=WINDOWS, version='null'}, features=null}], natives=null, extract=null, packed='null'}, Library{name='org.lwjgl:lwjgl-tinyfd:3.3.1:natives-windows-arm64', rules=[Rule{action=ALLOW, os=OSRestriction{name=WINDOWS, version='null'}, features=null}], natives=null, extract=null, packed='null'}, Library{name='org.lwjgl:lwjgl-tinyfd:3.3.1:natives-windows-x86', rules=[Rule{action=ALLOW, os=OSRestriction{name=WINDOWS, version='null'}, features=null}], natives=null, extract=null, packed='null'}, Library{name='org.lwjgl:lwjgl:3.3.1', rules=null, natives=null, extract=null, packed='null'}, Library{name='org.lwjgl:lwjgl:3.3.1:natives-linux', rules=[Rule{action=ALLOW, os=OSRestriction{name=LINUX, version='null'}, features=null}], natives=null, extract=null, packed='null'}, Library{name='org.lwjgl:lwjgl:3.3.1:natives-macos', rules=[Rule{action=ALLOW, os=OSRestriction{name=OSX, version='null'}, features=null}], natives=null, extract=null, packed='null'}, Library{name='org.lwjgl:lwjgl:3.3.1:natives-macos-arm64', rules=[Rule{action=ALLOW, os=OSRestriction{name=OSX, version='null'}, features=null}], natives=null, extract=null, packed='null'}, Library{name='org.lwjgl:lwjgl:3.3.1:natives-windows', rules=[Rule{action=ALLOW, os=OSRestriction{name=WINDOWS, version='null'}, features=null}], natives=null, extract=null, packed='null'}, Library{name='org.lwjgl:lwjgl:3.3.1:natives-windows-arm64', rules=[Rule{action=ALLOW, os=OSRestriction{name=WINDOWS, version='null'}, features=null}], natives=null, extract=null, packed='null'}, Library{name='org.lwjgl:lwjgl:3.3.1:natives-windows-x86', rules=[Rule{action=ALLOW, os=OSRestriction{name=WINDOWS, version='null'}, features=null}], natives=null, extract=null, packed='null'}, Library{name='org.slf4j:slf4j-api:2.0.1', rules=null, natives=null, extract=null, packed='null'}]},
remote=PartialVersion{id='1.20.1', time=Wed Aug 30 15:37:19 IST 2023, release=Mon Jun 12 18:55:51 IST 2023, type=release, source=OFFICIAL_VERSION_REPO, list=net.minecraft.launcher.updater.OfficialVersionList@f69a2cc}, isInstalled=true, hasRemote=true, isUpToDate=true}
[GsonUtil]  request to https://res.tlauncher.org/b/jvm/java_configuration.json
[Launcher] Checking conditions...
[Launcher] resourcepacks:Greenfield.Pack.1.20.zip,Halloween-V1.17.zip,redstone.zip,titanic.zip,Water Reflection.zip
[Launcher] Comparing assets...
[AssetsManager] Checking resources...
[AssetsManager] Reading indexes from file C:\Users\Vicky\AppData\Roaming\.minecraft\assets\indexes\5.json
[AssetsManager] Fast comparing: true
[Launcher] finished comparing assets: 2468 ms.
[TLauncherManager] add required libraries: 1.20.1
[VersionManager] Required for version 1.20.1: []
[TLauncherManager] add required libraries: 1.20.1
used default java runtime
Minecraft requires java version: 17, java path: C:\Users\Vicky\AppData\Roaming\.minecraft\runtime\java-runtime-gamma\windows\java-runtime-gamma\bin\javaw.exe
library will be replaced: com.mojang:authlib:4.0.43 -> org.tlauncher:authlib:4.0.43.1
library will be replaced: com.mojang:patchy:2.2.10 -> org.tlauncher:patchy:2.2.10
[TLauncherManager] library will be added as required: io.github.classgraph:classgraph:4.8.110
[TLauncherManager] library will be added as required: org.ow2.asm:asm:9.1
[TLauncherManager] library will be added as required: org.ow2.asm:asm-commons:9.1
[TLauncherManager] library will be added as required: org.ow2.asm:asm-tree:9.1
[TLauncherManager] library will be added: org.tlauncher:tl_skin_cape_1.20_1.20.1:1.32
[Launcher] Unpacking natives...
[Launcher] Constructing process...
[Launcher] Constructing classpath...
backup world is active: true
Add new world to backup list: New World
Add new world to backup list: ZW7wZAVgAQA=
backup world: New World
backup world finished: New World
backup world: ZW7wZAVgAQA=
backup world finished: ZW7wZAVgAQA=
[Launcher] Getting Minecraft arguments...
[Launcher] Full command: C:\Users\Vicky\AppData\Roaming\.minecraft\runtime\java-runtime-gamma\windows\java-runtime-gamma\bin\javaw.exe -Dos.name=Windows 10 -Dos.version=10.0 -XX:HeapDumpPath=MojangTricksIntelDriversForPerformance_javaw.exe_minecraft.exe.heapdump -Xss1M -Djava.library.path=C:\Users\Vicky\AppData\Roaming\.minecraft\versions\1.20.1\natives -Djna.tmpdir=C:\Users\Vicky\AppData\Roaming\.minecraft\versions\1.20.1\natives -Dorg.lwjgl.system.SharedLibraryExtractPath=C:\Users\Vicky\AppData\Roaming\.minecraft\versions\1.20.1\natives -Dio.netty.native.workdir=C:\Users\Vicky\AppData\Roaming\.minecraft\versions\1.20.1\natives -Dminecraft.launcher.brand=minecraft-launcher -Dminecraft.launcher.version=2.3.173 -cp C:\Users\Vicky\AppData\Roaming\.minecraft\libraries\org\tlauncher\tl_skin_cape_1.20_1.20.1\1.32\tl_skin_cape_1.20_1.20.1-1.32.jar;C:\Users\Vicky\AppData\Roaming\.minecraft\libraries\org\ow2\asm\asm-tree\9.1\asm-tree-9.1.jar;C:\Users\Vicky\AppData\Roaming\.minecraft\libraries\org\ow2\asm\asm-commons\9.1\asm-commons-9.1.jar;C:\Users\Vicky\AppData\Roaming\.minecraft\libraries\org\ow2\asm\asm\9.1\asm-9.1.jar;C:\Users\Vicky\AppData\Roaming\.minecraft\libraries\io\github\classgraph\classgraph\4.8.110\classgraph-4.8.110.jar;C:\Users\Vicky\AppData\Roaming\.minecraft\libraries\com\github\oshi\oshi-core\6.2.2\oshi-core-6.2.2.jar;C:\Users\Vicky\AppData\Roaming\.minecraft\libraries\com\google\code\gson\gson\2.10\gson-2.10.jar;C:\Users\Vicky\AppData\Roaming\.minecraft\libraries\com\google\guava\failureaccess\1.0.1\failureaccess-1.0.1.jar;C:\Users\Vicky\AppData\Roaming\.minecraft\libraries\com\google\guava\guava\31.1-jre\guava-31.1-jre.jar;C:\Users\Vicky\AppData\Roaming\.minecraft\libraries\com\ibm\icu\icu4j\71.1\icu4j-71.1.jar;C:\Users\Vicky\AppData\Roaming\.minecraft\libraries\org\tlauncher\authlib\4.0.43.1\authlib-4.0.43.1.jar;C:\Users\Vicky\AppData\Roaming\.minecraft\libraries\com\mojang\blocklist\1.0.10\blocklist-1.0.10.jar;C:\Users\Vicky\AppData\Roaming\.minecraft\libraries\com\mojang\brigadier\1.1.8\brigadier-1.1.8.jar;C:\Users\Vicky\AppData\Roaming\.minecraft\libraries\com\mojang\datafixerupper\6.0.8\datafixerupper-6.0.8.jar;C:\Users\Vicky\AppData\Roaming\.minecraft\libraries\com\mojang\logging\1.1.1\logging-1.1.1.jar;C:\Users\Vicky\AppData\Roaming\.minecraft\libraries\org\tlauncher\patchy\2.2.10\patchy-2.2.10.jar;C:\Users\Vicky\AppData\Roaming\.minecraft\libraries\com\mojang\text2speech\1.17.9\text2speech-1.17.9.jar;C:\Users\Vicky\AppData\Roaming\.minecraft\libraries\commons-codec\commons-codec\1.15\commons-codec-1.15.jar;C:\Users\Vicky\AppData\Roaming\.minecraft\libraries\commons-io\commons-io\2.11.0\commons-io-2.11.0.jar;C:\Users\Vicky\AppData\Roaming\.minecraft\libraries\commons-logging\commons-logging\1.2\commons-logging-1.2.jar;C:\Users\Vicky\AppData\Roaming\.minecraft\libraries\io\netty\netty-buffer\4.1.82.Final\netty-buffer-4.1.82.Final.jar;C:\Users\Vicky\AppData\Roaming\.minecraft\libraries\io\netty\netty-codec\4.1.82.Final\netty-codec-4.1.82.Final.jar;C:\Users\Vicky\AppData\Roaming\.minecraft\libraries\io\netty\netty-common\4.1.82.Final\netty-common-4.1.82.Final.jar;C:\Users\Vicky\AppData\Roaming\.minecraft\libraries\io\netty\netty-handler\4.1.82.Final\netty-handler-4.1.82.Final.jar;C:\Users\Vicky\AppData\Roaming\.minecraft\libraries\io\netty\netty-resolver\4.1.82.Final\netty-resolver-4.1.82.Final.jar;C:\Users\Vicky\AppData\Roaming\.minecraft\libraries\io\netty\netty-transport-classes-epoll\4.1.82.Final\netty-transport-classes-epoll-4.1.82.Final.jar;C:\Users\Vicky\AppData\Roaming\.minecraft\libraries\io\netty\netty-transport-native-unix-common\4.1.82.Final\netty-transport-native-unix-common-4.1.82.Final.jar;C:\Users\Vicky\AppData\Roaming\.minecraft\libraries\io\netty\netty-transport\4.1.82.Final\netty-transport-4.1.82.Final.jar;C:\Users\Vicky\AppData\Roaming\.minecraft\libraries\it\unimi\dsi\fastutil\8.5.9\fastutil-8.5.9.jar;C:\Users\Vicky\AppData\Roaming\.minecraft\libraries\net\java\dev\jna\jna-platform\5.12.1\jna-platform-5.12.1.jar;C:\Users\Vicky\AppData\Roaming\.minecraft\libraries\net\java\dev\jna\jna\5.12.1\jna-5.12.1.jar;C:\Users\Vicky\AppData\Roaming\.minecraft\libraries\net\sf\jopt-simple\jopt-simple\5.0.4\jopt-simple-5.0.4.jar;C:\Users\Vicky\AppData\Roaming\.minecraft\libraries\org\apache\commons\commons-compress\1.21\commons-compress-1.21.jar;C:\Users\Vicky\AppData\Roaming\.minecraft\libraries\org\apache\commons\commons-lang3\3.12.0\commons-lang3-3.12.0.jar;C:\Users\Vicky\AppData\Roaming\.minecraft\libraries\org\apache\httpcomponents\httpclient\4.5.13\httpclient-4.5.13.jar;C:\Users\Vicky\AppData\Roaming\.minecraft\libraries\org\apache\httpcomponents\httpcore\4.4.15\httpcore-4.4.15.jar;C:\Users\Vicky\AppData\Roaming\.minecraft\libraries\org\apache\logging\log4j\log4j-api\2.19.0\log4j-api-2.19.0.jar;C:\Users\Vicky\AppData\Roaming\.minecraft\libraries\org\apache\logging\log4j\log4j-core\2.19.0\log4j-core-2.19.0.jar;C:\Users\Vicky\AppData\Roaming\.minecraft\libraries\org\apache\logging\log4j\log4j-slf4j2-impl\2.19.0\log4j-slf4j2-impl-2.19.0.jar;C:\Users\Vicky\AppData\Roaming\.minecraft\libraries\org\joml\joml\1.10.5\joml-1.10.5.jar;C:\Users\Vicky\AppData\Roaming\.minecraft\libraries\org\lwjgl\lwjgl-glfw\3.3.1\lwjgl-glfw-3.3.1.jar;C:\Users\Vicky\AppData\Roaming\.minecraft\libraries\org\lwjgl\lwjgl-glfw\3.3.1\lwjgl-glfw-3.3.1-natives-windows.jar;C:\Users\Vicky\AppData\Roaming\.minecraft\libraries\org\lwjgl\lwjgl-glfw\3.3.1\lwjgl-glfw-3.3.1-natives-windows-arm64.jar;C:\Users\Vicky\AppData\Roaming\.minecraft\libraries\org\lwjgl\lwjgl-glfw\3.3.1\lwjgl-glfw-3.3.1-natives-windows-x86.jar;C:\Users\Vicky\AppData\Roaming\.minecraft\libraries\org\lwjgl\lwjgl-jemalloc\3.3.1\lwjgl-jemalloc-3.3.1.jar;C:\Users\Vicky\AppData\Roaming\.minecraft\libraries\org\lwjgl\lwjgl-jemalloc\3.3.1\lwjgl-jemalloc-3.3.1-natives-windows.jar;C:\Users\Vicky\AppData\Roaming\.minecraft\libraries\org\lwjgl\lwjgl-jemalloc\3.3.1\lwjgl-jemalloc-3.3.1-natives-windows-arm64.jar;C:\Users\Vicky\AppData\Roaming\.minecraft\libraries\org\lwjgl\lwjgl-jemalloc\3.3.1\lwjgl-jemalloc-3.3.1-natives-windows-x86.jar;C:\Users\Vicky\AppData\Roaming\.minecraft\libraries\org\lwjgl\lwjgl-openal\3.3.1\lwjgl-openal-3.3.1.jar;C:\Users\Vicky\AppData\Roaming\.minecraft\libraries\org\lwjgl\lwjgl-openal\3.3.1\lwjgl-openal-3.3.1-natives-windows.jar;C:\Users\Vicky\AppData\Roaming\.minecraft\libraries\org\lwjgl\lwjgl-openal\3.3.1\lwjgl-openal-3.3.1-natives-windows-arm64.jar;C:\Users\Vicky\AppData\Roaming\.minecraft\libraries\org\lwjgl\lwjgl-openal\3.3.1\lwjgl-openal-3.3.1-natives-windows-x86.jar;C:\Users\Vicky\AppData\Roaming\.minecraft\libraries\org\lwjgl\lwjgl-opengl\3.3.1\lwjgl-opengl-3.3.1.jar;C:\Users\Vicky\AppData\Roaming\.minecraft\libraries\org\lwjgl\lwjgl-opengl\3.3.1\lwjgl-opengl-3.3.1-natives-windows.jar;C:\Users\Vicky\AppData\Roaming\.minecraft\libraries\org\lwjgl\lwjgl-opengl\3.3.1\lwjgl-opengl-3.3.1-natives-windows-arm64.jar;C:\Users\Vicky\AppData\Roaming\.minecraft\libraries\org\lwjgl\lwjgl-opengl\3.3.1\lwjgl-opengl-3.3.1-natives-windows-x86.jar;C:\Users\Vicky\AppData\Roaming\.minecraft\libraries\org\lwjgl\lwjgl-stb\3.3.1\lwjgl-stb-3.3.1.jar;C:\Users\Vicky\AppData\Roaming\.minecraft\libraries\org\lwjgl\lwjgl-stb\3.3.1\lwjgl-stb-3.3.1-natives-windows.jar;C:\Users\Vicky\AppData\Roaming\.minecraft\libraries\org\lwjgl\lwjgl-stb\3.3.1\lwjgl-stb-3.3.1-natives-windows-arm64.jar;C:\Users\Vicky\AppData\Roaming\.minecraft\libraries\org\lwjgl\lwjgl-stb\3.3.1\lwjgl-stb-3.3.1-natives-windows-x86.jar;C:\Users\Vicky\AppData\Roaming\.minecraft\libraries\org\lwjgl\lwjgl-tinyfd\3.3.1\lwjgl-tinyfd-3.3.1.jar;C:\Users\Vicky\AppData\Roaming\.minecraft\libraries\org\lwjgl\lwjgl-tinyfd\3.3.1\lwjgl-tinyfd-3.3.1-natives-windows.jar;C:\Users\Vicky\AppData\Roaming\.minecraft\libraries\org\lwjgl\lwjgl-tinyfd\3.3.1\lwjgl-tinyfd-3.3.1-natives-windows-arm64.jar;C:\Users\Vicky\AppData\Roaming\.minecraft\libraries\org\lwjgl\lwjgl-tinyfd\3.3.1\lwjgl-tinyfd-3.3.1-natives-windows-x86.jar;C:\Users\Vicky\AppData\Roaming\.minecraft\libraries\org\lwjgl\lwjgl\3.3.1\lwjgl-3.3.1.jar;C:\Users\Vicky\AppData\Roaming\.minecraft\libraries\org\lwjgl\lwjgl\3.3.1\lwjgl-3.3.1-natives-windows.jar;C:\Users\Vicky\AppData\Roaming\.minecraft\libraries\org\lwjgl\lwjgl\3.3.1\lwjgl-3.3.1-natives-windows-arm64.jar;C:\Users\Vicky\AppData\Roaming\.minecraft\libraries\org\lwjgl\lwjgl\3.3.1\lwjgl-3.3.1-natives-windows-x86.jar;C:\Users\Vicky\AppData\Roaming\.minecraft\libraries\org\slf4j\slf4j-api\2.0.1\slf4j-api-2.0.1.jar;C:\Users\Vicky\AppData\Roaming\.minecraft\versions\1.20.1\1.20.1.jar --add-exports jdk.naming.dns/com.sun.jndi.dns=java.naming -Xmx3000M -XX:+UnlockExperimentalVMOptions -XX:+UseG1GC -XX:G1NewSizePercent=20 -XX:G1ReservePercent=20 -XX:MaxGCPauseMillis=50 -XX:G1HeapRegionSize=32M -Dfml.ignoreInvalidMinecraftCertificates=true -Dfml.ignorePatchDiscrepancies=true -Djava.net.preferIPv4Stack=true -Dminecraft.applet.TargetDirectory=C:\Users\Vicky\AppData\Roaming\.minecraft -Dlog4j.configurationFile=C:\Users\Vicky\AppData\Roaming\.minecraft\assets\log_configs\client-1.12.xml net.minecraft.launchwrapper.Launch --username imvickykumar999 --version 1.20.1 --gameDir C:\Users\Vicky\AppData\Roaming\.minecraft --assetsDir C:\Users\Vicky\AppData\Roaming\.minecraft\assets --assetIndex 5 --uuid c48adad9ff484785a2308b4897b05b78 --accessToken null --clientId null --xuid null --userType mojang --versionType release --width 925 --height 530 --tweakClass org.tlauncher.tweaker.Tweaker
[Launcher] Launching Minecraft...
I'm hiding!
[TLauncherManager] mods after 
[InnerMinecraftServersImpl]  search changers of the servers
read servers from servers.dat []
[InnerMinecraftServersImpl]  prepare inner servers
save servers to servers.dat
[Launcher] Game skin type: TLAUNCHER
[Launcher] Starting Minecraft latest-release...
[Launcher] Launching in: C:\Users\Vicky\AppData\Roaming\.minecraft
Starting garbage collector: 226 / 298 MB
Garbage collector completed: 44 / 287 MB
[Launcher] Processing post-launch actions. Assist launch: true
===============================================================================================
[19:01:93] [main/INFO]: Loading tweak class name org.tlauncher.tweaker.Tweaker
[19:01:98] [main/INFO]: Using primary tweak class name org.tlauncher.tweaker.Tweaker
[19:01:98] [main/INFO]: Calling tweak class org.tlauncher.tweaker.Tweaker
Log Path: C:\Users\Vicky\AppData\Roaming\.minecraft\.\tlLoader\Tweaker.log
[main INFO] Using Tweaker
[main INFO] Tweaker: acceptOptions
[main INFO] Tweaker: injectIntoClassLoader
[Injection] Injection Class Transformer started
[TLSkinCape] Current TLSkinCape version is 1.32
[TLSkinCape] Current Minecraft version is 1.20.
[main INFO] Loaded as a library.
[Injection] Injection into euw ended successfully with 1 injections.
[Injection] Injection into fiv ended successfully with 1 injections.
2023-08-31 19:01:36,111 main WARN Error parsing URI C:\Users\Vicky\AppData\Roaming\.minecraft\assets\log_configs\client-1.12.xml
[main INFO] Tweaker: getLaunchArguments
[main INFO] Tweaker: getLaunchTarget
[Injection] Injection into net.minecraft.client.main.Main ended successfully with 1 injections.
[19:01:79] [main/INFO]: Launching wrapped minecraft [net.minecraft.client.main.Main]
[Injection] Injection into enn ended successfully with 1 injections.
[19:01:66] [Datafixer Bootstrap/INFO]: 188 Datafixer optimizations took 1653 milliseconds
[19:02:07] [Render thread/INFO]: Environment: authHost='https://authserver.mojang.com', accountsHost='https://api.mojang.com', sessionHost='https://sessionserver.mojang.com', servicesHost='https://api.minecraftservices.com', name='PROD'
[19:02:64] [Render thread/ERROR]: Failed to verify authentication
com.mojang.authlib.exceptions.InvalidCredentialsException: Status: 401
	at com.mojang.authlib.exceptions.MinecraftClientHttpException.toAuthenticationException(MinecraftClientHttpException.java:56)
	at com.mojang.authlib.yggdrasil.YggdrasilUserApiService.fetchProperties(YggdrasilUserApiService.java:147)
	at com.mojang.authlib.yggdrasil.YggdrasilUserApiService.<init>(YggdrasilUserApiService.java:63)
	at com.mojang.authlib.yggdrasil.YggdrasilAuthenticationService.createUserApiService(YggdrasilAuthenticationService.java:124)
	at enn.a(SourceFile:733)
	at enn.<init>(SourceFile:442)
	at net.minecraft.client.main.Main.main(SourceFile:211)
	at java.base/jdk.internal.reflect.NativeMethodAccessorImpl.invoke0(Native Method)
	at java.base/jdk.internal.reflect.NativeMethodAccessorImpl.invoke(NativeMethodAccessorImpl.java:77)
	at java.base/jdk.internal.reflect.DelegatingMethodAccessorImpl.invoke(DelegatingMethodAccessorImpl.java:43)
	at java.base/java.lang.reflect.Method.invoke(Method.java:568)
	at net.minecraft.launchwrapper.Launch.launch(Launch.java:136)
	at net.minecraft.launchwrapper.Launch.main(Launch.java:31)
Caused by: MinecraftClientHttpException[type=HTTP_ERROR, status=401, response=ErrorResponse[path='/player/attributes', error='null', details=null, errorMessage='null']]
	at com.mojang.authlib.minecraft.client.MinecraftClient.readInputStream(MinecraftClient.java:85)
	at com.mojang.authlib.minecraft.client.MinecraftClient.get(MinecraftClient.java:48)
	at com.mojang.authlib.yggdrasil.YggdrasilUserApiService.fetchProperties(YggdrasilUserApiService.java:122)
	... 11 more

[19:02:69] [Render thread/INFO]: Setting user: imvickykumar999
[19:02:47] [Render thread/INFO]: Backend library: LWJGL version 3.3.1 build 7
[19:02:54] [Render thread/WARN]: Missing metadata in pack file/Halloween-V1.17.zip
[19:02:81] [Render thread/INFO]: Reloading ResourceManager: vanilla
[19:02:21] [Realms Notification Availability checker #1/INFO]: Could not authorize you against Realms server: Invalid session id
[19:02:62] [Worker-Main-2/INFO]: Found unifont_all_no_pua-15.0.06.hex, loading
[19:02:23] [Render thread/WARN]: Missing sound for event: minecraft:item.goat_horn.play
[19:02:23] [Render thread/WARN]: Missing sound for event: minecraft:entity.goat.screaming.horn_break
[19:02:70] [Render thread/INFO]: OpenAL initialized on device OpenAL Soft on Headphones (Airdopes 141)
[19:02:71] [Render thread/INFO]: Sound engine started
[19:02:31] [Render thread/INFO]: Created: 1024x512x4 minecraft:textures/atlas/blocks.png-atlas
[19:02:35] [Render thread/INFO]: Created: 256x256x4 minecraft:textures/atlas/signs.png-atlas
[19:02:36] [Render thread/INFO]: Created: 512x512x4 minecraft:textures/atlas/banner_patterns.png-atlas
[19:02:36] [Render thread/INFO]: Created: 512x512x4 minecraft:textures/atlas/shield_patterns.png-atlas
[19:02:37] [Render thread/INFO]: Created: 1024x1024x4 minecraft:textures/atlas/armor_trims.png-atlas
[19:02:39] [Render thread/INFO]: Created: 256x256x4 minecraft:textures/atlas/chest.png-atlas
[19:02:39] [Render thread/INFO]: Created: 128x64x4 minecraft:textures/atlas/decorated_pot.png-atlas
[19:02:39] [Render thread/INFO]: Created: 512x256x4 minecraft:textures/atlas/beds.png-atlas
[19:02:40] [Render thread/INFO]: Created: 512x256x4 minecraft:textures/atlas/shulker_boxes.png-atlas
[Injection] Injection into fck ended successfully with 1 injections.
[19:02:58] [Render thread/WARN]: Shader rendertype_entity_translucent_emissive could not find sampler named Sampler2 in the specified shader program.
[19:02:72] [Render thread/INFO]: Created: 256x256x0 minecraft:textures/atlas/particles.png-atlas
[19:02:73] [Render thread/INFO]: Created: 256x256x0 minecraft:textures/atlas/paintings.png-atlas
[19:02:73] [Render thread/INFO]: Created: 128x128x0 minecraft:textures/atlas/mob_effects.png-atlas
[19:07:88] [Worker-Main-4/ERROR]: Exception reading C:\Users\Vicky\AppData\Roaming\.minecraft\saves\ZW7wZAVgAQA=\level.dat
java.util.zip.ZipException: Not in GZIP format
	at java.base/java.util.zip.GZIPInputStream.readHeader(GZIPInputStream.java:165)
	at java.base/java.util.zip.GZIPInputStream.<init>(GZIPInputStream.java:79)
	at java.base/java.util.zip.GZIPInputStream.<init>(GZIPInputStream.java:91)
	at rb.b(SourceFile:31)
	at rb.a(SourceFile:47)
	at rb.a(SourceFile:42)
	at dyy.c(SourceFile:340)
	at dyy.a(SourceFile:297)
	at dyy.a(SourceFile:234)
	at dyy.a(SourceFile:195)
	at java.base/java.util.concurrent.CompletableFuture$AsyncSupply.run(CompletableFuture.java:1768)
	at java.base/java.util.concurrent.CompletableFuture$AsyncSupply.exec(CompletableFuture.java:1760)
	at java.base/java.util.concurrent.ForkJoinTask.doExec(ForkJoinTask.java:373)
	at java.base/java.util.concurrent.ForkJoinPool$WorkQueue.topLevelExec(ForkJoinPool.java:1182)
	at java.base/java.util.concurrent.ForkJoinPool.scan(ForkJoinPool.java:1655)
	at java.base/java.util.concurrent.ForkJoinPool.runWorker(ForkJoinPool.java:1622)
	at java.base/java.util.concurrent.ForkJoinWorkerThread.run(ForkJoinWorkerThread.java:165)

[19:07:90] [Worker-Main-4/ERROR]: Exception reading C:\Users\Vicky\AppData\Roaming\.minecraft\saves\ZW7wZAVgAQA=\level.dat_old
java.util.zip.ZipException: Not in GZIP format
	at java.base/java.util.zip.GZIPInputStream.readHeader(GZIPInputStream.java:165)
	at java.base/java.util.zip.GZIPInputStream.<init>(GZIPInputStream.java:79)
	at java.base/java.util.zip.GZIPInputStream.<init>(GZIPInputStream.java:91)
	at rb.b(SourceFile:31)
	at rb.a(SourceFile:47)
	at rb.a(SourceFile:42)
	at dyy.c(SourceFile:340)
	at dyy.a(SourceFile:297)
	at dyy.a(SourceFile:242)
	at dyy.a(SourceFile:195)
	at java.base/java.util.concurrent.CompletableFuture$AsyncSupply.run(CompletableFuture.java:1768)
	at java.base/java.util.concurrent.CompletableFuture$AsyncSupply.exec(CompletableFuture.java:1760)
	at java.base/java.util.concurrent.ForkJoinTask.doExec(ForkJoinTask.java:373)
	at java.base/java.util.concurrent.ForkJoinPool$WorkQueue.topLevelExec(ForkJoinPool.java:1182)
	at java.base/java.util.concurrent.ForkJoinPool.scan(ForkJoinPool.java:1655)
	at java.base/java.util.concurrent.ForkJoinPool.runWorker(ForkJoinPool.java:1622)
	at java.base/java.util.concurrent.ForkJoinWorkerThread.run(ForkJoinWorkerThread.java:165)

[19:08:40] [Render thread/INFO]: Loaded 7 recipes
[19:08:86] [Render thread/INFO]: Loaded 1271 advancements
[19:08:88] [Server thread/INFO]: Starting integrated minecraft server version 1.20.1
[19:08:88] [Server thread/INFO]: Generating keypair
[19:08:04] [Server thread/INFO]: Preparing start region for dimension minecraft:overworld
[19:08:38] [Render thread/INFO]: Preparing spawn area: 0%
[19:08:40] [Render thread/INFO]: Preparing spawn area: 0%
[19:08:40] [Render thread/INFO]: Preparing spawn area: 0%
[19:08:40] [Render thread/INFO]: Preparing spawn area: 0%
[19:08:40] [Render thread/INFO]: Preparing spawn area: 0%
[19:08:40] [Render thread/INFO]: Preparing spawn area: 0%
[19:08:40] [Render thread/INFO]: Preparing spawn area: 0%
[19:08:40] [Render thread/INFO]: Preparing spawn area: 0%
[19:08:40] [Render thread/INFO]: Preparing spawn area: 0%
[19:08:40] [Render thread/INFO]: Preparing spawn area: 0%
[19:08:40] [Render thread/INFO]: Preparing spawn area: 0%
[19:08:40] [Render thread/INFO]: Preparing spawn area: 0%
[19:08:40] [Render thread/INFO]: Preparing spawn area: 0%
[19:08:40] [Render thread/INFO]: Preparing spawn area: 0%
[19:08:43] [Render thread/INFO]: Preparing spawn area: 0%
[19:08:43] [Render thread/INFO]: Preparing spawn area: 0%
[19:08:46] [Render thread/INFO]: Preparing spawn area: 0%
[19:08:46] [Render thread/INFO]: Preparing spawn area: 0%
[19:08:46] [Render thread/INFO]: Preparing spawn area: 0%
[19:08:46] [Render thread/INFO]: Preparing spawn area: 0%
[19:08:46] [Render thread/INFO]: Preparing spawn area: 0%
[19:08:47] [Render thread/INFO]: Preparing spawn area: 0%
[19:08:47] [Render thread/INFO]: Preparing spawn area: 0%
[19:08:47] [Render thread/INFO]: Preparing spawn area: 0%
[19:08:47] [Render thread/INFO]: Preparing spawn area: 0%
[19:08:47] [Render thread/INFO]: Preparing spawn area: 0%
[19:08:47] [Render thread/INFO]: Preparing spawn area: 0%
[19:08:47] [Render thread/INFO]: Preparing spawn area: 0%
[19:08:47] [Render thread/INFO]: Preparing spawn area: 0%
[19:08:47] [Render thread/INFO]: Preparing spawn area: 0%
[19:08:47] [Render thread/INFO]: Preparing spawn area: 0%
[19:08:47] [Render thread/INFO]: Preparing spawn area: 0%
[19:08:47] [Render thread/INFO]: Preparing spawn area: 0%
[19:08:56] [Render thread/INFO]: Preparing spawn area: 0%
[19:08:07] [Render thread/INFO]: Preparing spawn area: 0%
[19:08:58] [Render thread/INFO]: Preparing spawn area: 0%
[19:08:08] [Render thread/INFO]: Preparing spawn area: 6%
[19:08:55] [Render thread/INFO]: Preparing spawn area: 20%
[19:08:05] [Render thread/INFO]: Preparing spawn area: 41%
[19:08:07] [Render thread/INFO]: Preparing spawn area: 56%
[19:08:07] [Render thread/INFO]: Preparing spawn area: 56%
[19:08:58] [Render thread/INFO]: Preparing spawn area: 81%
[19:08:08] [Render thread/INFO]: Preparing spawn area: 92%
[19:08:25] [Render thread/INFO]: Time elapsed: 21195 ms
[19:08:95] [Server thread/INFO]: Changing view distance to 12, from 10
[19:08:96] [Server thread/INFO]: Changing simulation distance to 12, from 0
[19:08:94] [Server thread/INFO]: imvickykumar999[local:E:ff78e5f9] logged in with entity id 207 at (310.88659052974026, -44.46192687518007, 790.5975990734526)
[19:08:08] [Server thread/INFO]: imvickykumar999 joined the game
[19:08:27] [Render thread/INFO]: Loaded 2 advancements
[19:08:57] [Server thread/WARN]: Can't keep up! Is the server overloaded? Running 5410ms or 108 ticks behind
[19:08:53] [Server thread/INFO]: Saving and pausing game...
[19:08:61] [Server thread/INFO]: Saving chunks for level 'ServerLevel[New World]'/minecraft:overworld
[19:08:83] [Server thread/INFO]: Saving chunks for level 'ServerLevel[New World]'/minecraft:the_end
[19:08:83] [Server thread/INFO]: Saving chunks for level 'ServerLevel[New World]'/minecraft:the_nether
[19:08:07] [Server thread/INFO]: imvickykumar999 lost connection: Disconnected
[19:08:07] [Server thread/INFO]: imvickykumar999 left the game
[19:08:15] [Server thread/INFO]: Stopping singleplayer server as player logged out
[19:08:26] [Server thread/INFO]: Stopping server
[19:08:26] [Server thread/INFO]: Saving players
[19:08:26] [Server thread/INFO]: Saving worlds
[19:08:14] [Server thread/INFO]: Saving chunks for level 'ServerLevel[New World]'/minecraft:overworld
[19:08:88] [Server thread/INFO]: Saving chunks for level 'ServerLevel[New World]'/minecraft:the_end
[19:08:88] [Server thread/INFO]: Saving chunks for level 'ServerLevel[New World]'/minecraft:the_nether
[19:08:91] [Server thread/INFO]: ThreadedAnvilChunkStorage (New World): All chunks are saved
[19:08:91] [Server thread/INFO]: ThreadedAnvilChunkStorage (DIM1): All chunks are saved
[19:08:91] [Server thread/INFO]: ThreadedAnvilChunkStorage (DIM-1): All chunks are saved
[19:08:92] [Server thread/INFO]: ThreadedAnvilChunkStorage: All dimensions are saved
[19:20:73] [Render thread/INFO]: Connecting to mbs.blossomcraft.org/19132, 25565
[19:21:23] [Worker-Main-20/ERROR]: Exception reading C:\Users\Vicky\AppData\Roaming\.minecraft\saves\ZW7wZAVgAQA=\level.dat
java.util.zip.ZipException: Not in GZIP format
	at java.base/java.util.zip.GZIPInputStream.readHeader(GZIPInputStream.java:165)
	at java.base/java.util.zip.GZIPInputStream.<init>(GZIPInputStream.java:79)
	at java.base/java.util.zip.GZIPInputStream.<init>(GZIPInputStream.java:91)
	at rb.b(SourceFile:31)
	at rb.a(SourceFile:47)
	at rb.a(SourceFile:42)
	at dyy.c(SourceFile:340)
	at dyy.a(SourceFile:297)
	at dyy.a(SourceFile:234)
	at dyy.a(SourceFile:195)
	at java.base/java.util.concurrent.CompletableFuture$AsyncSupply.run(CompletableFuture.java:1768)
	at java.base/java.util.concurrent.CompletableFuture$AsyncSupply.exec(CompletableFuture.java:1760)
	at java.base/java.util.concurrent.ForkJoinTask.doExec(ForkJoinTask.java:373)
	at java.base/java.util.concurrent.ForkJoinPool$WorkQueue.topLevelExec(ForkJoinPool.java:1182)
	at java.base/java.util.concurrent.ForkJoinPool.scan(ForkJoinPool.java:1655)
	at java.base/java.util.concurrent.ForkJoinPool.runWorker(ForkJoinPool.java:1622)
	at java.base/java.util.concurrent.ForkJoinWorkerThread.run(ForkJoinWorkerThread.java:165)

[19:21:24] [Worker-Main-20/ERROR]: Exception reading C:\Users\Vicky\AppData\Roaming\.minecraft\saves\ZW7wZAVgAQA=\level.dat_old
java.util.zip.ZipException: Not in GZIP format
	at java.base/java.util.zip.GZIPInputStream.readHeader(GZIPInputStream.java:165)
	at java.base/java.util.zip.GZIPInputStream.<init>(GZIPInputStream.java:79)
	at java.base/java.util.zip.GZIPInputStream.<init>(GZIPInputStream.java:91)
	at rb.b(SourceFile:31)
	at rb.a(SourceFile:47)
	at rb.a(SourceFile:42)
	at dyy.c(SourceFile:340)
	at dyy.a(SourceFile:297)
	at dyy.a(SourceFile:242)
	at dyy.a(SourceFile:195)
	at java.base/java.util.concurrent.CompletableFuture$AsyncSupply.run(CompletableFuture.java:1768)
	at java.base/java.util.concurrent.CompletableFuture$AsyncSupply.exec(CompletableFuture.java:1760)
	at java.base/java.util.concurrent.ForkJoinTask.doExec(ForkJoinTask.java:373)
	at java.base/java.util.concurrent.ForkJoinPool$WorkQueue.topLevelExec(ForkJoinPool.java:1182)
	at java.base/java.util.concurrent.ForkJoinPool.scan(ForkJoinPool.java:1655)
	at java.base/java.util.concurrent.ForkJoinPool.runWorker(ForkJoinPool.java:1622)
	at java.base/java.util.concurrent.ForkJoinWorkerThread.run(ForkJoinWorkerThread.java:165)

[19:21:66] [Render thread/INFO]: Loaded 7 recipes
[19:21:77] [Render thread/INFO]: Loaded 1271 advancements
[19:21:82] [Server thread/INFO]: Starting integrated minecraft server version 1.20.1
[19:21:82] [Server thread/INFO]: Generating keypair
[19:21:26] [Server thread/INFO]: Preparing start region for dimension minecraft:overworld
[19:22:88] [Render thread/INFO]: Preparing spawn area: 0%
[19:22:92] [Render thread/INFO]: Preparing spawn area: 0%
[19:22:92] [Render thread/INFO]: Preparing spawn area: 0%
[19:22:92] [Render thread/INFO]: Preparing spawn area: 0%
[19:22:92] [Render thread/INFO]: Preparing spawn area: 0%
[19:22:05] [Render thread/INFO]: Preparing spawn area: 0%
[19:22:05] [Render thread/INFO]: Preparing spawn area: 0%
[19:22:08] [Render thread/INFO]: Preparing spawn area: 0%
[19:22:08] [Render thread/INFO]: Preparing spawn area: 0%
[19:22:12] [Render thread/INFO]: Preparing spawn area: 0%
[19:22:12] [Render thread/INFO]: Preparing spawn area: 0%
[19:22:12] [Render thread/INFO]: Preparing spawn area: 0%
[19:22:32] [Render thread/INFO]: Preparing spawn area: 0%
[19:22:82] [Render thread/INFO]: Preparing spawn area: 0%
[19:22:32] [Render thread/INFO]: Preparing spawn area: 0%
[19:22:83] [Render thread/INFO]: Preparing spawn area: 0%
[19:22:33] [Render thread/INFO]: Preparing spawn area: 0%
[19:22:83] [Render thread/INFO]: Preparing spawn area: 0%
[19:22:33] [Render thread/INFO]: Preparing spawn area: 0%
[19:22:83] [Render thread/INFO]: Preparing spawn area: 0%
[19:22:33] [Render thread/INFO]: Preparing spawn area: 0%
[19:22:83] [Render thread/INFO]: Preparing spawn area: 2%
[19:22:99] [Render thread/INFO]: Preparing spawn area: 12%
[19:22:99] [Render thread/INFO]: Preparing spawn area: 12%
[19:22:32] [Render thread/INFO]: Preparing spawn area: 31%
[19:22:81] [Render thread/INFO]: Preparing spawn area: 54%
[19:22:48] [Render thread/INFO]: Preparing spawn area: 69%
[19:22:81] [Render thread/INFO]: Preparing spawn area: 86%
[19:22:31] [Render thread/INFO]: Time elapsed: 14009 ms
[19:22:40] [Server thread/INFO]: Changing view distance to 12, from 10
[19:22:41] [Server thread/INFO]: Changing simulation distance to 12, from 0
[19:22:57] [Server thread/INFO]: imvickykumar999[local:E:01c757d6] logged in with entity id 418 at (310.88659052974026, -44.46192687518007, 790.5975990734526)
[19:22:61] [Server thread/INFO]: imvickykumar999 joined the game
[19:22:04] [Render thread/INFO]: Loaded 2 advancements
[19:22:97] [Server thread/WARN]: Can't keep up! Is the server overloaded? Running 5317ms or 106 ticks behind
[19:22:04] [Server thread/WARN]: Can't keep up! Is the server overloaded? Running 2034ms or 40 ticks behind
[19:22:11] [Server thread/INFO]: Saving and pausing game...
[19:22:31] [Server thread/INFO]: Saving chunks for level 'ServerLevel[New World]'/minecraft:overworld
[19:22:60] [Server thread/INFO]: Saving chunks for level 'ServerLevel[New World]'/minecraft:the_end
[19:22:96] [Server thread/INFO]: Saving chunks for level 'ServerLevel[New World]'/minecraft:the_nether
[19:23:73] [Render thread/INFO]: Using default channel type
[19:23:83] [Render thread/INFO]: Started serving on 51259
[19:23:02] [Render thread/INFO]: [System] [CHAT] Local game hosted on port [51259]
[19:23:74] [Render thread/INFO]: [System] [CHAT] Seed: [-676569119515363]
[19:23:51] [Render thread/INFO]: textures 'cape_test_272' was added, skin: false,cape: true, max waiting: 56 ,during : 1318346 
[19:23:52] [Render thread/INFO]: calculated cape performance:TEXTURE_136, middle time: 16.833333333333332
[19:23:19] [Render thread/INFO]: textures 'elitra_test_272' was added, skin: false,cape: true, max waiting: 19 ,during : 1319960 
[19:23:19] [Render thread/INFO]: can use texture size:TEXTURE_136, middle time: 14.3
[19:23:90] [Server thread/WARN]: Can't keep up! Is the server overloaded? Running 2045ms or 40 ticks behind
[19:24:21] [Server thread/WARN]: Can't keep up! Is the server overloaded? Running 16358ms or 327 ticks behind
[19:24:34] [Server thread/WARN]: Can't keep up! Is the server overloaded? Running 3133ms or 62 ticks behind
[19:24:91] [Server thread/WARN]: Can't keep up! Is the server overloaded? Running 2601ms or 52 ticks behind
[19:25:68] [Server thread/INFO]: [imvickykumar999: Teleported imvickykumar999 to -5978.500000, 100.000000, 3104.500000]
[19:25:69] [Render thread/INFO]: [System] [CHAT] Teleported imvickykumar999 to -5978.500000, 100.000000, 3104.500000
[19:26:85] [Server thread/WARN]: Can't keep up! Is the server overloaded? Running 4147ms or 82 ticks behind
[19:26:45] [Server thread/INFO]: [imvickykumar999: Set the time to 1000]
[19:26:46] [Render thread/INFO]: [System] [CHAT] Set the time to 1000
[19:28:91] [Server thread/WARN]: Can't keep up! Is the server overloaded? Running 2001ms or 40 ticks behind
[19:28:21] [Server thread/WARN]: Can't keep up! Is the server overloaded? Running 2004ms or 40 ticks behind
[19:29:04] [Server thread/WARN]: Can't keep up! Is the server overloaded? Running 2279ms or 45 ticks behind
[19:29:31] [Server thread/INFO]: [imvickykumar999: Set own game mode to Creative Mode]
[19:29:32] [Render thread/INFO]: [System] [CHAT] Set own game mode to Creative Mode
[19:29:61] [Render thread/INFO]: Loaded 19 advancements
[19:30:20] [Server thread/INFO]: [imvickykumar999: Set own game mode to Spectator Mode]
[19:30:20] [Render thread/INFO]: [System] [CHAT] Set own game mode to Spectator Mode
[19:30:64] [Server thread/WARN]: Can't keep up! Is the server overloaded? Running 2231ms or 44 ticks behind
[19:32:46] [Server thread/WARN]: Can't keep up! Is the server overloaded? Running 5850ms or 117 ticks behind
[19:33:29] [Server thread/WARN]: Can't keep up! Is the server overloaded? Running 2084ms or 41 ticks behind
[19:39:49] [Server thread/INFO]: [imvickykumar999: Set own game mode to Creative Mode]
[19:39:49] [Render thread/INFO]: [System] [CHAT] Set own game mode to Creative Mode
[19:39:83] [Render thread/INFO]: Loaded 28 advancements
[19:40:32] [Server thread/WARN]: Can't keep up! Is the server overloaded? Running 2009ms or 40 ticks behind
[19:40:70] [Server thread/INFO]: imvickykumar999 lost connection: Disconnected
[19:40:72] [Server thread/INFO]: imvickykumar999 left the game
[19:40:94] [Server thread/INFO]: Stopping singleplayer server as player logged out
[19:40:98] [Server thread/INFO]: Stopping server
[19:40:02] [Server thread/INFO]: Saving players
[19:40:03] [Server thread/INFO]: Saving worlds
[19:40:97] [Server thread/INFO]: Saving chunks for level 'ServerLevel[New World]'/minecraft:overworld
[19:40:61] [Server thread/INFO]: Saving chunks for level 'ServerLevel[New World]'/minecraft:the_end
[19:40:62] [Server thread/INFO]: Saving chunks for level 'ServerLevel[New World]'/minecraft:the_nether
[19:40:16] [Server thread/INFO]: ThreadedAnvilChunkStorage (New World): All chunks are saved
[19:40:16] [Server thread/INFO]: ThreadedAnvilChunkStorage (DIM1): All chunks are saved
[19:40:16] [Server thread/INFO]: ThreadedAnvilChunkStorage (DIM-1): All chunks are saved
[19:40:16] [Server thread/INFO]: ThreadedAnvilChunkStorage: All dimensions are saved
[19:44:96] [Worker-Main-23/ERROR]: Exception reading C:\Users\Vicky\AppData\Roaming\.minecraft\saves\Android World\level.dat
java.util.zip.ZipException: Not in GZIP format
	at java.base/java.util.zip.GZIPInputStream.readHeader(GZIPInputStream.java:165)
	at java.base/java.util.zip.GZIPInputStream.<init>(GZIPInputStream.java:79)
	at java.base/java.util.zip.GZIPInputStream.<init>(GZIPInputStream.java:91)
	at rb.b(SourceFile:31)
	at rb.a(SourceFile:47)
	at rb.a(SourceFile:42)
	at dyy.c(SourceFile:340)
	at dyy.a(SourceFile:297)
	at dyy.a(SourceFile:234)
	at dyy.a(SourceFile:195)
	at java.base/java.util.concurrent.CompletableFuture$AsyncSupply.run(CompletableFuture.java:1768)
	at java.base/java.util.concurrent.CompletableFuture$AsyncSupply.exec(CompletableFuture.java:1760)
	at java.base/java.util.concurrent.ForkJoinTask.doExec(ForkJoinTask.java:373)
	at java.base/java.util.concurrent.ForkJoinPool$WorkQueue.topLevelExec(ForkJoinPool.java:1182)
	at java.base/java.util.concurrent.ForkJoinPool.scan(ForkJoinPool.java:1655)
	at java.base/java.util.concurrent.ForkJoinPool.runWorker(ForkJoinPool.java:1622)
	at java.base/java.util.concurrent.ForkJoinWorkerThread.run(ForkJoinWorkerThread.java:165)

[19:44:99] [Worker-Main-23/ERROR]: Exception reading C:\Users\Vicky\AppData\Roaming\.minecraft\saves\Android World\level.dat_old
java.util.zip.ZipException: Not in GZIP format
	at java.base/java.util.zip.GZIPInputStream.readHeader(GZIPInputStream.java:165)
	at java.base/java.util.zip.GZIPInputStream.<init>(GZIPInputStream.java:79)
	at java.base/java.util.zip.GZIPInputStream.<init>(GZIPInputStream.java:91)
	at rb.b(SourceFile:31)
	at rb.a(SourceFile:47)
	at rb.a(SourceFile:42)
	at dyy.c(SourceFile:340)
	at dyy.a(SourceFile:297)
	at dyy.a(SourceFile:242)
	at dyy.a(SourceFile:195)
	at java.base/java.util.concurrent.CompletableFuture$AsyncSupply.run(CompletableFuture.java:1768)
	at java.base/java.util.concurrent.CompletableFuture$AsyncSupply.exec(CompletableFuture.java:1760)
	at java.base/java.util.concurrent.ForkJoinTask.doExec(ForkJoinTask.java:373)
	at java.base/java.util.concurrent.ForkJoinPool$WorkQueue.topLevelExec(ForkJoinPool.java:1182)
	at java.base/java.util.concurrent.ForkJoinPool.scan(ForkJoinPool.java:1655)
	at java.base/java.util.concurrent.ForkJoinPool.runWorker(ForkJoinPool.java:1622)
	at java.base/java.util.concurrent.ForkJoinWorkerThread.run(ForkJoinWorkerThread.java:165)

[19:46:51] [Worker-Main-24/ERROR]: Exception reading C:\Users\Vicky\AppData\Roaming\.minecraft\saves\Android World\level.dat
java.util.zip.ZipException: Not in GZIP format
	at java.base/java.util.zip.GZIPInputStream.readHeader(GZIPInputStream.java:165)
	at java.base/java.util.zip.GZIPInputStream.<init>(GZIPInputStream.java:79)
	at java.base/java.util.zip.GZIPInputStream.<init>(GZIPInputStream.java:91)
	at rb.b(SourceFile:31)
	at rb.a(SourceFile:47)
	at rb.a(SourceFile:42)
	at dyy.c(SourceFile:340)
	at dyy.a(SourceFile:297)
	at dyy.a(SourceFile:234)
	at dyy.a(SourceFile:195)
	at java.base/java.util.concurrent.CompletableFuture$AsyncSupply.run(CompletableFuture.java:1768)
	at java.base/java.util.concurrent.CompletableFuture$AsyncSupply.exec(CompletableFuture.java:1760)
	at java.base/java.util.concurrent.ForkJoinTask.doExec(ForkJoinTask.java:373)
	at java.base/java.util.concurrent.ForkJoinPool$WorkQueue.topLevelExec(ForkJoinPool.java:1182)
	at java.base/java.util.concurrent.ForkJoinPool.scan(ForkJoinPool.java:1655)
	at java.base/java.util.concurrent.ForkJoinPool.runWorker(ForkJoinPool.java:1622)
	at java.base/java.util.concurrent.ForkJoinWorkerThread.run(ForkJoinWorkerThread.java:165)

[19:46:52] [Worker-Main-24/ERROR]: Exception reading C:\Users\Vicky\AppData\Roaming\.minecraft\saves\Android World\level.dat_old
java.util.zip.ZipException: Not in GZIP format
	at java.base/java.util.zip.GZIPInputStream.readHeader(GZIPInputStream.java:165)
	at java.base/java.util.zip.GZIPInputStream.<init>(GZIPInputStream.java:79)
	at java.base/java.util.zip.GZIPInputStream.<init>(GZIPInputStream.java:91)
	at rb.b(SourceFile:31)
	at rb.a(SourceFile:47)
	at rb.a(SourceFile:42)
	at dyy.c(SourceFile:340)
	at dyy.a(SourceFile:297)
	at dyy.a(SourceFile:242)
	at dyy.a(SourceFile:195)
	at java.base/java.util.concurrent.CompletableFuture$AsyncSupply.run(CompletableFuture.java:1768)
	at java.base/java.util.concurrent.CompletableFuture$AsyncSupply.exec(CompletableFuture.java:1760)
	at java.base/java.util.concurrent.ForkJoinTask.doExec(ForkJoinTask.java:373)
	at java.base/java.util.concurrent.ForkJoinPool$WorkQueue.topLevelExec(ForkJoinPool.java:1182)
	at java.base/java.util.concurrent.ForkJoinPool.scan(ForkJoinPool.java:1655)
	at java.base/java.util.concurrent.ForkJoinPool.runWorker(ForkJoinPool.java:1622)
	at java.base/java.util.concurrent.ForkJoinWorkerThread.run(ForkJoinWorkerThread.java:165)

[19:46:27] [Render thread/INFO]: Loaded 7 recipes
[19:46:39] [Render thread/INFO]: Loaded 1271 advancements
[19:46:19] [Server thread/INFO]: Starting integrated minecraft server version 1.20.1
[19:46:19] [Server thread/INFO]: Generating keypair
[19:46:21] [Server thread/INFO]: Preparing start region for dimension minecraft:overworld
[19:46:23] [Render thread/INFO]: Preparing spawn area: 0%
[19:46:24] [Render thread/INFO]: Preparing spawn area: 0%
[19:46:24] [Render thread/INFO]: Preparing spawn area: 0%
[19:46:24] [Render thread/INFO]: Preparing spawn area: 0%
[19:46:24] [Render thread/INFO]: Preparing spawn area: 0%
[19:46:26] [Render thread/INFO]: Preparing spawn area: 0%
[19:46:26] [Render thread/INFO]: Preparing spawn area: 0%
[19:46:26] [Render thread/INFO]: Preparing spawn area: 0%
[19:46:26] [Render thread/INFO]: Preparing spawn area: 0%
[19:46:26] [Render thread/INFO]: Preparing spawn area: 0%
[19:46:29] [Render thread/INFO]: Preparing spawn area: 0%
[19:46:29] [Render thread/INFO]: Preparing spawn area: 0%
[19:46:29] [Render thread/INFO]: Preparing spawn area: 0%
[19:46:29] [Render thread/INFO]: Preparing spawn area: 0%
[19:46:29] [Render thread/INFO]: Preparing spawn area: 0%
[19:46:29] [Render thread/INFO]: Preparing spawn area: 0%
[19:46:31] [Render thread/INFO]: Preparing spawn area: 0%
[19:46:75] [Render thread/INFO]: Preparing spawn area: 0%
[19:46:24] [Render thread/INFO]: Preparing spawn area: 0%
[19:46:76] [Render thread/INFO]: Preparing spawn area: 0%
[19:46:25] [Render thread/INFO]: Preparing spawn area: 13%
[19:46:74] [Render thread/INFO]: Preparing spawn area: 19%
[19:46:24] [Render thread/INFO]: Preparing spawn area: 48%
[19:46:76] [Render thread/INFO]: Preparing spawn area: 89%
[19:47:12] [Render thread/INFO]: Time elapsed: 11877 ms
[19:47:23] [Server thread/INFO]: Changing view distance to 12, from 10
[19:47:23] [Server thread/INFO]: Changing simulation distance to 12, from 0
[19:47:16] [Server thread/INFO]: imvickykumar999[local:E:a026e80a] logged in with entity id 6982 at (-4721.977592360635, 64.0, 2944.98781161772)
[19:47:17] [Server thread/INFO]: imvickykumar999 joined the game
[19:47:14] [Server thread/WARN]: Can't keep up! Is the server overloaded? Running 3224ms or 64 ticks behind
[19:47:19] [Render thread/INFO]: Loaded 28 advancements
[19:48:22] [Server thread/INFO]: Saving and pausing game...
[19:48:28] [Server thread/INFO]: Saving chunks for level 'ServerLevel[New World]'/minecraft:overworld
[19:48:30] [Server thread/INFO]: Saving chunks for level 'ServerLevel[New World]'/minecraft:the_end
[19:48:30] [Server thread/INFO]: Saving chunks for level 'ServerLevel[New World]'/minecraft:the_nether
[19:50:90] [Server thread/INFO]: imvickykumar999 lost connection: Disconnected
[19:50:92] [Server thread/INFO]: imvickykumar999 left the game
[19:50:03] [Server thread/INFO]: Stopping singleplayer server as player logged out
[19:50:09] [Server thread/INFO]: Stopping server
[19:50:09] [Server thread/INFO]: Saving players
[19:50:09] [Server thread/INFO]: Saving worlds
[19:50:18] [Server thread/INFO]: Saving chunks for level 'ServerLevel[New World]'/minecraft:overworld
[19:50:27] [Server thread/INFO]: Saving chunks for level 'ServerLevel[New World]'/minecraft:the_end
[19:50:27] [Server thread/INFO]: Saving chunks for level 'ServerLevel[New World]'/minecraft:the_nether
[19:50:31] [Server thread/INFO]: ThreadedAnvilChunkStorage (New World): All chunks are saved
[19:50:31] [Server thread/INFO]: ThreadedAnvilChunkStorage (DIM1): All chunks are saved
[19:50:31] [Server thread/INFO]: ThreadedAnvilChunkStorage (DIM-1): All chunks are saved
[19:50:31] [Server thread/INFO]: ThreadedAnvilChunkStorage: All dimensions are saved
[19:55:25] [Worker-Main-40/ERROR]: Exception reading C:\Users\Vicky\AppData\Roaming\.minecraft\saves\Android World\level.dat
java.util.zip.ZipException: Not in GZIP format
	at java.base/java.util.zip.GZIPInputStream.readHeader(GZIPInputStream.java:165)
	at java.base/java.util.zip.GZIPInputStream.<init>(GZIPInputStream.java:79)
	at java.base/java.util.zip.GZIPInputStream.<init>(GZIPInputStream.java:91)
	at rb.b(SourceFile:31)
	at rb.a(SourceFile:47)
	at rb.a(SourceFile:42)
	at dyy.c(SourceFile:340)
	at dyy.a(SourceFile:297)
	at dyy.a(SourceFile:234)
	at dyy.a(SourceFile:195)
	at java.base/java.util.concurrent.CompletableFuture$AsyncSupply.run(CompletableFuture.java:1768)
	at java.base/java.util.concurrent.CompletableFuture$AsyncSupply.exec(CompletableFuture.java:1760)
	at java.base/java.util.concurrent.ForkJoinTask.doExec(ForkJoinTask.java:373)
	at java.base/java.util.concurrent.ForkJoinPool$WorkQueue.topLevelExec(ForkJoinPool.java:1182)
	at java.base/java.util.concurrent.ForkJoinPool.scan(ForkJoinPool.java:1655)
	at java.base/java.util.concurrent.ForkJoinPool.runWorker(ForkJoinPool.java:1622)
	at java.base/java.util.concurrent.ForkJoinWorkerThread.run(ForkJoinWorkerThread.java:165)

[19:55:36] [Worker-Main-40/ERROR]: Exception reading C:\Users\Vicky\AppData\Roaming\.minecraft\saves\Android World\level.dat_old
java.util.zip.ZipException: Not in GZIP format
	at java.base/java.util.zip.GZIPInputStream.readHeader(GZIPInputStream.java:165)
	at java.base/java.util.zip.GZIPInputStream.<init>(GZIPInputStream.java:79)
	at java.base/java.util.zip.GZIPInputStream.<init>(GZIPInputStream.java:91)
	at rb.b(SourceFile:31)
	at rb.a(SourceFile:47)
	at rb.a(SourceFile:42)
	at dyy.c(SourceFile:340)
	at dyy.a(SourceFile:297)
	at dyy.a(SourceFile:242)
	at dyy.a(SourceFile:195)
	at java.base/java.util.concurrent.CompletableFuture$AsyncSupply.run(CompletableFuture.java:1768)
	at java.base/java.util.concurrent.CompletableFuture$AsyncSupply.exec(CompletableFuture.java:1760)
	at java.base/java.util.concurrent.ForkJoinTask.doExec(ForkJoinTask.java:373)
	at java.base/java.util.concurrent.ForkJoinPool$WorkQueue.topLevelExec(ForkJoinPool.java:1182)
	at java.base/java.util.concurrent.ForkJoinPool.scan(ForkJoinPool.java:1655)
	at java.base/java.util.concurrent.ForkJoinPool.runWorker(ForkJoinPool.java:1622)
	at java.base/java.util.concurrent.ForkJoinWorkerThread.run(ForkJoinWorkerThread.java:165)

[19:55:73] [Render thread/INFO]: Loaded 7 recipes
[19:55:82] [Render thread/INFO]: Loaded 1271 advancements
[19:55:90] [Server thread/INFO]: Starting integrated minecraft server version 1.20.1
[19:55:90] [Server thread/INFO]: Generating keypair
[19:55:62] [Server thread/INFO]: Preparing start region for dimension minecraft:overworld
[19:55:92] [Render thread/INFO]: Preparing spawn area: 0%
[19:55:92] [Render thread/INFO]: Preparing spawn area: 0%
[19:55:92] [Render thread/INFO]: Preparing spawn area: 0%
[19:55:92] [Render thread/INFO]: Preparing spawn area: 0%
[19:55:94] [Render thread/INFO]: Preparing spawn area: 0%
[19:55:15] [Render thread/INFO]: Preparing spawn area: 0%
[19:55:98] [Render thread/INFO]: Preparing spawn area: 0%
[19:55:15] [Render thread/INFO]: Preparing spawn area: 0%
[19:55:65] [Render thread/INFO]: Preparing spawn area: 0%
[19:55:15] [Render thread/INFO]: Preparing spawn area: 4%
[19:55:64] [Render thread/INFO]: Preparing spawn area: 12%
[19:55:15] [Render thread/INFO]: Preparing spawn area: 53%
[19:55:64] [Render thread/INFO]: Preparing spawn area: 89%
[19:55:77] [Render thread/INFO]: Time elapsed: 6138 ms
[19:55:88] [Server thread/INFO]: Changing view distance to 12, from 10
[19:55:89] [Server thread/INFO]: Changing simulation distance to 12, from 0
[19:55:42] [Server thread/INFO]: imvickykumar999[local:E:0cc3bf96] logged in with entity id 9588 at (-4438.825183461662, 82.60147142846569, 3013.306813413323)
[19:55:34] [Server thread/INFO]: imvickykumar999 joined the game
[19:55:13] [Render thread/INFO]: Loaded 28 advancements
[19:55:03] [Server thread/WARN]: Can't keep up! Is the server overloaded? Running 3763ms or 75 ticks behind
[19:56:24] [Render thread/WARN]: Unable to play empty soundEvent: minecraft:entity.cod.ambient
[20:01:37] [Render thread/WARN]: Unable to play empty soundEvent: minecraft:entity.salmon.ambient
[20:05:64] [Render thread/INFO]: Loaded 30 advancements
[20:05:99] [Render thread/INFO]: Loaded 33 advancements
[20:06:35] [Worker-Main-57/ERROR]: Failed to fetch mob spawner entity at (-6105, -42, 3373)
[20:06:21] [Render thread/WARN]: Unable to play empty soundEvent: minecraft:entity.tropical_fish.ambient
[20:12:84] [Render thread/INFO]: Loaded 35 advancements
[20:14:69] [Render thread/INFO]: Loaded 44 advancements
[20:15:64] [Server thread/INFO]: imvickykumar999 fell out of the world
[20:15:66] [Render thread/INFO]: [System] [CHAT] imvickykumar999 fell out of the world
[20:18:02] [Server thread/INFO]: Saving and pausing game...
[20:18:06] [Server thread/INFO]: Saving chunks for level 'ServerLevel[New World]'/minecraft:overworld
[20:18:07] [Server thread/INFO]: Saving chunks for level 'ServerLevel[New World]'/minecraft:the_end
[20:18:09] [Server thread/INFO]: Saving chunks for level 'ServerLevel[New World]'/minecraft:the_nether
[20:18:19] [Server thread/INFO]: imvickykumar999 lost connection: Disconnected
[20:18:19] [Server thread/INFO]: imvickykumar999 left the game
[20:18:21] [Server thread/INFO]: Stopping singleplayer server as player logged out
[20:18:22] [Server thread/INFO]: Stopping server
[20:18:22] [Server thread/INFO]: Saving players
[20:18:22] [Server thread/INFO]: Saving worlds
[20:18:09] [Server thread/INFO]: Saving chunks for level 'ServerLevel[New World]'/minecraft:overworld
[20:18:43] [Server thread/INFO]: Saving chunks for level 'ServerLevel[New World]'/minecraft:the_end
[20:18:43] [Server thread/INFO]: Saving chunks for level 'ServerLevel[New World]'/minecraft:the_nether
[20:18:48] [Server thread/INFO]: ThreadedAnvilChunkStorage (New World): All chunks are saved
[20:18:48] [Server thread/INFO]: ThreadedAnvilChunkStorage (DIM1): All chunks are saved
[20:18:48] [Server thread/INFO]: ThreadedAnvilChunkStorage (DIM-1): All chunks are saved
[20:18:48] [Server thread/INFO]: ThreadedAnvilChunkStorage: All dimensions are saved
[20:18:60] [Render thread/WARN]: Missing metadata in pack file/Halloween-V1.17.zip
[20:19:61] [Render thread/WARN]: Missing metadata in pack file/Halloween-V1.17.zip
[20:19:26] [Render thread/WARN]: Missing metadata in pack file/Halloween-V1.17.zip
[20:19:26] [Render thread/INFO]: Reloading ResourceManager: vanilla, file/redstone.zip
[20:19:28] [Worker-Main-46/INFO]: Found unifont_all_no_pua-15.0.06.hex, loading
[20:19:77] [Worker-Main-57/WARN]: Missing textures in model minecraft:hopper#enabled=false,facing=east:
    minecraft:textures/atlas/blocks.png:minecraft:break/hopper
[20:19:77] [Worker-Main-57/WARN]: Missing textures in model minecraft:hopper#enabled=false,facing=north:
    minecraft:textures/atlas/blocks.png:minecraft:break/hopper
[20:19:77] [Worker-Main-57/WARN]: Missing textures in model minecraft:hopper#enabled=true,facing=south:
    minecraft:textures/atlas/blocks.png:minecraft:break/hopper
[20:19:77] [Worker-Main-57/WARN]: Missing textures in model minecraft:hopper#enabled=true,facing=down:
    minecraft:textures/atlas/blocks.png:minecraft:break/hopper
[20:19:77] [Worker-Main-57/WARN]: Missing textures in model minecraft:hopper#enabled=true,facing=west:
    minecraft:textures/atlas/blocks.png:minecraft:break/hopper
[20:19:95] [Render thread/WARN]: Missing sound for event: minecraft:item.goat_horn.play
[20:19:95] [Render thread/WARN]: Missing sound for event: minecraft:entity.goat.screaming.horn_break
[20:19:09] [Render thread/INFO]: OpenAL initialized on device OpenAL Soft on Headphones (Airdopes 141)
[20:19:09] [Render thread/INFO]: Sound engine started
[20:19:20] [Render thread/INFO]: Created: 1024x512x4 minecraft:textures/atlas/blocks.png-atlas
[20:19:22] [Render thread/INFO]: Created: 256x256x4 minecraft:textures/atlas/signs.png-atlas
[20:19:23] [Render thread/INFO]: Created: 512x512x4 minecraft:textures/atlas/banner_patterns.png-atlas
[20:19:23] [Render thread/INFO]: Created: 512x512x4 minecraft:textures/atlas/shield_patterns.png-atlas
[20:19:23] [Render thread/INFO]: Created: 1024x1024x4 minecraft:textures/atlas/armor_trims.png-atlas
[20:19:25] [Render thread/INFO]: Created: 256x256x4 minecraft:textures/atlas/chest.png-atlas
[20:19:25] [Render thread/INFO]: Created: 128x64x4 minecraft:textures/atlas/decorated_pot.png-atlas
[20:19:25] [Render thread/INFO]: Created: 512x256x4 minecraft:textures/atlas/beds.png-atlas
[20:19:25] [Render thread/INFO]: Created: 512x256x4 minecraft:textures/atlas/shulker_boxes.png-atlas
[20:19:31] [Render thread/WARN]: Shader rendertype_entity_translucent_emissive could not find sampler named Sampler2 in the specified shader program.
[20:19:44] [Render thread/INFO]: Created: 256x256x0 minecraft:textures/atlas/particles.png-atlas
[20:19:44] [Render thread/INFO]: Created: 256x256x0 minecraft:textures/atlas/paintings.png-atlas
[20:19:45] [Render thread/INFO]: Created: 128x128x0 minecraft:textures/atlas/mob_effects.png-atlas
[20:19:79] [MCO Compatability Checker #1/INFO]: Could not authorize you against Realms server: Invalid session id
[20:19:80] [MCO Compatability Checker #1/ERROR]: Couldn't connect to realms
ekm: Realms service error (401) Invalid session id
	at eiz.a(SourceFile:465)
	at eiz.j(SourceFile:245)
	at eiu$1.run(SourceFile:633)

[20:23:10] [Server Pinger #0/ERROR]: Can't ping play.BendersMC.co/19132: Unknown host
[20:23:49] [Render thread/INFO]: Connecting to play.BendersMC.co/19132, 25565
[20:24:51] [Render thread/INFO]: Connecting to play.BendersMC.co/19132, 25565
[20:25:05] [Render thread/INFO]: Connecting to minewave.net, 25565
[20:25:26] [Render thread/INFO]: Connecting to minewave.net, 25565
[20:26:96] [Render thread/INFO]: Connecting to play.BendersMC.co/19132, 25565
[20:26:37] [Render thread/INFO]: Connecting to play.BendersMC.co, 25565
[20:26:90] [Render thread/INFO]: Connecting to minewave.net, 25565
[20:26:64] [Render thread/INFO]: Stopping!
Here I am!
[VersionManager] Refreshing versions locally...
[VersionManager] Versions has been refreshed (65 ms)
[Launcher] Minecraft closed with exit code: 0
[Launcher] Launcher exited.
save profiles
new locathion is https://login.live.com/oauth20_authorize.srf?client_id=2b8231e2-3b7e-4252-90d9-0732cf38e529&response_type=code&redirect_uri=https://login.microsoftonline.com/common/oauth2/nativeclient&scope=Xboxlive.signin%20offline_access
new locathion is https://signup.live.com/signup?client_id=2b8231e2-3b7e-4252-90d9-0732cf38e529&contextid=723735E67F287312&opid=BCA15BCEB7F2BEA4&bk=1693493842&sru=https://login.live.com/oauth20_authorize.srf%3fclient_id%3d2b8231e2-3b7e-4252-90d9-0732cf38e529%26client_id%3d2b8231e2-3b7e-4252-90d9-0732cf38e529%26contextid%3d723735E67F287312%26opid%3dBCA15BCEB7F2BEA4%26mkt%3dEN-IN%26lc%3d16393%26bk%3d1693493842%26uaid%3ddd3e1649218b45dc9fbe43261f6c517f&uiflavor=host&mkt=EN-IN&lc=16393&uaid=dd3e1649218b45dc9fbe43261f6c517f
new locathion is https://login.live.com/?username=+919667092389
new locathion is https://login.live.com/ppsecure/post.srf?username=+919667092389&contextid=5137FD1985391DFE&opid=EF3C0E9D917D892A&bk=1693493867&uaid=1f3e8035baa64ce89cabef036c8c55f3&pid=0
new locathion is https://privacynotice.account.microsoft.com/notice?ru=https://login.live.com/login.srf%3fid%3d38936%26opid%3dEF3C0E9D917D892A%26opidt%3d1693493875
new locathion is https://login.live.com/login.srf?id=38936&opid=EF3C0E9D917D892A&opidt=1693493875
new locathion is https://login.live.com/ppsecure/post.srf?id=38936&uaid=1f3e8035baa64ce89cabef036c8c55f3&pid=0&opid=EF3C0E9D917D892A&route=C107_BAY
new locathion is https://account.live.com/?mkt=EN-IN&lc=1033&id=38936
new locathion is https://account.microsoft.com/?lang=en-IN&refd=account.live.com&refp=landing&mkt=EN-IN
new locathion is https://login.live.com/login.srf?wa=wsignin1.0&rpsnv=16&checkda=1&ct=1693493883&rver=7.5.2112.0&wp=MBI_SSL&wreply=https:%2F%2Faccount.microsoft.com%2Fauth%2Fcomplete-silent-signin%3Fru%3Dhttps%253A%252F%252Faccount.microsoft.com%252F%253Flang%253Den-IN%2526refd%253Daccount.live.com%2526refp%253Dlanding%2526mkt%253DEN-IN&lc=1033&id=292666
new locathion is https://account.microsoft.com/auth/complete-silent-signin?ru=https%3A%2F%2Faccount.microsoft.com%2F%3Flang%3Den-IN%26refd%3Daccount.live.com%26refp%3Dlanding%26mkt%3DEN-IN&wa=wsignin1.0
new locathion is https://account.microsoft.com/?lang=en-IN&refd=account.live.com&refp=landing&mkt=EN-IN
new locathion is https://login.microsoftonline.com/consumers/oauth2/v2.0/authorize?scope=service::account.microsoft.com::MBI_SSL+openid+profile+offline_access&response_type=code&client_id=81feaced-5ddd-41e7-8bef-3e20a2689bb7&redirect_uri=https:%2F%2Faccount.microsoft.com%2Fauth%2Fcomplete-signin-oauth&login_hint=18erecs080.vicky%40rietjaipur.ac.in&x-anchormailbox=upn:18erecs080.vicky%40rietjaipur.ac.in&client-request-id=e03cba3a-9899-4115-bba7-8261ae68180b&x-client-SKU=MSAL.Desktop&x-client-Ver=4.45.0.0&x-client-CPU=x64&x-client-OS=Windows+Server+2019+Datacenter&prompt=none&client_info=1&state=H4sIAAAAAAAEAAXBt4KCMAAA0H-5lQGkO9xACeUMoJSgbnTBSDOE8vX33s_jZMbNWxAvAKbT4PVt0hVXJ-GIU7gWrvTeNNvWIENbqFvzeu2F2dRY1u9_X64uiF0J4lNmrs8urrL8U8m9QcU8-eQ3CV0X409WiBSMxBUSRdfWLJlVbBjq69ijnt5r5OWLWm5aafPnVf00VkewpD7AHIlUuhA9C_LuUE7znG77fdT826NcLX60ByGyYgbwR-It40xr6lUs7xu1Azhpb1QNsJOgVpCbpj6EGrIZ75yGGNPSzO_o7LrebujZWz6cYpjsGIztF_b1-GI7mk5ywOVO0RRPT76EVri4C-vCdIicFnD2GYaMGBwnZljUvhH1Hh68jE7abU6TSCGuaShxjDbM-nvhs1UOPXa6TohQFOlZakK00Se7ejmgsR_EM25WS3unH6tE67Ek33LGhmUtQGx-f3_-AQQoxXqaAQAA&msaoauth2=true&lc=2057
new locathion is https://login.live.com/oauth20_authorize.srf?client_id=81feaced-5ddd-41e7-8bef-3e20a2689bb7&scope=service%3a%3aaccount.microsoft.com%3a%3aMBI_SSL+openid+profile+offline_access&redirect_uri=https%3a%2f%2faccount.microsoft.com%2fauth%2fcomplete-signin-oauth&response_type=code&state=H4sIAAAAAAAEAAXBt4KCMAAA0H-5lQGkO9xACeUMoJSgbnTBSDOE8vX33s_jZMbNWxAvAKbT4PVt0hVXJ-GIU7gWrvTeNNvWIENbqFvzeu2F2dRY1u9_X64uiF0J4lNmrs8urrL8U8m9QcU8-eQ3CV0X409WiBSMxBUSRdfWLJlVbBjq69ijnt5r5OWLWm5aafPnVf00VkewpD7AHIlUuhA9C_LuUE7znG77fdT826NcLX60ByGyYgbwR-It40xr6lUs7xu1Azhpb1QNsJOgVpCbpj6EGrIZ75yGGNPSzO_o7LrebujZWz6cYpjsGIztF_b1-GI7mk5ywOVO0RRPT76EVri4C-vCdIicFnD2GYaMGBwnZljUvhH1Hh68jE7abU6TSCGuaShxjDbM-nvhs1UOPXa6TohQFOlZakK00Se7ejmgsR_EM25WS3unH6tE67Ek33LGhmUtQGx-f3_-AQQoxXqaAQAA&prompt=none&login_hint=18erecs080.vicky%40rietjaipur.ac.in&x-client-SKU=MSAL.Desktop&x-client-Ver=4.45.0.0&uaid=e03cba3a98994115bba78261ae68180b&msproxy=1&issuer=mso&tenant=consumers&ui_locales=en-GB&client_info=1&epct=PAQABAAEAAAAtyolDObpQQ5VtlI4uGjEP0-ORM8YDGmT6CezhmQ8mXLO-ohnDgXQYtn0c3wzzJdXa97VETwW0Sem8ByK3q8NsprZFlwHu1Ac5FhJ25oWjPT_NxxEtfrRAvx3rHt0gcJZNgLa2JMJqxhRemqAQo4wpHFKJ2QDScB3xYcBqShbVfXYbzhgdxBt9WG7h3DefTOhEyxpwTwz97hV7P_R4F-07oitZ-e92nVTX1Y4TtaIC7SAA&jshs=0#
new locathion is https://account.microsoft.com/auth/complete-signin-oauth?code=M.C107_BAY.2.626a63e9-abcd-6791-6735-1fe650d384f6&client_info=eyJ2ZXIiOiIxLjAiLCJzdWIiOiJBQUFBQUFBQUFBQUFBQUFBQUFBQUFGNWZsTy0yVlFJZzF1U1pXZ0VGTklBIiwibmFtZSI6IlZpY2t5IEt1bWFyIiwicHJlZmVycmVkX3VzZXJuYW1lIjoiOTE5NjY3MDkyMzg5Iiwib2lkIjoiMDAwMDAwMDAtMDAwMC0wMDAwLTVkZjQtZWUzYTQ5MzdlNWY2IiwidGlkIjoiOTE4ODA0MGQtNmM2Ny00YzViLWIxMTItMzZhMzA0YjY2ZGFkIiwiaG9tZV9vaWQiOiIwMDAwMDAwMC0wMDAwLTAwMDAtNWRmNC1lZTNhNDkzN2U1ZjYiLCJ1aWQiOiIwMDAwMDAwMC0wMDAwLTAwMDAtNWRmNC1lZTNhNDkzN2U1ZjYiLCJ1dGlkIjoiOTE4ODA0MGQtNmM2Ny00YzViLWIxMTItMzZhMzA0YjY2ZGFkIn0&state=H4sIAAAAAAAEAAXBt4KCMAAA0H-5lQGkO9xACeUMoJSgbnTBSDOE8vX33s_jZMbNWxAvAKbT4PVt0hVXJ-GIU7gWrvTeNNvWIENbqFvzeu2F2dRY1u9_X64uiF0J4lNmrs8urrL8U8m9QcU8-eQ3CV0X409WiBSMxBUSRdfWLJlVbBjq69ijnt5r5OWLWm5aafPnVf00VkewpD7AHIlUuhA9C_LuUE7znG77fdT826NcLX60ByGyYgbwR-It40xr6lUs7xu1Azhpb1QNsJOgVpCbpj6EGrIZ75yGGNPSzO_o7LrebujZWz6cYpjsGIztF_b1-GI7mk5ywOVO0RRPT76EVri4C-vCdIicFnD2GYaMGBwnZljUvhH1Hh68jE7abU6TSCGuaShxjDbM-nvhs1UOPXa6TohQFOlZakK00Se7ejmgsR_EM25WS3unH6tE67Ek33LGhmUtQGx-f3_-AQQoxXqaAQAA
new locathion is https://account.microsoft.com/auth/complete-client-signin-oauth-silent?state=H4sIAAAAAAAEAAXBN2KDMAAAwL9kZTBVwJDBDmDTqzBiI7QgOqKZ1-fuy88GMttDkh_qw_sAJrDh1pk6FKTLr_aJxLniAGS_a0K04HEvbrEcMfQ1akwNxfWe2ZYwQC7NyjvJrlnnytjpd5cL1oR0jfDCjoi3T6igkzlrOUrjB36dSExrKuZOTC3AWnxFDSI-M5AYeRQGCWxEKjxUb2SNXSIbnbvJaC5vHPo8LNbyHNdCOS_e7DS7oUVbNzr3mEoL9Z7-NtV3qHLtmNjR3yRxcF8E_PtK-7_rSaQqkmHCHow0Mm1mF1PX_hR8xSVZEhds4zEFkean37H8VJ-xEbiljKR4OtcV9G3Z1QWdtUlYmYg11vtzRl4gzp3Wf34oq57ASE83hcCB7MGA5HEBMnTPbbYD4k7U1r3SzJkyvDE8cIb2xvcAuPkDQ459YrlxSqQnWAxjZPW5UIwu4D_4cCqLZ4FWqzDgDbVC31__XWiePq4BAAA
new locathion is https://account.microsoft.com/auth/complete-sso-with-redirect?state=H4sIAAAAAAAEAAXBN2KDMAAAwL9kZTBVwJDBDmDTqzBiI7QgOqKZ1-fuy88GMttDkh_qw_sAJrDh1pk6FKTLr_aJxLniAGS_a0K04HEvbrEcMfQ1akwNxfWe2ZYwQC7NyjvJrlnnytjpd5cL1oR0jfDCjoi3T6igkzlrOUrjB36dSExrKuZOTC3AWnxFDSI-M5AYeRQGCWxEKjxUb2SNXSIbnbvJaC5vHPo8LNbyHNdCOS_e7DS7oUVbNzr3mEoL9Z7-NtV3qHLtmNjR3yRxcF8E_PtK-7_rSaQqkmHCHow0Mm1mF1PX_hR8xSVZEhds4zEFkean37H8VJ-xEbiljKR4OtcV9G3Z1QWdtUlYmYg11vtzRl4gzp3Wf34oq57ASE83hcCB7MGA5HEBMnTPbbYD4k7U1r3SzJkyvDE8cIb2xvcAuPkDQ459YrlxSqQnWAxjZPW5UIwu4D_4cCqLZ4FWqzDgDbVC31__XWiePq4BAAA
new locathion is https://login.live.com/login.srf?wa=wsignin1.0&rpsnv=16&checkda=1&ct=1693493932&rver=7.5.2112.0&wp=MBI_SSL&wreply=https:%2F%2Faccount.microsoft.com%2Fauth%2Fcomplete-silent-signin%3Fru%3Dhttps%253A%252F%252Faccount.microsoft.com%252F%253Flang%253Den-IN%2526refd%253Daccount.live.com%2526refp%253Dlanding%2526mkt%253DEN-IN&lc=1033&id=292666
new locathion is https://account.microsoft.com/auth/complete-silent-signin?ru=https%3A%2F%2Faccount.microsoft.com%2F%3Flang%3Den-IN%26refd%3Daccount.live.com%26refp%3Dlanding%26mkt%3DEN-IN&wa=wsignin1.0
new locathion is https://account.microsoft.com/?lang=en-IN&refd=account.live.com&refp=landing&mkt=EN-IN
new locathion is https://login.live.com/oauth20_authorize.srf?client_id=2b8231e2-3b7e-4252-90d9-0732cf38e529&response_type=code&redirect_uri=https://login.microsoftonline.com/common/oauth2/nativeclient&scope=Xboxlive.signin%20offline_access
new locathion is https://login.live.com/oauth20_authorize.srf?lc=16393&client_id=2b8231e2-3b7e-4252-90d9-0732cf38e529&mkt=EN-IN&client_id=2b8231e2-3b7e-4252-90d9-0732cf38e529&contextid=54B2B43576885F2F&opid=DCD5A089F89EA345&bk=1693493953&res=cancel&uaid=2cf0f4851c8b4c11bea484ac3e24bf06
new locathion is https://login.microsoftonline.com/common/oauth2/nativeclient?error=access_denied&error_description=The%20user%20has%20denied%20access%20to%20the%20scope%20requested%20by%20the%20client%20application.
new locathion is https://login.live.com/oauth20_authorize.srf?client_id=2b8231e2-3b7e-4252-90d9-0732cf38e529&response_type=code&redirect_uri=https://login.microsoftonline.com/common/oauth2/nativeclient&scope=Xboxlive.signin%20offline_access
new locathion is https://login.live.com/ppsecure/post.srf?client_id=2b8231e2-3b7e-4252-90d9-0732cf38e529&contextid=59871EFFADC97489&opid=7A112280CA745122&bk=1693493961&uaid=3011af11435f47709ec2cdbe09001b2c&pid=15216
new locathion is https://account.live.com/Consent/Update?mkt=EN-IN&uiflavor=host&id=290794&lqsp=ntprob%3d-1&ru=https://login.live.com/oauth20_authorize.srf%3fuaid%3d3011af11435f47709ec2cdbe09001b2c%26client_id%3d2b8231e2-3b7e-4252-90d9-0732cf38e529%26opid%3d7A112280CA745122%26mkt%3dEN-IN%26opidt%3d1693493979
new locathion is https://login.live.com/oauth20_authorize.srf?uaid=3011af11435f47709ec2cdbe09001b2c&client_id=2b8231e2-3b7e-4252-90d9-0732cf38e529&opid=7A112280CA745122&mkt=EN-IN&opidt=1693493979&res=success&route=C107_BAY
new locathion is https://login.microsoftonline.com/common/oauth2/nativeclient?code=M.C107_BAY.2.3ce912b8-1cc0-5fc3-887f-b10c293eb9b5
org.tlauncher.tlauncher.minecraft.user.gos.GameOwnershipValidationException: no "product_minecraft"
at org.tlauncher.tlauncher.minecraft.user.gos.GameOwnershipValidator.checkGameOwnership(GameOwnershipValidator.java:40)
at org.tlauncher.tlauncher.minecraft.user.MinecraftOAuthAuthenticate.authenticate(MinecraftOAuthAuthenticate.java:47)
at org.tlauncher.tlauncher.minecraft.auth.MicrosoftAuthenticator.doRequest(MicrosoftAuthenticator.java:57)
at org.tlauncher.tlauncher.minecraft.auth.MicrosoftAuthenticator.pass(MicrosoftAuthenticator.java:33)
at org.tlauncher.tlauncher.minecraft.auth.Authenticator.run(Authenticator.java:54)
at java.util.concurrent.CompletableFuture$AsyncRun.run(CompletableFuture.java:1640)
at java.util.concurrent.CompletableFuture$AsyncRun.exec(CompletableFuture.java:1632)
at java.util.concurrent.ForkJoinTask.doExec(ForkJoinTask.java:289)
at java.util.concurrent.ForkJoinPool$WorkQueue.runTask(ForkJoinPool.java:1067)
at java.util.concurrent.ForkJoinPool.runWorker(ForkJoinPool.java:1703)
at java.util.concurrent.ForkJoinWorkerThread.run(ForkJoinWorkerThread.java:172)

[MicrosoftAuthenticator] Cannot authenticate:
org.tlauncher.tlauncher.exceptions.auth.AuthenticatorException: org.tlauncher.tlauncher.minecraft.user.gos.GameOwnershipValidationException: no "product_minecraft"
at org.tlauncher.tlauncher.minecraft.auth.MicrosoftAuthenticator.pass(MicrosoftAuthenticator.java:43)
at org.tlauncher.tlauncher.minecraft.auth.Authenticator.run(Authenticator.java:54)
at java.util.concurrent.CompletableFuture$AsyncRun.run(CompletableFuture.java:1640)
at java.util.concurrent.CompletableFuture$AsyncRun.exec(CompletableFuture.java:1632)
at java.util.concurrent.ForkJoinTask.doExec(ForkJoinTask.java:289)
at java.util.concurrent.ForkJoinPool$WorkQueue.runTask(ForkJoinPool.java:1067)
at java.util.concurrent.ForkJoinPool.runWorker(ForkJoinPool.java:1703)
at java.util.concurrent.ForkJoinWorkerThread.run(ForkJoinWorkerThread.java:172)
Caused by: org.tlauncher.tlauncher.minecraft.user.gos.GameOwnershipValidationException: no "product_minecraft"
at org.tlauncher.tlauncher.minecraft.user.gos.GameOwnershipValidator.checkGameOwnership(GameOwnershipValidator.java:40)
at org.tlauncher.tlauncher.minecraft.user.MinecraftOAuthAuthenticate.authenticate(MinecraftOAuthAuthenticate.java:47)
at org.tlauncher.tlauncher.minecraft.auth.MicrosoftAuthenticator.doRequest(MicrosoftAuthenticator.java:57)
at org.tlauncher.tlauncher.minecraft.auth.MicrosoftAuthenticator.pass(MicrosoftAuthenticator.java:33)
at org.tlauncher.tlauncher.minecraft.auth.Authenticator.run(Authenticator.java:54)
at java.util.concurrent.CompletableFuture$AsyncRun.run(CompletableFuture.java:1640)
at java.util.concurrent.CompletableFuture$AsyncRun.exec(CompletableFuture.java:1632)
at java.util.concurrent.ForkJoinTask.doExec(ForkJoinTask.java:289)
at java.util.concurrent.ForkJoinPool$WorkQueue.runTask(ForkJoinPool.java:1067)
at java.util.concurrent.ForkJoinPool.runWorker(ForkJoinPool.java:1703)
at java.util.concurrent.ForkJoinWorkerThread.run(ForkJoinWorkerThread.java:172)

new locathion is https://login.live.com/oauth20_authorize.srf?client_id=2b8231e2-3b7e-4252-90d9-0732cf38e529&response_type=code&redirect_uri=https://login.microsoftonline.com/common/oauth2/nativeclient&scope=Xboxlive.signin%20offline_access
new locathion is https://login.live.com/oauth20_authorize.srf?lc=16393&client_id=2b8231e2-3b7e-4252-90d9-0732cf38e529&mkt=EN-IN&client_id=2b8231e2-3b7e-4252-90d9-0732cf38e529&contextid=F687AC043A140154&opid=ED9533B8E2B594DB&bk=1693494028&res=cancel&uaid=0fa70aeec2cf46b0b65cd929279e56d6
new locathion is https://login.microsoftonline.com/common/oauth2/nativeclient?error=access_denied&error_description=The%20user%20has%20denied%20access%20to%20the%20scope%20requested%20by%20the%20client%20application.
onAuthPassed
saved account Account{skinType=TLAUNCHER, displayName=vicky, userid=bf479af4248443d594f76aad0e047f40, uuid=bf479af4248443d594f76aad0e047f40, username=vicky}
save profiles
[ProfileManager] Refreshing profiles from: C:\Users\Vicky\AppData\Roaming\.minecraft\TlauncherProfiles.json
save profiles
[GsonUtil]  request to https://repo.tlauncher.org/update/downloads/libraries/org/tlauncher/authlib/libraries-1.7.json
[GsonUtil]  request to https://repo.tlauncher.org/update/downloads/libraries/org/tlauncher/authlib/libraries-1.7.json
[VersionManager] Refreshing versions remotely...
[REPO][EXTRA_VERSION_REPO] Attempt #1; timeout: 30000 ms; url: https://repo.tlauncher.org/update/downloads/versions/new5/
[REPO][OFFICIAL_VERSION_REPO] Attempt #1; timeout: 30000 ms; url: https://launchermeta.mojang.com/mc/game/
[REPO][SKIN_VERSION_REPO] Attempt #1; timeout: 30000 ms; url: https://repo.tlauncher.org/update/downloads/versions/new5/skin/versions/
[REPO][SKIN_VERSION_REPO] Success: Reached the repo in 40 ms.
[SkinVersionList] Got in 44 ms
[REPO][EXTRA_VERSION_REPO] Success: Reached the repo in 122 ms.
[ExtraVersionList] Got in 130 ms
[REPO][OFFICIAL_VERSION_REPO] Success: Reached the repo in 170 ms.
[OfficialVersionList] Got in 199 ms
[VersionManager] Versions has been refreshed (206 ms)
[ProfileManager] Refreshing profiles from: C:\Users\Vicky\AppData\Roaming\.minecraft\TlauncherProfiles.json
save profiles
[REPO][SERVER_LIST_REPO] Success: Reached the repo in 224 ms.
[REPO][EXTRA_VERSION_REPO] Attempt #1; timeout: 30000 ms; url: https://repo.tlauncher.org/update/downloads/versions/new5/
[REPO][EXTRA_VERSION_REPO] Success: Reached the repo in 83 ms.
[OS] Trying to open folder: C:\Users\Vicky\AppData\Roaming\.minecraft\
Good bye!
[Double running] clear time label
[TLauncherManager] before clearLibrary 
[TLauncherManager] written:  []
[TLauncherManager] after clearLibrary 
flush now
