[Loading] INITIALIZING
Starting TLauncher 2.89 RELEASE
For more information, visit https://tlauncher.org/
Startup time: 10 Sep, 2023 1:21:12 PM
Running folder C:\Users\Vicky\AppData\Roaming\.minecraft
---
[Loading] LOADING_CONFIGURATION
Machine info: -------------------------------------------------------
Windows 10 10.0, Java 1.8.0_281, jvm bit x64, 8001 MB RAM
java path=C:\Users\Vicky\AppData\Roaming\.tlauncher\jvms\jre1.8.0_281\bin\javaw.exe
AMD Ryzen 5 3550H with Radeon Vega Mobile Gfx
 AMD Radeon(TM) Vega 8 Graphics, AMD Radeon Graphics Processor (0x15D8), 4113 MB, NVIDIA GeForce GTX 1650, NVIDIA GeForce GTX 1650, 7949 MB
-------------------------------------------------------
Selected locale: en
[Loading] LOADING_CONSOLE
[Downloader2] Loaded configuration: good
[Updater] Requesting an update...
[Updater] Requesting from: https://repo.tlauncher.org/update/lch/release_update_2.3.json
[Updater] Making request: https://repo.tlauncher.org/update/lch/release_update_2.3.json?version=2.89&client=f2d004ad-49e4-438b-9a85-cae4170ae3d1
[Browser] Loading resources...
[Browser] Cleaning up after loading:
Starting garbage collector: 48 / 107 MB
Garbage collector completed: 21 / 152 MB
[Loading] LOADING_MANAGERS
[LocalVersionList] Base directory: C:\Users\Vicky\AppData\Roaming\.minecraft
[ProfileManager] Refreshing profiles from: C:\Users\Vicky\AppData\Roaming\.minecraft\TlauncherProfiles.json
[Updater] Request time: 1596 ms
[Updater] Successfully requested from: https://repo.tlauncher.org/update/lch/release_update_2.3.json
[AdvertisingStatusObserver]  started to get ad information
[AdvertisingStatusObserver]  finished to get add information
save profiles
[GsonUtil]  request to https://repo.tlauncher.org/update/downloads/libraries/org/tlauncher/authlib/libraries-1.7.json
[Loading] LOADING_WINDOW
[Swing] Favicons loaded: 256px, 128px, 96px, 64px, 48px, 32px, 24px, 16px
[Loading] PREPARING_MAINPANE
[REPO][SERVER_LIST_REPO] Success: Reached the repo in 403 ms.
[JFXStartPageLoader]  start load page: https://page.tlauncher.org/update/downloads/configs/pages/index_en.html
[Browser] Running in JavaFX Thread
[Browser] Preparing JavaFX...
[Browser] Initializing...
[JFXStartPageLoader]  succeeded load page: https://page.tlauncher.org/update/downloads/configs/pages/index_en.html during 1
[Browser@347658936] Loaded successfully: "https://page.tlauncher.org/update/downloads/configs/pages/index_en.html"
[Downloader2] Loaded configuration: good
[Browser] add listens into server_choose
[Browser] finished listens into server_choose
[Loading] POSTINIT_GUI
[Frame] Packing main frame...
[Frame] Resizing main pane...
Updater is already closed. Showing up...
Visibility set.
[Loading] REFRESHING_INFO
[VersionManager] Refreshing versions remotely...
[REPO][EXTRA_VERSION_REPO] Attempt #1; timeout: 30000 ms; url: https://repo.tlauncher.org/update/downloads/versions/new5/
Started! (10120 ms.)
[Loading] SUCCESS
[TLauncher] show tlauncher!!!
[REPO][OFFICIAL_VERSION_REPO] Attempt #1; timeout: 30000 ms; url: https://launchermeta.mojang.com/mc/game/
[REPO][EXTRA_VERSION_REPO] Attempt #1; timeout: 30000 ms; url: https://repo.tlauncher.org/update/downloads/versions/new5/
[REPO][SKIN_VERSION_REPO] Attempt #1; timeout: 30000 ms; url: https://repo.tlauncher.org/update/downloads/versions/new5/skin/versions/
[REPO][EXTRA_VERSION_REPO] Success: Reached the repo in 771 ms.
[REPO][SKIN_VERSION_REPO] Success: Reached the repo in 245 ms.
[REPO][EXTRA_VERSION_REPO] Success: Reached the repo in 251 ms.
[REPO][OFFICIAL_VERSION_REPO] Success: Reached the repo in 428 ms.
[SkinVersionList] Got in 471 ms
[ExtraVersionList] Got in 859 ms
[OfficialVersionList] Got in 1475 ms
[VersionManager] Versions has been refreshed (1784 ms)
[REPO][HOT_SERVERS_REPO] Attempt #1; timeout: 30000 ms; url: https://repo.tlauncher.org/update/lch/servers/hot_servers-1.0.json
[REPO][ADD_HOT_SERVERS_REPO] Attempt #1; timeout: 30000 ms; url: https://repo.tlauncher.org/update/lch/additional_hot_servers-1.0.json
[REPO][ADD_HOT_SERVERS_REPO] Success: Reached the repo in 83 ms.
[REPO][HOT_SERVERS_REPO] Success: Reached the repo in 152 ms.
run server on  37842
[Double running] clear time label
AccountComboBox.validte pre game launch username Account{skinType=TLAUNCHER, displayName=Vicky, userid=91d519811e5844279199ef1e67a09b70, uuid=91d519811e5844279199ef1e67a09b70, username=Vicky} FREE
onAuthPassed
saved account Account{skinType=TLAUNCHER, displayName=Vicky, userid=91d519811e5844279199ef1e67a09b70, uuid=91d519811e5844279199ef1e67a09b70, username=Vicky}
save profiles
[LoginForm] Login was OK. Trying to launch now.
[Launcher] Running under TLauncher 2.89
[Launcher] Collecting info...
[TLauncherManager] before clearLibrary 
[TLauncherManager] written:  []
[TLauncherManager] after clearLibrary 
[Launcher] Force update: false
[Launcher] Selected version: 1.20.1
[Launcher] Selected account: Account{skinType=TLAUNCHER, displayName=Vicky, userid=91d519811e5844279199ef1e67a09b70, uuid=91d519811e5844279199ef1e67a09b70, username=Vicky}
[Launcher] Version sync info: VersionSyncInfo{id='1.20.1',
local=CompleteVersion{id='1.20.1', time=Mon Jun 12 18:55:51 IST 2023, release=Mon Jun 12 18:55:51 IST 2023, type=release, class=net.minecraft.client.main.Main, minimumVersion=21, assets='5', source=LOCAL_VERSION_REPO, list=net.minecraft.launcher.updater.OfficialVersionList@6ef183d4, libraries=[Library{name='ca.weblite:java-objc-bridge:1.1', rules=[Rule{action=ALLOW, os=OSRestriction{name=OSX, version='null'}, features=null}], natives=null, extract=null, packed='null'}, Library{name='com.github.oshi:oshi-core:6.2.2', rules=null, natives=null, extract=null, packed='null'}, Library{name='com.google.code.gson:gson:2.10', rules=null, natives=null, extract=null, packed='null'}, Library{name='com.google.guava:failureaccess:1.0.1', rules=null, natives=null, extract=null, packed='null'}, Library{name='com.google.guava:guava:31.1-jre', rules=null, natives=null, extract=null, packed='null'}, Library{name='com.ibm.icu:icu4j:71.1', rules=null, natives=null, extract=null, packed='null'}, Library{name='com.mojang:authlib:4.0.43', rules=null, natives=null, extract=null, packed='null'}, Library{name='com.mojang:blocklist:1.0.10', rules=null, natives=null, extract=null, packed='null'}, Library{name='com.mojang:brigadier:1.1.8', rules=null, natives=null, extract=null, packed='null'}, Library{name='com.mojang:datafixerupper:6.0.8', rules=null, natives=null, extract=null, packed='null'}, Library{name='com.mojang:logging:1.1.1', rules=null, natives=null, extract=null, packed='null'}, Library{name='com.mojang:patchy:2.2.10', rules=null, natives=null, extract=null, packed='null'}, Library{name='com.mojang:text2speech:1.17.9', rules=null, natives=null, extract=null, packed='null'}, Library{name='commons-codec:commons-codec:1.15', rules=null, natives=null, extract=null, packed='null'}, Library{name='commons-io:commons-io:2.11.0', rules=null, natives=null, extract=null, packed='null'}, Library{name='commons-logging:commons-logging:1.2', rules=null, natives=null, extract=null, packed='null'}, Library{name='io.netty:netty-buffer:4.1.82.Final', rules=null, natives=null, extract=null, packed='null'}, Library{name='io.netty:netty-codec:4.1.82.Final', rules=null, natives=null, extract=null, packed='null'}, Library{name='io.netty:netty-common:4.1.82.Final', rules=null, natives=null, extract=null, packed='null'}, Library{name='io.netty:netty-handler:4.1.82.Final', rules=null, natives=null, extract=null, packed='null'}, Library{name='io.netty:netty-resolver:4.1.82.Final', rules=null, natives=null, extract=null, packed='null'}, Library{name='io.netty:netty-transport-classes-epoll:4.1.82.Final', rules=null, natives=null, extract=null, packed='null'}, Library{name='io.netty:netty-transport-native-epoll:4.1.82.Final:linux-aarch_64', rules=[Rule{action=ALLOW, os=OSRestriction{name=LINUX, version='null'}, features=null}], natives=null, extract=null, packed='null'}, Library{name='io.netty:netty-transport-native-epoll:4.1.82.Final:linux-x86_64', rules=[Rule{action=ALLOW, os=OSRestriction{name=LINUX, version='null'}, features=null}], natives=null, extract=null, packed='null'}, Library{name='io.netty:netty-transport-native-unix-common:4.1.82.Final', rules=null, natives=null, extract=null, packed='null'}, Library{name='io.netty:netty-transport:4.1.82.Final', rules=null, natives=null, extract=null, packed='null'}, Library{name='it.unimi.dsi:fastutil:8.5.9', rules=null, natives=null, extract=null, packed='null'}, Library{name='net.java.dev.jna:jna-platform:5.12.1', rules=null, natives=null, extract=null, packed='null'}, Library{name='net.java.dev.jna:jna:5.12.1', rules=null, natives=null, extract=null, packed='null'}, Library{name='net.sf.jopt-simple:jopt-simple:5.0.4', rules=null, natives=null, extract=null, packed='null'}, Library{name='org.apache.commons:commons-compress:1.21', rules=null, natives=null, extract=null, packed='null'}, Library{name='org.apache.commons:commons-lang3:3.12.0', rules=null, natives=null, extract=null, packed='null'}, Library{name='org.apache.httpcomponents:httpclient:4.5.13', rules=null, natives=null, extract=null, packed='null'}, Library{name='org.apache.httpcomponents:httpcore:4.4.15', rules=null, natives=null, extract=null, packed='null'}, Library{name='org.apache.logging.log4j:log4j-api:2.19.0', rules=null, natives=null, extract=null, packed='null'}, Library{name='org.apache.logging.log4j:log4j-core:2.19.0', rules=null, natives=null, extract=null, packed='null'}, Library{name='org.apache.logging.log4j:log4j-slf4j2-impl:2.19.0', rules=null, natives=null, extract=null, packed='null'}, Library{name='org.joml:joml:1.10.5', rules=null, natives=null, extract=null, packed='null'}, Library{name='org.lwjgl:lwjgl-glfw:3.3.1', rules=null, natives=null, extract=null, packed='null'}, Library{name='org.lwjgl:lwjgl-glfw:3.3.1:natives-linux', rules=[Rule{action=ALLOW, os=OSRestriction{name=LINUX, version='null'}, features=null}], natives=null, extract=null, packed='null'}, Library{name='org.lwjgl:lwjgl-glfw:3.3.1:natives-macos', rules=[Rule{action=ALLOW, os=OSRestriction{name=OSX, version='null'}, features=null}], natives=null, extract=null, packed='null'}, Library{name='org.lwjgl:lwjgl-glfw:3.3.1:natives-macos-arm64', rules=[Rule{action=ALLOW, os=OSRestriction{name=OSX, version='null'}, features=null}], natives=null, extract=null, packed='null'}, Library{name='org.lwjgl:lwjgl-glfw:3.3.1:natives-windows', rules=[Rule{action=ALLOW, os=OSRestriction{name=WINDOWS, version='null'}, features=null}], natives=null, extract=null, packed='null'}, Library{name='org.lwjgl:lwjgl-glfw:3.3.1:natives-windows-arm64', rules=[Rule{action=ALLOW, os=OSRestriction{name=WINDOWS, version='null'}, features=null}], natives=null, extract=null, packed='null'}, Library{name='org.lwjgl:lwjgl-glfw:3.3.1:natives-windows-x86', rules=[Rule{action=ALLOW, os=OSRestriction{name=WINDOWS, version='null'}, features=null}], natives=null, extract=null, packed='null'}, Library{name='org.lwjgl:lwjgl-jemalloc:3.3.1', rules=null, natives=null, extract=null, packed='null'}, Library{name='org.lwjgl:lwjgl-jemalloc:3.3.1:natives-linux', rules=[Rule{action=ALLOW, os=OSRestriction{name=LINUX, version='null'}, features=null}], natives=null, extract=null, packed='null'}, Library{name='org.lwjgl:lwjgl-jemalloc:3.3.1:natives-macos', rules=[Rule{action=ALLOW, os=OSRestriction{name=OSX, version='null'}, features=null}], natives=null, extract=null, packed='null'}, Library{name='org.lwjgl:lwjgl-jemalloc:3.3.1:natives-macos-arm64', rules=[Rule{action=ALLOW, os=OSRestriction{name=OSX, version='null'}, features=null}], natives=null, extract=null, packed='null'}, Library{name='org.lwjgl:lwjgl-jemalloc:3.3.1:natives-windows', rules=[Rule{action=ALLOW, os=OSRestriction{name=WINDOWS, version='null'}, features=null}], natives=null, extract=null, packed='null'}, Library{name='org.lwjgl:lwjgl-jemalloc:3.3.1:natives-windows-arm64', rules=[Rule{action=ALLOW, os=OSRestriction{name=WINDOWS, version='null'}, features=null}], natives=null, extract=null, packed='null'}, Library{name='org.lwjgl:lwjgl-jemalloc:3.3.1:natives-windows-x86', rules=[Rule{action=ALLOW, os=OSRestriction{name=WINDOWS, version='null'}, features=null}], natives=null, extract=null, packed='null'}, Library{name='org.lwjgl:lwjgl-openal:3.3.1', rules=null, natives=null, extract=null, packed='null'}, Library{name='org.lwjgl:lwjgl-openal:3.3.1:natives-linux', rules=[Rule{action=ALLOW, os=OSRestriction{name=LINUX, version='null'}, features=null}], natives=null, extract=null, packed='null'}, Library{name='org.lwjgl:lwjgl-openal:3.3.1:natives-macos', rules=[Rule{action=ALLOW, os=OSRestriction{name=OSX, version='null'}, features=null}], natives=null, extract=null, packed='null'}, Library{name='org.lwjgl:lwjgl-openal:3.3.1:natives-macos-arm64', rules=[Rule{action=ALLOW, os=OSRestriction{name=OSX, version='null'}, features=null}], natives=null, extract=null, packed='null'}, Library{name='org.lwjgl:lwjgl-openal:3.3.1:natives-windows', rules=[Rule{action=ALLOW, os=OSRestriction{name=WINDOWS, version='null'}, features=null}], natives=null, extract=null, packed='null'}, Library{name='org.lwjgl:lwjgl-openal:3.3.1:natives-windows-arm64', rules=[Rule{action=ALLOW, os=OSRestriction{name=WINDOWS, version='null'}, features=null}], natives=null, extract=null, packed='null'}, Library{name='org.lwjgl:lwjgl-openal:3.3.1:natives-windows-x86', rules=[Rule{action=ALLOW, os=OSRestriction{name=WINDOWS, version='null'}, features=null}], natives=null, extract=null, packed='null'}, Library{name='org.lwjgl:lwjgl-opengl:3.3.1', rules=null, natives=null, extract=null, packed='null'}, Library{name='org.lwjgl:lwjgl-opengl:3.3.1:natives-linux', rules=[Rule{action=ALLOW, os=OSRestriction{name=LINUX, version='null'}, features=null}], natives=null, extract=null, packed='null'}, Library{name='org.lwjgl:lwjgl-opengl:3.3.1:natives-macos', rules=[Rule{action=ALLOW, os=OSRestriction{name=OSX, version='null'}, features=null}], natives=null, extract=null, packed='null'}, Library{name='org.lwjgl:lwjgl-opengl:3.3.1:natives-macos-arm64', rules=[Rule{action=ALLOW, os=OSRestriction{name=OSX, version='null'}, features=null}], natives=null, extract=null, packed='null'}, Library{name='org.lwjgl:lwjgl-opengl:3.3.1:natives-windows', rules=[Rule{action=ALLOW, os=OSRestriction{name=WINDOWS, version='null'}, features=null}], natives=null, extract=null, packed='null'}, Library{name='org.lwjgl:lwjgl-opengl:3.3.1:natives-windows-arm64', rules=[Rule{action=ALLOW, os=OSRestriction{name=WINDOWS, version='null'}, features=null}], natives=null, extract=null, packed='null'}, Library{name='org.lwjgl:lwjgl-opengl:3.3.1:natives-windows-x86', rules=[Rule{action=ALLOW, os=OSRestriction{name=WINDOWS, version='null'}, features=null}], natives=null, extract=null, packed='null'}, Library{name='org.lwjgl:lwjgl-stb:3.3.1', rules=null, natives=null, extract=null, packed='null'}, Library{name='org.lwjgl:lwjgl-stb:3.3.1:natives-linux', rules=[Rule{action=ALLOW, os=OSRestriction{name=LINUX, version='null'}, features=null}], natives=null, extract=null, packed='null'}, Library{name='org.lwjgl:lwjgl-stb:3.3.1:natives-macos', rules=[Rule{action=ALLOW, os=OSRestriction{name=OSX, version='null'}, features=null}], natives=null, extract=null, packed='null'}, Library{name='org.lwjgl:lwjgl-stb:3.3.1:natives-macos-arm64', rules=[Rule{action=ALLOW, os=OSRestriction{name=OSX, version='null'}, features=null}], natives=null, extract=null, packed='null'}, Library{name='org.lwjgl:lwjgl-stb:3.3.1:natives-windows', rules=[Rule{action=ALLOW, os=OSRestriction{name=WINDOWS, version='null'}, features=null}], natives=null, extract=null, packed='null'}, Library{name='org.lwjgl:lwjgl-stb:3.3.1:natives-windows-arm64', rules=[Rule{action=ALLOW, os=OSRestriction{name=WINDOWS, version='null'}, features=null}], natives=null, extract=null, packed='null'}, Library{name='org.lwjgl:lwjgl-stb:3.3.1:natives-windows-x86', rules=[Rule{action=ALLOW, os=OSRestriction{name=WINDOWS, version='null'}, features=null}], natives=null, extract=null, packed='null'}, Library{name='org.lwjgl:lwjgl-tinyfd:3.3.1', rules=null, natives=null, extract=null, packed='null'}, Library{name='org.lwjgl:lwjgl-tinyfd:3.3.1:natives-linux', rules=[Rule{action=ALLOW, os=OSRestriction{name=LINUX, version='null'}, features=null}], natives=null, extract=null, packed='null'}, Library{name='org.lwjgl:lwjgl-tinyfd:3.3.1:natives-macos', rules=[Rule{action=ALLOW, os=OSRestriction{name=OSX, version='null'}, features=null}], natives=null, extract=null, packed='null'}, Library{name='org.lwjgl:lwjgl-tinyfd:3.3.1:natives-macos-arm64', rules=[Rule{action=ALLOW, os=OSRestriction{name=OSX, version='null'}, features=null}], natives=null, extract=null, packed='null'}, Library{name='org.lwjgl:lwjgl-tinyfd:3.3.1:natives-windows', rules=[Rule{action=ALLOW, os=OSRestriction{name=WINDOWS, version='null'}, features=null}], natives=null, extract=null, packed='null'}, Library{name='org.lwjgl:lwjgl-tinyfd:3.3.1:natives-windows-arm64', rules=[Rule{action=ALLOW, os=OSRestriction{name=WINDOWS, version='null'}, features=null}], natives=null, extract=null, packed='null'}, Library{name='org.lwjgl:lwjgl-tinyfd:3.3.1:natives-windows-x86', rules=[Rule{action=ALLOW, os=OSRestriction{name=WINDOWS, version='null'}, features=null}], natives=null, extract=null, packed='null'}, Library{name='org.lwjgl:lwjgl:3.3.1', rules=null, natives=null, extract=null, packed='null'}, Library{name='org.lwjgl:lwjgl:3.3.1:natives-linux', rules=[Rule{action=ALLOW, os=OSRestriction{name=LINUX, version='null'}, features=null}], natives=null, extract=null, packed='null'}, Library{name='org.lwjgl:lwjgl:3.3.1:natives-macos', rules=[Rule{action=ALLOW, os=OSRestriction{name=OSX, version='null'}, features=null}], natives=null, extract=null, packed='null'}, Library{name='org.lwjgl:lwjgl:3.3.1:natives-macos-arm64', rules=[Rule{action=ALLOW, os=OSRestriction{name=OSX, version='null'}, features=null}], natives=null, extract=null, packed='null'}, Library{name='org.lwjgl:lwjgl:3.3.1:natives-windows', rules=[Rule{action=ALLOW, os=OSRestriction{name=WINDOWS, version='null'}, features=null}], natives=null, extract=null, packed='null'}, Library{name='org.lwjgl:lwjgl:3.3.1:natives-windows-arm64', rules=[Rule{action=ALLOW, os=OSRestriction{name=WINDOWS, version='null'}, features=null}], natives=null, extract=null, packed='null'}, Library{name='org.lwjgl:lwjgl:3.3.1:natives-windows-x86', rules=[Rule{action=ALLOW, os=OSRestriction{name=WINDOWS, version='null'}, features=null}], natives=null, extract=null, packed='null'}, Library{name='org.slf4j:slf4j-api:2.0.1', rules=null, natives=null, extract=null, packed='null'}]},
remote=PartialVersion{id='1.20.1', time=Thu Sep 07 17:46:18 IST 2023, release=Mon Jun 12 18:55:51 IST 2023, type=release, source=OFFICIAL_VERSION_REPO, list=net.minecraft.launcher.updater.OfficialVersionList@6ef183d4}, isInstalled=true, hasRemote=true, isUpToDate=true}
[GsonUtil]  request to https://res.tlauncher.org/b/jvm/java_configuration.json
[Launcher] Checking conditions...
[Launcher] resourcepacks:Greenfield.Pack.1.20.zip,Halloween-V1.17.zip,redstone.zip,titanic.zip,Water Reflection.zip
[Launcher] Comparing assets...
[AssetsManager] Checking resources...
[AssetsManager] Reading indexes from file C:\Users\Vicky\AppData\Roaming\.minecraft\assets\indexes\5.json
[AssetsManager] Fast comparing: true
[Launcher] finished comparing assets: 6719 ms.
[TLauncherManager] add required libraries: 1.20.1
[VersionManager] Required for version 1.20.1: []
[TLauncherManager] add required libraries: 1.20.1
used default java runtime
Minecraft requires java version: 17, java path: C:\Users\Vicky\AppData\Roaming\.minecraft\runtime\java-runtime-gamma\windows\java-runtime-gamma\bin\javaw.exe
library will be replaced: com.mojang:authlib:4.0.43 -> org.tlauncher:authlib:4.0.43.1
library will be replaced: com.mojang:patchy:2.2.10 -> org.tlauncher:patchy:2.2.10
[TLauncherManager] library will be added as required: io.github.classgraph:classgraph:4.8.110
[TLauncherManager] library will be added as required: org.ow2.asm:asm:9.1
[TLauncherManager] library will be added as required: org.ow2.asm:asm-commons:9.1
[TLauncherManager] library will be added as required: org.ow2.asm:asm-tree:9.1
[TLauncherManager] library will be added: org.tlauncher:tl_skin_cape_1.20_1.20.1:1.32
[Launcher] Unpacking natives...
[Launcher] Constructing process...
[Launcher] Constructing classpath...
backup world is active: true
[Launcher] Getting Minecraft arguments...
[Launcher] Full command: C:\Users\Vicky\AppData\Roaming\.minecraft\runtime\java-runtime-gamma\windows\java-runtime-gamma\bin\javaw.exe -Dos.name=Windows 10 -Dos.version=10.0 -XX:HeapDumpPath=MojangTricksIntelDriversForPerformance_javaw.exe_minecraft.exe.heapdump -Xss1M -Djava.library.path=C:\Users\Vicky\AppData\Roaming\.minecraft\versions\1.20.1\natives -Djna.tmpdir=C:\Users\Vicky\AppData\Roaming\.minecraft\versions\1.20.1\natives -Dorg.lwjgl.system.SharedLibraryExtractPath=C:\Users\Vicky\AppData\Roaming\.minecraft\versions\1.20.1\natives -Dio.netty.native.workdir=C:\Users\Vicky\AppData\Roaming\.minecraft\versions\1.20.1\natives -Dminecraft.launcher.brand=minecraft-launcher -Dminecraft.launcher.version=2.3.173 -cp C:\Users\Vicky\AppData\Roaming\.minecraft\libraries\org\tlauncher\tl_skin_cape_1.20_1.20.1\1.32\tl_skin_cape_1.20_1.20.1-1.32.jar;C:\Users\Vicky\AppData\Roaming\.minecraft\libraries\org\ow2\asm\asm-tree\9.1\asm-tree-9.1.jar;C:\Users\Vicky\AppData\Roaming\.minecraft\libraries\org\ow2\asm\asm-commons\9.1\asm-commons-9.1.jar;C:\Users\Vicky\AppData\Roaming\.minecraft\libraries\org\ow2\asm\asm\9.1\asm-9.1.jar;C:\Users\Vicky\AppData\Roaming\.minecraft\libraries\io\github\classgraph\classgraph\4.8.110\classgraph-4.8.110.jar;C:\Users\Vicky\AppData\Roaming\.minecraft\libraries\com\github\oshi\oshi-core\6.2.2\oshi-core-6.2.2.jar;C:\Users\Vicky\AppData\Roaming\.minecraft\libraries\com\google\code\gson\gson\2.10\gson-2.10.jar;C:\Users\Vicky\AppData\Roaming\.minecraft\libraries\com\google\guava\failureaccess\1.0.1\failureaccess-1.0.1.jar;C:\Users\Vicky\AppData\Roaming\.minecraft\libraries\com\google\guava\guava\31.1-jre\guava-31.1-jre.jar;C:\Users\Vicky\AppData\Roaming\.minecraft\libraries\com\ibm\icu\icu4j\71.1\icu4j-71.1.jar;C:\Users\Vicky\AppData\Roaming\.minecraft\libraries\org\tlauncher\authlib\4.0.43.1\authlib-4.0.43.1.jar;C:\Users\Vicky\AppData\Roaming\.minecraft\libraries\com\mojang\blocklist\1.0.10\blocklist-1.0.10.jar;C:\Users\Vicky\AppData\Roaming\.minecraft\libraries\com\mojang\brigadier\1.1.8\brigadier-1.1.8.jar;C:\Users\Vicky\AppData\Roaming\.minecraft\libraries\com\mojang\datafixerupper\6.0.8\datafixerupper-6.0.8.jar;C:\Users\Vicky\AppData\Roaming\.minecraft\libraries\com\mojang\logging\1.1.1\logging-1.1.1.jar;C:\Users\Vicky\AppData\Roaming\.minecraft\libraries\org\tlauncher\patchy\2.2.10\patchy-2.2.10.jar;C:\Users\Vicky\AppData\Roaming\.minecraft\libraries\com\mojang\text2speech\1.17.9\text2speech-1.17.9.jar;C:\Users\Vicky\AppData\Roaming\.minecraft\libraries\commons-codec\commons-codec\1.15\commons-codec-1.15.jar;C:\Users\Vicky\AppData\Roaming\.minecraft\libraries\commons-io\commons-io\2.11.0\commons-io-2.11.0.jar;C:\Users\Vicky\AppData\Roaming\.minecraft\libraries\commons-logging\commons-logging\1.2\commons-logging-1.2.jar;C:\Users\Vicky\AppData\Roaming\.minecraft\libraries\io\netty\netty-buffer\4.1.82.Final\netty-buffer-4.1.82.Final.jar;C:\Users\Vicky\AppData\Roaming\.minecraft\libraries\io\netty\netty-codec\4.1.82.Final\netty-codec-4.1.82.Final.jar;C:\Users\Vicky\AppData\Roaming\.minecraft\libraries\io\netty\netty-common\4.1.82.Final\netty-common-4.1.82.Final.jar;C:\Users\Vicky\AppData\Roaming\.minecraft\libraries\io\netty\netty-handler\4.1.82.Final\netty-handler-4.1.82.Final.jar;C:\Users\Vicky\AppData\Roaming\.minecraft\libraries\io\netty\netty-resolver\4.1.82.Final\netty-resolver-4.1.82.Final.jar;C:\Users\Vicky\AppData\Roaming\.minecraft\libraries\io\netty\netty-transport-classes-epoll\4.1.82.Final\netty-transport-classes-epoll-4.1.82.Final.jar;C:\Users\Vicky\AppData\Roaming\.minecraft\libraries\io\netty\netty-transport-native-unix-common\4.1.82.Final\netty-transport-native-unix-common-4.1.82.Final.jar;C:\Users\Vicky\AppData\Roaming\.minecraft\libraries\io\netty\netty-transport\4.1.82.Final\netty-transport-4.1.82.Final.jar;C:\Users\Vicky\AppData\Roaming\.minecraft\libraries\it\unimi\dsi\fastutil\8.5.9\fastutil-8.5.9.jar;C:\Users\Vicky\AppData\Roaming\.minecraft\libraries\net\java\dev\jna\jna-platform\5.12.1\jna-platform-5.12.1.jar;C:\Users\Vicky\AppData\Roaming\.minecraft\libraries\net\java\dev\jna\jna\5.12.1\jna-5.12.1.jar;C:\Users\Vicky\AppData\Roaming\.minecraft\libraries\net\sf\jopt-simple\jopt-simple\5.0.4\jopt-simple-5.0.4.jar;C:\Users\Vicky\AppData\Roaming\.minecraft\libraries\org\apache\commons\commons-compress\1.21\commons-compress-1.21.jar;C:\Users\Vicky\AppData\Roaming\.minecraft\libraries\org\apache\commons\commons-lang3\3.12.0\commons-lang3-3.12.0.jar;C:\Users\Vicky\AppData\Roaming\.minecraft\libraries\org\apache\httpcomponents\httpclient\4.5.13\httpclient-4.5.13.jar;C:\Users\Vicky\AppData\Roaming\.minecraft\libraries\org\apache\httpcomponents\httpcore\4.4.15\httpcore-4.4.15.jar;C:\Users\Vicky\AppData\Roaming\.minecraft\libraries\org\apache\logging\log4j\log4j-api\2.19.0\log4j-api-2.19.0.jar;C:\Users\Vicky\AppData\Roaming\.minecraft\libraries\org\apache\logging\log4j\log4j-core\2.19.0\log4j-core-2.19.0.jar;C:\Users\Vicky\AppData\Roaming\.minecraft\libraries\org\apache\logging\log4j\log4j-slf4j2-impl\2.19.0\log4j-slf4j2-impl-2.19.0.jar;C:\Users\Vicky\AppData\Roaming\.minecraft\libraries\org\joml\joml\1.10.5\joml-1.10.5.jar;C:\Users\Vicky\AppData\Roaming\.minecraft\libraries\org\lwjgl\lwjgl-glfw\3.3.1\lwjgl-glfw-3.3.1.jar;C:\Users\Vicky\AppData\Roaming\.minecraft\libraries\org\lwjgl\lwjgl-glfw\3.3.1\lwjgl-glfw-3.3.1-natives-windows.jar;C:\Users\Vicky\AppData\Roaming\.minecraft\libraries\org\lwjgl\lwjgl-glfw\3.3.1\lwjgl-glfw-3.3.1-natives-windows-arm64.jar;C:\Users\Vicky\AppData\Roaming\.minecraft\libraries\org\lwjgl\lwjgl-glfw\3.3.1\lwjgl-glfw-3.3.1-natives-windows-x86.jar;C:\Users\Vicky\AppData\Roaming\.minecraft\libraries\org\lwjgl\lwjgl-jemalloc\3.3.1\lwjgl-jemalloc-3.3.1.jar;C:\Users\Vicky\AppData\Roaming\.minecraft\libraries\org\lwjgl\lwjgl-jemalloc\3.3.1\lwjgl-jemalloc-3.3.1-natives-windows.jar;C:\Users\Vicky\AppData\Roaming\.minecraft\libraries\org\lwjgl\lwjgl-jemalloc\3.3.1\lwjgl-jemalloc-3.3.1-natives-windows-arm64.jar;C:\Users\Vicky\AppData\Roaming\.minecraft\libraries\org\lwjgl\lwjgl-jemalloc\3.3.1\lwjgl-jemalloc-3.3.1-natives-windows-x86.jar;C:\Users\Vicky\AppData\Roaming\.minecraft\libraries\org\lwjgl\lwjgl-openal\3.3.1\lwjgl-openal-3.3.1.jar;C:\Users\Vicky\AppData\Roaming\.minecraft\libraries\org\lwjgl\lwjgl-openal\3.3.1\lwjgl-openal-3.3.1-natives-windows.jar;C:\Users\Vicky\AppData\Roaming\.minecraft\libraries\org\lwjgl\lwjgl-openal\3.3.1\lwjgl-openal-3.3.1-natives-windows-arm64.jar;C:\Users\Vicky\AppData\Roaming\.minecraft\libraries\org\lwjgl\lwjgl-openal\3.3.1\lwjgl-openal-3.3.1-natives-windows-x86.jar;C:\Users\Vicky\AppData\Roaming\.minecraft\libraries\org\lwjgl\lwjgl-opengl\3.3.1\lwjgl-opengl-3.3.1.jar;C:\Users\Vicky\AppData\Roaming\.minecraft\libraries\org\lwjgl\lwjgl-opengl\3.3.1\lwjgl-opengl-3.3.1-natives-windows.jar;C:\Users\Vicky\AppData\Roaming\.minecraft\libraries\org\lwjgl\lwjgl-opengl\3.3.1\lwjgl-opengl-3.3.1-natives-windows-arm64.jar;C:\Users\Vicky\AppData\Roaming\.minecraft\libraries\org\lwjgl\lwjgl-opengl\3.3.1\lwjgl-opengl-3.3.1-natives-windows-x86.jar;C:\Users\Vicky\AppData\Roaming\.minecraft\libraries\org\lwjgl\lwjgl-stb\3.3.1\lwjgl-stb-3.3.1.jar;C:\Users\Vicky\AppData\Roaming\.minecraft\libraries\org\lwjgl\lwjgl-stb\3.3.1\lwjgl-stb-3.3.1-natives-windows.jar;C:\Users\Vicky\AppData\Roaming\.minecraft\libraries\org\lwjgl\lwjgl-stb\3.3.1\lwjgl-stb-3.3.1-natives-windows-arm64.jar;C:\Users\Vicky\AppData\Roaming\.minecraft\libraries\org\lwjgl\lwjgl-stb\3.3.1\lwjgl-stb-3.3.1-natives-windows-x86.jar;C:\Users\Vicky\AppData\Roaming\.minecraft\libraries\org\lwjgl\lwjgl-tinyfd\3.3.1\lwjgl-tinyfd-3.3.1.jar;C:\Users\Vicky\AppData\Roaming\.minecraft\libraries\org\lwjgl\lwjgl-tinyfd\3.3.1\lwjgl-tinyfd-3.3.1-natives-windows.jar;C:\Users\Vicky\AppData\Roaming\.minecraft\libraries\org\lwjgl\lwjgl-tinyfd\3.3.1\lwjgl-tinyfd-3.3.1-natives-windows-arm64.jar;C:\Users\Vicky\AppData\Roaming\.minecraft\libraries\org\lwjgl\lwjgl-tinyfd\3.3.1\lwjgl-tinyfd-3.3.1-natives-windows-x86.jar;C:\Users\Vicky\AppData\Roaming\.minecraft\libraries\org\lwjgl\lwjgl\3.3.1\lwjgl-3.3.1.jar;C:\Users\Vicky\AppData\Roaming\.minecraft\libraries\org\lwjgl\lwjgl\3.3.1\lwjgl-3.3.1-natives-windows.jar;C:\Users\Vicky\AppData\Roaming\.minecraft\libraries\org\lwjgl\lwjgl\3.3.1\lwjgl-3.3.1-natives-windows-arm64.jar;C:\Users\Vicky\AppData\Roaming\.minecraft\libraries\org\lwjgl\lwjgl\3.3.1\lwjgl-3.3.1-natives-windows-x86.jar;C:\Users\Vicky\AppData\Roaming\.minecraft\libraries\org\slf4j\slf4j-api\2.0.1\slf4j-api-2.0.1.jar;C:\Users\Vicky\AppData\Roaming\.minecraft\versions\1.20.1\1.20.1.jar --add-exports jdk.naming.dns/com.sun.jndi.dns=java.naming -Xmx3000M -XX:+UnlockExperimentalVMOptions -XX:+UseG1GC -XX:G1NewSizePercent=20 -XX:G1ReservePercent=20 -XX:MaxGCPauseMillis=50 -XX:G1HeapRegionSize=32M -Dfml.ignoreInvalidMinecraftCertificates=true -Dfml.ignorePatchDiscrepancies=true -Djava.net.preferIPv4Stack=true -Dminecraft.applet.TargetDirectory=C:\Users\Vicky\AppData\Roaming\.minecraft -Dlog4j.configurationFile=C:\Users\Vicky\AppData\Roaming\.minecraft\assets\log_configs\client-1.12.xml net.minecraft.launchwrapper.Launch --username Vicky --version 1.20.1 --gameDir C:\Users\Vicky\AppData\Roaming\.minecraft --assetsDir C:\Users\Vicky\AppData\Roaming\.minecraft\assets --assetIndex 5 --uuid 91d519811e5844279199ef1e67a09b70 --accessToken null --clientId null --xuid null --userType mojang --versionType release --width 925 --height 530 --tweakClass org.tlauncher.tweaker.Tweaker
[Launcher] Launching Minecraft...
I'm hiding!
[TLauncherManager] mods after 
[InnerMinecraftServersImpl]  search changers of the servers
read servers from servers.dat [Server(name=Minecraft Server, address=top.twerion.net, ip=top.twerion.net, port=null, hideAddress=false, acceptTextures=0), Server(name=Minecraft Server, address=play.ragnarockmc.in, ip=play.ragnarockmc.in, port=null, hideAddress=false, acceptTextures=0), Server(name=Minecraft Server, address=bwhub.net, ip=bwhub.net, port=null, hideAddress=false, acceptTextures=0), Server(name=Minecraft Server, address=as.azerithmc.com, ip=as.azerithmc.com, port=null, hideAddress=false, acceptTextures=0), Server(name=Minecraft Server, address=play.endermc.fun, ip=play.endermc.fun, port=null, hideAddress=false, acceptTextures=0), Server(name=Minecraft Server, address=jenominers.de, ip=jenominers.de, port=null, hideAddress=false, acceptTextures=0), Server(name=Minecraft Server, address=play.fourleafsea.xyz, ip=play.fourleafsea.xyz, port=null, hideAddress=false, acceptTextures=0), Server(name=Minecraft Server, address=play.wondercraft.fun, ip=play.wondercraft.fun, port=null, hideAddress=false, acceptTextures=0), Server(name=Minecraft Server, address=play.exoticnetwork.in, ip=play.exoticnetwork.in, port=null, hideAddress=false, acceptTextures=0), Server(name=Minecraft Server, address=play.minetop.fun, ip=play.minetop.fun, port=null, hideAddress=false, acceptTextures=0), Server(name=Minecraft Server, address=tms.chickencraft.nl, ip=tms.chickencraft.nl, port=null, hideAddress=false, acceptTextures=0), Server(name=Minecraft Server, address=nationsglory.com, ip=nationsglory.com, port=null, hideAddress=false, acceptTextures=0), Server(name=Minecraft Server, address=top.ultimis.net, ip=top.ultimis.net, port=null, hideAddress=false, acceptTextures=0), Server(name=Minecraft Server, address=herobrine.org, ip=herobrine.org, port=null, hideAddress=false, acceptTextures=0), Server(name=Minecraft Server, address=armamc.com, ip=armamc.com, port=null, hideAddress=false, acceptTextures=0), Server(name=Minecraft Server, address=127.0.0.1, ip=127.0.0.1, port=null, hideAddress=false, acceptTextures=0)]
[InnerMinecraftServersImpl]  prepare inner servers
save servers to servers.dat
[Launcher] Game skin type: TLAUNCHER
[Launcher] Starting Minecraft 1.20.1...
[Launcher] Launching in: C:\Users\Vicky\AppData\Roaming\.minecraft
Starting garbage collector: 192 / 296 MB
Garbage collector completed: 45 / 286 MB
[Launcher] Processing post-launch actions. Assist launch: true
===============================================================================================
[13:21:42] [main/INFO]: Loading tweak class name org.tlauncher.tweaker.Tweaker
[13:21:47] [main/INFO]: Using primary tweak class name org.tlauncher.tweaker.Tweaker
[13:21:47] [main/INFO]: Calling tweak class org.tlauncher.tweaker.Tweaker
Log Path: C:\Users\Vicky\AppData\Roaming\.minecraft\.\tlLoader\Tweaker.log
[main INFO] Using Tweaker
[main INFO] Tweaker: acceptOptions
[main INFO] Tweaker: injectIntoClassLoader
[Injection] Injection Class Transformer started
[TLSkinCape] Current TLSkinCape version is 1.32
[TLSkinCape] Current Minecraft version is 1.20.
[main INFO] Loaded as a library.
[Injection] Injection into euw ended successfully with 1 injections.
[Injection] Injection into fiv ended successfully with 1 injections.
2023-09-10 13:21:56,022 main WARN Error parsing URI C:\Users\Vicky\AppData\Roaming\.minecraft\assets\log_configs\client-1.12.xml
[main INFO] Tweaker: getLaunchArguments
[main INFO] Tweaker: getLaunchTarget
[Injection] Injection into net.minecraft.client.main.Main ended successfully with 1 injections.
[13:21:94] [main/INFO]: Launching wrapped minecraft [net.minecraft.client.main.Main]
[Injection] Injection into enn ended successfully with 1 injections.
[13:22:56] [Datafixer Bootstrap/INFO]: 188 Datafixer optimizations took 1843 milliseconds
[13:22:10] [Render thread/INFO]: Environment: authHost='https://authserver.mojang.com', accountsHost='https://api.mojang.com', sessionHost='https://sessionserver.mojang.com', servicesHost='https://api.minecraftservices.com', name='PROD'
[13:22:21] [Render thread/ERROR]: Failed to verify authentication
com.mojang.authlib.exceptions.InvalidCredentialsException: Status: 401
	at com.mojang.authlib.exceptions.MinecraftClientHttpException.toAuthenticationException(MinecraftClientHttpException.java:56)
	at com.mojang.authlib.yggdrasil.YggdrasilUserApiService.fetchProperties(YggdrasilUserApiService.java:147)
	at com.mojang.authlib.yggdrasil.YggdrasilUserApiService.<init>(YggdrasilUserApiService.java:63)
	at com.mojang.authlib.yggdrasil.YggdrasilAuthenticationService.createUserApiService(YggdrasilAuthenticationService.java:124)
	at enn.a(SourceFile:733)
	at enn.<init>(SourceFile:442)
	at net.minecraft.client.main.Main.main(SourceFile:211)
	at java.base/jdk.internal.reflect.NativeMethodAccessorImpl.invoke0(Native Method)
	at java.base/jdk.internal.reflect.NativeMethodAccessorImpl.invoke(NativeMethodAccessorImpl.java:77)
	at java.base/jdk.internal.reflect.DelegatingMethodAccessorImpl.invoke(DelegatingMethodAccessorImpl.java:43)
	at java.base/java.lang.reflect.Method.invoke(Method.java:568)
	at net.minecraft.launchwrapper.Launch.launch(Launch.java:136)
	at net.minecraft.launchwrapper.Launch.main(Launch.java:31)
Caused by: MinecraftClientHttpException[type=HTTP_ERROR, status=401, response=ErrorResponse[path='/player/attributes', error='null', details=null, errorMessage='null']]
	at com.mojang.authlib.minecraft.client.MinecraftClient.readInputStream(MinecraftClient.java:85)
	at com.mojang.authlib.minecraft.client.MinecraftClient.get(MinecraftClient.java:48)
	at com.mojang.authlib.yggdrasil.YggdrasilUserApiService.fetchProperties(YggdrasilUserApiService.java:122)
	... 11 more

[13:22:26] [Render thread/INFO]: Setting user: Vicky
[13:22:64] [Render thread/INFO]: Backend library: LWJGL version 3.3.1 build 7
[13:22:47] [Render thread/WARN]: Missing metadata in pack file/Halloween-V1.17.zip
[13:22:76] [Render thread/INFO]: Reloading ResourceManager: vanilla, file/redstone.zip
[13:22:49] [Worker-Main-1/INFO]: Found unifont_all_no_pua-15.0.06.hex, loading
[13:22:85] [Realms Notification Availability checker #1/INFO]: Could not authorize you against Realms server: Invalid session id
[13:22:73] [Worker-Main-7/WARN]: Missing textures in model minecraft:hopper#enabled=false,facing=east:
    minecraft:textures/atlas/blocks.png:minecraft:break/hopper
[13:22:75] [Worker-Main-7/WARN]: Missing textures in model minecraft:hopper#enabled=false,facing=north:
    minecraft:textures/atlas/blocks.png:minecraft:break/hopper
[13:22:75] [Worker-Main-7/WARN]: Missing textures in model minecraft:hopper#enabled=true,facing=south:
    minecraft:textures/atlas/blocks.png:minecraft:break/hopper
[13:22:76] [Worker-Main-7/WARN]: Missing textures in model minecraft:hopper#enabled=true,facing=down:
    minecraft:textures/atlas/blocks.png:minecraft:break/hopper
[13:22:76] [Worker-Main-7/WARN]: Missing textures in model minecraft:hopper#enabled=true,facing=west:
    minecraft:textures/atlas/blocks.png:minecraft:break/hopper
[13:22:25] [Render thread/WARN]: Missing sound for event: minecraft:item.goat_horn.play
[13:22:25] [Render thread/WARN]: Missing sound for event: minecraft:entity.goat.screaming.horn_break
[13:22:61] [Render thread/INFO]: OpenAL initialized on device OpenAL Soft on Headphones (Airdopes 141)
[13:22:62] [Render thread/INFO]: Sound engine started
[13:23:27] [Render thread/INFO]: Created: 1024x512x4 minecraft:textures/atlas/blocks.png-atlas
[13:23:33] [Render thread/INFO]: Created: 256x256x4 minecraft:textures/atlas/signs.png-atlas
[13:23:33] [Render thread/INFO]: Created: 512x512x4 minecraft:textures/atlas/banner_patterns.png-atlas
[13:23:33] [Render thread/INFO]: Created: 512x512x4 minecraft:textures/atlas/shield_patterns.png-atlas
[13:23:34] [Render thread/INFO]: Created: 1024x1024x4 minecraft:textures/atlas/armor_trims.png-atlas
[13:23:36] [Render thread/INFO]: Created: 256x256x4 minecraft:textures/atlas/chest.png-atlas
[13:23:36] [Render thread/INFO]: Created: 128x64x4 minecraft:textures/atlas/decorated_pot.png-atlas
[13:23:36] [Render thread/INFO]: Created: 512x256x4 minecraft:textures/atlas/beds.png-atlas
[13:23:36] [Render thread/INFO]: Created: 512x256x4 minecraft:textures/atlas/shulker_boxes.png-atlas
[Injection] Injection into fck ended successfully with 1 injections.
[13:23:30] [Render thread/WARN]: Shader rendertype_entity_translucent_emissive could not find sampler named Sampler2 in the specified shader program.
[13:23:61] [Render thread/INFO]: Created: 256x256x0 minecraft:textures/atlas/particles.png-atlas
[13:23:62] [Render thread/INFO]: Created: 256x256x0 minecraft:textures/atlas/paintings.png-atlas
[13:23:62] [Render thread/INFO]: Created: 128x128x0 minecraft:textures/atlas/mob_effects.png-atlas
[13:25:05] [Worker-Main-4/ERROR]: Exception reading C:\Users\Vicky\AppData\Roaming\.minecraft\saves\Android World\level.dat
java.util.zip.ZipException: Not in GZIP format
	at java.base/java.util.zip.GZIPInputStream.readHeader(GZIPInputStream.java:165)
	at java.base/java.util.zip.GZIPInputStream.<init>(GZIPInputStream.java:79)
	at java.base/java.util.zip.GZIPInputStream.<init>(GZIPInputStream.java:91)
	at rb.b(SourceFile:31)
	at rb.a(SourceFile:47)
	at rb.a(SourceFile:42)
	at dyy.c(SourceFile:340)
	at dyy.a(SourceFile:297)
	at dyy.a(SourceFile:234)
	at dyy.a(SourceFile:195)
	at java.base/java.util.concurrent.CompletableFuture$AsyncSupply.run(CompletableFuture.java:1768)
	at java.base/java.util.concurrent.CompletableFuture$AsyncSupply.exec(CompletableFuture.java:1760)
	at java.base/java.util.concurrent.ForkJoinTask.doExec(ForkJoinTask.java:373)
	at java.base/java.util.concurrent.ForkJoinPool$WorkQueue.topLevelExec(ForkJoinPool.java:1182)
	at java.base/java.util.concurrent.ForkJoinPool.scan(ForkJoinPool.java:1655)
	at java.base/java.util.concurrent.ForkJoinPool.runWorker(ForkJoinPool.java:1622)
	at java.base/java.util.concurrent.ForkJoinWorkerThread.run(ForkJoinWorkerThread.java:165)

[13:25:06] [Worker-Main-4/ERROR]: Exception reading C:\Users\Vicky\AppData\Roaming\.minecraft\saves\Android World\level.dat_old
java.util.zip.ZipException: Not in GZIP format
	at java.base/java.util.zip.GZIPInputStream.readHeader(GZIPInputStream.java:165)
	at java.base/java.util.zip.GZIPInputStream.<init>(GZIPInputStream.java:79)
	at java.base/java.util.zip.GZIPInputStream.<init>(GZIPInputStream.java:91)
	at rb.b(SourceFile:31)
	at rb.a(SourceFile:47)
	at rb.a(SourceFile:42)
	at dyy.c(SourceFile:340)
	at dyy.a(SourceFile:297)
	at dyy.a(SourceFile:242)
	at dyy.a(SourceFile:195)
	at java.base/java.util.concurrent.CompletableFuture$AsyncSupply.run(CompletableFuture.java:1768)
	at java.base/java.util.concurrent.CompletableFuture$AsyncSupply.exec(CompletableFuture.java:1760)
	at java.base/java.util.concurrent.ForkJoinTask.doExec(ForkJoinTask.java:373)
	at java.base/java.util.concurrent.ForkJoinPool$WorkQueue.topLevelExec(ForkJoinPool.java:1182)
	at java.base/java.util.concurrent.ForkJoinPool.scan(ForkJoinPool.java:1655)
	at java.base/java.util.concurrent.ForkJoinPool.runWorker(ForkJoinPool.java:1622)
	at java.base/java.util.concurrent.ForkJoinWorkerThread.run(ForkJoinWorkerThread.java:165)

[13:25:73] [Render thread/INFO]: Loaded 7 recipes
[13:25:08] [Render thread/INFO]: Loaded 1271 advancements
[13:25:25] [Server thread/INFO]: Starting integrated minecraft server version 1.20.1
[13:25:26] [Server thread/INFO]: Generating keypair
[13:25:96] [Server thread/INFO]: Preparing start region for dimension minecraft:overworld
[13:25:90] [Render thread/INFO]: Preparing spawn area: 0%
[13:25:98] [Render thread/INFO]: Preparing spawn area: 0%
[13:25:00] [Render thread/INFO]: Preparing spawn area: 0%
[13:25:02] [Render thread/INFO]: Preparing spawn area: 0%
[13:25:05] [Render thread/INFO]: Preparing spawn area: 0%
[13:25:07] [Render thread/INFO]: Preparing spawn area: 0%
[13:25:09] [Render thread/INFO]: Preparing spawn area: 0%
[13:25:09] [Render thread/INFO]: Preparing spawn area: 0%
[13:25:11] [Render thread/INFO]: Preparing spawn area: 0%
[13:25:13] [Render thread/INFO]: Preparing spawn area: 0%
[13:25:15] [Render thread/INFO]: Preparing spawn area: 0%
[13:25:57] [Render thread/INFO]: Preparing spawn area: 0%
[13:25:99] [Render thread/INFO]: Preparing spawn area: 0%
[13:25:48] [Render thread/INFO]: Preparing spawn area: 0%
[13:25:00] [Render thread/INFO]: Preparing spawn area: 0%
[13:25:49] [Render thread/INFO]: Preparing spawn area: 10%
[13:25:98] [Render thread/INFO]: Preparing spawn area: 41%
[13:25:69] [Render thread/INFO]: Preparing spawn area: 69%
[13:25:99] [Render thread/INFO]: Preparing spawn area: 84%
[13:25:74] [Render thread/INFO]: Time elapsed: 9759 ms
[13:25:09] [Server thread/INFO]: Changing view distance to 12, from 10
[13:25:09] [Server thread/INFO]: Changing simulation distance to 12, from 0
[13:25:75] [Server thread/INFO]: Vicky[local:E:a8c75991] logged in with entity id 753 at (261.91920627695714, 67.93858360517324, 233.39103726588075)
[13:25:97] [Server thread/INFO]: Vicky joined the game
[13:25:36] [Server thread/WARN]: Can't keep up! Is the server overloaded? Running 2071ms or 41 ticks behind
[13:25:66] [Render thread/INFO]: Loaded 92 advancements
[13:25:49] [Server thread/WARN]: Can't keep up! Is the server overloaded? Running 8156ms or 163 ticks behind
[13:27:94] [Render thread/WARN]: Unable to play empty soundEvent: minecraft:entity.salmon.ambient
[13:27:75] [Render thread/INFO]: Loaded 92 advancements
[13:30:24] [Server thread/INFO]: Saving and pausing game...
[13:30:26] [Server thread/INFO]: Saving chunks for level 'ServerLevel[Pretty icy]'/minecraft:overworld
[13:30:28] [Server thread/INFO]: Saving chunks for level 'ServerLevel[Pretty icy]'/minecraft:the_end
[13:30:28] [Server thread/INFO]: Saving chunks for level 'ServerLevel[Pretty icy]'/minecraft:the_nether
[13:30:01] [Server thread/INFO]: Vicky lost connection: Disconnected
[13:30:01] [Server thread/INFO]: Vicky left the game
[13:30:04] [Server thread/INFO]: Stopping singleplayer server as player logged out
[13:30:05] [Server thread/INFO]: Stopping server
[13:30:05] [Server thread/INFO]: Saving players
[13:30:05] [Server thread/INFO]: Saving worlds
[13:30:32] [Server thread/INFO]: Saving chunks for level 'ServerLevel[Pretty icy]'/minecraft:overworld
[13:30:65] [Server thread/INFO]: Saving chunks for level 'ServerLevel[Pretty icy]'/minecraft:the_end
[13:30:65] [Server thread/INFO]: Saving chunks for level 'ServerLevel[Pretty icy]'/minecraft:the_nether
[13:30:69] [Server thread/INFO]: ThreadedAnvilChunkStorage (Pretty icy): All chunks are saved
[13:30:69] [Server thread/INFO]: ThreadedAnvilChunkStorage (DIM1): All chunks are saved
[13:30:69] [Server thread/INFO]: ThreadedAnvilChunkStorage (DIM-1): All chunks are saved
[13:30:69] [Server thread/INFO]: ThreadedAnvilChunkStorage: All dimensions are saved
[13:32:04] [Worker-Main-4/ERROR]: Exception reading C:\Users\Vicky\AppData\Roaming\.minecraft\saves\Android World\level.dat
java.util.zip.ZipException: Not in GZIP format
	at java.base/java.util.zip.GZIPInputStream.readHeader(GZIPInputStream.java:165)
	at java.base/java.util.zip.GZIPInputStream.<init>(GZIPInputStream.java:79)
	at java.base/java.util.zip.GZIPInputStream.<init>(GZIPInputStream.java:91)
	at rb.b(SourceFile:31)
	at rb.a(SourceFile:47)
	at rb.a(SourceFile:42)
	at dyy.c(SourceFile:340)
	at dyy.a(SourceFile:297)
	at dyy.a(SourceFile:234)
	at dyy.a(SourceFile:195)
	at java.base/java.util.concurrent.CompletableFuture$AsyncSupply.run(CompletableFuture.java:1768)
	at java.base/java.util.concurrent.CompletableFuture$AsyncSupply.exec(CompletableFuture.java:1760)
	at java.base/java.util.concurrent.ForkJoinTask.doExec(ForkJoinTask.java:373)
	at java.base/java.util.concurrent.ForkJoinPool$WorkQueue.topLevelExec(ForkJoinPool.java:1182)
	at java.base/java.util.concurrent.ForkJoinPool.scan(ForkJoinPool.java:1655)
	at java.base/java.util.concurrent.ForkJoinPool.runWorker(ForkJoinPool.java:1622)
	at java.base/java.util.concurrent.ForkJoinWorkerThread.run(ForkJoinWorkerThread.java:165)

[13:32:04] [Worker-Main-4/ERROR]: Exception reading C:\Users\Vicky\AppData\Roaming\.minecraft\saves\Android World\level.dat_old
java.util.zip.ZipException: Not in GZIP format
	at java.base/java.util.zip.GZIPInputStream.readHeader(GZIPInputStream.java:165)
	at java.base/java.util.zip.GZIPInputStream.<init>(GZIPInputStream.java:79)
	at java.base/java.util.zip.GZIPInputStream.<init>(GZIPInputStream.java:91)
	at rb.b(SourceFile:31)
	at rb.a(SourceFile:47)
	at rb.a(SourceFile:42)
	at dyy.c(SourceFile:340)
	at dyy.a(SourceFile:297)
	at dyy.a(SourceFile:242)
	at dyy.a(SourceFile:195)
	at java.base/java.util.concurrent.CompletableFuture$AsyncSupply.run(CompletableFuture.java:1768)
	at java.base/java.util.concurrent.CompletableFuture$AsyncSupply.exec(CompletableFuture.java:1760)
	at java.base/java.util.concurrent.ForkJoinTask.doExec(ForkJoinTask.java:373)
	at java.base/java.util.concurrent.ForkJoinPool$WorkQueue.topLevelExec(ForkJoinPool.java:1182)
	at java.base/java.util.concurrent.ForkJoinPool.scan(ForkJoinPool.java:1655)
	at java.base/java.util.concurrent.ForkJoinPool.runWorker(ForkJoinPool.java:1622)
	at java.base/java.util.concurrent.ForkJoinWorkerThread.run(ForkJoinWorkerThread.java:165)

[13:32:21] [Render thread/INFO]: Loaded 7 recipes
[13:32:29] [Render thread/INFO]: Loaded 1271 advancements
[13:32:26] [Server thread/INFO]: Starting integrated minecraft server version 1.20.1
[13:32:26] [Server thread/INFO]: Generating keypair
[13:32:01] [Server thread/INFO]: Preparing start region for dimension minecraft:overworld
[13:32:88] [Render thread/INFO]: Preparing spawn area: 0%
[13:32:89] [Render thread/INFO]: Preparing spawn area: 0%
[13:32:89] [Render thread/INFO]: Preparing spawn area: 0%
[13:32:89] [Render thread/INFO]: Preparing spawn area: 0%
[13:32:89] [Render thread/INFO]: Preparing spawn area: 0%
[13:32:91] [Render thread/INFO]: Preparing spawn area: 0%
[13:32:91] [Render thread/INFO]: Preparing spawn area: 0%
[13:32:93] [Render thread/INFO]: Preparing spawn area: 0%
[13:32:93] [Render thread/INFO]: Preparing spawn area: 0%
[13:32:93] [Render thread/INFO]: Preparing spawn area: 0%
[13:32:93] [Render thread/INFO]: Preparing spawn area: 0%
[13:32:93] [Render thread/INFO]: Preparing spawn area: 0%
[13:32:93] [Render thread/INFO]: Preparing spawn area: 0%
[13:32:93] [Render thread/INFO]: Preparing spawn area: 0%
[13:32:93] [Render thread/INFO]: Preparing spawn area: 0%
[13:32:98] [Render thread/INFO]: Preparing spawn area: 0%
[13:32:02] [Render thread/INFO]: Preparing spawn area: 0%
[13:32:43] [Server thread/ERROR]: Recoverable errors when loading section [10, 4, 0]: Failed to read PalettedContainer: Invalid length given for storage, got: 320 but expected: 342
[13:32:44] [Server thread/ERROR]: Failed to read PalettedContainer: Invalid length given for storage, got: 320 but expected: 342
[13:32:44] [Server thread/ERROR]: Recoverable errors when loading section [2, 4, 9]: Failed to read PalettedContainer: Invalid length given for storage, got: 320 but expected: 342
[13:32:44] [Server thread/ERROR]: Failed to read PalettedContainer: Invalid length given for storage, got: 320 but expected: 342
[13:32:45] [Server thread/ERROR]: Recoverable errors when loading section [9, 4, 3]: Failed to read PalettedContainer: Invalid length given for storage, got: 320 but expected: 342
[13:32:45] [Server thread/ERROR]: Failed to read PalettedContainer: Invalid length given for storage, got: 320 but expected: 342
[13:32:45] [Server thread/ERROR]: Recoverable errors when loading section [2, 4, 2]: Failed to read PalettedContainer: Invalid length given for storage, got: 320 but expected: 342
[13:32:45] [Server thread/ERROR]: Failed to read PalettedContainer: Invalid length given for storage, got: 320 but expected: 342
[13:32:59] [Server thread/ERROR]: Recoverable errors when loading section [4, 4, 8]: Failed to read PalettedContainer: Invalid length given for storage, got: 320 but expected: 342
[13:32:59] [Server thread/ERROR]: Failed to read PalettedContainer: Invalid length given for storage, got: 320 but expected: 342
[13:32:60] [Render thread/INFO]: Preparing spawn area: 0%
[13:32:60] [Server thread/ERROR]: Recoverable errors when loading section [8, 4, 10]: Failed to read PalettedContainer: Invalid length given for storage, got: 320 but expected: 342
[13:32:60] [Server thread/ERROR]: Failed to read PalettedContainer: Invalid length given for storage, got: 320 but expected: 342
[13:32:64] [Server thread/ERROR]: Recoverable errors when loading section [5, 4, 12]: Failed to read PalettedContainer: Invalid length given for storage, got: 320 but expected: 342
[13:32:64] [Server thread/ERROR]: Failed to read PalettedContainer: Invalid length given for storage, got: 320 but expected: 342
[13:32:81] [Server thread/ERROR]: Recoverable errors when loading section [6, 4, 12]: Failed to read PalettedContainer: Invalid length given for storage, got: 320 but expected: 342
[13:32:81] [Server thread/ERROR]: Failed to read PalettedContainer: Invalid length given for storage, got: 320 but expected: 342
[13:32:86] [Server thread/ERROR]: Recoverable errors when loading section [2, 4, 6]: Failed to read PalettedContainer: Invalid length given for storage, got: 320 but expected: 342
[13:32:87] [Server thread/ERROR]: Failed to read PalettedContainer: Invalid length given for storage, got: 320 but expected: 342
[13:32:89] [Server thread/ERROR]: Recoverable errors when loading section [1, 4, 6]: Failed to read PalettedContainer: Invalid length given for storage, got: 320 but expected: 342
[13:32:89] [Server thread/ERROR]: Failed to read PalettedContainer: Invalid length given for storage, got: 320 but expected: 342
[13:32:90] [Server thread/ERROR]: Recoverable errors when loading section [6, 4, 2]: Failed to read PalettedContainer: Invalid length given for storage, got: 320 but expected: 342
[13:32:90] [Server thread/ERROR]: Failed to read PalettedContainer: Invalid length given for storage, got: 320 but expected: 342
[13:32:92] [Server thread/ERROR]: Recoverable errors when loading section [9, 4, 4]: Failed to read PalettedContainer: Invalid length given for storage, got: 320 but expected: 342
[13:32:92] [Server thread/ERROR]: Failed to read PalettedContainer: Invalid length given for storage, got: 320 but expected: 342
[13:32:97] [Server thread/ERROR]: Recoverable errors when loading section [7, 4, 8]: Failed to read PalettedContainer: Invalid length given for storage, got: 320 but expected: 342
[13:32:97] [Server thread/ERROR]: Failed to read PalettedContainer: Invalid length given for storage, got: 320 but expected: 342
[13:32:98] [Server thread/ERROR]: Recoverable errors when loading section [6, 4, 11]: Failed to read PalettedContainer: Invalid length given for storage, got: 320 but expected: 342
[13:32:98] [Server thread/ERROR]: Failed to read PalettedContainer: Invalid length given for storage, got: 320 but expected: 342
[13:32:98] [Server thread/ERROR]: Recoverable errors when loading section [9, 4, 8]: Failed to read PalettedContainer: Invalid length given for storage, got: 320 but expected: 342
[13:32:98] [Server thread/ERROR]: Failed to read PalettedContainer: Invalid length given for storage, got: 320 but expected: 342
[13:32:01] [Server thread/ERROR]: Recoverable errors when loading section [7, 4, 7]: Failed to read PalettedContainer: Invalid length given for storage, got: 320 but expected: 342
[13:32:01] [Server thread/ERROR]: Failed to read PalettedContainer: Invalid length given for storage, got: 320 but expected: 342
[13:32:03] [Server thread/ERROR]: Recoverable errors when loading section [3, 4, 2]: Failed to read PalettedContainer: Invalid length given for storage, got: 320 but expected: 342
[13:32:03] [Server thread/ERROR]: Failed to read PalettedContainer: Invalid length given for storage, got: 320 but expected: 342
[13:32:07] [Server thread/ERROR]: Recoverable errors when loading section [4, 4, 2]: Failed to read PalettedContainer: Invalid length given for storage, got: 320 but expected: 342
[13:32:07] [Server thread/ERROR]: Failed to read PalettedContainer: Invalid length given for storage, got: 320 but expected: 342
[13:32:10] [Server thread/ERROR]: Recoverable errors when loading section [6, 4, 3]: Failed to read PalettedContainer: Invalid length given for storage, got: 320 but expected: 342
[13:32:10] [Server thread/ERROR]: Failed to read PalettedContainer: Invalid length given for storage, got: 320 but expected: 342
[13:32:10] [Server thread/ERROR]: Recoverable errors when loading section [11, 4, 0]: Failed to read PalettedContainer: Invalid length given for storage, got: 320 but expected: 342
[13:32:10] [Server thread/ERROR]: Failed to read PalettedContainer: Invalid length given for storage, got: 320 but expected: 342
[13:32:13] [Render thread/INFO]: Preparing spawn area: 0%
[13:32:19] [Server thread/ERROR]: Recoverable errors when loading section [8, 4, 11]: Failed to read PalettedContainer: Invalid length given for storage, got: 320 but expected: 342
[13:32:20] [Server thread/ERROR]: Failed to read PalettedContainer: Invalid length given for storage, got: 320 but expected: 342
[13:32:22] [Server thread/ERROR]: Recoverable errors when loading section [8, 4, 5]: Failed to read PalettedContainer: Invalid length given for storage, got: 320 but expected: 342
[13:32:22] [Server thread/ERROR]: Failed to read PalettedContainer: Invalid length given for storage, got: 320 but expected: 342
[13:32:24] [Server thread/ERROR]: Recoverable errors when loading section [2, 4, 7]: Failed to read PalettedContainer: Invalid length given for storage, got: 320 but expected: 342
[13:32:24] [Server thread/ERROR]: Failed to read PalettedContainer: Invalid length given for storage, got: 320 but expected: 342
[13:32:25] [Server thread/ERROR]: Recoverable errors when loading section [5, 4, 11]: Failed to read PalettedContainer: Invalid length given for storage, got: 320 but expected: 342
[13:32:25] [Server thread/ERROR]: Failed to read PalettedContainer: Invalid length given for storage, got: 320 but expected: 342
[13:32:29] [Server thread/ERROR]: Recoverable errors when loading section [3, 4, 10]: Failed to read PalettedContainer: Invalid length given for storage, got: 320 but expected: 342
[13:32:30] [Server thread/ERROR]: Failed to read PalettedContainer: Invalid length given for storage, got: 320 but expected: 342
[13:32:31] [Server thread/ERROR]: Recoverable errors when loading section [9, 4, 2]: Failed to read PalettedContainer: Invalid length given for storage, got: 320 but expected: 342
[13:32:31] [Server thread/ERROR]: Failed to read PalettedContainer: Invalid length given for storage, got: 320 but expected: 342
[13:32:34] [Server thread/ERROR]: Recoverable errors when loading section [1, 4, 3]: Failed to read PalettedContainer: Invalid length given for storage, got: 320 but expected: 342
[13:32:34] [Server thread/ERROR]: Failed to read PalettedContainer: Invalid length given for storage, got: 320 but expected: 342
[13:32:34] [Server thread/ERROR]: Recoverable errors when loading section [7, 4, 12]: Failed to read PalettedContainer: Invalid length given for storage, got: 320 but expected: 342
[13:32:34] [Server thread/ERROR]: Failed to read PalettedContainer: Invalid length given for storage, got: 320 but expected: 342
[13:32:34] [Server thread/ERROR]: Recoverable errors when loading section [5, 4, 3]: Failed to read PalettedContainer: Invalid length given for storage, got: 320 but expected: 342
[13:32:34] [Server thread/ERROR]: Failed to read PalettedContainer: Invalid length given for storage, got: 320 but expected: 342
[13:32:37] [Server thread/ERROR]: Recoverable errors when loading section [8, 4, 7]: Failed to read PalettedContainer: Invalid length given for storage, got: 320 but expected: 342
[13:32:37] [Server thread/ERROR]: Failed to read PalettedContainer: Invalid length given for storage, got: 320 but expected: 342
[13:32:38] [Server thread/ERROR]: Recoverable errors when loading section [7, 4, 5]: Failed to read PalettedContainer: Invalid length given for storage, got: 320 but expected: 342
[13:32:38] [Server thread/ERROR]: Failed to read PalettedContainer: Invalid length given for storage, got: 320 but expected: 342
[13:32:39] [Server thread/ERROR]: Recoverable errors when loading section [1, 4, 5]: Failed to read PalettedContainer: Invalid length given for storage, got: 320 but expected: 342
[13:32:39] [Server thread/ERROR]: Failed to read PalettedContainer: Invalid length given for storage, got: 320 but expected: 342
[13:32:39] [Server thread/ERROR]: Recoverable errors when loading section [7, 4, 11]: Failed to read PalettedContainer: Invalid length given for storage, got: 320 but expected: 342
[13:32:39] [Server thread/ERROR]: Failed to read PalettedContainer: Invalid length given for storage, got: 320 but expected: 342
[13:32:44] [Server thread/ERROR]: Recoverable errors when loading section [1, 4, 7]: Failed to read PalettedContainer: Invalid length given for storage, got: 320 but expected: 342
[13:32:44] [Server thread/ERROR]: Failed to read PalettedContainer: Invalid length given for storage, got: 320 but expected: 342
[13:32:45] [Server thread/ERROR]: Recoverable errors when loading section [2, 4, 8]: Failed to read PalettedContainer: Invalid length given for storage, got: 320 but expected: 342
[13:32:45] [Server thread/ERROR]: Failed to read PalettedContainer: Invalid length given for storage, got: 320 but expected: 342
[13:32:46] [Server thread/ERROR]: Recoverable errors when loading section [3, 4, 9]: Failed to read PalettedContainer: Invalid length given for storage, got: 320 but expected: 342
[13:32:46] [Server thread/ERROR]: Failed to read PalettedContainer: Invalid length given for storage, got: 320 but expected: 342
[13:32:46] [Server thread/ERROR]: Recoverable errors when loading section [0, 4, 3]: Failed to read PalettedContainer: Invalid length given for storage, got: 320 but expected: 342
[13:32:46] [Server thread/ERROR]: Failed to read PalettedContainer: Invalid length given for storage, got: 320 but expected: 342
[13:32:48] [Server thread/ERROR]: Recoverable errors when loading section [7, 4, 4]: Failed to read PalettedContainer: Invalid length given for storage, got: 320 but expected: 342
[13:32:48] [Server thread/ERROR]: Failed to read PalettedContainer: Invalid length given for storage, got: 320 but expected: 342
[13:32:48] [Server thread/ERROR]: Recoverable errors when loading section [0, 4, 4]: Failed to read PalettedContainer: Invalid length given for storage, got: 320 but expected: 342
[13:32:48] [Server thread/ERROR]: Failed to read PalettedContainer: Invalid length given for storage, got: 320 but expected: 342
[13:32:55] [Server thread/ERROR]: Recoverable errors when loading section [2, 4, 3]: Failed to read PalettedContainer: Invalid length given for storage, got: 320 but expected: 342
[13:32:55] [Server thread/ERROR]: Failed to read PalettedContainer: Invalid length given for storage, got: 320 but expected: 342
[13:32:57] [Server thread/ERROR]: Recoverable errors when loading section [5, 4, 4]: Failed to read PalettedContainer: Invalid length given for storage, got: 320 but expected: 342
[13:32:58] [Server thread/ERROR]: Failed to read PalettedContainer: Invalid length given for storage, got: 320 but expected: 342
[13:32:60] [Server thread/ERROR]: Recoverable errors when loading section [0, 4, 5]: Failed to read PalettedContainer: Invalid length given for storage, got: 320 but expected: 342
[13:32:60] [Server thread/ERROR]: Failed to read PalettedContainer: Invalid length given for storage, got: 320 but expected: 342
[13:32:86] [Render thread/INFO]: Preparing spawn area: 0%
[13:32:23] [Render thread/INFO]: Preparing spawn area: 0%
[13:32:98] [Render thread/INFO]: Preparing spawn area: 0%
[13:32:02] [Render thread/INFO]: Preparing spawn area: 0%
[13:32:43] [Render thread/INFO]: Preparing spawn area: 0%
[13:32:43] [Render thread/INFO]: Preparing spawn area: 0%
[13:32:52] [Render thread/INFO]: Preparing spawn area: 0%
[13:32:01] [Render thread/INFO]: Preparing spawn area: 0%
[13:32:53] [Render thread/INFO]: Preparing spawn area: 0%
[13:32:34] [Render thread/INFO]: Preparing spawn area: 1%
[13:32:75] [Render thread/INFO]: Preparing spawn area: 1%
[13:32:01] [Render thread/INFO]: Preparing spawn area: 2%
[13:32:52] [Render thread/INFO]: Preparing spawn area: 3%
[13:32:01] [Render thread/INFO]: Preparing spawn area: 5%
[13:32:52] [Render thread/INFO]: Preparing spawn area: 7%
[13:32:01] [Render thread/INFO]: Preparing spawn area: 10%
[13:32:54] [Render thread/INFO]: Preparing spawn area: 11%
[13:32:01] [Render thread/INFO]: Preparing spawn area: 13%
[13:32:64] [Render thread/INFO]: Preparing spawn area: 16%
[13:32:02] [Render thread/INFO]: Preparing spawn area: 17%
[13:32:52] [Render thread/INFO]: Preparing spawn area: 20%
[13:32:02] [Render thread/INFO]: Preparing spawn area: 23%
[13:32:53] [Render thread/INFO]: Preparing spawn area: 26%
[13:32:03] [Render thread/INFO]: Preparing spawn area: 28%
[13:32:51] [Render thread/INFO]: Preparing spawn area: 31%
[13:32:02] [Render thread/INFO]: Preparing spawn area: 34%
[13:32:52] [Render thread/INFO]: Preparing spawn area: 36%
[13:32:02] [Render thread/INFO]: Preparing spawn area: 40%
[13:32:54] [Render thread/INFO]: Preparing spawn area: 42%
[13:32:02] [Render thread/INFO]: Preparing spawn area: 43%
[13:32:52] [Render thread/INFO]: Preparing spawn area: 48%
[13:32:03] [Render thread/INFO]: Preparing spawn area: 53%
[13:32:51] [Render thread/INFO]: Preparing spawn area: 55%
[13:32:02] [Render thread/INFO]: Preparing spawn area: 59%
[13:32:54] [Render thread/INFO]: Preparing spawn area: 62%
[13:32:05] [Render thread/INFO]: Preparing spawn area: 67%
[13:32:53] [Render thread/INFO]: Preparing spawn area: 69%
[13:32:02] [Render thread/INFO]: Preparing spawn area: 69%
[13:32:51] [Render thread/INFO]: Preparing spawn area: 71%
[13:32:02] [Render thread/INFO]: Preparing spawn area: 76%
[13:32:57] [Render thread/INFO]: Preparing spawn area: 82%
[13:32:03] [Render thread/INFO]: Preparing spawn area: 83%
[13:32:52] [Render thread/INFO]: Preparing spawn area: 85%
[13:32:02] [Render thread/INFO]: Preparing spawn area: 88%
[13:32:56] [Render thread/INFO]: Preparing spawn area: 99%
[13:32:12] [Render thread/INFO]: Time elapsed: 32111 ms
[13:32:14] [Server thread/INFO]: Changing view distance to 12, from 10
[13:32:15] [Server thread/INFO]: Changing simulation distance to 12, from 0
[13:32:34] [Server thread/INFO]: Vicky[local:E:aa72826c] logged in with entity id 7000 at (85.28288757091352, 64.9175836842624, 181.70645836018065)
[13:32:36] [Server thread/INFO]: Vicky joined the game
[13:32:48] [Render thread/INFO]: Loaded 92 advancements
[13:32:87] [Server thread/WARN]: Can't keep up! Is the server overloaded? Running 2065ms or 41 ticks behind
[13:35:40] [Render thread/INFO]: [System] [CHAT] Saved screenshot as 2023-09-10_13.35.23.png
[13:39:58] [Server thread/WARN]: Can't keep up! Is the server overloaded? Running 2062ms or 41 ticks behind
[13:40:29] [Server thread/WARN]: Can't keep up! Is the server overloaded? Running 27734ms or 554 ticks behind
[13:41:01] [Server thread/INFO]: Saving and pausing game...
[13:41:21] [Server thread/INFO]: Saving chunks for level 'ServerLevel[Pretty icy]'/minecraft:overworld
[13:41:43] [Server thread/INFO]: Saving chunks for level 'ServerLevel[Pretty icy]'/minecraft:the_end
[13:41:44] [Server thread/INFO]: Saving chunks for level 'ServerLevel[Pretty icy]'/minecraft:the_nether
[13:41:89] [Server thread/INFO]: Vicky lost connection: Disconnected
[13:41:89] [Server thread/INFO]: Vicky left the game
[13:41:95] [Server thread/INFO]: Stopping singleplayer server as player logged out
[13:41:98] [Server thread/INFO]: Stopping server
[13:41:98] [Server thread/INFO]: Saving players
[13:41:98] [Server thread/INFO]: Saving worlds
[13:41:26] [Server thread/INFO]: Saving chunks for level 'ServerLevel[Pretty icy]'/minecraft:overworld
[13:41:13] [Server thread/INFO]: Saving chunks for level 'ServerLevel[Pretty icy]'/minecraft:the_end
[13:41:13] [Server thread/INFO]: Saving chunks for level 'ServerLevel[Pretty icy]'/minecraft:the_nether
[13:41:18] [Server thread/INFO]: ThreadedAnvilChunkStorage (Pretty icy): All chunks are saved
[13:41:18] [Server thread/INFO]: ThreadedAnvilChunkStorage (DIM1): All chunks are saved
[13:41:18] [Server thread/INFO]: ThreadedAnvilChunkStorage (DIM-1): All chunks are saved
[13:41:18] [Server thread/INFO]: ThreadedAnvilChunkStorage: All dimensions are saved
[13:41:12] [Render thread/INFO]: Stopping!
Here I am!
[VersionManager] Refreshing versions locally...
[VersionManager] Versions has been refreshed (188 ms)
[Launcher] Minecraft closed with exit code: 0
[Launcher] Launcher exited.
Good bye!
[Double running] clear time label
[TLauncherManager] before clearLibrary 
[TLauncherManager] written:  []
[TLauncherManager] after clearLibrary 
flush now
