[Loading] INITIALIZING
Starting TLauncher 2.893 RELEASE
For more information, visit https://tlauncher.org/
Startup time: 6 Oct, 2023 3:46:04 PM
Running folder C:\Users\Vicky\AppData\Roaming\.minecraft
---
[Loading] LOADING_CONFIGURATION
Machine info: -------------------------------------------------------
Windows 10 10.0, Java 1.8.0_281, jvm bit x64, 8001 MB RAM
java path=C:\Users\Vicky\AppData\Roaming\.tlauncher\jvms\jre1.8.0_281\bin\javaw.exe
AMD Ryzen 5 3550H with Radeon Vega Mobile Gfx
 AMD Radeon(TM) Vega 8 Graphics, AMD Radeon Graphics Processor (0x15D8), 4113 MB, NVIDIA GeForce GTX 1650, NVIDIA GeForce GTX 1650, 7949 MB
-------------------------------------------------------
Selected locale: en
[Loading] LOADING_CONSOLE
[Downloader2] Loaded configuration: good
[Updater] Requesting an update...
[Updater] Requesting from: https://repo.tlauncher.org/update/lch/release_update_2.3.json
[Updater] Making request: https://repo.tlauncher.org/update/lch/release_update_2.3.json?version=2.893&client=f2d004ad-49e4-438b-9a85-cae4170ae3d1
[Updater] Request time: 457 ms
[Updater] Successfully requested from: https://repo.tlauncher.org/update/lch/release_update_2.3.json
[Browser] Loading resources...
[Browser] Cleaning up after loading:
Starting garbage collector: 56 / 107 MB
Garbage collector completed: 22 / 149 MB
[Loading] LOADING_MANAGERS
[LocalVersionList] Base directory: C:\Users\Vicky\AppData\Roaming\.minecraft
[ProfileManager] Refreshing profiles from: C:\Users\Vicky\AppData\Roaming\.minecraft\TlauncherProfiles.json
[AdvertisingStatusObserver]  started to get ad information
[AdvertisingStatusObserver]  finished to get add information
save profiles
[GsonUtil]  request to https://repo.tlauncher.org/update/downloads/libraries/org/tlauncher/authlib/libraries-1.7.json
[Loading] LOADING_WINDOW
[Swing] Favicons loaded: 256px, 128px, 96px, 64px, 48px, 32px, 24px, 16px
[Loading] PREPARING_MAINPANE
[REPO][SERVER_LIST_REPO] Success: Reached the repo in 208 ms.
[JFXStartPageLoader]  start load page: https://page.tlauncher.org/update/downloads/configs/pages/index_en.html
[Browser] Running in JavaFX Thread
[Browser] Preparing JavaFX...
[Browser] Initializing...
[JFXStartPageLoader]  succeeded load page: https://page.tlauncher.org/update/downloads/configs/pages/index_en.html during 0
[Browser@469190217] Loaded successfully: "https://page.tlauncher.org/update/downloads/configs/pages/index_en.html"
[Browser] add listens into server_choose
[Browser] finished listens into server_choose
[Downloader2] Loaded configuration: good
[Loading] POSTINIT_GUI
[Frame] Packing main frame...
[Frame] Resizing main pane...
Updater is already closed. Showing up...
Visibility set.
[Loading] REFRESHING_INFO
[VersionManager] Refreshing versions remotely...
[REPO][EXTRA_VERSION_REPO] Attempt #1; timeout: 30000 ms; url: https://repo.tlauncher.org/update/downloads/versions/new5/
Started! (6569 ms.)
[Loading] SUCCESS
[TLauncher] show tlauncher!!!
[REPO][EXTRA_VERSION_REPO] Success: Reached the repo in 60 ms.
discrord setting status problem: java.io.FileNotFoundException: \\?\pipe\discord-ipc-0 (The system cannot find the file specified)
[REPO][SKIN_VERSION_REPO] Attempt #1; timeout: 30000 ms; url: https://repo.tlauncher.org/update/downloads/versions/new5/skin/versions/
[REPO][OFFICIAL_VERSION_REPO] Attempt #1; timeout: 30000 ms; url: https://launchermeta.mojang.com/mc/game/
[REPO][EXTRA_VERSION_REPO] Attempt #1; timeout: 30000 ms; url: https://repo.tlauncher.org/update/downloads/versions/new5/
[REPO][SKIN_VERSION_REPO] Success: Reached the repo in 46 ms.
[SkinVersionList] Got in 85 ms
[REPO][EXTRA_VERSION_REPO] Success: Reached the repo in 130 ms.
[ExtraVersionList] Got in 248 ms
[REPO][OFFICIAL_VERSION_REPO] Success: Reached the repo in 470 ms.
[OfficialVersionList] Got in 551 ms
[VersionManager] Versions has been refreshed (674 ms)
[REPO][ADD_HOT_SERVERS_REPO] Attempt #1; timeout: 30000 ms; url: https://repo.tlauncher.org/update/lch/additional_hot_servers-1.0.json
[REPO][HOT_SERVERS_REPO] Attempt #1; timeout: 30000 ms; url: https://repo.tlauncher.org/update/lch/servers/hot_servers-1.0.json
run server on  37842
[REPO][ADD_HOT_SERVERS_REPO] Success: Reached the repo in 195 ms.
[REPO][HOT_SERVERS_REPO] Success: Reached the repo in 503 ms.
[Double running] clear time label
AccountComboBox.validte pre game launch username Account{skinType=TLAUNCHER, displayName=Vicky, userid=91d519811e5844279199ef1e67a09b70, uuid=91d519811e5844279199ef1e67a09b70, username=Vicky} FREE
onAuthPassed
saved account Account{skinType=TLAUNCHER, displayName=Vicky, userid=91d519811e5844279199ef1e67a09b70, uuid=91d519811e5844279199ef1e67a09b70, username=Vicky}
save profiles
[LoginForm] Login was OK. Trying to launch now.
[Launcher] Running under TLauncher 2.893
[Launcher] Collecting info...
[TLauncherManager] before clearLibrary C:\Users\Vicky\AppData\Roaming\.minecraft\mods\(34) How To Install Minecraft Mods (2022) - YouTube.url C:\Users\Vicky\AppData\Roaming\.minecraft\mods\CProgram FilesJavajre1.8.0_351bin.png C:\Users\Vicky\AppData\Roaming\.minecraft\mods\forge-1.20.1-47.2.0-installer.jar
[TLauncherManager] written:  []
[TLauncherManager] after clearLibrary C:\Users\Vicky\AppData\Roaming\.minecraft\mods\(34) How To Install Minecraft Mods (2022) - YouTube.url C:\Users\Vicky\AppData\Roaming\.minecraft\mods\CProgram FilesJavajre1.8.0_351bin.png C:\Users\Vicky\AppData\Roaming\.minecraft\mods\forge-1.20.1-47.2.0-installer.jar
[Launcher] Force update: true
[Launcher] Selected version: 1.20.1
[Launcher] Selected account: Account{skinType=TLAUNCHER, displayName=Vicky, userid=91d519811e5844279199ef1e67a09b70, uuid=91d519811e5844279199ef1e67a09b70, username=Vicky}
[Launcher] Version sync info: VersionSyncInfo{id='1.20.1',
local=CompleteVersion{id='1.20.1', time=Mon Jun 12 18:55:51 IST 2023, release=Mon Jun 12 18:55:51 IST 2023, type=release, class=net.minecraft.client.main.Main, minimumVersion=21, assets='5', source=LOCAL_VERSION_REPO, list=net.minecraft.launcher.updater.OfficialVersionList@1a87b797, libraries=[Library{name='ca.weblite:java-objc-bridge:1.1', rules=[Rule{action=ALLOW, os=OSRestriction{name=OSX, version='null'}, features=null}], natives=null, extract=null, packed='null'}, Library{name='com.github.oshi:oshi-core:6.2.2', rules=null, natives=null, extract=null, packed='null'}, Library{name='com.google.code.gson:gson:2.10', rules=null, natives=null, extract=null, packed='null'}, Library{name='com.google.guava:failureaccess:1.0.1', rules=null, natives=null, extract=null, packed='null'}, Library{name='com.google.guava:guava:31.1-jre', rules=null, natives=null, extract=null, packed='null'}, Library{name='com.ibm.icu:icu4j:71.1', rules=null, natives=null, extract=null, packed='null'}, Library{name='com.mojang:authlib:4.0.43', rules=null, natives=null, extract=null, packed='null'}, Library{name='com.mojang:blocklist:1.0.10', rules=null, natives=null, extract=null, packed='null'}, Library{name='com.mojang:brigadier:1.1.8', rules=null, natives=null, extract=null, packed='null'}, Library{name='com.mojang:datafixerupper:6.0.8', rules=null, natives=null, extract=null, packed='null'}, Library{name='com.mojang:logging:1.1.1', rules=null, natives=null, extract=null, packed='null'}, Library{name='com.mojang:patchy:2.2.10', rules=null, natives=null, extract=null, packed='null'}, Library{name='com.mojang:text2speech:1.17.9', rules=null, natives=null, extract=null, packed='null'}, Library{name='commons-codec:commons-codec:1.15', rules=null, natives=null, extract=null, packed='null'}, Library{name='commons-io:commons-io:2.11.0', rules=null, natives=null, extract=null, packed='null'}, Library{name='commons-logging:commons-logging:1.2', rules=null, natives=null, extract=null, packed='null'}, Library{name='io.netty:netty-buffer:4.1.82.Final', rules=null, natives=null, extract=null, packed='null'}, Library{name='io.netty:netty-codec:4.1.82.Final', rules=null, natives=null, extract=null, packed='null'}, Library{name='io.netty:netty-common:4.1.82.Final', rules=null, natives=null, extract=null, packed='null'}, Library{name='io.netty:netty-handler:4.1.82.Final', rules=null, natives=null, extract=null, packed='null'}, Library{name='io.netty:netty-resolver:4.1.82.Final', rules=null, natives=null, extract=null, packed='null'}, Library{name='io.netty:netty-transport-classes-epoll:4.1.82.Final', rules=null, natives=null, extract=null, packed='null'}, Library{name='io.netty:netty-transport-native-epoll:4.1.82.Final:linux-aarch_64', rules=[Rule{action=ALLOW, os=OSRestriction{name=LINUX, version='null'}, features=null}], natives=null, extract=null, packed='null'}, Library{name='io.netty:netty-transport-native-epoll:4.1.82.Final:linux-x86_64', rules=[Rule{action=ALLOW, os=OSRestriction{name=LINUX, version='null'}, features=null}], natives=null, extract=null, packed='null'}, Library{name='io.netty:netty-transport-native-unix-common:4.1.82.Final', rules=null, natives=null, extract=null, packed='null'}, Library{name='io.netty:netty-transport:4.1.82.Final', rules=null, natives=null, extract=null, packed='null'}, Library{name='it.unimi.dsi:fastutil:8.5.9', rules=null, natives=null, extract=null, packed='null'}, Library{name='net.java.dev.jna:jna-platform:5.12.1', rules=null, natives=null, extract=null, packed='null'}, Library{name='net.java.dev.jna:jna:5.12.1', rules=null, natives=null, extract=null, packed='null'}, Library{name='net.sf.jopt-simple:jopt-simple:5.0.4', rules=null, natives=null, extract=null, packed='null'}, Library{name='org.apache.commons:commons-compress:1.21', rules=null, natives=null, extract=null, packed='null'}, Library{name='org.apache.commons:commons-lang3:3.12.0', rules=null, natives=null, extract=null, packed='null'}, Library{name='org.apache.httpcomponents:httpclient:4.5.13', rules=null, natives=null, extract=null, packed='null'}, Library{name='org.apache.httpcomponents:httpcore:4.4.15', rules=null, natives=null, extract=null, packed='null'}, Library{name='org.apache.logging.log4j:log4j-api:2.19.0', rules=null, natives=null, extract=null, packed='null'}, Library{name='org.apache.logging.log4j:log4j-core:2.19.0', rules=null, natives=null, extract=null, packed='null'}, Library{name='org.apache.logging.log4j:log4j-slf4j2-impl:2.19.0', rules=null, natives=null, extract=null, packed='null'}, Library{name='org.joml:joml:1.10.5', rules=null, natives=null, extract=null, packed='null'}, Library{name='org.lwjgl:lwjgl-glfw:3.3.1', rules=null, natives=null, extract=null, packed='null'}, Library{name='org.lwjgl:lwjgl-glfw:3.3.1:natives-linux', rules=[Rule{action=ALLOW, os=OSRestriction{name=LINUX, version='null'}, features=null}], natives=null, extract=null, packed='null'}, Library{name='org.lwjgl:lwjgl-glfw:3.3.1:natives-macos', rules=[Rule{action=ALLOW, os=OSRestriction{name=OSX, version='null'}, features=null}], natives=null, extract=null, packed='null'}, Library{name='org.lwjgl:lwjgl-glfw:3.3.1:natives-macos-arm64', rules=[Rule{action=ALLOW, os=OSRestriction{name=OSX, version='null'}, features=null}], natives=null, extract=null, packed='null'}, Library{name='org.lwjgl:lwjgl-glfw:3.3.1:natives-windows', rules=[Rule{action=ALLOW, os=OSRestriction{name=WINDOWS, version='null'}, features=null}], natives=null, extract=null, packed='null'}, Library{name='org.lwjgl:lwjgl-glfw:3.3.1:natives-windows-arm64', rules=[Rule{action=ALLOW, os=OSRestriction{name=WINDOWS, version='null'}, features=null}], natives=null, extract=null, packed='null'}, Library{name='org.lwjgl:lwjgl-glfw:3.3.1:natives-windows-x86', rules=[Rule{action=ALLOW, os=OSRestriction{name=WINDOWS, version='null'}, features=null}], natives=null, extract=null, packed='null'}, Library{name='org.lwjgl:lwjgl-jemalloc:3.3.1', rules=null, natives=null, extract=null, packed='null'}, Library{name='org.lwjgl:lwjgl-jemalloc:3.3.1:natives-linux', rules=[Rule{action=ALLOW, os=OSRestriction{name=LINUX, version='null'}, features=null}], natives=null, extract=null, packed='null'}, Library{name='org.lwjgl:lwjgl-jemalloc:3.3.1:natives-macos', rules=[Rule{action=ALLOW, os=OSRestriction{name=OSX, version='null'}, features=null}], natives=null, extract=null, packed='null'}, Library{name='org.lwjgl:lwjgl-jemalloc:3.3.1:natives-macos-arm64', rules=[Rule{action=ALLOW, os=OSRestriction{name=OSX, version='null'}, features=null}], natives=null, extract=null, packed='null'}, Library{name='org.lwjgl:lwjgl-jemalloc:3.3.1:natives-windows', rules=[Rule{action=ALLOW, os=OSRestriction{name=WINDOWS, version='null'}, features=null}], natives=null, extract=null, packed='null'}, Library{name='org.lwjgl:lwjgl-jemalloc:3.3.1:natives-windows-arm64', rules=[Rule{action=ALLOW, os=OSRestriction{name=WINDOWS, version='null'}, features=null}], natives=null, extract=null, packed='null'}, Library{name='org.lwjgl:lwjgl-jemalloc:3.3.1:natives-windows-x86', rules=[Rule{action=ALLOW, os=OSRestriction{name=WINDOWS, version='null'}, features=null}], natives=null, extract=null, packed='null'}, Library{name='org.lwjgl:lwjgl-openal:3.3.1', rules=null, natives=null, extract=null, packed='null'}, Library{name='org.lwjgl:lwjgl-openal:3.3.1:natives-linux', rules=[Rule{action=ALLOW, os=OSRestriction{name=LINUX, version='null'}, features=null}], natives=null, extract=null, packed='null'}, Library{name='org.lwjgl:lwjgl-openal:3.3.1:natives-macos', rules=[Rule{action=ALLOW, os=OSRestriction{name=OSX, version='null'}, features=null}], natives=null, extract=null, packed='null'}, Library{name='org.lwjgl:lwjgl-openal:3.3.1:natives-macos-arm64', rules=[Rule{action=ALLOW, os=OSRestriction{name=OSX, version='null'}, features=null}], natives=null, extract=null, packed='null'}, Library{name='org.lwjgl:lwjgl-openal:3.3.1:natives-windows', rules=[Rule{action=ALLOW, os=OSRestriction{name=WINDOWS, version='null'}, features=null}], natives=null, extract=null, packed='null'}, Library{name='org.lwjgl:lwjgl-openal:3.3.1:natives-windows-arm64', rules=[Rule{action=ALLOW, os=OSRestriction{name=WINDOWS, version='null'}, features=null}], natives=null, extract=null, packed='null'}, Library{name='org.lwjgl:lwjgl-openal:3.3.1:natives-windows-x86', rules=[Rule{action=ALLOW, os=OSRestriction{name=WINDOWS, version='null'}, features=null}], natives=null, extract=null, packed='null'}, Library{name='org.lwjgl:lwjgl-opengl:3.3.1', rules=null, natives=null, extract=null, packed='null'}, Library{name='org.lwjgl:lwjgl-opengl:3.3.1:natives-linux', rules=[Rule{action=ALLOW, os=OSRestriction{name=LINUX, version='null'}, features=null}], natives=null, extract=null, packed='null'}, Library{name='org.lwjgl:lwjgl-opengl:3.3.1:natives-macos', rules=[Rule{action=ALLOW, os=OSRestriction{name=OSX, version='null'}, features=null}], natives=null, extract=null, packed='null'}, Library{name='org.lwjgl:lwjgl-opengl:3.3.1:natives-macos-arm64', rules=[Rule{action=ALLOW, os=OSRestriction{name=OSX, version='null'}, features=null}], natives=null, extract=null, packed='null'}, Library{name='org.lwjgl:lwjgl-opengl:3.3.1:natives-windows', rules=[Rule{action=ALLOW, os=OSRestriction{name=WINDOWS, version='null'}, features=null}], natives=null, extract=null, packed='null'}, Library{name='org.lwjgl:lwjgl-opengl:3.3.1:natives-windows-arm64', rules=[Rule{action=ALLOW, os=OSRestriction{name=WINDOWS, version='null'}, features=null}], natives=null, extract=null, packed='null'}, Library{name='org.lwjgl:lwjgl-opengl:3.3.1:natives-windows-x86', rules=[Rule{action=ALLOW, os=OSRestriction{name=WINDOWS, version='null'}, features=null}], natives=null, extract=null, packed='null'}, Library{name='org.lwjgl:lwjgl-stb:3.3.1', rules=null, natives=null, extract=null, packed='null'}, Library{name='org.lwjgl:lwjgl-stb:3.3.1:natives-linux', rules=[Rule{action=ALLOW, os=OSRestriction{name=LINUX, version='null'}, features=null}], natives=null, extract=null, packed='null'}, Library{name='org.lwjgl:lwjgl-stb:3.3.1:natives-macos', rules=[Rule{action=ALLOW, os=OSRestriction{name=OSX, version='null'}, features=null}], natives=null, extract=null, packed='null'}, Library{name='org.lwjgl:lwjgl-stb:3.3.1:natives-macos-arm64', rules=[Rule{action=ALLOW, os=OSRestriction{name=OSX, version='null'}, features=null}], natives=null, extract=null, packed='null'}, Library{name='org.lwjgl:lwjgl-stb:3.3.1:natives-windows', rules=[Rule{action=ALLOW, os=OSRestriction{name=WINDOWS, version='null'}, features=null}], natives=null, extract=null, packed='null'}, Library{name='org.lwjgl:lwjgl-stb:3.3.1:natives-windows-arm64', rules=[Rule{action=ALLOW, os=OSRestriction{name=WINDOWS, version='null'}, features=null}], natives=null, extract=null, packed='null'}, Library{name='org.lwjgl:lwjgl-stb:3.3.1:natives-windows-x86', rules=[Rule{action=ALLOW, os=OSRestriction{name=WINDOWS, version='null'}, features=null}], natives=null, extract=null, packed='null'}, Library{name='org.lwjgl:lwjgl-tinyfd:3.3.1', rules=null, natives=null, extract=null, packed='null'}, Library{name='org.lwjgl:lwjgl-tinyfd:3.3.1:natives-linux', rules=[Rule{action=ALLOW, os=OSRestriction{name=LINUX, version='null'}, features=null}], natives=null, extract=null, packed='null'}, Library{name='org.lwjgl:lwjgl-tinyfd:3.3.1:natives-macos', rules=[Rule{action=ALLOW, os=OSRestriction{name=OSX, version='null'}, features=null}], natives=null, extract=null, packed='null'}, Library{name='org.lwjgl:lwjgl-tinyfd:3.3.1:natives-macos-arm64', rules=[Rule{action=ALLOW, os=OSRestriction{name=OSX, version='null'}, features=null}], natives=null, extract=null, packed='null'}, Library{name='org.lwjgl:lwjgl-tinyfd:3.3.1:natives-windows', rules=[Rule{action=ALLOW, os=OSRestriction{name=WINDOWS, version='null'}, features=null}], natives=null, extract=null, packed='null'}, Library{name='org.lwjgl:lwjgl-tinyfd:3.3.1:natives-windows-arm64', rules=[Rule{action=ALLOW, os=OSRestriction{name=WINDOWS, version='null'}, features=null}], natives=null, extract=null, packed='null'}, Library{name='org.lwjgl:lwjgl-tinyfd:3.3.1:natives-windows-x86', rules=[Rule{action=ALLOW, os=OSRestriction{name=WINDOWS, version='null'}, features=null}], natives=null, extract=null, packed='null'}, Library{name='org.lwjgl:lwjgl:3.3.1', rules=null, natives=null, extract=null, packed='null'}, Library{name='org.lwjgl:lwjgl:3.3.1:natives-linux', rules=[Rule{action=ALLOW, os=OSRestriction{name=LINUX, version='null'}, features=null}], natives=null, extract=null, packed='null'}, Library{name='org.lwjgl:lwjgl:3.3.1:natives-macos', rules=[Rule{action=ALLOW, os=OSRestriction{name=OSX, version='null'}, features=null}], natives=null, extract=null, packed='null'}, Library{name='org.lwjgl:lwjgl:3.3.1:natives-macos-arm64', rules=[Rule{action=ALLOW, os=OSRestriction{name=OSX, version='null'}, features=null}], natives=null, extract=null, packed='null'}, Library{name='org.lwjgl:lwjgl:3.3.1:natives-windows', rules=[Rule{action=ALLOW, os=OSRestriction{name=WINDOWS, version='null'}, features=null}], natives=null, extract=null, packed='null'}, Library{name='org.lwjgl:lwjgl:3.3.1:natives-windows-arm64', rules=[Rule{action=ALLOW, os=OSRestriction{name=WINDOWS, version='null'}, features=null}], natives=null, extract=null, packed='null'}, Library{name='org.lwjgl:lwjgl:3.3.1:natives-windows-x86', rules=[Rule{action=ALLOW, os=OSRestriction{name=WINDOWS, version='null'}, features=null}], natives=null, extract=null, packed='null'}, Library{name='org.slf4j:slf4j-api:2.0.1', rules=null, natives=null, extract=null, packed='null'}]},
remote=PartialVersion{id='1.20.1', time=Wed Oct 04 17:19:30 IST 2023, release=Mon Jun 12 18:55:51 IST 2023, type=release, source=OFFICIAL_VERSION_REPO, list=net.minecraft.launcher.updater.OfficialVersionList@1a87b797}, isInstalled=true, hasRemote=true, isUpToDate=false}
[REPO][EMPTY] Attempt #1; timeout: 30000 ms; url: 
[REPO][EMPTY] Success: Reached the repo in 136 ms.
[GsonUtil]  request to https://res.tlauncher.org/b/jvm/java_configuration.json
[Launcher] Checking conditions...
[Launcher] resourcepacks:Greenfield.Pack.1.20.zip,Halloween-V1.17.zip,redstone.zip,titanic.zip,Water Reflection.zip
[Launcher] Comparing assets...
[AssetsManager] Checking resources...
[AssetsManager] Reading from repository...
[REPO][EMPTY] Attempt #1; timeout: 30000 ms; url: 
[REPO][EMPTY] Success: Reached the repo in 78 ms.
[AssetsManager] Fast comparing: false
[Launcher] finished comparing assets: 27582 ms.
[TLauncherManager] add required libraries: 1.20.1
[VersionManager] Required for version 1.20.1: []
[TLauncherManager] add required libraries: 1.20.1
used default java runtime
Minecraft requires java version: 17, java path: C:\Users\Vicky\AppData\Roaming\.minecraft\runtime\java-runtime-gamma\windows\java-runtime-gamma\bin\javaw.exe
[Downloader2] Files in queue 56
[Downloader2] Starting download 56 files...
[D#2] >  done https://resources.download.minecraft.net/b2/b2bc4736cd13644ddcb0bc127f82ada1bded651b 
[D#1] >  done https://resources.download.minecraft.net/9d/9d8ae7b85630fc9699b93167c5e12e2569057e4a 
[D#3] >  done https://resources.download.minecraft.net/f7/f77ca26c93ff017f7f547499dd1cf482dbe30a6a 
[D#1] >  done https://resources.download.minecraft.net/5a/5a0f4596ed0e6b2ac1d26f0083e9e194cb48be80 
[D#2] >  done https://resources.download.minecraft.net/a6/a657fe2a93eb0271e1013ddd66987da8c1b78580 
[D#3] >  done https://resources.download.minecraft.net/55/55d8bda905a8497b5e9d382d8049228697c7db96 
[D#2] >  done https://resources.download.minecraft.net/34/34460e3fab9c4fafa5cc05ddddaa56e4cb617de9 
[D#1] >  done https://resources.download.minecraft.net/88/88dc9f03a336f95537adc3c15e88a173d6831143 
[D#3] >  done https://resources.download.minecraft.net/6f/6f13cfbbb653102997ae44d2c555f76f2a2d3b79 
[D#1] >  done https://resources.download.minecraft.net/db/dbd943f19b7446b0186ce645cb767ed63ec352be 
[D#3] >  done https://resources.download.minecraft.net/16/16cec3f2d6da0fe00e57f01d861ebae47b753c0d 
[D#1] >  done https://resources.download.minecraft.net/72/7284c9c9decdbaae7efdeeda29ca3c9ad9b9bd68 
[D#3] >  done https://resources.download.minecraft.net/d8/d85146efdb82d42fcc3a87b398e694098b853c50 
[D#1] >  done https://resources.download.minecraft.net/e9/e9dc8836651f3f6c07af41f813ec38088bcf2116 
[D#3] >  done https://resources.download.minecraft.net/fc/fcecbadb7ce93a7c25843252cd94ce4b8bc0425f 
[D#1] >  done https://resources.download.minecraft.net/ba/ba2bba167643659bad0e25355df8690ed28b51a6 
[D#3] >  done https://resources.download.minecraft.net/b6/b633d9d5938cd1d7111f27d9990531e41ec6e68b 
[D#1] >  done https://resources.download.minecraft.net/db/dbb8e2a2e1294ef1221386253a9be8a7bfbadf07 
[D#3] >  done https://resources.download.minecraft.net/69/69c3377a971128d0f0d6bd442f972a85964d0134 
[D#2] >  done https://resources.download.minecraft.net/12/121d821b4e7ce7094e8285ba97066d00c7a46ebb 
[D#1] >  done https://resources.download.minecraft.net/d9/d9b2421158b5e3bef3f5edb3cc38546d5ad7b799 
[D#2] >  done https://resources.download.minecraft.net/63/63b9d28ec7bab80c9c3fba8ec4d3d11c3f1982c0 
[D#3] >  done https://resources.download.minecraft.net/a9/a9ebf8275eef2d86abb5e34a92312f1c235e8311 
[D#1] >  done https://resources.download.minecraft.net/f7/f7e22c56b27f16a8d2dae0a00c2d2228ebb2acbd 
[D#3] >  done https://resources.download.minecraft.net/c5/c5040396dd3b3f8c4c1882c03f4b9cc0baef95c6 
[D#2] >  done https://resources.download.minecraft.net/c0/c08b21abfa7598feae33797d2ce37402b1185ccb 
[D#1] >  done https://resources.download.minecraft.net/2a/2aae6377fec90daeaea02543d30f9be6f1ec2fd4 
[D#3] >  done https://resources.download.minecraft.net/fb/fb44d22f483dc556e3fbb861fe70573dc6881625 
[D#2] >  done https://resources.download.minecraft.net/46/467f82247bcbc18a5bb55e22db4d3850bbfa31de 
[D#1] >  done https://resources.download.minecraft.net/9c/9ca15542cf59af33f526520086a42249f56a83a4 
[D#3] >  done https://resources.download.minecraft.net/7b/7b765261423ebaa70955b27e8684fc439a62bd2d 
[D#1] >  done https://resources.download.minecraft.net/70/7066e5558a2fd78358f79335396fe64ba34e3839 
[D#2] >  done https://resources.download.minecraft.net/05/0597b9708f43ba4e5dbcea1cf7ffdff4fac696ef 
[D#3] >  done https://resources.download.minecraft.net/e4/e4b28cffcbdda3bc8ea95f8fa5b1ab76e9730c17 
[D#1] >  done https://resources.download.minecraft.net/4e/4ed2b6e92b4cca7e712572c0c4564be8b1ed177f 
[D#2] >  done https://resources.download.minecraft.net/c9/c9d88cd596880e6c0ee634082b800a5adab697da 
[D#1] >  done https://resources.download.minecraft.net/3e/3edcbfff919e3858dfd61858c6a497263b165b63 
[D#3] >  done https://resources.download.minecraft.net/3e/3efe4fa7e33920cbbb8f0a78ad16e5089f6ea79d 
[D#2] >  done https://resources.download.minecraft.net/ed/edcc68ed464ab4e2df36721ed5eae2d5fec7c557 
[D#1] >  done https://resources.download.minecraft.net/9d/9dcf9477c7670f66e0b2b54c2eb9056d10189136 
[D#3] >  done https://resources.download.minecraft.net/72/72f2d59b4714e6c9ffaaac39b24a4b9130584154 
[D#1] >  done https://resources.download.minecraft.net/ee/ee37e11dedad2d25f28ed5c746debabefa1dc23a 
[D#2] >  done https://resources.download.minecraft.net/49/4954edd50b4a0e0df5356e1fdc225b67321d96d5 
[D#3] >  done https://resources.download.minecraft.net/13/13fe16cc237155cef71c79ba5a2e8aa72de382d8 
[D#1] >  done https://resources.download.minecraft.net/dd/ddf24f1f3eea2730e154707136e2bca10df829cf 
[D#2] >  done https://resources.download.minecraft.net/61/61a94e416563ce6981a1e9427f984d78f2943cf7 
[D#1] >  done https://resources.download.minecraft.net/b2/b2ae2b49dd687ab1ff8b08608b80793ef82dc1f1 
[D#3] >  done https://resources.download.minecraft.net/28/287ec77b946b79cffd806b7a0bad87f7892a3825 
[D#2] >  done https://resources.download.minecraft.net/37/3778f971651dbbf59c3eac436f5568fd060a6cbb 
[D#2] >  done https://resources.download.minecraft.net/93/93c4a71e5d8fe85ec51f70967439bb103fde6418 
[D#3] >  done https://resources.download.minecraft.net/d1/d14a3bfe4668a4205e1c143f40d0befe5647c2a6 
[D#2] >  done https://resources.download.minecraft.net/df/df9d785b8f3b96310377c259909f8ad9246c62eb 
[D#2] >  done https://resources.download.minecraft.net/33/3331d859c9d887b8ed80c1221ad7de43246b0772 
[D#2] >  done https://resources.download.minecraft.net/f1/f140a52cb5a228dac9890f41966ac211bd1edab1 
[D#2] >  done https://resources.download.minecraft.net/50/50127763cd45a3da84fc2e65336c0b3d12b4b095 
[D#2] >  done https://resources.download.minecraft.net/68/687a8b330f6743c4b46d6b33e72ad1f6ee87a7ad 
library will be replaced: com.mojang:authlib:4.0.43 -> org.tlauncher:authlib:4.0.43.1
library will be replaced: com.mojang:patchy:2.2.10 -> org.tlauncher:patchy:2.2.10
[TLauncherManager] library will be added as required: io.github.classgraph:classgraph:4.8.110
[TLauncherManager] library will be added as required: org.ow2.asm:asm:9.1
[TLauncherManager] library will be added as required: org.ow2.asm:asm-commons:9.1
[TLauncherManager] library will be added as required: org.ow2.asm:asm-tree:9.1
[TLauncherManager] library will be added: org.tlauncher:tl_skin_cape_1.20_1.20.1:1.32
[Launcher] Unpacking natives...
[Launcher] Constructing process...
[Launcher] Constructing classpath...
backup world is active: false
[Launcher] Getting Minecraft arguments...
[Launcher] Full command: C:\Users\Vicky\AppData\Roaming\.minecraft\runtime\java-runtime-gamma\windows\java-runtime-gamma\bin\javaw.exe -Dos.name=Windows 10 -Dos.version=10.0 -XX:HeapDumpPath=MojangTricksIntelDriversForPerformance_javaw.exe_minecraft.exe.heapdump -Xss1M -Djava.library.path=C:\Users\Vicky\AppData\Roaming\.minecraft\versions\1.20.1\natives -Djna.tmpdir=C:\Users\Vicky\AppData\Roaming\.minecraft\versions\1.20.1\natives -Dorg.lwjgl.system.SharedLibraryExtractPath=C:\Users\Vicky\AppData\Roaming\.minecraft\versions\1.20.1\natives -Dio.netty.native.workdir=C:\Users\Vicky\AppData\Roaming\.minecraft\versions\1.20.1\natives -Dminecraft.launcher.brand=minecraft-launcher -Dminecraft.launcher.version=2.3.173 -cp C:\Users\Vicky\AppData\Roaming\.minecraft\libraries\org\tlauncher\tl_skin_cape_1.20_1.20.1\1.32\tl_skin_cape_1.20_1.20.1-1.32.jar;C:\Users\Vicky\AppData\Roaming\.minecraft\libraries\org\ow2\asm\asm-tree\9.1\asm-tree-9.1.jar;C:\Users\Vicky\AppData\Roaming\.minecraft\libraries\org\ow2\asm\asm-commons\9.1\asm-commons-9.1.jar;C:\Users\Vicky\AppData\Roaming\.minecraft\libraries\org\ow2\asm\asm\9.1\asm-9.1.jar;C:\Users\Vicky\AppData\Roaming\.minecraft\libraries\io\github\classgraph\classgraph\4.8.110\classgraph-4.8.110.jar;C:\Users\Vicky\AppData\Roaming\.minecraft\libraries\com\github\oshi\oshi-core\6.2.2\oshi-core-6.2.2.jar;C:\Users\Vicky\AppData\Roaming\.minecraft\libraries\com\google\code\gson\gson\2.10\gson-2.10.jar;C:\Users\Vicky\AppData\Roaming\.minecraft\libraries\com\google\guava\failureaccess\1.0.1\failureaccess-1.0.1.jar;C:\Users\Vicky\AppData\Roaming\.minecraft\libraries\com\google\guava\guava\31.1-jre\guava-31.1-jre.jar;C:\Users\Vicky\AppData\Roaming\.minecraft\libraries\com\ibm\icu\icu4j\71.1\icu4j-71.1.jar;C:\Users\Vicky\AppData\Roaming\.minecraft\libraries\org\tlauncher\authlib\4.0.43.1\authlib-4.0.43.1.jar;C:\Users\Vicky\AppData\Roaming\.minecraft\libraries\com\mojang\blocklist\1.0.10\blocklist-1.0.10.jar;C:\Users\Vicky\AppData\Roaming\.minecraft\libraries\com\mojang\brigadier\1.1.8\brigadier-1.1.8.jar;C:\Users\Vicky\AppData\Roaming\.minecraft\libraries\com\mojang\datafixerupper\6.0.8\datafixerupper-6.0.8.jar;C:\Users\Vicky\AppData\Roaming\.minecraft\libraries\com\mojang\logging\1.1.1\logging-1.1.1.jar;C:\Users\Vicky\AppData\Roaming\.minecraft\libraries\org\tlauncher\patchy\2.2.10\patchy-2.2.10.jar;C:\Users\Vicky\AppData\Roaming\.minecraft\libraries\com\mojang\text2speech\1.17.9\text2speech-1.17.9.jar;C:\Users\Vicky\AppData\Roaming\.minecraft\libraries\commons-codec\commons-codec\1.15\commons-codec-1.15.jar;C:\Users\Vicky\AppData\Roaming\.minecraft\libraries\commons-io\commons-io\2.11.0\commons-io-2.11.0.jar;C:\Users\Vicky\AppData\Roaming\.minecraft\libraries\commons-logging\commons-logging\1.2\commons-logging-1.2.jar;C:\Users\Vicky\AppData\Roaming\.minecraft\libraries\io\netty\netty-buffer\4.1.82.Final\netty-buffer-4.1.82.Final.jar;C:\Users\Vicky\AppData\Roaming\.minecraft\libraries\io\netty\netty-codec\4.1.82.Final\netty-codec-4.1.82.Final.jar;C:\Users\Vicky\AppData\Roaming\.minecraft\libraries\io\netty\netty-common\4.1.82.Final\netty-common-4.1.82.Final.jar;C:\Users\Vicky\AppData\Roaming\.minecraft\libraries\io\netty\netty-handler\4.1.82.Final\netty-handler-4.1.82.Final.jar;C:\Users\Vicky\AppData\Roaming\.minecraft\libraries\io\netty\netty-resolver\4.1.82.Final\netty-resolver-4.1.82.Final.jar;C:\Users\Vicky\AppData\Roaming\.minecraft\libraries\io\netty\netty-transport-classes-epoll\4.1.82.Final\netty-transport-classes-epoll-4.1.82.Final.jar;C:\Users\Vicky\AppData\Roaming\.minecraft\libraries\io\netty\netty-transport-native-unix-common\4.1.82.Final\netty-transport-native-unix-common-4.1.82.Final.jar;C:\Users\Vicky\AppData\Roaming\.minecraft\libraries\io\netty\netty-transport\4.1.82.Final\netty-transport-4.1.82.Final.jar;C:\Users\Vicky\AppData\Roaming\.minecraft\libraries\it\unimi\dsi\fastutil\8.5.9\fastutil-8.5.9.jar;C:\Users\Vicky\AppData\Roaming\.minecraft\libraries\net\java\dev\jna\jna-platform\5.12.1\jna-platform-5.12.1.jar;C:\Users\Vicky\AppData\Roaming\.minecraft\libraries\net\java\dev\jna\jna\5.12.1\jna-5.12.1.jar;C:\Users\Vicky\AppData\Roaming\.minecraft\libraries\net\sf\jopt-simple\jopt-simple\5.0.4\jopt-simple-5.0.4.jar;C:\Users\Vicky\AppData\Roaming\.minecraft\libraries\org\apache\commons\commons-compress\1.21\commons-compress-1.21.jar;C:\Users\Vicky\AppData\Roaming\.minecraft\libraries\org\apache\commons\commons-lang3\3.12.0\commons-lang3-3.12.0.jar;C:\Users\Vicky\AppData\Roaming\.minecraft\libraries\org\apache\httpcomponents\httpclient\4.5.13\httpclient-4.5.13.jar;C:\Users\Vicky\AppData\Roaming\.minecraft\libraries\org\apache\httpcomponents\httpcore\4.4.15\httpcore-4.4.15.jar;C:\Users\Vicky\AppData\Roaming\.minecraft\libraries\org\apache\logging\log4j\log4j-api\2.19.0\log4j-api-2.19.0.jar;C:\Users\Vicky\AppData\Roaming\.minecraft\libraries\org\apache\logging\log4j\log4j-core\2.19.0\log4j-core-2.19.0.jar;C:\Users\Vicky\AppData\Roaming\.minecraft\libraries\org\apache\logging\log4j\log4j-slf4j2-impl\2.19.0\log4j-slf4j2-impl-2.19.0.jar;C:\Users\Vicky\AppData\Roaming\.minecraft\libraries\org\joml\joml\1.10.5\joml-1.10.5.jar;C:\Users\Vicky\AppData\Roaming\.minecraft\libraries\org\lwjgl\lwjgl-glfw\3.3.1\lwjgl-glfw-3.3.1.jar;C:\Users\Vicky\AppData\Roaming\.minecraft\libraries\org\lwjgl\lwjgl-glfw\3.3.1\lwjgl-glfw-3.3.1-natives-windows.jar;C:\Users\Vicky\AppData\Roaming\.minecraft\libraries\org\lwjgl\lwjgl-glfw\3.3.1\lwjgl-glfw-3.3.1-natives-windows-arm64.jar;C:\Users\Vicky\AppData\Roaming\.minecraft\libraries\org\lwjgl\lwjgl-glfw\3.3.1\lwjgl-glfw-3.3.1-natives-windows-x86.jar;C:\Users\Vicky\AppData\Roaming\.minecraft\libraries\org\lwjgl\lwjgl-jemalloc\3.3.1\lwjgl-jemalloc-3.3.1.jar;C:\Users\Vicky\AppData\Roaming\.minecraft\libraries\org\lwjgl\lwjgl-jemalloc\3.3.1\lwjgl-jemalloc-3.3.1-natives-windows.jar;C:\Users\Vicky\AppData\Roaming\.minecraft\libraries\org\lwjgl\lwjgl-jemalloc\3.3.1\lwjgl-jemalloc-3.3.1-natives-windows-arm64.jar;C:\Users\Vicky\AppData\Roaming\.minecraft\libraries\org\lwjgl\lwjgl-jemalloc\3.3.1\lwjgl-jemalloc-3.3.1-natives-windows-x86.jar;C:\Users\Vicky\AppData\Roaming\.minecraft\libraries\org\lwjgl\lwjgl-openal\3.3.1\lwjgl-openal-3.3.1.jar;C:\Users\Vicky\AppData\Roaming\.minecraft\libraries\org\lwjgl\lwjgl-openal\3.3.1\lwjgl-openal-3.3.1-natives-windows.jar;C:\Users\Vicky\AppData\Roaming\.minecraft\libraries\org\lwjgl\lwjgl-openal\3.3.1\lwjgl-openal-3.3.1-natives-windows-arm64.jar;C:\Users\Vicky\AppData\Roaming\.minecraft\libraries\org\lwjgl\lwjgl-openal\3.3.1\lwjgl-openal-3.3.1-natives-windows-x86.jar;C:\Users\Vicky\AppData\Roaming\.minecraft\libraries\org\lwjgl\lwjgl-opengl\3.3.1\lwjgl-opengl-3.3.1.jar;C:\Users\Vicky\AppData\Roaming\.minecraft\libraries\org\lwjgl\lwjgl-opengl\3.3.1\lwjgl-opengl-3.3.1-natives-windows.jar;C:\Users\Vicky\AppData\Roaming\.minecraft\libraries\org\lwjgl\lwjgl-opengl\3.3.1\lwjgl-opengl-3.3.1-natives-windows-arm64.jar;C:\Users\Vicky\AppData\Roaming\.minecraft\libraries\org\lwjgl\lwjgl-opengl\3.3.1\lwjgl-opengl-3.3.1-natives-windows-x86.jar;C:\Users\Vicky\AppData\Roaming\.minecraft\libraries\org\lwjgl\lwjgl-stb\3.3.1\lwjgl-stb-3.3.1.jar;C:\Users\Vicky\AppData\Roaming\.minecraft\libraries\org\lwjgl\lwjgl-stb\3.3.1\lwjgl-stb-3.3.1-natives-windows.jar;C:\Users\Vicky\AppData\Roaming\.minecraft\libraries\org\lwjgl\lwjgl-stb\3.3.1\lwjgl-stb-3.3.1-natives-windows-arm64.jar;C:\Users\Vicky\AppData\Roaming\.minecraft\libraries\org\lwjgl\lwjgl-stb\3.3.1\lwjgl-stb-3.3.1-natives-windows-x86.jar;C:\Users\Vicky\AppData\Roaming\.minecraft\libraries\org\lwjgl\lwjgl-tinyfd\3.3.1\lwjgl-tinyfd-3.3.1.jar;C:\Users\Vicky\AppData\Roaming\.minecraft\libraries\org\lwjgl\lwjgl-tinyfd\3.3.1\lwjgl-tinyfd-3.3.1-natives-windows.jar;C:\Users\Vicky\AppData\Roaming\.minecraft\libraries\org\lwjgl\lwjgl-tinyfd\3.3.1\lwjgl-tinyfd-3.3.1-natives-windows-arm64.jar;C:\Users\Vicky\AppData\Roaming\.minecraft\libraries\org\lwjgl\lwjgl-tinyfd\3.3.1\lwjgl-tinyfd-3.3.1-natives-windows-x86.jar;C:\Users\Vicky\AppData\Roaming\.minecraft\libraries\org\lwjgl\lwjgl\3.3.1\lwjgl-3.3.1.jar;C:\Users\Vicky\AppData\Roaming\.minecraft\libraries\org\lwjgl\lwjgl\3.3.1\lwjgl-3.3.1-natives-windows.jar;C:\Users\Vicky\AppData\Roaming\.minecraft\libraries\org\lwjgl\lwjgl\3.3.1\lwjgl-3.3.1-natives-windows-arm64.jar;C:\Users\Vicky\AppData\Roaming\.minecraft\libraries\org\lwjgl\lwjgl\3.3.1\lwjgl-3.3.1-natives-windows-x86.jar;C:\Users\Vicky\AppData\Roaming\.minecraft\libraries\org\slf4j\slf4j-api\2.0.1\slf4j-api-2.0.1.jar;C:\Users\Vicky\AppData\Roaming\.minecraft\versions\1.20.1\1.20.1.jar --add-exports jdk.naming.dns/com.sun.jndi.dns=java.naming -Xmx3000M -XX:+UnlockExperimentalVMOptions -XX:+UseG1GC -XX:G1NewSizePercent=20 -XX:G1ReservePercent=20 -XX:MaxGCPauseMillis=50 -XX:G1HeapRegionSize=32M -Dfml.ignoreInvalidMinecraftCertificates=true -Dfml.ignorePatchDiscrepancies=true -Djava.net.preferIPv4Stack=true -Dminecraft.applet.TargetDirectory=C:\Users\Vicky\AppData\Roaming\.minecraft -Dlog4j.configurationFile=C:\Users\Vicky\AppData\Roaming\.minecraft\assets\log_configs\client-1.12.xml net.minecraft.launchwrapper.Launch --username Vicky --version 1.20.1 --gameDir C:\Users\Vicky\AppData\Roaming\.minecraft --assetsDir C:\Users\Vicky\AppData\Roaming\.minecraft\assets --assetIndex 5 --uuid 91d519811e5844279199ef1e67a09b70 --accessToken null --clientId null --xuid null --userType mojang --versionType release --width 925 --height 530 --tweakClass org.tlauncher.tweaker.Tweaker
[Launcher] Launching Minecraft...
I'm hiding!
[TLauncherManager] mods after C:\Users\Vicky\AppData\Roaming\.minecraft\mods\(34) How To Install Minecraft Mods (2022) - YouTube.url C:\Users\Vicky\AppData\Roaming\.minecraft\mods\CProgram FilesJavajre1.8.0_351bin.png C:\Users\Vicky\AppData\Roaming\.minecraft\mods\forge-1.20.1-47.2.0-installer.jar
[InnerMinecraftServersImpl]  search changers of the servers
read servers from servers.dat [Server(name=Minecraft Server, address=top.twerion.net, ip=top.twerion.net, port=null, hideAddress=false, acceptTextures=0), Server(name=Minecraft Server, address=play.ragnarockmc.in, ip=play.ragnarockmc.in, port=null, hideAddress=false, acceptTextures=0), Server(name=Minecraft Server, address=bwhub.net, ip=bwhub.net, port=null, hideAddress=false, acceptTextures=0), Server(name=Minecraft Server, address=as.azerithmc.com, ip=as.azerithmc.com, port=null, hideAddress=false, acceptTextures=0), Server(name=Minecraft Server, address=play.endermc.fun, ip=play.endermc.fun, port=null, hideAddress=false, acceptTextures=0), Server(name=Minecraft Server, address=jenominers.de, ip=jenominers.de, port=null, hideAddress=false, acceptTextures=0), Server(name=Minecraft Server, address=play.fourleafsea.xyz, ip=play.fourleafsea.xyz, port=null, hideAddress=false, acceptTextures=0), Server(name=Minecraft Server, address=play.wondercraft.fun, ip=play.wondercraft.fun, port=null, hideAddress=false, acceptTextures=0), Server(name=Minecraft Server, address=play.exoticnetwork.in, ip=play.exoticnetwork.in, port=null, hideAddress=false, acceptTextures=0), Server(name=Minecraft Server, address=play.minetop.fun, ip=play.minetop.fun, port=null, hideAddress=false, acceptTextures=0), Server(name=Minecraft Server, address=tms.chickencraft.nl, ip=tms.chickencraft.nl, port=null, hideAddress=false, acceptTextures=0), Server(name=Minecraft Server, address=nationsglory.com, ip=nationsglory.com, port=null, hideAddress=false, acceptTextures=0), Server(name=Minecraft Server, address=top.ultimis.net, ip=top.ultimis.net, port=null, hideAddress=false, acceptTextures=0), Server(name=Minecraft Server, address=herobrine.org, ip=herobrine.org, port=null, hideAddress=false, acceptTextures=0), Server(name=Minecraft Server, address=armamc.com, ip=armamc.com, port=null, hideAddress=false, acceptTextures=0), Server(name=Minecraft Server, address=127.0.0.1, ip=127.0.0.1, port=null, hideAddress=false, acceptTextures=0)]
[InnerMinecraftServersImpl]  prepare inner servers
save servers to servers.dat
[Launcher] Game skin type: TLAUNCHER
[Launcher] Starting Minecraft 1.20.1...
[Launcher] Launching in: C:\Users\Vicky\AppData\Roaming\.minecraft
Starting garbage collector: 238 / 383 MB
Garbage collector completed: 47 / 436 MB
[Launcher] Processing post-launch actions. Assist launch: true
===============================================================================================
[15:47:79] [main/INFO]: Loading tweak class name org.tlauncher.tweaker.Tweaker
[15:47:81] [main/INFO]: Using primary tweak class name org.tlauncher.tweaker.Tweaker
[15:47:81] [main/INFO]: Calling tweak class org.tlauncher.tweaker.Tweaker
Log Path: C:\Users\Vicky\AppData\Roaming\.minecraft\.\tlLoader\Tweaker.log
[main INFO] Using Tweaker
[main INFO] Tweaker: acceptOptions
[main INFO] Tweaker: injectIntoClassLoader
[Injection] Injection Class Transformer started
[TLSkinCape] Current TLSkinCape version is 1.32
[TLSkinCape] Current Minecraft version is 1.20.
[main INFO] Loaded as a library.
[Injection] Injection into euw ended successfully with 1 injections.
[Injection] Injection into fiv ended successfully with 1 injections.
2023-10-06 15:47:07,516 main WARN Error parsing URI C:\Users\Vicky\AppData\Roaming\.minecraft\assets\log_configs\client-1.12.xml
[main INFO] Tweaker: getLaunchArguments
[main INFO] Tweaker: getLaunchTarget
[Injection] Injection into net.minecraft.client.main.Main ended successfully with 1 injections.
[15:47:70] [main/INFO]: Launching wrapped minecraft [net.minecraft.client.main.Main]
[Injection] Injection into enn ended successfully with 1 injections.
[15:47:28] [Datafixer Bootstrap/INFO]: 188 Datafixer optimizations took 537 milliseconds
[15:47:23] [Render thread/INFO]: Environment: authHost='https://authserver.mojang.com', accountsHost='https://api.mojang.com', sessionHost='https://sessionserver.mojang.com', servicesHost='https://api.minecraftservices.com', name='PROD'
[15:47:97] [Render thread/ERROR]: Failed to verify authentication
com.mojang.authlib.exceptions.InvalidCredentialsException: Status: 401
	at com.mojang.authlib.exceptions.MinecraftClientHttpException.toAuthenticationException(MinecraftClientHttpException.java:56)
	at com.mojang.authlib.yggdrasil.YggdrasilUserApiService.fetchProperties(YggdrasilUserApiService.java:147)
	at com.mojang.authlib.yggdrasil.YggdrasilUserApiService.<init>(YggdrasilUserApiService.java:63)
	at com.mojang.authlib.yggdrasil.YggdrasilAuthenticationService.createUserApiService(YggdrasilAuthenticationService.java:124)
	at enn.a(SourceFile:733)
	at enn.<init>(SourceFile:442)
	at net.minecraft.client.main.Main.main(SourceFile:211)
	at java.base/jdk.internal.reflect.NativeMethodAccessorImpl.invoke0(Native Method)
	at java.base/jdk.internal.reflect.NativeMethodAccessorImpl.invoke(NativeMethodAccessorImpl.java:77)
	at java.base/jdk.internal.reflect.DelegatingMethodAccessorImpl.invoke(DelegatingMethodAccessorImpl.java:43)
	at java.base/java.lang.reflect.Method.invoke(Method.java:568)
	at net.minecraft.launchwrapper.Launch.launch(Launch.java:136)
	at net.minecraft.launchwrapper.Launch.main(Launch.java:31)
Caused by: MinecraftClientHttpException[type=HTTP_ERROR, status=401, response=ErrorResponse[path='/player/attributes', error='null', details=null, errorMessage='null']]
	at com.mojang.authlib.minecraft.client.MinecraftClient.readInputStream(MinecraftClient.java:85)
	at com.mojang.authlib.minecraft.client.MinecraftClient.get(MinecraftClient.java:48)
	at com.mojang.authlib.yggdrasil.YggdrasilUserApiService.fetchProperties(YggdrasilUserApiService.java:122)
	... 11 more

[15:47:99] [Render thread/INFO]: Setting user: Vicky
[15:47:18] [Render thread/INFO]: Backend library: LWJGL version 3.3.1 build 7
[15:47:95] [Render thread/WARN]: Missing metadata in pack file/Halloween-V1.17.zip
[15:47:60] [Render thread/INFO]: Reloading ResourceManager: vanilla, file/redstone.zip
[15:47:84] [Worker-Main-5/INFO]: Found unifont_all_no_pua-15.0.06.hex, loading
[15:47:11] [Realms Notification Availability checker #1/INFO]: Could not authorize you against Realms server: Invalid session id
[15:47:97] [Worker-Main-6/WARN]: Missing textures in model minecraft:hopper#enabled=false,facing=east:
    minecraft:textures/atlas/blocks.png:minecraft:break/hopper
[15:47:97] [Worker-Main-6/WARN]: Missing textures in model minecraft:hopper#enabled=false,facing=north:
    minecraft:textures/atlas/blocks.png:minecraft:break/hopper
[15:47:97] [Worker-Main-6/WARN]: Missing textures in model minecraft:hopper#enabled=true,facing=south:
    minecraft:textures/atlas/blocks.png:minecraft:break/hopper
[15:47:98] [Worker-Main-6/WARN]: Missing textures in model minecraft:hopper#enabled=true,facing=down:
    minecraft:textures/atlas/blocks.png:minecraft:break/hopper
[15:47:98] [Worker-Main-6/WARN]: Missing textures in model minecraft:hopper#enabled=true,facing=west:
    minecraft:textures/atlas/blocks.png:minecraft:break/hopper
[15:47:15] [Render thread/WARN]: Missing sound for event: minecraft:item.goat_horn.play
[15:47:15] [Render thread/WARN]: Missing sound for event: minecraft:entity.goat.screaming.horn_break
[15:47:24] [Render thread/INFO]: OpenAL initialized on device OpenAL Soft on Headphones (Airdopes 141)
[15:47:25] [Render thread/INFO]: Sound engine started
[15:47:57] [Render thread/INFO]: Created: 1024x512x4 minecraft:textures/atlas/blocks.png-atlas
[15:47:59] [Render thread/INFO]: Created: 256x256x4 minecraft:textures/atlas/signs.png-atlas
[15:47:60] [Render thread/INFO]: Created: 512x512x4 minecraft:textures/atlas/shield_patterns.png-atlas
[15:47:61] [Render thread/INFO]: Created: 512x512x4 minecraft:textures/atlas/banner_patterns.png-atlas
[15:47:61] [Render thread/INFO]: Created: 1024x1024x4 minecraft:textures/atlas/armor_trims.png-atlas
[15:47:63] [Render thread/INFO]: Created: 128x64x4 minecraft:textures/atlas/decorated_pot.png-atlas
[15:47:65] [Render thread/INFO]: Created: 256x256x4 minecraft:textures/atlas/chest.png-atlas
[15:47:65] [Render thread/INFO]: Created: 512x256x4 minecraft:textures/atlas/shulker_boxes.png-atlas
[15:47:66] [Render thread/INFO]: Created: 512x256x4 minecraft:textures/atlas/beds.png-atlas
[Injection] Injection into fck ended successfully with 1 injections.
[15:47:82] [Render thread/WARN]: Shader rendertype_entity_translucent_emissive could not find sampler named Sampler2 in the specified shader program.
[15:47:99] [Render thread/INFO]: Created: 256x256x0 minecraft:textures/atlas/particles.png-atlas
[15:47:00] [Render thread/INFO]: Created: 256x256x0 minecraft:textures/atlas/paintings.png-atlas
[15:47:00] [Render thread/INFO]: Created: 128x128x0 minecraft:textures/atlas/mob_effects.png-atlas
[15:49:15] [Render thread/INFO]: Loaded 7 recipes
[15:49:38] [Render thread/INFO]: Loaded 1271 advancements
[15:50:94] [Server thread/INFO]: Starting integrated minecraft server version 1.20.1
[15:50:94] [Server thread/INFO]: Generating keypair
[15:50:30] [Server thread/INFO]: Preparing start region for dimension minecraft:overworld
[15:50:20] [Render thread/INFO]: Preparing spawn area: 0%
[15:50:21] [Render thread/INFO]: Preparing spawn area: 0%
[15:50:21] [Render thread/INFO]: Preparing spawn area: 0%
[15:50:21] [Render thread/INFO]: Preparing spawn area: 0%
[15:50:21] [Render thread/INFO]: Preparing spawn area: 0%
[15:50:21] [Render thread/INFO]: Preparing spawn area: 0%
[15:50:32] [Render thread/INFO]: Preparing spawn area: 0%
[15:50:92] [Render thread/INFO]: Preparing spawn area: 0%
[15:50:54] [Render thread/INFO]: Preparing spawn area: 0%
[15:50:86] [Render thread/INFO]: Preparing spawn area: 0%
[15:50:39] [Render thread/INFO]: Preparing spawn area: 0%
[15:50:97] [Render thread/INFO]: Preparing spawn area: 0%
[15:50:34] [Render thread/INFO]: Preparing spawn area: 0%
[15:50:82] [Render thread/INFO]: Preparing spawn area: 0%
[15:50:36] [Render thread/INFO]: Preparing spawn area: 0%
[15:50:81] [Render thread/INFO]: Preparing spawn area: 1%
[15:50:32] [Render thread/INFO]: Preparing spawn area: 1%
[15:50:84] [Render thread/INFO]: Preparing spawn area: 1%
[15:50:34] [Render thread/INFO]: Preparing spawn area: 2%
[15:50:81] [Render thread/INFO]: Preparing spawn area: 2%
[15:50:33] [Render thread/INFO]: Preparing spawn area: 3%
[15:50:81] [Render thread/INFO]: Preparing spawn area: 3%
[15:50:32] [Render thread/INFO]: Preparing spawn area: 4%
[15:50:82] [Render thread/INFO]: Preparing spawn area: 5%
[15:50:32] [Render thread/INFO]: Preparing spawn area: 5%
[15:50:82] [Render thread/INFO]: Preparing spawn area: 5%
[15:50:35] [Render thread/INFO]: Preparing spawn area: 6%
[15:50:81] [Render thread/INFO]: Preparing spawn area: 9%
[15:50:31] [Render thread/INFO]: Preparing spawn area: 9%
[15:50:84] [Render thread/INFO]: Preparing spawn area: 10%
[15:50:32] [Render thread/INFO]: Preparing spawn area: 11%
[15:50:81] [Render thread/INFO]: Preparing spawn area: 13%
[15:50:32] [Render thread/INFO]: Preparing spawn area: 14%
[15:50:87] [Render thread/INFO]: Preparing spawn area: 15%
[15:50:31] [Render thread/INFO]: Preparing spawn area: 16%
[15:50:82] [Render thread/INFO]: Preparing spawn area: 17%
[15:50:32] [Render thread/INFO]: Preparing spawn area: 19%
[15:50:83] [Render thread/INFO]: Preparing spawn area: 20%
[15:50:32] [Render thread/INFO]: Preparing spawn area: 22%
[15:50:82] [Render thread/INFO]: Preparing spawn area: 23%
[15:50:32] [Render thread/INFO]: Preparing spawn area: 25%
[15:50:82] [Render thread/INFO]: Preparing spawn area: 26%
[15:50:38] [Render thread/INFO]: Preparing spawn area: 28%
[15:50:83] [Render thread/INFO]: Preparing spawn area: 30%
[15:50:33] [Render thread/INFO]: Preparing spawn area: 31%
[15:50:85] [Render thread/INFO]: Preparing spawn area: 32%
[15:50:31] [Render thread/INFO]: Preparing spawn area: 34%
[15:50:81] [Render thread/INFO]: Preparing spawn area: 36%
[15:50:32] [Render thread/INFO]: Preparing spawn area: 38%
[15:50:86] [Render thread/INFO]: Preparing spawn area: 41%
[15:50:32] [Render thread/INFO]: Preparing spawn area: 42%
[15:50:82] [Render thread/INFO]: Preparing spawn area: 44%
[15:50:31] [Render thread/INFO]: Preparing spawn area: 46%
[15:50:83] [Render thread/INFO]: Preparing spawn area: 48%
[15:50:31] [Render thread/INFO]: Preparing spawn area: 49%
[15:50:83] [Render thread/INFO]: Preparing spawn area: 51%
[15:50:32] [Render thread/INFO]: Preparing spawn area: 52%
[15:50:82] [Render thread/INFO]: Preparing spawn area: 55%
[15:50:32] [Render thread/INFO]: Preparing spawn area: 56%
[15:50:81] [Render thread/INFO]: Preparing spawn area: 58%
[15:50:32] [Render thread/INFO]: Preparing spawn area: 59%
[15:50:87] [Render thread/INFO]: Preparing spawn area: 61%
[15:50:35] [Render thread/INFO]: Preparing spawn area: 64%
[15:50:70] [Render thread/INFO]: Preparing spawn area: 66%
[15:50:70] [Render thread/INFO]: Preparing spawn area: 66%
[15:50:83] [Render thread/INFO]: Preparing spawn area: 70%
[15:50:33] [Render thread/INFO]: Preparing spawn area: 72%
[15:50:87] [Render thread/INFO]: Preparing spawn area: 75%
[15:50:32] [Render thread/INFO]: Preparing spawn area: 77%
[15:50:81] [Render thread/INFO]: Preparing spawn area: 80%
[15:50:32] [Render thread/INFO]: Preparing spawn area: 83%
[15:50:81] [Render thread/INFO]: Preparing spawn area: 83%
[15:50:35] [Render thread/INFO]: Preparing spawn area: 86%
[15:50:81] [Render thread/INFO]: Preparing spawn area: 88%
[15:50:42] [Render thread/INFO]: Preparing spawn area: 90%
[15:50:82] [Render thread/INFO]: Preparing spawn area: 92%
[15:50:32] [Render thread/INFO]: Preparing spawn area: 95%
[15:50:83] [Render thread/INFO]: Preparing spawn area: 96%
[15:50:32] [Render thread/INFO]: Preparing spawn area: 98%
[15:50:66] [Render thread/INFO]: Time elapsed: 39356 ms
[15:50:86] [Server thread/INFO]: Changing view distance to 12, from 10
[15:50:86] [Server thread/INFO]: Changing simulation distance to 12, from 0
[15:50:97] [Server thread/INFO]: Vicky[local:E:573e57d9] logged in with entity id 349 at (-7.5, 69.0, 7.5)
[15:50:27] [Server thread/INFO]: Vicky joined the game
[15:50:43] [Render thread/INFO]: Loaded 2 advancements
[15:50:67] [Render thread/INFO]: calculated cape performance:TEXTURE_272, middle time: 6.166666666666667
[15:50:15] [Server thread/INFO]: Saving and pausing game...
[15:50:20] [Server thread/INFO]: Saving chunks for level 'ServerLevel[Fur Elise Beethoven]'/minecraft:overworld
[15:50:26] [Render thread/INFO]: can use texture size:TEXTURE_272, middle time: 6.3
[15:50:64] [Server thread/INFO]: Saving chunks for level 'ServerLevel[Fur Elise Beethoven]'/minecraft:the_end
[15:50:65] [Server thread/INFO]: Saving chunks for level 'ServerLevel[Fur Elise Beethoven]'/minecraft:the_nether
[15:50:70] [Server thread/WARN]: Can't keep up! Is the server overloaded? Running 4242ms or 84 ticks behind
[15:50:89] [Server thread/INFO]: Vicky lost connection: Disconnected
[15:50:89] [Server thread/INFO]: Vicky left the game
[15:50:95] [Server thread/INFO]: Stopping singleplayer server as player logged out
[15:50:11] [Server thread/INFO]: Stopping server
[15:50:11] [Server thread/INFO]: Saving players
[15:50:11] [Server thread/INFO]: Saving worlds
[15:51:04] [Server thread/INFO]: Saving chunks for level 'ServerLevel[Fur Elise Beethoven]'/minecraft:overworld
[15:51:05] [Server thread/INFO]: Saving chunks for level 'ServerLevel[Fur Elise Beethoven]'/minecraft:the_end
[15:51:05] [Server thread/INFO]: Saving chunks for level 'ServerLevel[Fur Elise Beethoven]'/minecraft:the_nether
[15:51:07] [Server thread/INFO]: ThreadedAnvilChunkStorage (Fur Elise Beethoven (1)): All chunks are saved
[15:51:07] [Server thread/INFO]: ThreadedAnvilChunkStorage (DIM1): All chunks are saved
[15:51:07] [Server thread/INFO]: ThreadedAnvilChunkStorage (DIM-1): All chunks are saved
[15:51:07] [Server thread/INFO]: ThreadedAnvilChunkStorage: All dimensions are saved
[15:51:70] [Render thread/INFO]: Loaded 7 recipes
[15:51:75] [Render thread/INFO]: Loaded 1271 advancements
[15:51:15] [Render thread/INFO]: Stopping!
Here I am!
[VersionManager] Refreshing versions locally...
[VersionManager] Versions has been refreshed (64 ms)
[Launcher] Minecraft closed with exit code: 0
[Launcher] Launcher exited.
Good bye!
[Double running] clear time label
[TLauncherManager] before clearLibrary C:\Users\Vicky\AppData\Roaming\.minecraft\mods\(34) How To Install Minecraft Mods (2022) - YouTube.url C:\Users\Vicky\AppData\Roaming\.minecraft\mods\CProgram FilesJavajre1.8.0_351bin.png C:\Users\Vicky\AppData\Roaming\.minecraft\mods\forge-1.20.1-47.2.0-installer.jar
[TLauncherManager] written:  []
[TLauncherManager] after clearLibrary C:\Users\Vicky\AppData\Roaming\.minecraft\mods\(34) How To Install Minecraft Mods (2022) - YouTube.url C:\Users\Vicky\AppData\Roaming\.minecraft\mods\CProgram FilesJavajre1.8.0_351bin.png C:\Users\Vicky\AppData\Roaming\.minecraft\mods\forge-1.20.1-47.2.0-installer.jar
flush now
