[Loading] INITIALIZING
Starting TLauncher 2.89 RELEASE
For more information, visit https://tlauncher.org/
Startup time: 6 Sep, 2023 7:52:21 PM
Running folder C:\Users\Vicky\AppData\Roaming\.minecraft
---
[Loading] LOADING_CONFIGURATION
Machine info: -------------------------------------------------------
Windows 10 10.0, Java 1.8.0_281, jvm bit x64, 8001 MB RAM
java path=C:\Users\Vicky\AppData\Roaming\.tlauncher\jvms\jre1.8.0_281\bin\javaw.exe
AMD Ryzen 5 3550H with Radeon Vega Mobile Gfx
 AMD Radeon(TM) Vega 8 Graphics, AMD Radeon Graphics Processor (0x15D8), 4113 MB, NVIDIA GeForce GTX 1650, NVIDIA GeForce GTX 1650, 7949 MB
-------------------------------------------------------
Selected locale: en
[Loading] LOADING_CONSOLE
[Downloader2] Loaded configuration: good
[Updater] Requesting an update...
[Updater] Requesting from: https://repo.tlauncher.org/update/lch/release_update_2.3.json
[Updater] Making request: https://repo.tlauncher.org/update/lch/release_update_2.3.json?version=2.89&client=f2d004ad-49e4-438b-9a85-cae4170ae3d1
[Updater] Request time: 585 ms
[Updater] Successfully requested from: https://repo.tlauncher.org/update/lch/release_update_2.3.json
[Browser] Loading resources...
[Browser] Cleaning up after loading:
Starting garbage collector: 51 / 107 MB
Garbage collector completed: 21 / 156 MB
[Loading] LOADING_MANAGERS
[LocalVersionList] Base directory: C:\Users\Vicky\AppData\Roaming\.minecraft
[ProfileManager] Refreshing profiles from: C:\Users\Vicky\AppData\Roaming\.minecraft\TlauncherProfiles.json
[AdvertisingStatusObserver]  started to get ad information
[AdvertisingStatusObserver]  finished to get add information
save profiles
[Loading] LOADING_WINDOW
[GsonUtil]  request to https://repo.tlauncher.org/update/downloads/libraries/org/tlauncher/authlib/libraries-1.7.json
[REPO][SERVER_LIST_REPO] Success: Reached the repo in 245 ms.
[Swing] Favicons loaded: 256px, 128px, 96px, 64px, 48px, 32px, 24px, 16px
[Loading] PREPARING_MAINPANE
[JFXStartPageLoader]  start load page: https://page.tlauncher.org/update/downloads/configs/pages/index_en.html
[Browser] Running in JavaFX Thread
[Browser] Preparing JavaFX...
[Browser] Initializing...
[JFXStartPageLoader]  succeeded load page: https://page.tlauncher.org/update/downloads/configs/pages/index_en.html during 1
[Browser@35110117] Loaded successfully: "https://page.tlauncher.org/update/downloads/configs/pages/index_en.html"
[Browser] add listens into server_choose
[Browser] finished listens into server_choose
[Downloader2] Loaded configuration: good
[Loading] POSTINIT_GUI
[Frame] Packing main frame...
[Frame] Resizing main pane...
Updater is already closed. Showing up...
Visibility set.
[Loading] REFRESHING_INFO
[VersionManager] Refreshing versions remotely...
[REPO][EXTRA_VERSION_REPO] Attempt #1; timeout: 30000 ms; url: https://repo.tlauncher.org/update/downloads/versions/new5/
Started! (14164 ms.)
[Loading] SUCCESS
[REPO][EXTRA_VERSION_REPO] Success: Reached the repo in 230 ms.
[TLauncher] show tlauncher!!!
[REPO][OFFICIAL_VERSION_REPO] Attempt #1; timeout: 30000 ms; url: https://launchermeta.mojang.com/mc/game/
[REPO][EXTRA_VERSION_REPO] Attempt #1; timeout: 30000 ms; url: https://repo.tlauncher.org/update/downloads/versions/new5/
[REPO][SKIN_VERSION_REPO] Attempt #1; timeout: 30000 ms; url: https://repo.tlauncher.org/update/downloads/versions/new5/skin/versions/
[REPO][EXTRA_VERSION_REPO] Success: Reached the repo in 69 ms.
[REPO][SKIN_VERSION_REPO] Success: Reached the repo in 128 ms.
[SkinVersionList] Got in 156 ms
[ExtraVersionList] Got in 229 ms
[REPO][OFFICIAL_VERSION_REPO] Success: Reached the repo in 307 ms.
[OfficialVersionList] Got in 557 ms
[VersionManager] Versions has been refreshed (1053 ms)
[REPO][ADD_HOT_SERVERS_REPO] Attempt #1; timeout: 30000 ms; url: https://repo.tlauncher.org/update/lch/additional_hot_servers-1.0.json
[REPO][HOT_SERVERS_REPO] Attempt #1; timeout: 30000 ms; url: https://repo.tlauncher.org/update/lch/servers/hot_servers-1.0.json
[REPO][ADD_HOT_SERVERS_REPO] Success: Reached the repo in 62 ms.
[REPO][HOT_SERVERS_REPO] Success: Reached the repo in 131 ms.
run server on  37842
AccountComboBox.validte pre game launch username Account{skinType=TLAUNCHER, displayName=Vicky, userid=91d519811e5844279199ef1e67a09b70, uuid=91d519811e5844279199ef1e67a09b70, username=Vicky} FREE
onAuthPassed
saved account Account{skinType=TLAUNCHER, displayName=Vicky, userid=91d519811e5844279199ef1e67a09b70, uuid=91d519811e5844279199ef1e67a09b70, username=Vicky}
save profiles
[LoginForm] Login was OK. Trying to launch now.
[Launcher] Running under TLauncher 2.89
[Launcher] Collecting info...
[TLauncherManager] before clearLibrary 
[TLauncherManager] written:  []
[TLauncherManager] after clearLibrary 
[Launcher] Force update: false
[Launcher] Selected version: 1.20.1
[Launcher] Selected account: Account{skinType=TLAUNCHER, displayName=Vicky, userid=91d519811e5844279199ef1e67a09b70, uuid=91d519811e5844279199ef1e67a09b70, username=Vicky}
[Launcher] Version sync info: VersionSyncInfo{id='1.20.1',
local=CompleteVersion{id='1.20.1', time=Mon Jun 12 18:55:51 IST 2023, release=Mon Jun 12 18:55:51 IST 2023, type=release, class=net.minecraft.client.main.Main, minimumVersion=21, assets='5', source=LOCAL_VERSION_REPO, list=net.minecraft.launcher.updater.OfficialVersionList@4f438534, libraries=[Library{name='ca.weblite:java-objc-bridge:1.1', rules=[Rule{action=ALLOW, os=OSRestriction{name=OSX, version='null'}, features=null}], natives=null, extract=null, packed='null'}, Library{name='com.github.oshi:oshi-core:6.2.2', rules=null, natives=null, extract=null, packed='null'}, Library{name='com.google.code.gson:gson:2.10', rules=null, natives=null, extract=null, packed='null'}, Library{name='com.google.guava:failureaccess:1.0.1', rules=null, natives=null, extract=null, packed='null'}, Library{name='com.google.guava:guava:31.1-jre', rules=null, natives=null, extract=null, packed='null'}, Library{name='com.ibm.icu:icu4j:71.1', rules=null, natives=null, extract=null, packed='null'}, Library{name='com.mojang:authlib:4.0.43', rules=null, natives=null, extract=null, packed='null'}, Library{name='com.mojang:blocklist:1.0.10', rules=null, natives=null, extract=null, packed='null'}, Library{name='com.mojang:brigadier:1.1.8', rules=null, natives=null, extract=null, packed='null'}, Library{name='com.mojang:datafixerupper:6.0.8', rules=null, natives=null, extract=null, packed='null'}, Library{name='com.mojang:logging:1.1.1', rules=null, natives=null, extract=null, packed='null'}, Library{name='com.mojang:patchy:2.2.10', rules=null, natives=null, extract=null, packed='null'}, Library{name='com.mojang:text2speech:1.17.9', rules=null, natives=null, extract=null, packed='null'}, Library{name='commons-codec:commons-codec:1.15', rules=null, natives=null, extract=null, packed='null'}, Library{name='commons-io:commons-io:2.11.0', rules=null, natives=null, extract=null, packed='null'}, Library{name='commons-logging:commons-logging:1.2', rules=null, natives=null, extract=null, packed='null'}, Library{name='io.netty:netty-buffer:4.1.82.Final', rules=null, natives=null, extract=null, packed='null'}, Library{name='io.netty:netty-codec:4.1.82.Final', rules=null, natives=null, extract=null, packed='null'}, Library{name='io.netty:netty-common:4.1.82.Final', rules=null, natives=null, extract=null, packed='null'}, Library{name='io.netty:netty-handler:4.1.82.Final', rules=null, natives=null, extract=null, packed='null'}, Library{name='io.netty:netty-resolver:4.1.82.Final', rules=null, natives=null, extract=null, packed='null'}, Library{name='io.netty:netty-transport-classes-epoll:4.1.82.Final', rules=null, natives=null, extract=null, packed='null'}, Library{name='io.netty:netty-transport-native-epoll:4.1.82.Final:linux-aarch_64', rules=[Rule{action=ALLOW, os=OSRestriction{name=LINUX, version='null'}, features=null}], natives=null, extract=null, packed='null'}, Library{name='io.netty:netty-transport-native-epoll:4.1.82.Final:linux-x86_64', rules=[Rule{action=ALLOW, os=OSRestriction{name=LINUX, version='null'}, features=null}], natives=null, extract=null, packed='null'}, Library{name='io.netty:netty-transport-native-unix-common:4.1.82.Final', rules=null, natives=null, extract=null, packed='null'}, Library{name='io.netty:netty-transport:4.1.82.Final', rules=null, natives=null, extract=null, packed='null'}, Library{name='it.unimi.dsi:fastutil:8.5.9', rules=null, natives=null, extract=null, packed='null'}, Library{name='net.java.dev.jna:jna-platform:5.12.1', rules=null, natives=null, extract=null, packed='null'}, Library{name='net.java.dev.jna:jna:5.12.1', rules=null, natives=null, extract=null, packed='null'}, Library{name='net.sf.jopt-simple:jopt-simple:5.0.4', rules=null, natives=null, extract=null, packed='null'}, Library{name='org.apache.commons:commons-compress:1.21', rules=null, natives=null, extract=null, packed='null'}, Library{name='org.apache.commons:commons-lang3:3.12.0', rules=null, natives=null, extract=null, packed='null'}, Library{name='org.apache.httpcomponents:httpclient:4.5.13', rules=null, natives=null, extract=null, packed='null'}, Library{name='org.apache.httpcomponents:httpcore:4.4.15', rules=null, natives=null, extract=null, packed='null'}, Library{name='org.apache.logging.log4j:log4j-api:2.19.0', rules=null, natives=null, extract=null, packed='null'}, Library{name='org.apache.logging.log4j:log4j-core:2.19.0', rules=null, natives=null, extract=null, packed='null'}, Library{name='org.apache.logging.log4j:log4j-slf4j2-impl:2.19.0', rules=null, natives=null, extract=null, packed='null'}, Library{name='org.joml:joml:1.10.5', rules=null, natives=null, extract=null, packed='null'}, Library{name='org.lwjgl:lwjgl-glfw:3.3.1', rules=null, natives=null, extract=null, packed='null'}, Library{name='org.lwjgl:lwjgl-glfw:3.3.1:natives-linux', rules=[Rule{action=ALLOW, os=OSRestriction{name=LINUX, version='null'}, features=null}], natives=null, extract=null, packed='null'}, Library{name='org.lwjgl:lwjgl-glfw:3.3.1:natives-macos', rules=[Rule{action=ALLOW, os=OSRestriction{name=OSX, version='null'}, features=null}], natives=null, extract=null, packed='null'}, Library{name='org.lwjgl:lwjgl-glfw:3.3.1:natives-macos-arm64', rules=[Rule{action=ALLOW, os=OSRestriction{name=OSX, version='null'}, features=null}], natives=null, extract=null, packed='null'}, Library{name='org.lwjgl:lwjgl-glfw:3.3.1:natives-windows', rules=[Rule{action=ALLOW, os=OSRestriction{name=WINDOWS, version='null'}, features=null}], natives=null, extract=null, packed='null'}, Library{name='org.lwjgl:lwjgl-glfw:3.3.1:natives-windows-arm64', rules=[Rule{action=ALLOW, os=OSRestriction{name=WINDOWS, version='null'}, features=null}], natives=null, extract=null, packed='null'}, Library{name='org.lwjgl:lwjgl-glfw:3.3.1:natives-windows-x86', rules=[Rule{action=ALLOW, os=OSRestriction{name=WINDOWS, version='null'}, features=null}], natives=null, extract=null, packed='null'}, Library{name='org.lwjgl:lwjgl-jemalloc:3.3.1', rules=null, natives=null, extract=null, packed='null'}, Library{name='org.lwjgl:lwjgl-jemalloc:3.3.1:natives-linux', rules=[Rule{action=ALLOW, os=OSRestriction{name=LINUX, version='null'}, features=null}], natives=null, extract=null, packed='null'}, Library{name='org.lwjgl:lwjgl-jemalloc:3.3.1:natives-macos', rules=[Rule{action=ALLOW, os=OSRestriction{name=OSX, version='null'}, features=null}], natives=null, extract=null, packed='null'}, Library{name='org.lwjgl:lwjgl-jemalloc:3.3.1:natives-macos-arm64', rules=[Rule{action=ALLOW, os=OSRestriction{name=OSX, version='null'}, features=null}], natives=null, extract=null, packed='null'}, Library{name='org.lwjgl:lwjgl-jemalloc:3.3.1:natives-windows', rules=[Rule{action=ALLOW, os=OSRestriction{name=WINDOWS, version='null'}, features=null}], natives=null, extract=null, packed='null'}, Library{name='org.lwjgl:lwjgl-jemalloc:3.3.1:natives-windows-arm64', rules=[Rule{action=ALLOW, os=OSRestriction{name=WINDOWS, version='null'}, features=null}], natives=null, extract=null, packed='null'}, Library{name='org.lwjgl:lwjgl-jemalloc:3.3.1:natives-windows-x86', rules=[Rule{action=ALLOW, os=OSRestriction{name=WINDOWS, version='null'}, features=null}], natives=null, extract=null, packed='null'}, Library{name='org.lwjgl:lwjgl-openal:3.3.1', rules=null, natives=null, extract=null, packed='null'}, Library{name='org.lwjgl:lwjgl-openal:3.3.1:natives-linux', rules=[Rule{action=ALLOW, os=OSRestriction{name=LINUX, version='null'}, features=null}], natives=null, extract=null, packed='null'}, Library{name='org.lwjgl:lwjgl-openal:3.3.1:natives-macos', rules=[Rule{action=ALLOW, os=OSRestriction{name=OSX, version='null'}, features=null}], natives=null, extract=null, packed='null'}, Library{name='org.lwjgl:lwjgl-openal:3.3.1:natives-macos-arm64', rules=[Rule{action=ALLOW, os=OSRestriction{name=OSX, version='null'}, features=null}], natives=null, extract=null, packed='null'}, Library{name='org.lwjgl:lwjgl-openal:3.3.1:natives-windows', rules=[Rule{action=ALLOW, os=OSRestriction{name=WINDOWS, version='null'}, features=null}], natives=null, extract=null, packed='null'}, Library{name='org.lwjgl:lwjgl-openal:3.3.1:natives-windows-arm64', rules=[Rule{action=ALLOW, os=OSRestriction{name=WINDOWS, version='null'}, features=null}], natives=null, extract=null, packed='null'}, Library{name='org.lwjgl:lwjgl-openal:3.3.1:natives-windows-x86', rules=[Rule{action=ALLOW, os=OSRestriction{name=WINDOWS, version='null'}, features=null}], natives=null, extract=null, packed='null'}, Library{name='org.lwjgl:lwjgl-opengl:3.3.1', rules=null, natives=null, extract=null, packed='null'}, Library{name='org.lwjgl:lwjgl-opengl:3.3.1:natives-linux', rules=[Rule{action=ALLOW, os=OSRestriction{name=LINUX, version='null'}, features=null}], natives=null, extract=null, packed='null'}, Library{name='org.lwjgl:lwjgl-opengl:3.3.1:natives-macos', rules=[Rule{action=ALLOW, os=OSRestriction{name=OSX, version='null'}, features=null}], natives=null, extract=null, packed='null'}, Library{name='org.lwjgl:lwjgl-opengl:3.3.1:natives-macos-arm64', rules=[Rule{action=ALLOW, os=OSRestriction{name=OSX, version='null'}, features=null}], natives=null, extract=null, packed='null'}, Library{name='org.lwjgl:lwjgl-opengl:3.3.1:natives-windows', rules=[Rule{action=ALLOW, os=OSRestriction{name=WINDOWS, version='null'}, features=null}], natives=null, extract=null, packed='null'}, Library{name='org.lwjgl:lwjgl-opengl:3.3.1:natives-windows-arm64', rules=[Rule{action=ALLOW, os=OSRestriction{name=WINDOWS, version='null'}, features=null}], natives=null, extract=null, packed='null'}, Library{name='org.lwjgl:lwjgl-opengl:3.3.1:natives-windows-x86', rules=[Rule{action=ALLOW, os=OSRestriction{name=WINDOWS, version='null'}, features=null}], natives=null, extract=null, packed='null'}, Library{name='org.lwjgl:lwjgl-stb:3.3.1', rules=null, natives=null, extract=null, packed='null'}, Library{name='org.lwjgl:lwjgl-stb:3.3.1:natives-linux', rules=[Rule{action=ALLOW, os=OSRestriction{name=LINUX, version='null'}, features=null}], natives=null, extract=null, packed='null'}, Library{name='org.lwjgl:lwjgl-stb:3.3.1:natives-macos', rules=[Rule{action=ALLOW, os=OSRestriction{name=OSX, version='null'}, features=null}], natives=null, extract=null, packed='null'}, Library{name='org.lwjgl:lwjgl-stb:3.3.1:natives-macos-arm64', rules=[Rule{action=ALLOW, os=OSRestriction{name=OSX, version='null'}, features=null}], natives=null, extract=null, packed='null'}, Library{name='org.lwjgl:lwjgl-stb:3.3.1:natives-windows', rules=[Rule{action=ALLOW, os=OSRestriction{name=WINDOWS, version='null'}, features=null}], natives=null, extract=null, packed='null'}, Library{name='org.lwjgl:lwjgl-stb:3.3.1:natives-windows-arm64', rules=[Rule{action=ALLOW, os=OSRestriction{name=WINDOWS, version='null'}, features=null}], natives=null, extract=null, packed='null'}, Library{name='org.lwjgl:lwjgl-stb:3.3.1:natives-windows-x86', rules=[Rule{action=ALLOW, os=OSRestriction{name=WINDOWS, version='null'}, features=null}], natives=null, extract=null, packed='null'}, Library{name='org.lwjgl:lwjgl-tinyfd:3.3.1', rules=null, natives=null, extract=null, packed='null'}, Library{name='org.lwjgl:lwjgl-tinyfd:3.3.1:natives-linux', rules=[Rule{action=ALLOW, os=OSRestriction{name=LINUX, version='null'}, features=null}], natives=null, extract=null, packed='null'}, Library{name='org.lwjgl:lwjgl-tinyfd:3.3.1:natives-macos', rules=[Rule{action=ALLOW, os=OSRestriction{name=OSX, version='null'}, features=null}], natives=null, extract=null, packed='null'}, Library{name='org.lwjgl:lwjgl-tinyfd:3.3.1:natives-macos-arm64', rules=[Rule{action=ALLOW, os=OSRestriction{name=OSX, version='null'}, features=null}], natives=null, extract=null, packed='null'}, Library{name='org.lwjgl:lwjgl-tinyfd:3.3.1:natives-windows', rules=[Rule{action=ALLOW, os=OSRestriction{name=WINDOWS, version='null'}, features=null}], natives=null, extract=null, packed='null'}, Library{name='org.lwjgl:lwjgl-tinyfd:3.3.1:natives-windows-arm64', rules=[Rule{action=ALLOW, os=OSRestriction{name=WINDOWS, version='null'}, features=null}], natives=null, extract=null, packed='null'}, Library{name='org.lwjgl:lwjgl-tinyfd:3.3.1:natives-windows-x86', rules=[Rule{action=ALLOW, os=OSRestriction{name=WINDOWS, version='null'}, features=null}], natives=null, extract=null, packed='null'}, Library{name='org.lwjgl:lwjgl:3.3.1', rules=null, natives=null, extract=null, packed='null'}, Library{name='org.lwjgl:lwjgl:3.3.1:natives-linux', rules=[Rule{action=ALLOW, os=OSRestriction{name=LINUX, version='null'}, features=null}], natives=null, extract=null, packed='null'}, Library{name='org.lwjgl:lwjgl:3.3.1:natives-macos', rules=[Rule{action=ALLOW, os=OSRestriction{name=OSX, version='null'}, features=null}], natives=null, extract=null, packed='null'}, Library{name='org.lwjgl:lwjgl:3.3.1:natives-macos-arm64', rules=[Rule{action=ALLOW, os=OSRestriction{name=OSX, version='null'}, features=null}], natives=null, extract=null, packed='null'}, Library{name='org.lwjgl:lwjgl:3.3.1:natives-windows', rules=[Rule{action=ALLOW, os=OSRestriction{name=WINDOWS, version='null'}, features=null}], natives=null, extract=null, packed='null'}, Library{name='org.lwjgl:lwjgl:3.3.1:natives-windows-arm64', rules=[Rule{action=ALLOW, os=OSRestriction{name=WINDOWS, version='null'}, features=null}], natives=null, extract=null, packed='null'}, Library{name='org.lwjgl:lwjgl:3.3.1:natives-windows-x86', rules=[Rule{action=ALLOW, os=OSRestriction{name=WINDOWS, version='null'}, features=null}], natives=null, extract=null, packed='null'}, Library{name='org.slf4j:slf4j-api:2.0.1', rules=null, natives=null, extract=null, packed='null'}]},
remote=PartialVersion{id='1.20.1', time=Mon Sep 04 16:41:05 IST 2023, release=Mon Jun 12 18:55:51 IST 2023, type=release, source=OFFICIAL_VERSION_REPO, list=net.minecraft.launcher.updater.OfficialVersionList@4f438534}, isInstalled=true, hasRemote=true, isUpToDate=true}
[GsonUtil]  request to https://res.tlauncher.org/b/jvm/java_configuration.json
[Double running] clear time label
[Launcher] Checking conditions...
[Launcher] resourcepacks:Greenfield.Pack.1.20.zip,Halloween-V1.17.zip,redstone.zip,titanic.zip,Water Reflection.zip
[Launcher] Comparing assets...
[AssetsManager] Checking resources...
[AssetsManager] Reading indexes from file C:\Users\Vicky\AppData\Roaming\.minecraft\assets\indexes\5.json
[AssetsManager] Fast comparing: true
[Launcher] finished comparing assets: 1362 ms.
[TLauncherManager] add required libraries: 1.20.1
[VersionManager] Required for version 1.20.1: []
[TLauncherManager] add required libraries: 1.20.1
used default java runtime
Minecraft requires java version: 17, java path: C:\Users\Vicky\AppData\Roaming\.minecraft\runtime\java-runtime-gamma\windows\java-runtime-gamma\bin\javaw.exe
library will be replaced: com.mojang:authlib:4.0.43 -> org.tlauncher:authlib:4.0.43.1
library will be replaced: com.mojang:patchy:2.2.10 -> org.tlauncher:patchy:2.2.10
[TLauncherManager] library will be added as required: io.github.classgraph:classgraph:4.8.110
[TLauncherManager] library will be added as required: org.ow2.asm:asm:9.1
[TLauncherManager] library will be added as required: org.ow2.asm:asm-commons:9.1
[TLauncherManager] library will be added as required: org.ow2.asm:asm-tree:9.1
[TLauncherManager] library will be added: org.tlauncher:tl_skin_cape_1.20_1.20.1:1.32
[Launcher] Unpacking natives...
[Launcher] Constructing process...
[Launcher] Constructing classpath...
backup world is active: true
[Launcher] Getting Minecraft arguments...
[Launcher] Full command: C:\Users\Vicky\AppData\Roaming\.minecraft\runtime\java-runtime-gamma\windows\java-runtime-gamma\bin\javaw.exe -Dos.name=Windows 10 -Dos.version=10.0 -XX:HeapDumpPath=MojangTricksIntelDriversForPerformance_javaw.exe_minecraft.exe.heapdump -Xss1M -Djava.library.path=C:\Users\Vicky\AppData\Roaming\.minecraft\versions\1.20.1\natives -Djna.tmpdir=C:\Users\Vicky\AppData\Roaming\.minecraft\versions\1.20.1\natives -Dorg.lwjgl.system.SharedLibraryExtractPath=C:\Users\Vicky\AppData\Roaming\.minecraft\versions\1.20.1\natives -Dio.netty.native.workdir=C:\Users\Vicky\AppData\Roaming\.minecraft\versions\1.20.1\natives -Dminecraft.launcher.brand=minecraft-launcher -Dminecraft.launcher.version=2.3.173 -cp C:\Users\Vicky\AppData\Roaming\.minecraft\libraries\org\tlauncher\tl_skin_cape_1.20_1.20.1\1.32\tl_skin_cape_1.20_1.20.1-1.32.jar;C:\Users\Vicky\AppData\Roaming\.minecraft\libraries\org\ow2\asm\asm-tree\9.1\asm-tree-9.1.jar;C:\Users\Vicky\AppData\Roaming\.minecraft\libraries\org\ow2\asm\asm-commons\9.1\asm-commons-9.1.jar;C:\Users\Vicky\AppData\Roaming\.minecraft\libraries\org\ow2\asm\asm\9.1\asm-9.1.jar;C:\Users\Vicky\AppData\Roaming\.minecraft\libraries\io\github\classgraph\classgraph\4.8.110\classgraph-4.8.110.jar;C:\Users\Vicky\AppData\Roaming\.minecraft\libraries\com\github\oshi\oshi-core\6.2.2\oshi-core-6.2.2.jar;C:\Users\Vicky\AppData\Roaming\.minecraft\libraries\com\google\code\gson\gson\2.10\gson-2.10.jar;C:\Users\Vicky\AppData\Roaming\.minecraft\libraries\com\google\guava\failureaccess\1.0.1\failureaccess-1.0.1.jar;C:\Users\Vicky\AppData\Roaming\.minecraft\libraries\com\google\guava\guava\31.1-jre\guava-31.1-jre.jar;C:\Users\Vicky\AppData\Roaming\.minecraft\libraries\com\ibm\icu\icu4j\71.1\icu4j-71.1.jar;C:\Users\Vicky\AppData\Roaming\.minecraft\libraries\org\tlauncher\authlib\4.0.43.1\authlib-4.0.43.1.jar;C:\Users\Vicky\AppData\Roaming\.minecraft\libraries\com\mojang\blocklist\1.0.10\blocklist-1.0.10.jar;C:\Users\Vicky\AppData\Roaming\.minecraft\libraries\com\mojang\brigadier\1.1.8\brigadier-1.1.8.jar;C:\Users\Vicky\AppData\Roaming\.minecraft\libraries\com\mojang\datafixerupper\6.0.8\datafixerupper-6.0.8.jar;C:\Users\Vicky\AppData\Roaming\.minecraft\libraries\com\mojang\logging\1.1.1\logging-1.1.1.jar;C:\Users\Vicky\AppData\Roaming\.minecraft\libraries\org\tlauncher\patchy\2.2.10\patchy-2.2.10.jar;C:\Users\Vicky\AppData\Roaming\.minecraft\libraries\com\mojang\text2speech\1.17.9\text2speech-1.17.9.jar;C:\Users\Vicky\AppData\Roaming\.minecraft\libraries\commons-codec\commons-codec\1.15\commons-codec-1.15.jar;C:\Users\Vicky\AppData\Roaming\.minecraft\libraries\commons-io\commons-io\2.11.0\commons-io-2.11.0.jar;C:\Users\Vicky\AppData\Roaming\.minecraft\libraries\commons-logging\commons-logging\1.2\commons-logging-1.2.jar;C:\Users\Vicky\AppData\Roaming\.minecraft\libraries\io\netty\netty-buffer\4.1.82.Final\netty-buffer-4.1.82.Final.jar;C:\Users\Vicky\AppData\Roaming\.minecraft\libraries\io\netty\netty-codec\4.1.82.Final\netty-codec-4.1.82.Final.jar;C:\Users\Vicky\AppData\Roaming\.minecraft\libraries\io\netty\netty-common\4.1.82.Final\netty-common-4.1.82.Final.jar;C:\Users\Vicky\AppData\Roaming\.minecraft\libraries\io\netty\netty-handler\4.1.82.Final\netty-handler-4.1.82.Final.jar;C:\Users\Vicky\AppData\Roaming\.minecraft\libraries\io\netty\netty-resolver\4.1.82.Final\netty-resolver-4.1.82.Final.jar;C:\Users\Vicky\AppData\Roaming\.minecraft\libraries\io\netty\netty-transport-classes-epoll\4.1.82.Final\netty-transport-classes-epoll-4.1.82.Final.jar;C:\Users\Vicky\AppData\Roaming\.minecraft\libraries\io\netty\netty-transport-native-unix-common\4.1.82.Final\netty-transport-native-unix-common-4.1.82.Final.jar;C:\Users\Vicky\AppData\Roaming\.minecraft\libraries\io\netty\netty-transport\4.1.82.Final\netty-transport-4.1.82.Final.jar;C:\Users\Vicky\AppData\Roaming\.minecraft\libraries\it\unimi\dsi\fastutil\8.5.9\fastutil-8.5.9.jar;C:\Users\Vicky\AppData\Roaming\.minecraft\libraries\net\java\dev\jna\jna-platform\5.12.1\jna-platform-5.12.1.jar;C:\Users\Vicky\AppData\Roaming\.minecraft\libraries\net\java\dev\jna\jna\5.12.1\jna-5.12.1.jar;C:\Users\Vicky\AppData\Roaming\.minecraft\libraries\net\sf\jopt-simple\jopt-simple\5.0.4\jopt-simple-5.0.4.jar;C:\Users\Vicky\AppData\Roaming\.minecraft\libraries\org\apache\commons\commons-compress\1.21\commons-compress-1.21.jar;C:\Users\Vicky\AppData\Roaming\.minecraft\libraries\org\apache\commons\commons-lang3\3.12.0\commons-lang3-3.12.0.jar;C:\Users\Vicky\AppData\Roaming\.minecraft\libraries\org\apache\httpcomponents\httpclient\4.5.13\httpclient-4.5.13.jar;C:\Users\Vicky\AppData\Roaming\.minecraft\libraries\org\apache\httpcomponents\httpcore\4.4.15\httpcore-4.4.15.jar;C:\Users\Vicky\AppData\Roaming\.minecraft\libraries\org\apache\logging\log4j\log4j-api\2.19.0\log4j-api-2.19.0.jar;C:\Users\Vicky\AppData\Roaming\.minecraft\libraries\org\apache\logging\log4j\log4j-core\2.19.0\log4j-core-2.19.0.jar;C:\Users\Vicky\AppData\Roaming\.minecraft\libraries\org\apache\logging\log4j\log4j-slf4j2-impl\2.19.0\log4j-slf4j2-impl-2.19.0.jar;C:\Users\Vicky\AppData\Roaming\.minecraft\libraries\org\joml\joml\1.10.5\joml-1.10.5.jar;C:\Users\Vicky\AppData\Roaming\.minecraft\libraries\org\lwjgl\lwjgl-glfw\3.3.1\lwjgl-glfw-3.3.1.jar;C:\Users\Vicky\AppData\Roaming\.minecraft\libraries\org\lwjgl\lwjgl-glfw\3.3.1\lwjgl-glfw-3.3.1-natives-windows.jar;C:\Users\Vicky\AppData\Roaming\.minecraft\libraries\org\lwjgl\lwjgl-glfw\3.3.1\lwjgl-glfw-3.3.1-natives-windows-arm64.jar;C:\Users\Vicky\AppData\Roaming\.minecraft\libraries\org\lwjgl\lwjgl-glfw\3.3.1\lwjgl-glfw-3.3.1-natives-windows-x86.jar;C:\Users\Vicky\AppData\Roaming\.minecraft\libraries\org\lwjgl\lwjgl-jemalloc\3.3.1\lwjgl-jemalloc-3.3.1.jar;C:\Users\Vicky\AppData\Roaming\.minecraft\libraries\org\lwjgl\lwjgl-jemalloc\3.3.1\lwjgl-jemalloc-3.3.1-natives-windows.jar;C:\Users\Vicky\AppData\Roaming\.minecraft\libraries\org\lwjgl\lwjgl-jemalloc\3.3.1\lwjgl-jemalloc-3.3.1-natives-windows-arm64.jar;C:\Users\Vicky\AppData\Roaming\.minecraft\libraries\org\lwjgl\lwjgl-jemalloc\3.3.1\lwjgl-jemalloc-3.3.1-natives-windows-x86.jar;C:\Users\Vicky\AppData\Roaming\.minecraft\libraries\org\lwjgl\lwjgl-openal\3.3.1\lwjgl-openal-3.3.1.jar;C:\Users\Vicky\AppData\Roaming\.minecraft\libraries\org\lwjgl\lwjgl-openal\3.3.1\lwjgl-openal-3.3.1-natives-windows.jar;C:\Users\Vicky\AppData\Roaming\.minecraft\libraries\org\lwjgl\lwjgl-openal\3.3.1\lwjgl-openal-3.3.1-natives-windows-arm64.jar;C:\Users\Vicky\AppData\Roaming\.minecraft\libraries\org\lwjgl\lwjgl-openal\3.3.1\lwjgl-openal-3.3.1-natives-windows-x86.jar;C:\Users\Vicky\AppData\Roaming\.minecraft\libraries\org\lwjgl\lwjgl-opengl\3.3.1\lwjgl-opengl-3.3.1.jar;C:\Users\Vicky\AppData\Roaming\.minecraft\libraries\org\lwjgl\lwjgl-opengl\3.3.1\lwjgl-opengl-3.3.1-natives-windows.jar;C:\Users\Vicky\AppData\Roaming\.minecraft\libraries\org\lwjgl\lwjgl-opengl\3.3.1\lwjgl-opengl-3.3.1-natives-windows-arm64.jar;C:\Users\Vicky\AppData\Roaming\.minecraft\libraries\org\lwjgl\lwjgl-opengl\3.3.1\lwjgl-opengl-3.3.1-natives-windows-x86.jar;C:\Users\Vicky\AppData\Roaming\.minecraft\libraries\org\lwjgl\lwjgl-stb\3.3.1\lwjgl-stb-3.3.1.jar;C:\Users\Vicky\AppData\Roaming\.minecraft\libraries\org\lwjgl\lwjgl-stb\3.3.1\lwjgl-stb-3.3.1-natives-windows.jar;C:\Users\Vicky\AppData\Roaming\.minecraft\libraries\org\lwjgl\lwjgl-stb\3.3.1\lwjgl-stb-3.3.1-natives-windows-arm64.jar;C:\Users\Vicky\AppData\Roaming\.minecraft\libraries\org\lwjgl\lwjgl-stb\3.3.1\lwjgl-stb-3.3.1-natives-windows-x86.jar;C:\Users\Vicky\AppData\Roaming\.minecraft\libraries\org\lwjgl\lwjgl-tinyfd\3.3.1\lwjgl-tinyfd-3.3.1.jar;C:\Users\Vicky\AppData\Roaming\.minecraft\libraries\org\lwjgl\lwjgl-tinyfd\3.3.1\lwjgl-tinyfd-3.3.1-natives-windows.jar;C:\Users\Vicky\AppData\Roaming\.minecraft\libraries\org\lwjgl\lwjgl-tinyfd\3.3.1\lwjgl-tinyfd-3.3.1-natives-windows-arm64.jar;C:\Users\Vicky\AppData\Roaming\.minecraft\libraries\org\lwjgl\lwjgl-tinyfd\3.3.1\lwjgl-tinyfd-3.3.1-natives-windows-x86.jar;C:\Users\Vicky\AppData\Roaming\.minecraft\libraries\org\lwjgl\lwjgl\3.3.1\lwjgl-3.3.1.jar;C:\Users\Vicky\AppData\Roaming\.minecraft\libraries\org\lwjgl\lwjgl\3.3.1\lwjgl-3.3.1-natives-windows.jar;C:\Users\Vicky\AppData\Roaming\.minecraft\libraries\org\lwjgl\lwjgl\3.3.1\lwjgl-3.3.1-natives-windows-arm64.jar;C:\Users\Vicky\AppData\Roaming\.minecraft\libraries\org\lwjgl\lwjgl\3.3.1\lwjgl-3.3.1-natives-windows-x86.jar;C:\Users\Vicky\AppData\Roaming\.minecraft\libraries\org\slf4j\slf4j-api\2.0.1\slf4j-api-2.0.1.jar;C:\Users\Vicky\AppData\Roaming\.minecraft\versions\1.20.1\1.20.1.jar --add-exports jdk.naming.dns/com.sun.jndi.dns=java.naming -Xmx3000M -XX:+UnlockExperimentalVMOptions -XX:+UseG1GC -XX:G1NewSizePercent=20 -XX:G1ReservePercent=20 -XX:MaxGCPauseMillis=50 -XX:G1HeapRegionSize=32M -Dfml.ignoreInvalidMinecraftCertificates=true -Dfml.ignorePatchDiscrepancies=true -Djava.net.preferIPv4Stack=true -Dminecraft.applet.TargetDirectory=C:\Users\Vicky\AppData\Roaming\.minecraft -Dlog4j.configurationFile=C:\Users\Vicky\AppData\Roaming\.minecraft\assets\log_configs\client-1.12.xml net.minecraft.launchwrapper.Launch --username Vicky --version 1.20.1 --gameDir C:\Users\Vicky\AppData\Roaming\.minecraft --assetsDir C:\Users\Vicky\AppData\Roaming\.minecraft\assets --assetIndex 5 --uuid 91d519811e5844279199ef1e67a09b70 --accessToken null --clientId null --xuid null --userType mojang --versionType release --width 925 --height 530 --tweakClass org.tlauncher.tweaker.Tweaker
[Launcher] Launching Minecraft...
I'm hiding!
[TLauncherManager] mods after 
[InnerMinecraftServersImpl]  search changers of the servers
read servers from servers.dat [Server(name=Minecraft Server, address=top.twerion.net, ip=top.twerion.net, port=null, hideAddress=false, acceptTextures=0), Server(name=Minecraft Server, address=play.ragnarockmc.in, ip=play.ragnarockmc.in, port=null, hideAddress=false, acceptTextures=0), Server(name=Minecraft Server, address=bwhub.net, ip=bwhub.net, port=null, hideAddress=false, acceptTextures=0), Server(name=Minecraft Server, address=as.azerithmc.com, ip=as.azerithmc.com, port=null, hideAddress=false, acceptTextures=0), Server(name=Minecraft Server, address=play.endermc.fun, ip=play.endermc.fun, port=null, hideAddress=false, acceptTextures=0), Server(name=Minecraft Server, address=jenominers.de, ip=jenominers.de, port=null, hideAddress=false, acceptTextures=0), Server(name=Minecraft Server, address=play.fourleafsea.xyz, ip=play.fourleafsea.xyz, port=null, hideAddress=false, acceptTextures=0), Server(name=Minecraft Server, address=play.wondercraft.fun, ip=play.wondercraft.fun, port=null, hideAddress=false, acceptTextures=0), Server(name=Minecraft Server, address=play.exoticnetwork.in, ip=play.exoticnetwork.in, port=null, hideAddress=false, acceptTextures=0), Server(name=Minecraft Server, address=play.minetop.fun, ip=play.minetop.fun, port=null, hideAddress=false, acceptTextures=0), Server(name=Minecraft Server, address=tms.chickencraft.nl, ip=tms.chickencraft.nl, port=null, hideAddress=false, acceptTextures=0), Server(name=Minecraft Server, address=nationsglory.com, ip=nationsglory.com, port=null, hideAddress=false, acceptTextures=0), Server(name=Minecraft Server, address=top.ultimis.net, ip=top.ultimis.net, port=null, hideAddress=false, acceptTextures=0), Server(name=Minecraft Server, address=herobrine.org, ip=herobrine.org, port=null, hideAddress=false, acceptTextures=0), Server(name=Minecraft Server, address=armamc.com, ip=armamc.com, port=null, hideAddress=false, acceptTextures=0)]
[InnerMinecraftServersImpl]  prepare inner servers
save servers to servers.dat
[Launcher] Game skin type: TLAUNCHER
[Launcher] Starting Minecraft 1.20.1...
[Launcher] Launching in: C:\Users\Vicky\AppData\Roaming\.minecraft
Starting garbage collector: 180 / 323 MB
Garbage collector completed: 45 / 313 MB
[Launcher] Processing post-launch actions. Assist launch: true
===============================================================================================
[19:53:40] [main/INFO]: Loading tweak class name org.tlauncher.tweaker.Tweaker
[19:53:43] [main/INFO]: Using primary tweak class name org.tlauncher.tweaker.Tweaker
[19:53:43] [main/INFO]: Calling tweak class org.tlauncher.tweaker.Tweaker
Log Path: C:\Users\Vicky\AppData\Roaming\.minecraft\.\tlLoader\Tweaker.log
[main INFO] Using Tweaker
[main INFO] Tweaker: acceptOptions
[main INFO] Tweaker: injectIntoClassLoader
[Injection] Injection Class Transformer started
[TLSkinCape] Current TLSkinCape version is 1.32
[TLSkinCape] Current Minecraft version is 1.20.
[main INFO] Loaded as a library.
[Injection] Injection into euw ended successfully with 1 injections.
[Injection] Injection into fiv ended successfully with 1 injections.
2023-09-06 19:53:02,138 main WARN Error parsing URI C:\Users\Vicky\AppData\Roaming\.minecraft\assets\log_configs\client-1.12.xml
[main INFO] Tweaker: getLaunchArguments
[main INFO] Tweaker: getLaunchTarget
[Injection] Injection into net.minecraft.client.main.Main ended successfully with 1 injections.
[19:53:75] [main/INFO]: Launching wrapped minecraft [net.minecraft.client.main.Main]
[Injection] Injection into enn ended successfully with 1 injections.
[19:53:07] [Datafixer Bootstrap/INFO]: 188 Datafixer optimizations took 2374 milliseconds
[19:53:22] [Render thread/INFO]: Environment: authHost='https://authserver.mojang.com', accountsHost='https://api.mojang.com', sessionHost='https://sessionserver.mojang.com', servicesHost='https://api.minecraftservices.com', name='PROD'
[19:53:61] [Render thread/ERROR]: Failed to verify authentication
com.mojang.authlib.exceptions.InvalidCredentialsException: Status: 401
	at com.mojang.authlib.exceptions.MinecraftClientHttpException.toAuthenticationException(MinecraftClientHttpException.java:56)
	at com.mojang.authlib.yggdrasil.YggdrasilUserApiService.fetchProperties(YggdrasilUserApiService.java:147)
	at com.mojang.authlib.yggdrasil.YggdrasilUserApiService.<init>(YggdrasilUserApiService.java:63)
	at com.mojang.authlib.yggdrasil.YggdrasilAuthenticationService.createUserApiService(YggdrasilAuthenticationService.java:124)
	at enn.a(SourceFile:733)
	at enn.<init>(SourceFile:442)
	at net.minecraft.client.main.Main.main(SourceFile:211)
	at java.base/jdk.internal.reflect.NativeMethodAccessorImpl.invoke0(Native Method)
	at java.base/jdk.internal.reflect.NativeMethodAccessorImpl.invoke(NativeMethodAccessorImpl.java:77)
	at java.base/jdk.internal.reflect.DelegatingMethodAccessorImpl.invoke(DelegatingMethodAccessorImpl.java:43)
	at java.base/java.lang.reflect.Method.invoke(Method.java:568)
	at net.minecraft.launchwrapper.Launch.launch(Launch.java:136)
	at net.minecraft.launchwrapper.Launch.main(Launch.java:31)
Caused by: MinecraftClientHttpException[type=HTTP_ERROR, status=401, response=ErrorResponse[path='/player/attributes', error='null', details=null, errorMessage='null']]
	at com.mojang.authlib.minecraft.client.MinecraftClient.readInputStream(MinecraftClient.java:85)
	at com.mojang.authlib.minecraft.client.MinecraftClient.get(MinecraftClient.java:48)
	at com.mojang.authlib.yggdrasil.YggdrasilUserApiService.fetchProperties(YggdrasilUserApiService.java:122)
	... 11 more

[19:53:66] [Render thread/INFO]: Setting user: Vicky
[19:53:21] [Render thread/INFO]: Backend library: LWJGL version 3.3.1 build 7
[19:53:99] [Render thread/WARN]: Missing metadata in pack file/Halloween-V1.17.zip
[19:53:40] [Render thread/INFO]: Reloading ResourceManager: vanilla, file/redstone.zip
[19:53:00] [Realms Notification Availability checker #1/INFO]: Could not authorize you against Realms server: Invalid session id
[19:53:25] [Worker-Main-1/INFO]: Found unifont_all_no_pua-15.0.06.hex, loading
[19:53:53] [Worker-Main-7/WARN]: Missing textures in model minecraft:hopper#enabled=false,facing=east:
    minecraft:textures/atlas/blocks.png:minecraft:break/hopper
[19:53:53] [Worker-Main-7/WARN]: Missing textures in model minecraft:hopper#enabled=false,facing=north:
    minecraft:textures/atlas/blocks.png:minecraft:break/hopper
[19:53:53] [Worker-Main-7/WARN]: Missing textures in model minecraft:hopper#enabled=true,facing=south:
    minecraft:textures/atlas/blocks.png:minecraft:break/hopper
[19:53:53] [Worker-Main-7/WARN]: Missing textures in model minecraft:hopper#enabled=true,facing=down:
    minecraft:textures/atlas/blocks.png:minecraft:break/hopper
[19:53:53] [Worker-Main-7/WARN]: Missing textures in model minecraft:hopper#enabled=true,facing=west:
    minecraft:textures/atlas/blocks.png:minecraft:break/hopper
[19:53:79] [Render thread/WARN]: Missing sound for event: minecraft:item.goat_horn.play
[19:53:79] [Render thread/WARN]: Missing sound for event: minecraft:entity.goat.screaming.horn_break
[19:53:10] [Render thread/INFO]: OpenAL initialized on device OpenAL Soft on Headphones (Airdopes 141)
[19:53:11] [Render thread/INFO]: Sound engine started
[19:53:56] [Render thread/INFO]: Created: 1024x512x4 minecraft:textures/atlas/blocks.png-atlas
[19:53:61] [Render thread/INFO]: Created: 256x256x4 minecraft:textures/atlas/signs.png-atlas
[19:53:61] [Render thread/INFO]: Created: 512x512x4 minecraft:textures/atlas/shield_patterns.png-atlas
[19:53:62] [Render thread/INFO]: Created: 512x512x4 minecraft:textures/atlas/banner_patterns.png-atlas
[19:53:62] [Render thread/INFO]: Created: 1024x1024x4 minecraft:textures/atlas/armor_trims.png-atlas
[19:53:65] [Render thread/INFO]: Created: 128x64x4 minecraft:textures/atlas/decorated_pot.png-atlas
[19:53:65] [Render thread/INFO]: Created: 256x256x4 minecraft:textures/atlas/chest.png-atlas
[19:53:66] [Render thread/INFO]: Created: 512x256x4 minecraft:textures/atlas/shulker_boxes.png-atlas
[19:53:66] [Render thread/INFO]: Created: 512x256x4 minecraft:textures/atlas/beds.png-atlas
[Injection] Injection into fck ended successfully with 1 injections.
[19:53:74] [Render thread/WARN]: Shader rendertype_entity_translucent_emissive could not find sampler named Sampler2 in the specified shader program.
[19:53:92] [Render thread/INFO]: Created: 256x256x0 minecraft:textures/atlas/particles.png-atlas
[19:53:93] [Render thread/INFO]: Created: 256x256x0 minecraft:textures/atlas/paintings.png-atlas
[19:53:93] [Render thread/INFO]: Created: 128x128x0 minecraft:textures/atlas/mob_effects.png-atlas
[19:54:20] [Worker-Main-5/ERROR]: Exception reading C:\Users\Vicky\AppData\Roaming\.minecraft\saves\Android World\level.dat
java.util.zip.ZipException: Not in GZIP format
	at java.base/java.util.zip.GZIPInputStream.readHeader(GZIPInputStream.java:165)
	at java.base/java.util.zip.GZIPInputStream.<init>(GZIPInputStream.java:79)
	at java.base/java.util.zip.GZIPInputStream.<init>(GZIPInputStream.java:91)
	at rb.b(SourceFile:31)
	at rb.a(SourceFile:47)
	at rb.a(SourceFile:42)
	at dyy.c(SourceFile:340)
	at dyy.a(SourceFile:297)
	at dyy.a(SourceFile:234)
	at dyy.a(SourceFile:195)
	at java.base/java.util.concurrent.CompletableFuture$AsyncSupply.run(CompletableFuture.java:1768)
	at java.base/java.util.concurrent.CompletableFuture$AsyncSupply.exec(CompletableFuture.java:1760)
	at java.base/java.util.concurrent.ForkJoinTask.doExec(ForkJoinTask.java:373)
	at java.base/java.util.concurrent.ForkJoinPool$WorkQueue.topLevelExec(ForkJoinPool.java:1182)
	at java.base/java.util.concurrent.ForkJoinPool.scan(ForkJoinPool.java:1655)
	at java.base/java.util.concurrent.ForkJoinPool.runWorker(ForkJoinPool.java:1622)
	at java.base/java.util.concurrent.ForkJoinWorkerThread.run(ForkJoinWorkerThread.java:165)

[19:54:26] [Worker-Main-5/ERROR]: Exception reading C:\Users\Vicky\AppData\Roaming\.minecraft\saves\Android World\level.dat_old
java.util.zip.ZipException: Not in GZIP format
	at java.base/java.util.zip.GZIPInputStream.readHeader(GZIPInputStream.java:165)
	at java.base/java.util.zip.GZIPInputStream.<init>(GZIPInputStream.java:79)
	at java.base/java.util.zip.GZIPInputStream.<init>(GZIPInputStream.java:91)
	at rb.b(SourceFile:31)
	at rb.a(SourceFile:47)
	at rb.a(SourceFile:42)
	at dyy.c(SourceFile:340)
	at dyy.a(SourceFile:297)
	at dyy.a(SourceFile:242)
	at dyy.a(SourceFile:195)
	at java.base/java.util.concurrent.CompletableFuture$AsyncSupply.run(CompletableFuture.java:1768)
	at java.base/java.util.concurrent.CompletableFuture$AsyncSupply.exec(CompletableFuture.java:1760)
	at java.base/java.util.concurrent.ForkJoinTask.doExec(ForkJoinTask.java:373)
	at java.base/java.util.concurrent.ForkJoinPool$WorkQueue.topLevelExec(ForkJoinPool.java:1182)
	at java.base/java.util.concurrent.ForkJoinPool.scan(ForkJoinPool.java:1655)
	at java.base/java.util.concurrent.ForkJoinPool.runWorker(ForkJoinPool.java:1622)
	at java.base/java.util.concurrent.ForkJoinWorkerThread.run(ForkJoinWorkerThread.java:165)

[19:54:31] [Render thread/INFO]: Loaded 7 recipes
[19:54:62] [Render thread/INFO]: Loaded 1271 advancements
[19:54:00] [Server thread/INFO]: Starting integrated minecraft server version 1.20.1
[19:54:00] [Server thread/INFO]: Generating keypair
[19:54:26] [Server thread/INFO]: Preparing start region for dimension minecraft:overworld
[19:54:30] [Render thread/INFO]: Preparing spawn area: 0%
[19:54:73] [Render thread/INFO]: Preparing spawn area: 0%
[19:54:75] [Render thread/INFO]: Preparing spawn area: 0%
[19:54:75] [Render thread/INFO]: Preparing spawn area: 0%
[19:54:75] [Render thread/INFO]: Preparing spawn area: 0%
[19:54:75] [Render thread/INFO]: Preparing spawn area: 0%
[19:54:75] [Render thread/INFO]: Preparing spawn area: 0%
[19:54:75] [Render thread/INFO]: Preparing spawn area: 0%
[19:54:75] [Render thread/INFO]: Preparing spawn area: 0%
[19:54:78] [Render thread/INFO]: Preparing spawn area: 0%
[19:54:78] [Render thread/INFO]: Preparing spawn area: 0%
[19:54:78] [Render thread/INFO]: Preparing spawn area: 0%
[19:54:78] [Render thread/INFO]: Preparing spawn area: 0%
[19:54:78] [Render thread/INFO]: Preparing spawn area: 0%
[19:54:78] [Render thread/INFO]: Preparing spawn area: 0%
[19:54:78] [Render thread/INFO]: Preparing spawn area: 0%
[19:54:78] [Render thread/INFO]: Preparing spawn area: 0%
[19:54:78] [Render thread/INFO]: Preparing spawn area: 0%
[19:54:78] [Render thread/INFO]: Preparing spawn area: 0%
[19:54:78] [Render thread/INFO]: Preparing spawn area: 0%
[19:54:78] [Render thread/INFO]: Preparing spawn area: 0%
[19:54:78] [Render thread/INFO]: Preparing spawn area: 0%
[19:54:78] [Render thread/INFO]: Preparing spawn area: 0%
[19:54:78] [Render thread/INFO]: Preparing spawn area: 0%
[19:54:78] [Render thread/INFO]: Preparing spawn area: 0%
[19:54:78] [Render thread/INFO]: Preparing spawn area: 0%
[19:54:78] [Render thread/INFO]: Preparing spawn area: 0%
[19:54:81] [Render thread/INFO]: Preparing spawn area: 0%
[19:54:81] [Render thread/INFO]: Preparing spawn area: 0%
[19:54:81] [Render thread/INFO]: Preparing spawn area: 0%
[19:54:81] [Render thread/INFO]: Preparing spawn area: 0%
[19:54:81] [Render thread/INFO]: Preparing spawn area: 0%
[19:54:28] [Render thread/INFO]: Preparing spawn area: 0%
[19:54:78] [Render thread/INFO]: Preparing spawn area: 0%
[19:54:34] [Render thread/INFO]: Preparing spawn area: 0%
[19:54:80] [Render thread/INFO]: Preparing spawn area: 10%
[19:54:28] [Render thread/INFO]: Preparing spawn area: 20%
[19:54:80] [Render thread/INFO]: Preparing spawn area: 33%
[19:54:29] [Render thread/INFO]: Preparing spawn area: 47%
[19:54:78] [Render thread/INFO]: Preparing spawn area: 60%
[19:54:31] [Render thread/INFO]: Preparing spawn area: 74%
[19:54:80] [Render thread/INFO]: Preparing spawn area: 88%
[19:54:38] [Render thread/INFO]: Time elapsed: 21099 ms
[19:54:08] [Server thread/INFO]: Changing view distance to 12, from 10
[19:54:09] [Server thread/INFO]: Changing simulation distance to 12, from 0
[19:54:11] [Server thread/INFO]: Vicky[local:E:59353695] logged in with entity id 414 at (26.593460552871246, -52.0, 15.759778413407584)
[19:54:39] [Server thread/INFO]: Vicky joined the game
[19:54:86] [Server thread/INFO]: Vicky has made the advancement [Acquire Hardware]
[19:54:93] [Server thread/WARN]: Can't keep up! Is the server overloaded? Running 3453ms or 69 ticks behind
[19:54:32] [Render thread/INFO]: [System] [CHAT] Vicky has made the advancement [Acquire Hardware]
[19:54:30] [Render thread/INFO]: Loaded 44 advancements
[19:55:29] [Render thread/INFO]: Loaded 53 advancements
[19:55:10] [Server thread/WARN]: Can't keep up! Is the server overloaded? Running 17170ms or 343 ticks behind
[19:55:83] [Server thread/WARN]: Can't keep up! Is the server overloaded? Running 3754ms or 75 ticks behind
[19:56:28] [Render thread/WARN]: Unable to play empty soundEvent: minecraft:entity.cod.ambient
[19:56:53] [Server thread/INFO]: Saving and pausing game...
[19:56:61] [Server thread/INFO]: Saving chunks for level 'ServerLevel[Cherry Grove seed]'/minecraft:overworld
[19:56:67] [Server thread/INFO]: Saving chunks for level 'ServerLevel[Cherry Grove seed]'/minecraft:the_end
[19:56:67] [Server thread/INFO]: Saving chunks for level 'ServerLevel[Cherry Grove seed]'/minecraft:the_nether
[19:57:73] [Server thread/INFO]: Saving and pausing game...
[19:57:79] [Server thread/INFO]: Saving chunks for level 'ServerLevel[Cherry Grove seed]'/minecraft:overworld
[19:57:82] [Server thread/INFO]: Saving chunks for level 'ServerLevel[Cherry Grove seed]'/minecraft:the_end
[19:57:83] [Server thread/INFO]: Saving chunks for level 'ServerLevel[Cherry Grove seed]'/minecraft:the_nether
[19:57:57] [Render thread/INFO]: Using default channel type
[19:57:62] [Render thread/INFO]: Started serving on 55321
[19:57:69] [Render thread/INFO]: [System] [CHAT] Local game hosted on port [55321]
[19:57:44] [Server thread/INFO]: [Vicky: Set own game mode to Spectator Mode]
[19:57:47] [Render thread/INFO]: [System] [CHAT] Set own game mode to Spectator Mode
[19:57:10] [Render thread/WARN]: Shader spider could not find uniform named InSize in the specified shader program.
[19:57:10] [Render thread/WARN]: Shader spider could not find uniform named Time in the specified shader program.
[19:57:11] [Render thread/WARN]: Shader spider could not find uniform named InSize in the specified shader program.
[19:57:11] [Render thread/WARN]: Shader spider could not find uniform named Time in the specified shader program.
[19:57:11] [Render thread/WARN]: Shader spider could not find uniform named InSize in the specified shader program.
[19:57:11] [Render thread/WARN]: Shader spider could not find uniform named Time in the specified shader program.
[19:57:11] [Render thread/WARN]: Shader spider could not find uniform named InSize in the specified shader program.
[19:57:12] [Render thread/WARN]: Shader spider could not find uniform named Time in the specified shader program.
[19:57:12] [Render thread/WARN]: Shader spider could not find uniform named InSize in the specified shader program.
[19:57:12] [Render thread/WARN]: Shader spider could not find uniform named Time in the specified shader program.
[19:58:88] [Render thread/WARN]: Shader spider could not find uniform named InSize in the specified shader program.
[19:58:88] [Render thread/WARN]: Shader spider could not find uniform named Time in the specified shader program.
[19:58:88] [Render thread/WARN]: Shader spider could not find uniform named InSize in the specified shader program.
[19:58:88] [Render thread/WARN]: Shader spider could not find uniform named Time in the specified shader program.
[19:58:88] [Render thread/WARN]: Shader spider could not find uniform named InSize in the specified shader program.
[19:58:88] [Render thread/WARN]: Shader spider could not find uniform named Time in the specified shader program.
[19:58:88] [Render thread/WARN]: Shader spider could not find uniform named InSize in the specified shader program.
[19:58:89] [Render thread/WARN]: Shader spider could not find uniform named Time in the specified shader program.
[19:58:89] [Render thread/WARN]: Shader spider could not find uniform named InSize in the specified shader program.
[19:58:89] [Render thread/WARN]: Shader spider could not find uniform named Time in the specified shader program.
[20:00:90] [Server thread/INFO]: Vicky lost connection: Disconnected
[20:00:90] [Server thread/INFO]: Vicky left the game
[20:00:95] [Server thread/INFO]: Stopping singleplayer server as player logged out
[20:00:97] [Server thread/INFO]: Stopping server
[20:00:99] [Server thread/INFO]: Saving players
[20:00:99] [Server thread/INFO]: Saving worlds
[20:00:18] [Server thread/INFO]: Saving chunks for level 'ServerLevel[Cherry Grove seed]'/minecraft:overworld
[20:00:81] [Server thread/INFO]: Saving chunks for level 'ServerLevel[Cherry Grove seed]'/minecraft:the_end
[20:00:82] [Server thread/INFO]: Saving chunks for level 'ServerLevel[Cherry Grove seed]'/minecraft:the_nether
[20:00:86] [Server thread/INFO]: ThreadedAnvilChunkStorage (Cherry Grove seed): All chunks are saved
[20:00:86] [Server thread/INFO]: ThreadedAnvilChunkStorage (DIM1): All chunks are saved
[20:00:86] [Server thread/INFO]: ThreadedAnvilChunkStorage (DIM-1): All chunks are saved
[20:00:86] [Server thread/INFO]: ThreadedAnvilChunkStorage: All dimensions are saved
[20:01:65] [Worker-Main-7/ERROR]: Exception reading C:\Users\Vicky\AppData\Roaming\.minecraft\saves\Android World\level.dat
java.util.zip.ZipException: Not in GZIP format
	at java.base/java.util.zip.GZIPInputStream.readHeader(GZIPInputStream.java:165)
	at java.base/java.util.zip.GZIPInputStream.<init>(GZIPInputStream.java:79)
	at java.base/java.util.zip.GZIPInputStream.<init>(GZIPInputStream.java:91)
	at rb.b(SourceFile:31)
	at rb.a(SourceFile:47)
	at rb.a(SourceFile:42)
	at dyy.c(SourceFile:340)
	at dyy.a(SourceFile:297)
	at dyy.a(SourceFile:234)
	at dyy.a(SourceFile:195)
	at java.base/java.util.concurrent.CompletableFuture$AsyncSupply.run(CompletableFuture.java:1768)
	at java.base/java.util.concurrent.CompletableFuture$AsyncSupply.exec(CompletableFuture.java:1760)
	at java.base/java.util.concurrent.ForkJoinTask.doExec(ForkJoinTask.java:373)
	at java.base/java.util.concurrent.ForkJoinPool$WorkQueue.topLevelExec(ForkJoinPool.java:1182)
	at java.base/java.util.concurrent.ForkJoinPool.scan(ForkJoinPool.java:1655)
	at java.base/java.util.concurrent.ForkJoinPool.runWorker(ForkJoinPool.java:1622)
	at java.base/java.util.concurrent.ForkJoinWorkerThread.run(ForkJoinWorkerThread.java:165)

[20:01:71] [Worker-Main-7/ERROR]: Exception reading C:\Users\Vicky\AppData\Roaming\.minecraft\saves\Android World\level.dat_old
java.util.zip.ZipException: Not in GZIP format
	at java.base/java.util.zip.GZIPInputStream.readHeader(GZIPInputStream.java:165)
	at java.base/java.util.zip.GZIPInputStream.<init>(GZIPInputStream.java:79)
	at java.base/java.util.zip.GZIPInputStream.<init>(GZIPInputStream.java:91)
	at rb.b(SourceFile:31)
	at rb.a(SourceFile:47)
	at rb.a(SourceFile:42)
	at dyy.c(SourceFile:340)
	at dyy.a(SourceFile:297)
	at dyy.a(SourceFile:242)
	at dyy.a(SourceFile:195)
	at java.base/java.util.concurrent.CompletableFuture$AsyncSupply.run(CompletableFuture.java:1768)
	at java.base/java.util.concurrent.CompletableFuture$AsyncSupply.exec(CompletableFuture.java:1760)
	at java.base/java.util.concurrent.ForkJoinTask.doExec(ForkJoinTask.java:373)
	at java.base/java.util.concurrent.ForkJoinPool$WorkQueue.topLevelExec(ForkJoinPool.java:1182)
	at java.base/java.util.concurrent.ForkJoinPool.scan(ForkJoinPool.java:1655)
	at java.base/java.util.concurrent.ForkJoinPool.runWorker(ForkJoinPool.java:1622)
	at java.base/java.util.concurrent.ForkJoinWorkerThread.run(ForkJoinWorkerThread.java:165)

[20:01:98] [Render thread/INFO]: Loaded 7 recipes
[20:01:12] [Render thread/INFO]: Loaded 1271 advancements
[20:02:42] [Server thread/INFO]: Starting integrated minecraft server version 1.20.1
[20:02:42] [Server thread/INFO]: Generating keypair
[20:02:59] [Server thread/INFO]: Preparing start region for dimension minecraft:overworld
[20:02:57] [Render thread/INFO]: Preparing spawn area: 0%
[20:02:57] [Render thread/INFO]: Preparing spawn area: 0%
[20:02:61] [Render thread/INFO]: Preparing spawn area: 0%
[20:02:57] [Render thread/INFO]: Preparing spawn area: 0%
[20:02:57] [Render thread/INFO]: Preparing spawn area: 0%
[20:02:67] [Render thread/INFO]: Preparing spawn area: 0%
[20:02:69] [Render thread/INFO]: Preparing spawn area: 0%
[20:02:71] [Render thread/INFO]: Preparing spawn area: 0%
[20:02:71] [Render thread/INFO]: Preparing spawn area: 0%
[20:02:71] [Render thread/INFO]: Preparing spawn area: 0%
[20:02:71] [Render thread/INFO]: Preparing spawn area: 0%
[20:02:79] [Render thread/INFO]: Preparing spawn area: 0%
[20:02:79] [Render thread/INFO]: Preparing spawn area: 0%
[20:03:24] [Render thread/INFO]: Preparing spawn area: 0%
[20:03:64] [Render thread/INFO]: Preparing spawn area: 0%
[20:03:41] [Render thread/INFO]: Preparing spawn area: 0%
[20:03:66] [Render thread/INFO]: Preparing spawn area: 0%
[20:03:20] [Render thread/INFO]: Preparing spawn area: 0%
[20:03:93] [Render thread/INFO]: Preparing spawn area: 0%
[20:03:84] [Render thread/INFO]: Preparing spawn area: 0%
[20:03:84] [Render thread/INFO]: Preparing spawn area: 0%
[20:03:36] [Render thread/INFO]: Preparing spawn area: 0%
[20:03:00] [Render thread/INFO]: Preparing spawn area: 0%
[20:03:13] [Render thread/INFO]: Preparing spawn area: 0%
[20:03:61] [Render thread/INFO]: Preparing spawn area: 0%
[20:03:51] [Render thread/INFO]: Preparing spawn area: 0%
[20:03:65] [Render thread/INFO]: Preparing spawn area: 0%
[20:03:65] [Render thread/INFO]: Preparing spawn area: 0%
[20:03:65] [Render thread/INFO]: Preparing spawn area: 0%
[20:03:28] [Render thread/INFO]: Preparing spawn area: 1%
[20:03:66] [Render thread/INFO]: Preparing spawn area: 1%
[20:03:70] [Render thread/INFO]: Preparing spawn area: 1%
[20:03:70] [Render thread/INFO]: Preparing spawn area: 1%
[20:03:20] [Render thread/INFO]: Preparing spawn area: 2%
[20:03:73] [Render thread/INFO]: Preparing spawn area: 2%
[20:03:18] [Render thread/INFO]: Preparing spawn area: 2%
[20:03:65] [Render thread/INFO]: Preparing spawn area: 3%
[20:03:13] [Render thread/INFO]: Preparing spawn area: 3%
[20:03:98] [Render thread/INFO]: Preparing spawn area: 3%
[20:03:47] [Render thread/INFO]: Preparing spawn area: 4%
[20:03:47] [Render thread/INFO]: Preparing spawn area: 4%
[20:03:47] [Render thread/INFO]: Preparing spawn area: 4%
[20:03:47] [Render thread/INFO]: Preparing spawn area: 4%
[20:03:47] [Render thread/INFO]: Preparing spawn area: 4%
[20:03:67] [Render thread/INFO]: Preparing spawn area: 4%
[20:03:13] [Render thread/INFO]: Preparing spawn area: 4%
[20:03:61] [Render thread/INFO]: Preparing spawn area: 5%
[20:03:11] [Render thread/INFO]: Preparing spawn area: 5%
[20:03:67] [Render thread/INFO]: Preparing spawn area: 6%
[20:03:16] [Render thread/INFO]: Preparing spawn area: 6%
[20:03:94] [Render thread/INFO]: Preparing spawn area: 6%
[20:03:13] [Render thread/INFO]: Preparing spawn area: 6%
[20:03:63] [Render thread/INFO]: Preparing spawn area: 6%
[20:03:24] [Render thread/INFO]: Preparing spawn area: 7%
[20:03:68] [Render thread/INFO]: Preparing spawn area: 7%
[20:03:24] [Render thread/INFO]: Preparing spawn area: 7%
[20:03:61] [Render thread/INFO]: Preparing spawn area: 8%
[20:03:39] [Render thread/INFO]: Preparing spawn area: 8%
[20:03:61] [Render thread/INFO]: Preparing spawn area: 8%
[20:03:38] [Render thread/INFO]: Preparing spawn area: 9%
[20:03:61] [Render thread/INFO]: Preparing spawn area: 9%
[20:03:24] [Render thread/INFO]: Preparing spawn area: 9%
[20:03:63] [Render thread/INFO]: Preparing spawn area: 9%
[20:03:19] [Render thread/INFO]: Preparing spawn area: 10%
[20:03:61] [Render thread/INFO]: Preparing spawn area: 11%
[20:03:15] [Render thread/INFO]: Preparing spawn area: 12%
[20:03:67] [Render thread/INFO]: Preparing spawn area: 12%
[20:03:45] [Render thread/INFO]: Preparing spawn area: 13%
[20:03:64] [Render thread/INFO]: Preparing spawn area: 13%
[20:03:11] [Render thread/INFO]: Preparing spawn area: 14%
[20:03:65] [Render thread/INFO]: Preparing spawn area: 15%
[20:03:12] [Render thread/INFO]: Preparing spawn area: 16%
[20:03:67] [Render thread/INFO]: Preparing spawn area: 16%
[20:03:13] [Render thread/INFO]: Preparing spawn area: 16%
[20:03:63] [Render thread/INFO]: Preparing spawn area: 17%
[20:03:11] [Render thread/INFO]: Preparing spawn area: 17%
[20:03:61] [Render thread/INFO]: Preparing spawn area: 18%
[20:03:19] [Render thread/INFO]: Preparing spawn area: 19%
[20:03:61] [Render thread/INFO]: Preparing spawn area: 20%
[20:03:12] [Render thread/INFO]: Preparing spawn area: 22%
[20:03:61] [Render thread/INFO]: Preparing spawn area: 22%
[20:03:12] [Render thread/INFO]: Preparing spawn area: 23%
[20:03:62] [Render thread/INFO]: Preparing spawn area: 23%
[20:03:13] [Render thread/INFO]: Preparing spawn area: 24%
[20:03:62] [Render thread/INFO]: Preparing spawn area: 25%
[20:03:12] [Render thread/INFO]: Preparing spawn area: 26%
[20:03:69] [Render thread/INFO]: Preparing spawn area: 28%
[20:03:17] [Render thread/INFO]: Preparing spawn area: 29%
[20:03:64] [Render thread/INFO]: Preparing spawn area: 31%
[20:03:11] [Render thread/INFO]: Preparing spawn area: 31%
[20:03:64] [Render thread/INFO]: Preparing spawn area: 31%
[20:03:16] [Render thread/INFO]: Preparing spawn area: 32%
[20:03:65] [Render thread/INFO]: Preparing spawn area: 32%
[20:03:16] [Render thread/INFO]: Preparing spawn area: 33%
[20:03:62] [Render thread/INFO]: Preparing spawn area: 34%
[20:03:11] [Render thread/INFO]: Preparing spawn area: 34%
[20:03:61] [Render thread/INFO]: Preparing spawn area: 35%
[20:03:11] [Render thread/INFO]: Preparing spawn area: 37%
[20:03:62] [Render thread/INFO]: Preparing spawn area: 39%
[20:03:13] [Render thread/INFO]: Preparing spawn area: 40%
[20:03:61] [Render thread/INFO]: Preparing spawn area: 41%
[20:03:11] [Render thread/INFO]: Preparing spawn area: 42%
[20:03:62] [Render thread/INFO]: Preparing spawn area: 43%
[20:03:12] [Render thread/INFO]: Preparing spawn area: 43%
[20:03:62] [Render thread/INFO]: Preparing spawn area: 44%
[20:03:12] [Render thread/INFO]: Preparing spawn area: 45%
[20:03:64] [Render thread/INFO]: Preparing spawn area: 46%
[20:03:11] [Render thread/INFO]: Preparing spawn area: 47%
[20:03:61] [Render thread/INFO]: Preparing spawn area: 49%
[20:03:21] [Render thread/INFO]: Preparing spawn area: 50%
[20:03:64] [Render thread/INFO]: Preparing spawn area: 51%
[20:03:11] [Render thread/INFO]: Preparing spawn area: 52%
[20:03:65] [Render thread/INFO]: Preparing spawn area: 54%
[20:03:25] [Render thread/INFO]: Preparing spawn area: 54%
[20:03:69] [Render thread/INFO]: Preparing spawn area: 55%
[20:03:15] [Render thread/INFO]: Preparing spawn area: 55%
[20:03:62] [Render thread/INFO]: Preparing spawn area: 56%
[20:03:11] [Render thread/INFO]: Preparing spawn area: 57%
[20:03:61] [Render thread/INFO]: Preparing spawn area: 57%
[20:03:18] [Render thread/INFO]: Preparing spawn area: 59%
[20:03:61] [Render thread/INFO]: Preparing spawn area: 59%
[20:03:15] [Render thread/INFO]: Preparing spawn area: 60%
[20:03:62] [Render thread/INFO]: Preparing spawn area: 61%
[20:03:12] [Render thread/INFO]: Preparing spawn area: 62%
[20:03:61] [Render thread/INFO]: Preparing spawn area: 64%
[20:03:11] [Render thread/INFO]: Preparing spawn area: 64%
[20:03:27] [Render thread/INFO]: Preparing spawn area: 64%
[20:03:27] [Render thread/INFO]: Preparing spawn area: 64%
[20:03:75] [Render thread/INFO]: Preparing spawn area: 65%
[20:03:13] [Render thread/INFO]: Preparing spawn area: 65%
[20:03:66] [Render thread/INFO]: Preparing spawn area: 65%
[20:03:48] [Render thread/INFO]: Preparing spawn area: 65%
[20:03:67] [Render thread/INFO]: Preparing spawn area: 65%
[20:04:16] [Render thread/INFO]: Preparing spawn area: 65%
[20:04:62] [Render thread/INFO]: Preparing spawn area: 66%
[20:04:46] [Render thread/INFO]: Preparing spawn area: 67%
[20:04:67] [Render thread/INFO]: Preparing spawn area: 67%
[20:04:57] [Render thread/INFO]: Preparing spawn area: 67%
[20:04:27] [Render thread/INFO]: Preparing spawn area: 67%
[20:04:37] [Render thread/INFO]: Preparing spawn area: 67%
[20:04:94] [Render thread/INFO]: Preparing spawn area: 68%
[20:04:95] [Render thread/INFO]: Preparing spawn area: 68%
[20:04:95] [Render thread/INFO]: Preparing spawn area: 68%
[20:04:27] [Render thread/INFO]: Preparing spawn area: 68%
[20:04:27] [Render thread/INFO]: Preparing spawn area: 68%
[20:04:37] [Render thread/INFO]: Preparing spawn area: 68%
[20:04:43] [Render thread/INFO]: Preparing spawn area: 68%
[20:04:46] [Render thread/INFO]: Preparing spawn area: 68%
[20:04:64] [Render thread/INFO]: Preparing spawn area: 68%
[20:04:20] [Render thread/INFO]: Preparing spawn area: 68%
[20:04:62] [Render thread/INFO]: Preparing spawn area: 68%
[20:04:16] [Render thread/INFO]: Preparing spawn area: 68%
[20:04:88] [Render thread/INFO]: Preparing spawn area: 68%
[20:04:12] [Render thread/INFO]: Preparing spawn area: 68%
[20:04:61] [Render thread/INFO]: Preparing spawn area: 69%
[20:04:12] [Render thread/INFO]: Preparing spawn area: 69%
[20:04:65] [Render thread/INFO]: Preparing spawn area: 70%
[20:04:13] [Render thread/INFO]: Preparing spawn area: 71%
[20:04:61] [Render thread/INFO]: Preparing spawn area: 72%
[20:04:22] [Render thread/INFO]: Preparing spawn area: 73%
[20:04:68] [Render thread/INFO]: Preparing spawn area: 75%
[20:04:18] [Render thread/INFO]: Preparing spawn area: 75%
[20:04:66] [Render thread/INFO]: Preparing spawn area: 76%
[20:04:34] [Render thread/INFO]: Preparing spawn area: 77%
[20:04:47] [Render thread/INFO]: Preparing spawn area: 77%
[20:04:49] [Render thread/INFO]: Preparing spawn area: 77%
[20:04:49] [Render thread/INFO]: Preparing spawn area: 77%
[20:04:49] [Render thread/INFO]: Preparing spawn area: 77%
[20:04:63] [Render thread/INFO]: Preparing spawn area: 78%
[20:04:11] [Render thread/INFO]: Preparing spawn area: 78%
[20:04:65] [Render thread/INFO]: Preparing spawn area: 79%
[20:04:11] [Render thread/INFO]: Preparing spawn area: 81%
[20:04:63] [Render thread/INFO]: Preparing spawn area: 82%
[20:04:11] [Render thread/INFO]: Preparing spawn area: 83%
[20:04:71] [Render thread/INFO]: Preparing spawn area: 84%
[20:04:11] [Render thread/INFO]: Preparing spawn area: 84%
[20:04:61] [Render thread/INFO]: Preparing spawn area: 84%
[20:04:11] [Render thread/INFO]: Preparing spawn area: 85%
[20:04:68] [Render thread/INFO]: Preparing spawn area: 85%
[20:04:17] [Render thread/INFO]: Preparing spawn area: 86%
[20:04:62] [Render thread/INFO]: Preparing spawn area: 87%
[20:04:11] [Render thread/INFO]: Preparing spawn area: 88%
[20:04:62] [Render thread/INFO]: Preparing spawn area: 90%
[20:04:11] [Render thread/INFO]: Preparing spawn area: 91%
[20:04:70] [Render thread/INFO]: Preparing spawn area: 92%
[20:04:22] [Render thread/INFO]: Preparing spawn area: 93%
[20:04:78] [Render thread/INFO]: Preparing spawn area: 93%
[20:04:16] [Render thread/INFO]: Preparing spawn area: 93%
[20:04:65] [Render thread/INFO]: Preparing spawn area: 93%
[20:04:15] [Render thread/INFO]: Preparing spawn area: 94%
[20:04:12] [Render thread/INFO]: Preparing spawn area: 95%
[20:04:14] [Render thread/INFO]: Preparing spawn area: 95%
[20:04:63] [Render thread/INFO]: Preparing spawn area: 95%
[20:04:11] [Render thread/INFO]: Preparing spawn area: 96%
[20:04:61] [Render thread/INFO]: Preparing spawn area: 97%
[20:04:12] [Render thread/INFO]: Preparing spawn area: 99%
[20:04:46] [Render thread/INFO]: Time elapsed: 97858 ms
[20:04:59] [Server thread/INFO]: Changing view distance to 12, from 10
[20:04:60] [Server thread/INFO]: Changing simulation distance to 12, from 0
[20:04:02] [Server thread/INFO]: Vicky[local:E:c64010d2] logged in with entity id 3536 at (-35.5, 152.0, -61.5)
[20:04:42] [Server thread/INFO]: Vicky joined the game
[20:04:01] [Render thread/INFO]: Loaded 2 advancements
[20:04:38] [Server thread/INFO]: Saving and pausing game...
[20:04:39] [Render thread/INFO]: textures 'cape_test_272' was added, skin: false,cape: true, max waiting: 22 ,during : 690486 
[20:04:40] [Render thread/INFO]: calculated cape performance:TEXTURE_272, middle time: 9.0
[20:04:42] [Server thread/INFO]: Saving chunks for level 'ServerLevel[Cool Village]'/minecraft:overworld
[20:04:19] [Render thread/INFO]: can use texture size:TEXTURE_272, middle time: 9.3
[20:04:86] [Server thread/INFO]: Saving chunks for level 'ServerLevel[Cool Village]'/minecraft:the_end
[20:04:87] [Server thread/INFO]: Saving chunks for level 'ServerLevel[Cool Village]'/minecraft:the_nether
[20:04:21] [Server thread/WARN]: Can't keep up! Is the server overloaded? Running 4158ms or 83 ticks behind
[20:05:03] [Server thread/WARN]: Can't keep up! Is the server overloaded? Running 6935ms or 138 ticks behind
[20:07:25] [Render thread/WARN]: Unable to play empty soundEvent: minecraft:entity.tropical_fish.ambient
[20:08:26] [Render thread/INFO]: Loaded 11 advancements
[20:09:30] [Server thread/INFO]: Saving and pausing game...
[20:09:44] [Server thread/INFO]: Saving chunks for level 'ServerLevel[Cool Village]'/minecraft:overworld
[20:09:53] [Server thread/INFO]: Saving chunks for level 'ServerLevel[Cool Village]'/minecraft:the_end
[20:09:54] [Server thread/INFO]: Saving chunks for level 'ServerLevel[Cool Village]'/minecraft:the_nether
[20:09:34] [Render thread/INFO]: Using default channel type
[20:09:36] [Render thread/INFO]: Started serving on 55773
[20:09:41] [Render thread/INFO]: [System] [CHAT] Local game hosted on port [55773]
[20:09:10] [Server thread/INFO]: [Vicky: Teleported Vicky to 0.500000, 0.000000, 0.500000]
[20:09:14] [Render thread/INFO]: [System] [CHAT] Teleported Vicky to 0.500000, 0.000000, 0.500000
[20:09:74] [Server thread/INFO]: [Vicky: Set own game mode to Spectator Mode]
[20:09:74] [Render thread/INFO]: [System] [CHAT] Set own game mode to Spectator Mode
[20:10:52] [Server thread/INFO]: Vicky lost connection: Disconnected
[20:10:53] [Server thread/INFO]: Vicky left the game
[20:10:60] [Server thread/INFO]: Stopping singleplayer server as player logged out
[20:10:62] [Server thread/INFO]: Stopping server
[20:10:62] [Server thread/INFO]: Saving players
[20:10:62] [Server thread/INFO]: Saving worlds
[20:10:16] [Server thread/INFO]: Saving chunks for level 'ServerLevel[Cool Village]'/minecraft:overworld
[20:10:99] [Server thread/INFO]: Saving chunks for level 'ServerLevel[Cool Village]'/minecraft:the_end
[20:10:99] [Server thread/INFO]: Saving chunks for level 'ServerLevel[Cool Village]'/minecraft:the_nether
[20:10:05] [Server thread/INFO]: ThreadedAnvilChunkStorage (Cool Village): All chunks are saved
[20:10:05] [Server thread/INFO]: ThreadedAnvilChunkStorage (DIM1): All chunks are saved
[20:10:05] [Server thread/INFO]: ThreadedAnvilChunkStorage (DIM-1): All chunks are saved
[20:10:05] [Server thread/INFO]: ThreadedAnvilChunkStorage: All dimensions are saved
[20:11:30] [Worker-Main-1/ERROR]: Exception reading C:\Users\Vicky\AppData\Roaming\.minecraft\saves\Android World\level.dat
java.util.zip.ZipException: Not in GZIP format
	at java.base/java.util.zip.GZIPInputStream.readHeader(GZIPInputStream.java:165)
	at java.base/java.util.zip.GZIPInputStream.<init>(GZIPInputStream.java:79)
	at java.base/java.util.zip.GZIPInputStream.<init>(GZIPInputStream.java:91)
	at rb.b(SourceFile:31)
	at rb.a(SourceFile:47)
	at rb.a(SourceFile:42)
	at dyy.c(SourceFile:340)
	at dyy.a(SourceFile:297)
	at dyy.a(SourceFile:234)
	at dyy.a(SourceFile:195)
	at java.base/java.util.concurrent.CompletableFuture$AsyncSupply.run(CompletableFuture.java:1768)
	at java.base/java.util.concurrent.CompletableFuture$AsyncSupply.exec(CompletableFuture.java:1760)
	at java.base/java.util.concurrent.ForkJoinTask.doExec(ForkJoinTask.java:373)
	at java.base/java.util.concurrent.ForkJoinPool$WorkQueue.topLevelExec(ForkJoinPool.java:1182)
	at java.base/java.util.concurrent.ForkJoinPool.scan(ForkJoinPool.java:1655)
	at java.base/java.util.concurrent.ForkJoinPool.runWorker(ForkJoinPool.java:1622)
	at java.base/java.util.concurrent.ForkJoinWorkerThread.run(ForkJoinWorkerThread.java:165)

[20:11:34] [Worker-Main-1/ERROR]: Exception reading C:\Users\Vicky\AppData\Roaming\.minecraft\saves\Android World\level.dat_old
java.util.zip.ZipException: Not in GZIP format
	at java.base/java.util.zip.GZIPInputStream.readHeader(GZIPInputStream.java:165)
	at java.base/java.util.zip.GZIPInputStream.<init>(GZIPInputStream.java:79)
	at java.base/java.util.zip.GZIPInputStream.<init>(GZIPInputStream.java:91)
	at rb.b(SourceFile:31)
	at rb.a(SourceFile:47)
	at rb.a(SourceFile:42)
	at dyy.c(SourceFile:340)
	at dyy.a(SourceFile:297)
	at dyy.a(SourceFile:242)
	at dyy.a(SourceFile:195)
	at java.base/java.util.concurrent.CompletableFuture$AsyncSupply.run(CompletableFuture.java:1768)
	at java.base/java.util.concurrent.CompletableFuture$AsyncSupply.exec(CompletableFuture.java:1760)
	at java.base/java.util.concurrent.ForkJoinTask.doExec(ForkJoinTask.java:373)
	at java.base/java.util.concurrent.ForkJoinPool$WorkQueue.topLevelExec(ForkJoinPool.java:1182)
	at java.base/java.util.concurrent.ForkJoinPool.scan(ForkJoinPool.java:1655)
	at java.base/java.util.concurrent.ForkJoinPool.runWorker(ForkJoinPool.java:1622)
	at java.base/java.util.concurrent.ForkJoinWorkerThread.run(ForkJoinWorkerThread.java:165)

[20:11:79] [Render thread/INFO]: Loaded 7 recipes
[20:11:88] [Render thread/INFO]: Loaded 1271 advancements
[20:11:87] [Server thread/INFO]: Starting integrated minecraft server version 1.20.1
[20:11:87] [Server thread/INFO]: Generating keypair
[20:11:16] [Server thread/INFO]: Preparing start region for dimension minecraft:overworld
[20:11:50] [Render thread/INFO]: Preparing spawn area: 0%
[20:11:50] [Render thread/INFO]: Preparing spawn area: 0%
[20:11:50] [Render thread/INFO]: Preparing spawn area: 0%
[20:11:50] [Render thread/INFO]: Preparing spawn area: 0%
[20:11:50] [Render thread/INFO]: Preparing spawn area: 0%
[20:11:50] [Render thread/INFO]: Preparing spawn area: 0%
[20:11:50] [Render thread/INFO]: Preparing spawn area: 0%
[20:11:50] [Render thread/INFO]: Preparing spawn area: 0%
[20:11:50] [Render thread/INFO]: Preparing spawn area: 0%
[20:11:50] [Render thread/INFO]: Preparing spawn area: 0%
[20:11:50] [Render thread/INFO]: Preparing spawn area: 0%
[20:11:85] [Render thread/INFO]: Preparing spawn area: 0%
[20:11:18] [Render thread/INFO]: Preparing spawn area: 0%
[20:11:75] [Render thread/INFO]: Preparing spawn area: 0%
[20:11:19] [Render thread/INFO]: Preparing spawn area: 0%
[20:11:68] [Render thread/INFO]: Preparing spawn area: 0%
[20:11:19] [Render thread/INFO]: Preparing spawn area: 0%
[20:11:24] [Render thread/INFO]: Preparing spawn area: 0%
[20:11:24] [Render thread/INFO]: Preparing spawn area: 0%
[20:11:67] [Render thread/INFO]: Preparing spawn area: 0%
[20:11:34] [Render thread/INFO]: Preparing spawn area: 0%
[20:11:00] [Render thread/INFO]: Preparing spawn area: 0%
[20:11:21] [Render thread/INFO]: Preparing spawn area: 0%
[20:11:70] [Render thread/INFO]: Preparing spawn area: 0%
[20:11:23] [Render thread/INFO]: Preparing spawn area: 0%
[20:11:61] [Render thread/INFO]: Preparing spawn area: 0%
[20:11:61] [Render thread/INFO]: Preparing spawn area: 0%
[20:11:61] [Render thread/INFO]: Preparing spawn area: 0%
[20:11:61] [Render thread/INFO]: Preparing spawn area: 0%
[20:11:61] [Render thread/INFO]: Preparing spawn area: 0%
[20:11:61] [Render thread/INFO]: Preparing spawn area: 0%
[20:11:61] [Render thread/INFO]: Preparing spawn area: 0%
[20:11:61] [Render thread/INFO]: Preparing spawn area: 0%
[20:11:61] [Render thread/INFO]: Preparing spawn area: 0%
[20:11:61] [Render thread/INFO]: Preparing spawn area: 0%
[20:11:61] [Render thread/INFO]: Preparing spawn area: 0%
[20:11:61] [Render thread/INFO]: Preparing spawn area: 0%
[20:11:61] [Render thread/INFO]: Preparing spawn area: 0%
[20:11:61] [Render thread/INFO]: Preparing spawn area: 0%
[20:11:68] [Render thread/INFO]: Preparing spawn area: 0%
[20:11:67] [Render thread/INFO]: Preparing spawn area: 0%
[20:11:69] [Render thread/INFO]: Preparing spawn area: 0%
[20:11:18] [Render thread/INFO]: Preparing spawn area: 0%
[20:11:24] [Render thread/INFO]: Preparing spawn area: 0%
[20:11:24] [Render thread/INFO]: Preparing spawn area: 0%
[20:11:24] [Render thread/INFO]: Preparing spawn area: 0%
[20:11:24] [Render thread/INFO]: Preparing spawn area: 0%
[20:11:69] [Render thread/INFO]: Preparing spawn area: 7%
[20:11:43] [Render thread/INFO]: Preparing spawn area: 7%
[20:11:79] [Render thread/INFO]: Preparing spawn area: 14%
[20:11:27] [Render thread/INFO]: Preparing spawn area: 15%
[20:11:68] [Render thread/INFO]: Preparing spawn area: 15%
[20:11:55] [Render thread/INFO]: Preparing spawn area: 17%
[20:11:70] [Render thread/INFO]: Preparing spawn area: 18%
[20:11:18] [Render thread/INFO]: Preparing spawn area: 24%
[20:11:96] [Render thread/INFO]: Preparing spawn area: 24%
[20:12:92] [Render thread/INFO]: Preparing spawn area: 24%
[20:12:92] [Render thread/INFO]: Preparing spawn area: 24%
[20:12:65] [Render thread/INFO]: Preparing spawn area: 26%
[20:12:69] [Render thread/INFO]: Preparing spawn area: 27%
[20:12:19] [Render thread/INFO]: Preparing spawn area: 39%
[20:12:68] [Render thread/INFO]: Preparing spawn area: 49%
[20:12:17] [Render thread/INFO]: Preparing spawn area: 53%
[20:12:69] [Render thread/INFO]: Preparing spawn area: 64%
[20:12:20] [Render thread/INFO]: Preparing spawn area: 70%
[20:12:20] [Render thread/INFO]: Preparing spawn area: 72%
[20:12:20] [Render thread/INFO]: Preparing spawn area: 72%
[20:12:96] [Render thread/INFO]: Preparing spawn area: 72%
[20:12:34] [Render thread/INFO]: Preparing spawn area: 74%
[20:12:72] [Render thread/INFO]: Preparing spawn area: 74%
[20:12:32] [Render thread/INFO]: Preparing spawn area: 76%
[20:12:70] [Render thread/INFO]: Preparing spawn area: 77%
[20:12:19] [Render thread/INFO]: Preparing spawn area: 77%
[20:12:68] [Render thread/INFO]: Preparing spawn area: 79%
[20:12:24] [Render thread/INFO]: Preparing spawn area: 80%
[20:12:95] [Render thread/INFO]: Preparing spawn area: 81%
[20:12:23] [Render thread/INFO]: Preparing spawn area: 83%
[20:12:85] [Render thread/INFO]: Preparing spawn area: 83%
[20:12:18] [Render thread/INFO]: Preparing spawn area: 85%
[20:12:67] [Render thread/INFO]: Preparing spawn area: 86%
[20:12:19] [Render thread/INFO]: Preparing spawn area: 91%
[20:12:94] [Render thread/INFO]: Preparing spawn area: 91%
[20:12:19] [Render thread/INFO]: Preparing spawn area: 93%
[20:12:69] [Render thread/INFO]: Preparing spawn area: 95%
[20:12:20] [Render thread/INFO]: Preparing spawn area: 98%
[20:12:70] [Render thread/INFO]: Preparing spawn area: 98%
[20:12:04] [Render thread/INFO]: Time elapsed: 42870 ms
[20:12:09] [Server thread/INFO]: Changing view distance to 12, from 10
[20:12:10] [Server thread/INFO]: Changing simulation distance to 12, from 0
[20:12:44] [Server thread/INFO]: Vicky[local:E:ae700ac8] logged in with entity id 6914 at (0.5, 158.6250332990437, 0.5)
[20:12:61] [Server thread/INFO]: Vicky joined the game
[20:12:23] [Render thread/INFO]: Loaded 11 advancements
[20:12:25] [Server thread/INFO]: Saving and pausing game...
[20:12:63] [Server thread/INFO]: Saving chunks for level 'ServerLevel[Cool Village]'/minecraft:overworld
[20:12:16] [Server thread/INFO]: Saving chunks for level 'ServerLevel[Cool Village]'/minecraft:the_end
[20:12:16] [Server thread/INFO]: Saving chunks for level 'ServerLevel[Cool Village]'/minecraft:the_nether
[20:12:42] [Server thread/WARN]: Can't keep up! Is the server overloaded? Running 3142ms or 62 ticks behind
[20:14:24] [Server thread/INFO]: Saving and pausing game...
[20:14:35] [Server thread/INFO]: Saving chunks for level 'ServerLevel[Cool Village]'/minecraft:overworld
[20:14:40] [Server thread/INFO]: Saving chunks for level 'ServerLevel[Cool Village]'/minecraft:the_end
[20:14:41] [Server thread/INFO]: Saving chunks for level 'ServerLevel[Cool Village]'/minecraft:the_nether
[20:14:35] [Render thread/INFO]: Using default channel type
[20:14:37] [Render thread/INFO]: Started serving on 55983
[20:14:41] [Render thread/INFO]: [System] [CHAT] Local game hosted on port [55983]
[20:14:25] [Server thread/INFO]: [Vicky: Set own game mode to Creative Mode]
[20:14:25] [Render thread/INFO]: [System] [CHAT] Set own game mode to Creative Mode
[20:14:90] [Server thread/WARN]: Can't keep up! Is the server overloaded? Running 2030ms or 40 ticks behind
[20:14:45] [Render thread/INFO]: Loaded 12 advancements
[20:14:30] [Render thread/INFO]: Loaded 13 advancements
[20:16:09] [Server thread/INFO]: Vicky has made the advancement [Monster Hunter]
[20:16:09] [Render thread/INFO]: [System] [CHAT] Vicky has made the advancement [Monster Hunter]
[20:16:05] [Render thread/INFO]: Loaded 44 advancements
[20:16:34] [Server thread/WARN]: Can't keep up! Is the server overloaded? Running 3606ms or 72 ticks behind
[20:17:80] [Server thread/INFO]: Vicky has made the advancement [Cover Me with Diamonds]
[20:17:82] [Render thread/INFO]: [System] [CHAT] Vicky has made the advancement [Cover Me with Diamonds]
[20:17:84] [Render thread/INFO]: Loaded 51 advancements
[20:17:74] [Render thread/INFO]: Loaded 52 advancements
[20:17:53] [Server thread/INFO]: [Vicky: Set own game mode to Survival Mode]
[20:17:53] [Render thread/INFO]: [System] [CHAT] Set own game mode to Survival Mode
[20:17:32] [Server thread/INFO]: [Vicky: Set own game mode to Creative Mode]
[20:17:33] [Render thread/INFO]: [System] [CHAT] Set own game mode to Creative Mode
[20:18:90] [Render thread/INFO]: Loaded 52 advancements
[20:18:95] [Server thread/INFO]: [Vicky: Set own game mode to Survival Mode]
[20:18:96] [Render thread/INFO]: [System] [CHAT] Set own game mode to Survival Mode
[20:18:90] [Server thread/INFO]: Vicky has made the advancement [Not Today, Thank You]
[20:18:92] [Render thread/INFO]: [System] [CHAT] Vicky has made the advancement [Not Today, Thank You]
[20:18:94] [Render thread/INFO]: Loaded 54 advancements
[20:19:95] [Server thread/INFO]: [Vicky: Set own game mode to Creative Mode]
[20:19:95] [Render thread/INFO]: [System] [CHAT] Set own game mode to Creative Mode
[20:20:50] [Render thread/INFO]: Loaded 54 advancements
[20:20:31] [Render thread/INFO]: Loaded 56 advancements
[20:21:30] [Render thread/INFO]: Loaded 57 advancements
[20:21:34] [Render thread/INFO]: Loaded 57 advancements
[20:21:95] [Server thread/INFO]: Vicky lost connection: Disconnected
[20:21:95] [Server thread/INFO]: Vicky left the game
[20:21:00] [Server thread/INFO]: Stopping singleplayer server as player logged out
[20:21:05] [Server thread/INFO]: Stopping server
[20:21:06] [Server thread/INFO]: Saving players
[20:21:06] [Server thread/INFO]: Saving worlds
[20:21:72] [Server thread/INFO]: Saving chunks for level 'ServerLevel[Cool Village]'/minecraft:overworld
[20:21:95] [Server thread/INFO]: Saving chunks for level 'ServerLevel[Cool Village]'/minecraft:the_end
[20:21:95] [Server thread/INFO]: Saving chunks for level 'ServerLevel[Cool Village]'/minecraft:the_nether
[20:21:02] [Server thread/INFO]: ThreadedAnvilChunkStorage (Cool Village): All chunks are saved
[20:21:02] [Server thread/INFO]: ThreadedAnvilChunkStorage (DIM1): All chunks are saved
[20:21:03] [Server thread/INFO]: ThreadedAnvilChunkStorage (DIM-1): All chunks are saved
[20:21:03] [Server thread/INFO]: ThreadedAnvilChunkStorage: All dimensions are saved
[20:24:14] [Worker-Main-1/ERROR]: Exception reading C:\Users\Vicky\AppData\Roaming\.minecraft\saves\Android World\level.dat
java.util.zip.ZipException: Not in GZIP format
	at java.base/java.util.zip.GZIPInputStream.readHeader(GZIPInputStream.java:165)
	at java.base/java.util.zip.GZIPInputStream.<init>(GZIPInputStream.java:79)
	at java.base/java.util.zip.GZIPInputStream.<init>(GZIPInputStream.java:91)
	at rb.b(SourceFile:31)
	at rb.a(SourceFile:47)
	at rb.a(SourceFile:42)
	at dyy.c(SourceFile:340)
	at dyy.a(SourceFile:297)
	at dyy.a(SourceFile:234)
	at dyy.a(SourceFile:195)
	at java.base/java.util.concurrent.CompletableFuture$AsyncSupply.run(CompletableFuture.java:1768)
	at java.base/java.util.concurrent.CompletableFuture$AsyncSupply.exec(CompletableFuture.java:1760)
	at java.base/java.util.concurrent.ForkJoinTask.doExec(ForkJoinTask.java:373)
	at java.base/java.util.concurrent.ForkJoinPool$WorkQueue.topLevelExec(ForkJoinPool.java:1182)
	at java.base/java.util.concurrent.ForkJoinPool.scan(ForkJoinPool.java:1655)
	at java.base/java.util.concurrent.ForkJoinPool.runWorker(ForkJoinPool.java:1622)
	at java.base/java.util.concurrent.ForkJoinWorkerThread.run(ForkJoinWorkerThread.java:165)

[20:24:21] [Worker-Main-1/ERROR]: Exception reading C:\Users\Vicky\AppData\Roaming\.minecraft\saves\Android World\level.dat_old
java.util.zip.ZipException: Not in GZIP format
	at java.base/java.util.zip.GZIPInputStream.readHeader(GZIPInputStream.java:165)
	at java.base/java.util.zip.GZIPInputStream.<init>(GZIPInputStream.java:79)
	at java.base/java.util.zip.GZIPInputStream.<init>(GZIPInputStream.java:91)
	at rb.b(SourceFile:31)
	at rb.a(SourceFile:47)
	at rb.a(SourceFile:42)
	at dyy.c(SourceFile:340)
	at dyy.a(SourceFile:297)
	at dyy.a(SourceFile:242)
	at dyy.a(SourceFile:195)
	at java.base/java.util.concurrent.CompletableFuture$AsyncSupply.run(CompletableFuture.java:1768)
	at java.base/java.util.concurrent.CompletableFuture$AsyncSupply.exec(CompletableFuture.java:1760)
	at java.base/java.util.concurrent.ForkJoinTask.doExec(ForkJoinTask.java:373)
	at java.base/java.util.concurrent.ForkJoinPool$WorkQueue.topLevelExec(ForkJoinPool.java:1182)
	at java.base/java.util.concurrent.ForkJoinPool.scan(ForkJoinPool.java:1655)
	at java.base/java.util.concurrent.ForkJoinPool.runWorker(ForkJoinPool.java:1622)
	at java.base/java.util.concurrent.ForkJoinWorkerThread.run(ForkJoinWorkerThread.java:165)

[20:24:09] [Render thread/INFO]: Loaded 7 recipes
[20:24:19] [Render thread/INFO]: Loaded 1271 advancements
[20:24:49] [Server thread/INFO]: Starting integrated minecraft server version 1.20.1
[20:24:49] [Server thread/INFO]: Generating keypair
[20:24:92] [Server thread/INFO]: Preparing start region for dimension minecraft:overworld
[20:24:02] [Render thread/INFO]: Preparing spawn area: 0%
[20:24:03] [Render thread/INFO]: Preparing spawn area: 0%
[20:24:03] [Render thread/INFO]: Preparing spawn area: 0%
[20:24:03] [Render thread/INFO]: Preparing spawn area: 0%
[20:24:03] [Render thread/INFO]: Preparing spawn area: 0%
[20:24:03] [Render thread/INFO]: Preparing spawn area: 0%
[20:24:03] [Render thread/INFO]: Preparing spawn area: 0%
[20:24:03] [Render thread/INFO]: Preparing spawn area: 0%
[20:24:03] [Render thread/INFO]: Preparing spawn area: 0%
[20:24:45] [Render thread/INFO]: Preparing spawn area: 0%
[20:24:95] [Render thread/INFO]: Preparing spawn area: 0%
[20:24:68] [Render thread/INFO]: Preparing spawn area: 0%
[20:24:25] [Render thread/INFO]: Preparing spawn area: 0%
[20:24:45] [Render thread/INFO]: Preparing spawn area: 0%
[20:24:95] [Render thread/INFO]: Preparing spawn area: 0%
[20:24:45] [Render thread/INFO]: Preparing spawn area: 0%
[20:24:95] [Render thread/INFO]: Preparing spawn area: 0%
[20:24:86] [Render thread/INFO]: Preparing spawn area: 0%
[20:24:94] [Render thread/INFO]: Preparing spawn area: 0%
[20:24:54] [Render thread/INFO]: Preparing spawn area: 0%
[20:24:07] [Render thread/INFO]: Preparing spawn area: 0%
[20:24:45] [Render thread/INFO]: Preparing spawn area: 0%
[20:24:00] [Render thread/INFO]: Preparing spawn area: 0%
[20:24:00] [Render thread/INFO]: Preparing spawn area: 0%
[20:24:00] [Render thread/INFO]: Preparing spawn area: 0%
[20:24:00] [Render thread/INFO]: Preparing spawn area: 0%
[20:24:00] [Render thread/INFO]: Preparing spawn area: 0%
[20:24:00] [Render thread/INFO]: Preparing spawn area: 0%
[20:24:00] [Render thread/INFO]: Preparing spawn area: 0%
[20:24:00] [Render thread/INFO]: Preparing spawn area: 0%
[20:24:00] [Render thread/INFO]: Preparing spawn area: 0%
[20:24:00] [Render thread/INFO]: Preparing spawn area: 0%
[20:24:00] [Render thread/INFO]: Preparing spawn area: 0%
[20:24:00] [Render thread/INFO]: Preparing spawn area: 0%
[20:24:00] [Render thread/INFO]: Preparing spawn area: 0%
[20:24:00] [Render thread/INFO]: Preparing spawn area: 0%
[20:24:00] [Render thread/INFO]: Preparing spawn area: 0%
[20:24:00] [Render thread/INFO]: Preparing spawn area: 0%
[20:24:00] [Render thread/INFO]: Preparing spawn area: 0%
[20:24:03] [Render thread/INFO]: Preparing spawn area: 0%
[20:24:03] [Render thread/INFO]: Preparing spawn area: 0%
[20:24:68] [Render thread/INFO]: Preparing spawn area: 0%
[20:24:68] [Render thread/INFO]: Preparing spawn area: 0%
[20:24:68] [Render thread/INFO]: Preparing spawn area: 0%
[20:24:68] [Render thread/INFO]: Preparing spawn area: 0%
[20:24:71] [Render thread/INFO]: Preparing spawn area: 0%
[20:24:71] [Render thread/INFO]: Preparing spawn area: 0%
[20:24:71] [Render thread/INFO]: Preparing spawn area: 0%
[20:24:95] [Render thread/INFO]: Preparing spawn area: 4%
[20:24:74] [Render thread/INFO]: Preparing spawn area: 7%
[20:24:95] [Render thread/INFO]: Preparing spawn area: 12%
[20:24:45] [Render thread/INFO]: Preparing spawn area: 14%
[20:24:94] [Render thread/INFO]: Preparing spawn area: 19%
[20:24:44] [Render thread/INFO]: Preparing spawn area: 25%
[20:24:96] [Render thread/INFO]: Preparing spawn area: 27%
[20:24:46] [Render thread/INFO]: Preparing spawn area: 30%
[20:24:05] [Render thread/INFO]: Preparing spawn area: 32%
[20:24:61] [Render thread/INFO]: Preparing spawn area: 34%
[20:24:96] [Render thread/INFO]: Preparing spawn area: 34%
[20:24:79] [Render thread/INFO]: Preparing spawn area: 37%
[20:24:98] [Render thread/INFO]: Preparing spawn area: 37%
[20:24:52] [Render thread/INFO]: Preparing spawn area: 38%
[20:24:74] [Render thread/INFO]: Preparing spawn area: 38%
[20:24:74] [Render thread/INFO]: Preparing spawn area: 38%
[20:24:02] [Render thread/INFO]: Preparing spawn area: 38%
[20:24:36] [Render thread/INFO]: Preparing spawn area: 38%
[20:24:36] [Render thread/INFO]: Preparing spawn area: 38%
[20:24:70] [Render thread/INFO]: Preparing spawn area: 40%
[20:24:99] [Render thread/INFO]: Preparing spawn area: 40%
[20:24:47] [Render thread/INFO]: Preparing spawn area: 40%
[20:24:99] [Render thread/INFO]: Preparing spawn area: 44%
[20:24:48] [Render thread/INFO]: Preparing spawn area: 50%
[20:24:96] [Render thread/INFO]: Preparing spawn area: 56%
[20:24:44] [Render thread/INFO]: Preparing spawn area: 56%
[20:24:95] [Render thread/INFO]: Preparing spawn area: 60%
[20:24:45] [Render thread/INFO]: Preparing spawn area: 63%
[20:24:94] [Render thread/INFO]: Preparing spawn area: 64%
[20:24:50] [Render thread/INFO]: Preparing spawn area: 74%
[20:24:94] [Render thread/INFO]: Preparing spawn area: 77%
[20:24:44] [Render thread/INFO]: Preparing spawn area: 84%
[20:24:98] [Render thread/INFO]: Preparing spawn area: 85%
[20:24:45] [Render thread/INFO]: Preparing spawn area: 89%
[20:24:00] [Render thread/INFO]: Preparing spawn area: 91%
[20:24:54] [Render thread/INFO]: Preparing spawn area: 99%
[20:24:80] [Render thread/INFO]: Time elapsed: 41868 ms
[20:24:82] [Server thread/INFO]: Changing view distance to 12, from 10
[20:24:83] [Server thread/INFO]: Changing simulation distance to 12, from 0
[20:24:04] [Server thread/INFO]: Vicky[local:E:a4e18cc1] logged in with entity id 10783 at (34.94808956836264, 164.73783601081348, 65.69205657592447)
[20:24:08] [Server thread/INFO]: Vicky joined the game
[20:24:55] [Render thread/INFO]: Loaded 57 advancements
[20:26:74] [Server thread/INFO]: Saving and pausing game...
[20:26:81] [Server thread/INFO]: Saving chunks for level 'ServerLevel[Cool Village]'/minecraft:overworld
[20:26:84] [Server thread/INFO]: Saving chunks for level 'ServerLevel[Cool Village]'/minecraft:the_end
[20:26:85] [Server thread/INFO]: Saving chunks for level 'ServerLevel[Cool Village]'/minecraft:the_nether
[20:26:35] [Render thread/INFO]: Using default channel type
[20:26:36] [Render thread/INFO]: Started serving on 56187
[20:26:39] [Render thread/INFO]: [System] [CHAT] Local game hosted on port [56187]
[20:26:73] [Render thread/INFO]: [System] [CHAT] Unknown or incomplete command, see below for error
[20:26:76] [Render thread/INFO]: [System] [CHAT] weather<--[HERE]
[20:26:42] [Server thread/INFO]: [Vicky: Set the weather to rain & thunder]
[20:26:43] [Render thread/INFO]: [System] [CHAT] Set the weather to rain & thunder
[20:27:30] [Server thread/WARN]: Can't keep up! Is the server overloaded? Running 5713ms or 114 ticks behind
[20:28:64] [Server thread/INFO]: [Vicky: Set own game mode to Spectator Mode]
[20:28:66] [Render thread/INFO]: [System] [CHAT] Set own game mode to Spectator Mode
[20:28:05] [Server thread/INFO]: [Vicky: Set own game mode to Creative Mode]
[20:28:06] [Render thread/INFO]: [System] [CHAT] Set own game mode to Creative Mode
[20:29:42] [Render thread/INFO]: Loaded 74 advancements
[20:29:85] [Server thread/INFO]: [Vicky: Set own game mode to Spectator Mode]
[20:29:86] [Render thread/INFO]: [System] [CHAT] Set own game mode to Spectator Mode
[20:31:93] [Render thread/INFO]: Loaded 74 advancements
[20:31:65] [Server thread/INFO]: [Vicky: Set own game mode to Creative Mode]
[20:31:66] [Render thread/INFO]: [System] [CHAT] Set own game mode to Creative Mode
[20:32:96] [Server thread/INFO]: Vicky has made the advancement [Sneak 100]
[20:32:97] [Render thread/INFO]: [System] [CHAT] Vicky has made the advancement [Sneak 100]
[20:32:00] [Render thread/INFO]: Loaded 74 advancements
[20:34:70] [Server thread/INFO]: [Vicky: Set own game mode to Spectator Mode]
[20:34:70] [Render thread/INFO]: [System] [CHAT] Set own game mode to Spectator Mode
[20:36:08] [Server thread/INFO]: [Vicky: Set own game mode to Creative Mode]
[20:36:08] [Render thread/INFO]: [System] [CHAT] Set own game mode to Creative Mode
[20:37:96] [Server thread/INFO]: [Vicky: Set own game mode to Spectator Mode]
[20:37:96] [Render thread/INFO]: [System] [CHAT] Set own game mode to Spectator Mode
[20:38:57] [Server thread/INFO]: [Vicky: Summoned new Ender Dragon]
[20:38:58] [Render thread/INFO]: [System] [CHAT] Summoned new Ender Dragon
[20:38:05] [Server thread/INFO]: [Vicky: Set own game mode to Creative Mode]
[20:38:06] [Render thread/INFO]: [System] [CHAT] Set own game mode to Creative Mode
[20:40:05] [Server thread/INFO]: [Vicky: Successfully filled 201 block(s)]
[20:40:06] [Render thread/INFO]: [System] [CHAT] Successfully filled 201 block(s)
[20:41:64] [Render thread/INFO]: Loaded 74 advancements
[20:41:40] [Render thread/INFO]: Loaded 74 advancements
[20:43:90] [Render thread/INFO]: Loaded 76 advancements
[20:43:92] [Server thread/INFO]: Villager byb['Villager'/11358, l='ServerLevel[Cool Village]', x=158.82, y=63.00, z=122.67] died, message: 'Villager was slain by Zombie'
[20:43:61] [Render thread/INFO]: Loaded 77 advancements
[20:46:41] [Server thread/INFO]: Villager byb['Nitwit'/11374, l='ServerLevel[Cool Village]', x=177.78, y=62.53, z=176.45] died, message: 'Nitwit was shot by Pillager'
[20:46:43] [Render thread/INFO]: Villager byb['Nitwit'/11374, l='ClientLevel', x=177.73, y=62.49, z=176.36] died, message: 'Nitwit died'
[20:53:37] [Server thread/INFO]: Villager byb['Leatherworker'/10781, l='ServerLevel[Cool Village]', x=152.45, y=62.98, z=122.70] died, message: 'Leatherworker was shot by Pillager'
[20:53:58] [Render thread/INFO]: Villager byb['Leatherworker'/10781, l='ClientLevel', x=152.44, y=63.00, z=122.70] died, message: 'Leatherworker died'
[20:54:80] [Server thread/INFO]: Villager byb['Villager'/11348, l='ServerLevel[Cool Village]', x=155.74, y=63.32, z=117.70] died, message: 'Villager was shot by Pillager'
[20:54:82] [Render thread/INFO]: Villager byb['Villager'/11348, l='ClientLevel', x=155.60, y=63.41, z=117.63] died, message: 'Villager died'
[20:58:32] [Server thread/INFO]: Vicky has made the advancement [Voluntary Exile]
[20:58:33] [Render thread/INFO]: [System] [CHAT] Vicky has made the advancement [Voluntary Exile]
[20:58:37] [Render thread/INFO]: Loaded 78 advancements
[21:00:61] [Render thread/WARN]: Unable to play empty soundEvent: minecraft:entity.puffer_fish.ambient
[21:01:92] [Server thread/INFO]: Vicky has made the advancement [Sweet Dreams]
[21:01:93] [Render thread/INFO]: [System] [CHAT] Respawn point set
[21:01:93] [Render thread/INFO]: [System] [CHAT] Vicky has made the advancement [Sweet Dreams]
[21:01:95] [Render thread/INFO]: Loaded 78 advancements
[21:02:77] [Render thread/INFO]: [System] [CHAT] Respawn point set
[21:06:76] [Server thread/INFO]: Vicky lost connection: Disconnected
[21:06:76] [Server thread/INFO]: Vicky left the game
[21:06:79] [Server thread/INFO]: Stopping singleplayer server as player logged out
[21:06:80] [Server thread/INFO]: Stopping server
[21:06:81] [Server thread/INFO]: Saving players
[21:06:81] [Server thread/INFO]: Saving worlds
[21:06:04] [Server thread/INFO]: Saving chunks for level 'ServerLevel[Cool Village]'/minecraft:overworld
[21:06:05] [Server thread/INFO]: Saving chunks for level 'ServerLevel[Cool Village]'/minecraft:the_end
[21:06:05] [Server thread/INFO]: Saving chunks for level 'ServerLevel[Cool Village]'/minecraft:the_nether
[21:06:08] [Server thread/INFO]: ThreadedAnvilChunkStorage (Cool Village): All chunks are saved
[21:06:08] [Server thread/INFO]: ThreadedAnvilChunkStorage (DIM1): All chunks are saved
[21:06:08] [Server thread/INFO]: ThreadedAnvilChunkStorage (DIM-1): All chunks are saved
[21:06:08] [Server thread/INFO]: ThreadedAnvilChunkStorage: All dimensions are saved
[21:06:17] [Render thread/INFO]: Stopping!
Here I am!
[VersionManager] Refreshing versions locally...
[VersionManager] Versions has been refreshed (135 ms)
[Launcher] Minecraft closed with exit code: 0
[Launcher] Launcher exited.
Good bye!
[Double running] clear time label
[TLauncherManager] before clearLibrary 
[TLauncherManager] written:  []
[TLauncherManager] after clearLibrary 
flush now
