[19:01:33] [main/INFO]: Loading tweak class name org.tlauncher.tweaker.Tweaker
[19:01:33] [main/INFO]: Using primary tweak class name org.tlauncher.tweaker.Tweaker
[19:01:33] [main/INFO]: Calling tweak class org.tlauncher.tweaker.Tweaker
[19:01:36] [main/INFO]: Launching wrapped minecraft [net.minecraft.client.main.Main]
[19:01:58] [Datafixer Bootstrap/INFO]: 188 Datafixer optimizations took 1653 milliseconds
[19:02:04] [Render thread/INFO]: Environment: authHost='https://authserver.mojang.com', accountsHost='https://api.mojang.com', sessionHost='https://sessionserver.mojang.com', servicesHost='https://api.minecraftservices.com', name='PROD'
[19:02:05] [Render thread/ERROR]: Failed to verify authentication
com.mojang.authlib.exceptions.InvalidCredentialsException: Status: 401
	at com.mojang.authlib.exceptions.MinecraftClientHttpException.toAuthenticationException(MinecraftClientHttpException.java:56) ~[authlib-4.0.43.1.jar:?]
	at com.mojang.authlib.yggdrasil.YggdrasilUserApiService.fetchProperties(YggdrasilUserApiService.java:147) ~[authlib-4.0.43.1.jar:?]
	at com.mojang.authlib.yggdrasil.YggdrasilUserApiService.<init>(YggdrasilUserApiService.java:63) ~[authlib-4.0.43.1.jar:?]
	at com.mojang.authlib.yggdrasil.YggdrasilAuthenticationService.createUserApiService(YggdrasilAuthenticationService.java:124) ~[authlib-4.0.43.1.jar:?]
	at enn.a(SourceFile:733) ~[1.20.1.jar:?]
	at enn.<init>(SourceFile:442) ~[1.20.1.jar:?]
	at net.minecraft.client.main.Main.main(SourceFile:211) ~[1.20.1.jar:?]
	at jdk.internal.reflect.NativeMethodAccessorImpl.invoke0(Native Method) ~[?:?]
	at jdk.internal.reflect.NativeMethodAccessorImpl.invoke(NativeMethodAccessorImpl.java:77) ~[?:?]
	at jdk.internal.reflect.DelegatingMethodAccessorImpl.invoke(DelegatingMethodAccessorImpl.java:43) ~[?:?]
	at java.lang.reflect.Method.invoke(Method.java:568) ~[?:?]
	at net.minecraft.launchwrapper.Launch.launch(Launch.java:136) ~[tl_skin_cape_1.20_1.20.1-1.32.jar:?]
	at net.minecraft.launchwrapper.Launch.main(Launch.java:31) ~[tl_skin_cape_1.20_1.20.1-1.32.jar:?]
Caused by: com.mojang.authlib.exceptions.MinecraftClientHttpException: Status: 401
	at com.mojang.authlib.minecraft.client.MinecraftClient.readInputStream(MinecraftClient.java:85) ~[authlib-4.0.43.1.jar:?]
	at com.mojang.authlib.minecraft.client.MinecraftClient.get(MinecraftClient.java:48) ~[authlib-4.0.43.1.jar:?]
	at com.mojang.authlib.yggdrasil.YggdrasilUserApiService.fetchProperties(YggdrasilUserApiService.java:122) ~[authlib-4.0.43.1.jar:?]
	... 11 more
[19:02:05] [Render thread/INFO]: Setting user: imvickykumar999
[19:02:06] [Render thread/INFO]: Backend library: LWJGL version 3.3.1 build 7
[19:02:13] [Render thread/WARN]: Missing metadata in pack file/Halloween-V1.17.zip
[19:02:15] [Render thread/INFO]: Reloading ResourceManager: vanilla
[19:02:17] [Realms Notification Availability checker #1/INFO]: Could not authorize you against Realms server: Invalid session id
[19:02:17] [Worker-Main-2/INFO]: Found unifont_all_no_pua-15.0.06.hex, loading
[19:02:29] [Render thread/WARN]: Missing sound for event: minecraft:item.goat_horn.play
[19:02:29] [Render thread/WARN]: Missing sound for event: minecraft:entity.goat.screaming.horn_break
[19:02:29] [Render thread/INFO]: OpenAL initialized on device OpenAL Soft on Headphones (Airdopes 141)
[19:02:29] [Render thread/INFO]: Sound engine started
[19:02:30] [Render thread/INFO]: Created: 1024x512x4 minecraft:textures/atlas/blocks.png-atlas
[19:02:30] [Render thread/INFO]: Created: 256x256x4 minecraft:textures/atlas/signs.png-atlas
[19:02:30] [Render thread/INFO]: Created: 512x512x4 minecraft:textures/atlas/banner_patterns.png-atlas
[19:02:30] [Render thread/INFO]: Created: 512x512x4 minecraft:textures/atlas/shield_patterns.png-atlas
[19:02:30] [Render thread/INFO]: Created: 1024x1024x4 minecraft:textures/atlas/armor_trims.png-atlas
[19:02:30] [Render thread/INFO]: Created: 256x256x4 minecraft:textures/atlas/chest.png-atlas
[19:02:30] [Render thread/INFO]: Created: 128x64x4 minecraft:textures/atlas/decorated_pot.png-atlas
[19:02:30] [Render thread/INFO]: Created: 512x256x4 minecraft:textures/atlas/beds.png-atlas
[19:02:30] [Render thread/INFO]: Created: 512x256x4 minecraft:textures/atlas/shulker_boxes.png-atlas
[19:02:31] [Render thread/WARN]: Shader rendertype_entity_translucent_emissive could not find sampler named Sampler2 in the specified shader program.
[19:02:31] [Render thread/INFO]: Created: 256x256x0 minecraft:textures/atlas/particles.png-atlas
[19:02:31] [Render thread/INFO]: Created: 256x256x0 minecraft:textures/atlas/paintings.png-atlas
[19:02:31] [Render thread/INFO]: Created: 128x128x0 minecraft:textures/atlas/mob_effects.png-atlas
[19:07:55] [Worker-Main-4/ERROR]: Exception reading C:\Users\Vicky\AppData\Roaming\.minecraft\saves\ZW7wZAVgAQA=\level.dat
java.util.zip.ZipException: Not in GZIP format
	at java.util.zip.GZIPInputStream.readHeader(GZIPInputStream.java:165) ~[?:?]
	at java.util.zip.GZIPInputStream.<init>(GZIPInputStream.java:79) ~[?:?]
	at java.util.zip.GZIPInputStream.<init>(GZIPInputStream.java:91) ~[?:?]
	at rb.b(SourceFile:31) ~[rb.class:?]
	at rb.a(SourceFile:47) ~[rb.class:?]
	at rb.a(SourceFile:42) ~[rb.class:?]
	at dyy.c(SourceFile:340) ~[dyy.class:?]
	at dyy.a(SourceFile:297) ~[dyy.class:?]
	at dyy.a(SourceFile:234) ~[dyy.class:?]
	at dyy.a(SourceFile:195) ~[dyy.class:?]
	at java.util.concurrent.CompletableFuture$AsyncSupply.run(CompletableFuture.java:1768) ~[?:?]
	at java.util.concurrent.CompletableFuture$AsyncSupply.exec(CompletableFuture.java:1760) ~[?:?]
	at java.util.concurrent.ForkJoinTask.doExec(ForkJoinTask.java:373) ~[?:?]
	at java.util.concurrent.ForkJoinPool$WorkQueue.topLevelExec(ForkJoinPool.java:1182) ~[?:?]
	at java.util.concurrent.ForkJoinPool.scan(ForkJoinPool.java:1655) ~[?:?]
	at java.util.concurrent.ForkJoinPool.runWorker(ForkJoinPool.java:1622) ~[?:?]
	at java.util.concurrent.ForkJoinWorkerThread.run(ForkJoinWorkerThread.java:165) ~[?:?]
[19:07:55] [Worker-Main-4/ERROR]: Exception reading C:\Users\Vicky\AppData\Roaming\.minecraft\saves\ZW7wZAVgAQA=\level.dat_old
java.util.zip.ZipException: Not in GZIP format
	at java.util.zip.GZIPInputStream.readHeader(GZIPInputStream.java:165) ~[?:?]
	at java.util.zip.GZIPInputStream.<init>(GZIPInputStream.java:79) ~[?:?]
	at java.util.zip.GZIPInputStream.<init>(GZIPInputStream.java:91) ~[?:?]
	at rb.b(SourceFile:31) ~[rb.class:?]
	at rb.a(SourceFile:47) ~[rb.class:?]
	at rb.a(SourceFile:42) ~[rb.class:?]
	at dyy.c(SourceFile:340) ~[dyy.class:?]
	at dyy.a(SourceFile:297) ~[dyy.class:?]
	at dyy.a(SourceFile:242) ~[dyy.class:?]
	at dyy.a(SourceFile:195) ~[dyy.class:?]
	at java.util.concurrent.CompletableFuture$AsyncSupply.run(CompletableFuture.java:1768) ~[?:?]
	at java.util.concurrent.CompletableFuture$AsyncSupply.exec(CompletableFuture.java:1760) ~[?:?]
	at java.util.concurrent.ForkJoinTask.doExec(ForkJoinTask.java:373) ~[?:?]
	at java.util.concurrent.ForkJoinPool$WorkQueue.topLevelExec(ForkJoinPool.java:1182) ~[?:?]
	at java.util.concurrent.ForkJoinPool.scan(ForkJoinPool.java:1655) ~[?:?]
	at java.util.concurrent.ForkJoinPool.runWorker(ForkJoinPool.java:1622) ~[?:?]
	at java.util.concurrent.ForkJoinWorkerThread.run(ForkJoinWorkerThread.java:165) ~[?:?]
[19:08:04] [Render thread/INFO]: Loaded 7 recipes
[19:08:04] [Render thread/INFO]: Loaded 1271 advancements
[19:08:06] [Server thread/INFO]: Starting integrated minecraft server version 1.20.1
[19:08:06] [Server thread/INFO]: Generating keypair
[19:08:12] [Server thread/INFO]: Preparing start region for dimension minecraft:overworld
[19:08:28] [Render thread/INFO]: Preparing spawn area: 0%
[19:08:28] [Render thread/INFO]: Preparing spawn area: 0%
[19:08:28] [Render thread/INFO]: Preparing spawn area: 0%
[19:08:28] [Render thread/INFO]: Preparing spawn area: 0%
[19:08:28] [Render thread/INFO]: Preparing spawn area: 0%
[19:08:28] [Render thread/INFO]: Preparing spawn area: 0%
[19:08:28] [Render thread/INFO]: Preparing spawn area: 0%
[19:08:28] [Render thread/INFO]: Preparing spawn area: 0%
[19:08:28] [Render thread/INFO]: Preparing spawn area: 0%
[19:08:28] [Render thread/INFO]: Preparing spawn area: 0%
[19:08:28] [Render thread/INFO]: Preparing spawn area: 0%
[19:08:28] [Render thread/INFO]: Preparing spawn area: 0%
[19:08:28] [Render thread/INFO]: Preparing spawn area: 0%
[19:08:28] [Render thread/INFO]: Preparing spawn area: 0%
[19:08:28] [Render thread/INFO]: Preparing spawn area: 0%
[19:08:28] [Render thread/INFO]: Preparing spawn area: 0%
[19:08:28] [Render thread/INFO]: Preparing spawn area: 0%
[19:08:28] [Render thread/INFO]: Preparing spawn area: 0%
[19:08:28] [Render thread/INFO]: Preparing spawn area: 0%
[19:08:28] [Render thread/INFO]: Preparing spawn area: 0%
[19:08:28] [Render thread/INFO]: Preparing spawn area: 0%
[19:08:28] [Render thread/INFO]: Preparing spawn area: 0%
[19:08:28] [Render thread/INFO]: Preparing spawn area: 0%
[19:08:28] [Render thread/INFO]: Preparing spawn area: 0%
[19:08:28] [Render thread/INFO]: Preparing spawn area: 0%
[19:08:28] [Render thread/INFO]: Preparing spawn area: 0%
[19:08:28] [Render thread/INFO]: Preparing spawn area: 0%
[19:08:28] [Render thread/INFO]: Preparing spawn area: 0%
[19:08:28] [Render thread/INFO]: Preparing spawn area: 0%
[19:08:28] [Render thread/INFO]: Preparing spawn area: 0%
[19:08:28] [Render thread/INFO]: Preparing spawn area: 0%
[19:08:28] [Render thread/INFO]: Preparing spawn area: 0%
[19:08:28] [Render thread/INFO]: Preparing spawn area: 0%
[19:08:28] [Render thread/INFO]: Preparing spawn area: 0%
[19:08:29] [Render thread/INFO]: Preparing spawn area: 0%
[19:08:29] [Render thread/INFO]: Preparing spawn area: 0%
[19:08:30] [Render thread/INFO]: Preparing spawn area: 6%
[19:08:30] [Render thread/INFO]: Preparing spawn area: 20%
[19:08:31] [Render thread/INFO]: Preparing spawn area: 41%
[19:08:32] [Render thread/INFO]: Preparing spawn area: 56%
[19:08:32] [Render thread/INFO]: Preparing spawn area: 56%
[19:08:32] [Render thread/INFO]: Preparing spawn area: 81%
[19:08:33] [Render thread/INFO]: Preparing spawn area: 92%
[19:08:33] [Render thread/INFO]: Time elapsed: 21195 ms
[19:08:33] [Server thread/INFO]: Changing view distance to 12, from 10
[19:08:33] [Server thread/INFO]: Changing simulation distance to 12, from 0
[19:08:37] [Server thread/INFO]: imvickykumar999[local:E:ff78e5f9] logged in with entity id 207 at (310.88659052974026, -44.46192687518007, 790.5975990734526)
[19:08:38] [Server thread/INFO]: imvickykumar999 joined the game
[19:08:39] [Render thread/INFO]: Loaded 2 advancements
[19:08:42] [Server thread/WARN]: Can't keep up! Is the server overloaded? Running 5410ms or 108 ticks behind
[19:08:49] [Server thread/INFO]: Saving and pausing game...
[19:08:49] [Server thread/INFO]: Saving chunks for level 'ServerLevel[New World]'/minecraft:overworld
[19:08:50] [Server thread/INFO]: Saving chunks for level 'ServerLevel[New World]'/minecraft:the_end
[19:08:50] [Server thread/INFO]: Saving chunks for level 'ServerLevel[New World]'/minecraft:the_nether
[19:08:51] [Server thread/INFO]: imvickykumar999 lost connection: Disconnected
[19:08:51] [Server thread/INFO]: imvickykumar999 left the game
[19:08:51] [Server thread/INFO]: Stopping singleplayer server as player logged out
[19:08:51] [Server thread/INFO]: Stopping server
[19:08:51] [Server thread/INFO]: Saving players
[19:08:51] [Server thread/INFO]: Saving worlds
[19:08:54] [Server thread/INFO]: Saving chunks for level 'ServerLevel[New World]'/minecraft:overworld
[19:08:54] [Server thread/INFO]: Saving chunks for level 'ServerLevel[New World]'/minecraft:the_end
[19:08:54] [Server thread/INFO]: Saving chunks for level 'ServerLevel[New World]'/minecraft:the_nether
[19:08:54] [Server thread/INFO]: ThreadedAnvilChunkStorage (New World): All chunks are saved
[19:08:54] [Server thread/INFO]: ThreadedAnvilChunkStorage (DIM1): All chunks are saved
[19:08:54] [Server thread/INFO]: ThreadedAnvilChunkStorage (DIM-1): All chunks are saved
[19:08:54] [Server thread/INFO]: ThreadedAnvilChunkStorage: All dimensions are saved
[19:20:37] [Render thread/INFO]: Connecting to mbs.blossomcraft.org/19132, 25565
[19:21:10] [Worker-Main-20/ERROR]: Exception reading C:\Users\Vicky\AppData\Roaming\.minecraft\saves\ZW7wZAVgAQA=\level.dat
java.util.zip.ZipException: Not in GZIP format
	at java.util.zip.GZIPInputStream.readHeader(GZIPInputStream.java:165) ~[?:?]
	at java.util.zip.GZIPInputStream.<init>(GZIPInputStream.java:79) ~[?:?]
	at java.util.zip.GZIPInputStream.<init>(GZIPInputStream.java:91) ~[?:?]
	at rb.b(SourceFile:31) ~[rb.class:?]
	at rb.a(SourceFile:47) ~[rb.class:?]
	at rb.a(SourceFile:42) ~[rb.class:?]
	at dyy.c(SourceFile:340) ~[dyy.class:?]
	at dyy.a(SourceFile:297) ~[dyy.class:?]
	at dyy.a(SourceFile:234) ~[dyy.class:?]
	at dyy.a(SourceFile:195) ~[dyy.class:?]
	at java.util.concurrent.CompletableFuture$AsyncSupply.run(CompletableFuture.java:1768) ~[?:?]
	at java.util.concurrent.CompletableFuture$AsyncSupply.exec(CompletableFuture.java:1760) ~[?:?]
	at java.util.concurrent.ForkJoinTask.doExec(ForkJoinTask.java:373) ~[?:?]
	at java.util.concurrent.ForkJoinPool$WorkQueue.topLevelExec(ForkJoinPool.java:1182) ~[?:?]
	at java.util.concurrent.ForkJoinPool.scan(ForkJoinPool.java:1655) ~[?:?]
	at java.util.concurrent.ForkJoinPool.runWorker(ForkJoinPool.java:1622) ~[?:?]
	at java.util.concurrent.ForkJoinWorkerThread.run(ForkJoinWorkerThread.java:165) ~[?:?]
[19:21:10] [Worker-Main-20/ERROR]: Exception reading C:\Users\Vicky\AppData\Roaming\.minecraft\saves\ZW7wZAVgAQA=\level.dat_old
java.util.zip.ZipException: Not in GZIP format
	at java.util.zip.GZIPInputStream.readHeader(GZIPInputStream.java:165) ~[?:?]
	at java.util.zip.GZIPInputStream.<init>(GZIPInputStream.java:79) ~[?:?]
	at java.util.zip.GZIPInputStream.<init>(GZIPInputStream.java:91) ~[?:?]
	at rb.b(SourceFile:31) ~[rb.class:?]
	at rb.a(SourceFile:47) ~[rb.class:?]
	at rb.a(SourceFile:42) ~[rb.class:?]
	at dyy.c(SourceFile:340) ~[dyy.class:?]
	at dyy.a(SourceFile:297) ~[dyy.class:?]
	at dyy.a(SourceFile:242) ~[dyy.class:?]
	at dyy.a(SourceFile:195) ~[dyy.class:?]
	at java.util.concurrent.CompletableFuture$AsyncSupply.run(CompletableFuture.java:1768) ~[?:?]
	at java.util.concurrent.CompletableFuture$AsyncSupply.exec(CompletableFuture.java:1760) ~[?:?]
	at java.util.concurrent.ForkJoinTask.doExec(ForkJoinTask.java:373) ~[?:?]
	at java.util.concurrent.ForkJoinPool$WorkQueue.topLevelExec(ForkJoinPool.java:1182) ~[?:?]
	at java.util.concurrent.ForkJoinPool.scan(ForkJoinPool.java:1655) ~[?:?]
	at java.util.concurrent.ForkJoinPool.runWorker(ForkJoinPool.java:1622) ~[?:?]
	at java.util.concurrent.ForkJoinWorkerThread.run(ForkJoinWorkerThread.java:165) ~[?:?]
[19:21:52] [Render thread/INFO]: Loaded 7 recipes
[19:21:52] [Render thread/INFO]: Loaded 1271 advancements
[19:21:54] [Server thread/INFO]: Starting integrated minecraft server version 1.20.1
[19:21:54] [Server thread/INFO]: Generating keypair
[19:21:58] [Server thread/INFO]: Preparing start region for dimension minecraft:overworld
[19:22:03] [Render thread/INFO]: Preparing spawn area: 0%
[19:22:03] [Render thread/INFO]: Preparing spawn area: 0%
[19:22:03] [Render thread/INFO]: Preparing spawn area: 0%
[19:22:03] [Render thread/INFO]: Preparing spawn area: 0%
[19:22:03] [Render thread/INFO]: Preparing spawn area: 0%
[19:22:04] [Render thread/INFO]: Preparing spawn area: 0%
[19:22:04] [Render thread/INFO]: Preparing spawn area: 0%
[19:22:04] [Render thread/INFO]: Preparing spawn area: 0%
[19:22:04] [Render thread/INFO]: Preparing spawn area: 0%
[19:22:04] [Render thread/INFO]: Preparing spawn area: 0%
[19:22:04] [Render thread/INFO]: Preparing spawn area: 0%
[19:22:04] [Render thread/INFO]: Preparing spawn area: 0%
[19:22:04] [Render thread/INFO]: Preparing spawn area: 0%
[19:22:04] [Render thread/INFO]: Preparing spawn area: 0%
[19:22:05] [Render thread/INFO]: Preparing spawn area: 0%
[19:22:05] [Render thread/INFO]: Preparing spawn area: 0%
[19:22:06] [Render thread/INFO]: Preparing spawn area: 0%
[19:22:06] [Render thread/INFO]: Preparing spawn area: 0%
[19:22:07] [Render thread/INFO]: Preparing spawn area: 0%
[19:22:07] [Render thread/INFO]: Preparing spawn area: 0%
[19:22:08] [Render thread/INFO]: Preparing spawn area: 0%
[19:22:08] [Render thread/INFO]: Preparing spawn area: 2%
[19:22:09] [Render thread/INFO]: Preparing spawn area: 12%
[19:22:09] [Render thread/INFO]: Preparing spawn area: 12%
[19:22:10] [Render thread/INFO]: Preparing spawn area: 31%
[19:22:10] [Render thread/INFO]: Preparing spawn area: 54%
[19:22:11] [Render thread/INFO]: Preparing spawn area: 69%
[19:22:11] [Render thread/INFO]: Preparing spawn area: 86%
[19:22:12] [Render thread/INFO]: Time elapsed: 14009 ms
[19:22:12] [Server thread/INFO]: Changing view distance to 12, from 10
[19:22:12] [Server thread/INFO]: Changing simulation distance to 12, from 0
[19:22:12] [Server thread/INFO]: imvickykumar999[local:E:01c757d6] logged in with entity id 418 at (310.88659052974026, -44.46192687518007, 790.5975990734526)
[19:22:12] [Server thread/INFO]: imvickykumar999 joined the game
[19:22:13] [Render thread/INFO]: Loaded 2 advancements
[19:22:17] [Server thread/WARN]: Can't keep up! Is the server overloaded? Running 5317ms or 106 ticks behind
[19:22:43] [Server thread/WARN]: Can't keep up! Is the server overloaded? Running 2034ms or 40 ticks behind
[19:22:52] [Server thread/INFO]: Saving and pausing game...
[19:22:52] [Server thread/INFO]: Saving chunks for level 'ServerLevel[New World]'/minecraft:overworld
[19:22:52] [Server thread/INFO]: Saving chunks for level 'ServerLevel[New World]'/minecraft:the_end
[19:22:52] [Server thread/INFO]: Saving chunks for level 'ServerLevel[New World]'/minecraft:the_nether
[19:23:02] [Render thread/INFO]: Using default channel type
[19:23:02] [Render thread/INFO]: Started serving on 51259
[19:23:03] [Render thread/INFO]: [System] [CHAT] Local game hosted on port [51259]
[19:23:21] [Render thread/INFO]: [System] [CHAT] Seed: [-676569119515363]
[19:23:35] [Render thread/INFO]: textures 'cape_test_272' was added, skin: false,cape: true, max waiting: 56 ,during : 1318346 
[19:23:35] [Render thread/INFO]: calculated cape performance:TEXTURE_136, middle time: 16.833333333333332
[19:23:38] [Render thread/INFO]: textures 'elitra_test_272' was added, skin: false,cape: true, max waiting: 19 ,during : 1319960 
[19:23:38] [Render thread/INFO]: can use texture size:TEXTURE_136, middle time: 14.3
[19:23:41] [Server thread/WARN]: Can't keep up! Is the server overloaded? Running 2045ms or 40 ticks behind
[19:24:13] [Server thread/WARN]: Can't keep up! Is the server overloaded? Running 16358ms or 327 ticks behind
[19:24:31] [Server thread/WARN]: Can't keep up! Is the server overloaded? Running 3133ms or 62 ticks behind
[19:24:48] [Server thread/WARN]: Can't keep up! Is the server overloaded? Running 2601ms or 52 ticks behind
[19:25:57] [Server thread/INFO]: [imvickykumar999: Teleported imvickykumar999 to -5978.500000, 100.000000, 3104.500000]
[19:25:57] [Render thread/INFO]: [System] [CHAT] Teleported imvickykumar999 to -5978.500000, 100.000000, 3104.500000
[19:26:01] [Server thread/WARN]: Can't keep up! Is the server overloaded? Running 4147ms or 82 ticks behind
[19:26:51] [Server thread/INFO]: [imvickykumar999: Set the time to 1000]
[19:26:51] [Render thread/INFO]: [System] [CHAT] Set the time to 1000
[19:28:00] [Server thread/WARN]: Can't keep up! Is the server overloaded? Running 2001ms or 40 ticks behind
[19:28:21] [Server thread/WARN]: Can't keep up! Is the server overloaded? Running 2004ms or 40 ticks behind
[19:29:20] [Server thread/WARN]: Can't keep up! Is the server overloaded? Running 2279ms or 45 ticks behind
[19:29:36] [Server thread/INFO]: [imvickykumar999: Set own game mode to Creative Mode]
[19:29:36] [Render thread/INFO]: [System] [CHAT] Set own game mode to Creative Mode
[19:29:55] [Render thread/INFO]: Loaded 19 advancements
[19:30:23] [Server thread/INFO]: [imvickykumar999: Set own game mode to Spectator Mode]
[19:30:23] [Render thread/INFO]: [System] [CHAT] Set own game mode to Spectator Mode
[19:30:38] [Server thread/WARN]: Can't keep up! Is the server overloaded? Running 2231ms or 44 ticks behind
[19:32:10] [Server thread/WARN]: Can't keep up! Is the server overloaded? Running 5850ms or 117 ticks behind
[19:33:04] [Server thread/WARN]: Can't keep up! Is the server overloaded? Running 2084ms or 41 ticks behind
[19:39:01] [Server thread/INFO]: [imvickykumar999: Set own game mode to Creative Mode]
[19:39:01] [Render thread/INFO]: [System] [CHAT] Set own game mode to Creative Mode
[19:39:49] [Render thread/INFO]: Loaded 28 advancements
[19:40:34] [Server thread/WARN]: Can't keep up! Is the server overloaded? Running 2009ms or 40 ticks behind
[19:40:46] [Server thread/INFO]: imvickykumar999 lost connection: Disconnected
[19:40:46] [Server thread/INFO]: imvickykumar999 left the game
[19:40:46] [Server thread/INFO]: Stopping singleplayer server as player logged out
[19:40:46] [Server thread/INFO]: Stopping server
[19:40:47] [Server thread/INFO]: Saving players
[19:40:47] [Server thread/INFO]: Saving worlds
[19:40:50] [Server thread/INFO]: Saving chunks for level 'ServerLevel[New World]'/minecraft:overworld
[19:40:53] [Server thread/INFO]: Saving chunks for level 'ServerLevel[New World]'/minecraft:the_end
[19:40:53] [Server thread/INFO]: Saving chunks for level 'ServerLevel[New World]'/minecraft:the_nether
[19:40:54] [Server thread/INFO]: ThreadedAnvilChunkStorage (New World): All chunks are saved
[19:40:54] [Server thread/INFO]: ThreadedAnvilChunkStorage (DIM1): All chunks are saved
[19:40:54] [Server thread/INFO]: ThreadedAnvilChunkStorage (DIM-1): All chunks are saved
[19:40:54] [Server thread/INFO]: ThreadedAnvilChunkStorage: All dimensions are saved
[19:44:19] [Worker-Main-23/ERROR]: Exception reading C:\Users\Vicky\AppData\Roaming\.minecraft\saves\Android World\level.dat
java.util.zip.ZipException: Not in GZIP format
	at java.util.zip.GZIPInputStream.readHeader(GZIPInputStream.java:165) ~[?:?]
	at java.util.zip.GZIPInputStream.<init>(GZIPInputStream.java:79) ~[?:?]
	at java.util.zip.GZIPInputStream.<init>(GZIPInputStream.java:91) ~[?:?]
	at rb.b(SourceFile:31) ~[rb.class:?]
	at rb.a(SourceFile:47) ~[rb.class:?]
	at rb.a(SourceFile:42) ~[rb.class:?]
	at dyy.c(SourceFile:340) ~[dyy.class:?]
	at dyy.a(SourceFile:297) ~[dyy.class:?]
	at dyy.a(SourceFile:234) ~[dyy.class:?]
	at dyy.a(SourceFile:195) ~[dyy.class:?]
	at java.util.concurrent.CompletableFuture$AsyncSupply.run(CompletableFuture.java:1768) ~[?:?]
	at java.util.concurrent.CompletableFuture$AsyncSupply.exec(CompletableFuture.java:1760) ~[?:?]
	at java.util.concurrent.ForkJoinTask.doExec(ForkJoinTask.java:373) ~[?:?]
	at java.util.concurrent.ForkJoinPool$WorkQueue.topLevelExec(ForkJoinPool.java:1182) ~[?:?]
	at java.util.concurrent.ForkJoinPool.scan(ForkJoinPool.java:1655) ~[?:?]
	at java.util.concurrent.ForkJoinPool.runWorker(ForkJoinPool.java:1622) ~[?:?]
	at java.util.concurrent.ForkJoinWorkerThread.run(ForkJoinWorkerThread.java:165) ~[?:?]
[19:44:19] [Worker-Main-23/ERROR]: Exception reading C:\Users\Vicky\AppData\Roaming\.minecraft\saves\Android World\level.dat_old
java.util.zip.ZipException: Not in GZIP format
	at java.util.zip.GZIPInputStream.readHeader(GZIPInputStream.java:165) ~[?:?]
	at java.util.zip.GZIPInputStream.<init>(GZIPInputStream.java:79) ~[?:?]
	at java.util.zip.GZIPInputStream.<init>(GZIPInputStream.java:91) ~[?:?]
	at rb.b(SourceFile:31) ~[rb.class:?]
	at rb.a(SourceFile:47) ~[rb.class:?]
	at rb.a(SourceFile:42) ~[rb.class:?]
	at dyy.c(SourceFile:340) ~[dyy.class:?]
	at dyy.a(SourceFile:297) ~[dyy.class:?]
	at dyy.a(SourceFile:242) ~[dyy.class:?]
	at dyy.a(SourceFile:195) ~[dyy.class:?]
	at java.util.concurrent.CompletableFuture$AsyncSupply.run(CompletableFuture.java:1768) ~[?:?]
	at java.util.concurrent.CompletableFuture$AsyncSupply.exec(CompletableFuture.java:1760) ~[?:?]
	at java.util.concurrent.ForkJoinTask.doExec(ForkJoinTask.java:373) ~[?:?]
	at java.util.concurrent.ForkJoinPool$WorkQueue.topLevelExec(ForkJoinPool.java:1182) ~[?:?]
	at java.util.concurrent.ForkJoinPool.scan(ForkJoinPool.java:1655) ~[?:?]
	at java.util.concurrent.ForkJoinPool.runWorker(ForkJoinPool.java:1622) ~[?:?]
	at java.util.concurrent.ForkJoinWorkerThread.run(ForkJoinWorkerThread.java:165) ~[?:?]
[19:46:41] [Worker-Main-24/ERROR]: Exception reading C:\Users\Vicky\AppData\Roaming\.minecraft\saves\Android World\level.dat
java.util.zip.ZipException: Not in GZIP format
	at java.util.zip.GZIPInputStream.readHeader(GZIPInputStream.java:165) ~[?:?]
	at java.util.zip.GZIPInputStream.<init>(GZIPInputStream.java:79) ~[?:?]
	at java.util.zip.GZIPInputStream.<init>(GZIPInputStream.java:91) ~[?:?]
	at rb.b(SourceFile:31) ~[rb.class:?]
	at rb.a(SourceFile:47) ~[rb.class:?]
	at rb.a(SourceFile:42) ~[rb.class:?]
	at dyy.c(SourceFile:340) ~[dyy.class:?]
	at dyy.a(SourceFile:297) ~[dyy.class:?]
	at dyy.a(SourceFile:234) ~[dyy.class:?]
	at dyy.a(SourceFile:195) ~[dyy.class:?]
	at java.util.concurrent.CompletableFuture$AsyncSupply.run(CompletableFuture.java:1768) ~[?:?]
	at java.util.concurrent.CompletableFuture$AsyncSupply.exec(CompletableFuture.java:1760) ~[?:?]
	at java.util.concurrent.ForkJoinTask.doExec(ForkJoinTask.java:373) ~[?:?]
	at java.util.concurrent.ForkJoinPool$WorkQueue.topLevelExec(ForkJoinPool.java:1182) ~[?:?]
	at java.util.concurrent.ForkJoinPool.scan(ForkJoinPool.java:1655) ~[?:?]
	at java.util.concurrent.ForkJoinPool.runWorker(ForkJoinPool.java:1622) ~[?:?]
	at java.util.concurrent.ForkJoinWorkerThread.run(ForkJoinWorkerThread.java:165) ~[?:?]
[19:46:41] [Worker-Main-24/ERROR]: Exception reading C:\Users\Vicky\AppData\Roaming\.minecraft\saves\Android World\level.dat_old
java.util.zip.ZipException: Not in GZIP format
	at java.util.zip.GZIPInputStream.readHeader(GZIPInputStream.java:165) ~[?:?]
	at java.util.zip.GZIPInputStream.<init>(GZIPInputStream.java:79) ~[?:?]
	at java.util.zip.GZIPInputStream.<init>(GZIPInputStream.java:91) ~[?:?]
	at rb.b(SourceFile:31) ~[rb.class:?]
	at rb.a(SourceFile:47) ~[rb.class:?]
	at rb.a(SourceFile:42) ~[rb.class:?]
	at dyy.c(SourceFile:340) ~[dyy.class:?]
	at dyy.a(SourceFile:297) ~[dyy.class:?]
	at dyy.a(SourceFile:242) ~[dyy.class:?]
	at dyy.a(SourceFile:195) ~[dyy.class:?]
	at java.util.concurrent.CompletableFuture$AsyncSupply.run(CompletableFuture.java:1768) ~[?:?]
	at java.util.concurrent.CompletableFuture$AsyncSupply.exec(CompletableFuture.java:1760) ~[?:?]
	at java.util.concurrent.ForkJoinTask.doExec(ForkJoinTask.java:373) ~[?:?]
	at java.util.concurrent.ForkJoinPool$WorkQueue.topLevelExec(ForkJoinPool.java:1182) ~[?:?]
	at java.util.concurrent.ForkJoinPool.scan(ForkJoinPool.java:1655) ~[?:?]
	at java.util.concurrent.ForkJoinPool.runWorker(ForkJoinPool.java:1622) ~[?:?]
	at java.util.concurrent.ForkJoinWorkerThread.run(ForkJoinWorkerThread.java:165) ~[?:?]
[19:46:44] [Render thread/INFO]: Loaded 7 recipes
[19:46:44] [Render thread/INFO]: Loaded 1271 advancements
[19:46:46] [Server thread/INFO]: Starting integrated minecraft server version 1.20.1
[19:46:46] [Server thread/INFO]: Generating keypair
[19:46:48] [Server thread/INFO]: Preparing start region for dimension minecraft:overworld
[19:46:56] [Render thread/INFO]: Preparing spawn area: 0%
[19:46:56] [Render thread/INFO]: Preparing spawn area: 0%
[19:46:56] [Render thread/INFO]: Preparing spawn area: 0%
[19:46:56] [Render thread/INFO]: Preparing spawn area: 0%
[19:46:56] [Render thread/INFO]: Preparing spawn area: 0%
[19:46:56] [Render thread/INFO]: Preparing spawn area: 0%
[19:46:56] [Render thread/INFO]: Preparing spawn area: 0%
[19:46:56] [Render thread/INFO]: Preparing spawn area: 0%
[19:46:56] [Render thread/INFO]: Preparing spawn area: 0%
[19:46:56] [Render thread/INFO]: Preparing spawn area: 0%
[19:46:56] [Render thread/INFO]: Preparing spawn area: 0%
[19:46:56] [Render thread/INFO]: Preparing spawn area: 0%
[19:46:56] [Render thread/INFO]: Preparing spawn area: 0%
[19:46:56] [Render thread/INFO]: Preparing spawn area: 0%
[19:46:56] [Render thread/INFO]: Preparing spawn area: 0%
[19:46:56] [Render thread/INFO]: Preparing spawn area: 0%
[19:46:56] [Render thread/INFO]: Preparing spawn area: 0%
[19:46:56] [Render thread/INFO]: Preparing spawn area: 0%
[19:46:57] [Render thread/INFO]: Preparing spawn area: 0%
[19:46:57] [Render thread/INFO]: Preparing spawn area: 0%
[19:46:58] [Render thread/INFO]: Preparing spawn area: 13%
[19:46:58] [Render thread/INFO]: Preparing spawn area: 19%
[19:46:59] [Render thread/INFO]: Preparing spawn area: 48%
[19:46:59] [Render thread/INFO]: Preparing spawn area: 89%
[19:47:00] [Render thread/INFO]: Time elapsed: 11877 ms
[19:47:00] [Server thread/INFO]: Changing view distance to 12, from 10
[19:47:00] [Server thread/INFO]: Changing simulation distance to 12, from 0
[19:47:01] [Server thread/INFO]: imvickykumar999[local:E:a026e80a] logged in with entity id 6982 at (-4721.977592360635, 64.0, 2944.98781161772)
[19:47:01] [Server thread/INFO]: imvickykumar999 joined the game
[19:47:04] [Server thread/WARN]: Can't keep up! Is the server overloaded? Running 3224ms or 64 ticks behind
[19:47:04] [Render thread/INFO]: Loaded 28 advancements
[19:48:18] [Server thread/INFO]: Saving and pausing game...
[19:48:18] [Server thread/INFO]: Saving chunks for level 'ServerLevel[New World]'/minecraft:overworld
[19:48:18] [Server thread/INFO]: Saving chunks for level 'ServerLevel[New World]'/minecraft:the_end
[19:48:18] [Server thread/INFO]: Saving chunks for level 'ServerLevel[New World]'/minecraft:the_nether
[19:50:43] [Server thread/INFO]: imvickykumar999 lost connection: Disconnected
[19:50:43] [Server thread/INFO]: imvickykumar999 left the game
[19:50:44] [Server thread/INFO]: Stopping singleplayer server as player logged out
[19:50:44] [Server thread/INFO]: Stopping server
[19:50:44] [Server thread/INFO]: Saving players
[19:50:44] [Server thread/INFO]: Saving worlds
[19:50:51] [Server thread/INFO]: Saving chunks for level 'ServerLevel[New World]'/minecraft:overworld
[19:50:54] [Server thread/INFO]: Saving chunks for level 'ServerLevel[New World]'/minecraft:the_end
[19:50:54] [Server thread/INFO]: Saving chunks for level 'ServerLevel[New World]'/minecraft:the_nether
[19:50:54] [Server thread/INFO]: ThreadedAnvilChunkStorage (New World): All chunks are saved
[19:50:54] [Server thread/INFO]: ThreadedAnvilChunkStorage (DIM1): All chunks are saved
[19:50:54] [Server thread/INFO]: ThreadedAnvilChunkStorage (DIM-1): All chunks are saved
[19:50:54] [Server thread/INFO]: ThreadedAnvilChunkStorage: All dimensions are saved
[19:55:23] [Worker-Main-40/ERROR]: Exception reading C:\Users\Vicky\AppData\Roaming\.minecraft\saves\Android World\level.dat
java.util.zip.ZipException: Not in GZIP format
	at java.util.zip.GZIPInputStream.readHeader(GZIPInputStream.java:165) ~[?:?]
	at java.util.zip.GZIPInputStream.<init>(GZIPInputStream.java:79) ~[?:?]
	at java.util.zip.GZIPInputStream.<init>(GZIPInputStream.java:91) ~[?:?]
	at rb.b(SourceFile:31) ~[rb.class:?]
	at rb.a(SourceFile:47) ~[rb.class:?]
	at rb.a(SourceFile:42) ~[rb.class:?]
	at dyy.c(SourceFile:340) ~[dyy.class:?]
	at dyy.a(SourceFile:297) ~[dyy.class:?]
	at dyy.a(SourceFile:234) ~[dyy.class:?]
	at dyy.a(SourceFile:195) ~[dyy.class:?]
	at java.util.concurrent.CompletableFuture$AsyncSupply.run(CompletableFuture.java:1768) ~[?:?]
	at java.util.concurrent.CompletableFuture$AsyncSupply.exec(CompletableFuture.java:1760) ~[?:?]
	at java.util.concurrent.ForkJoinTask.doExec(ForkJoinTask.java:373) ~[?:?]
	at java.util.concurrent.ForkJoinPool$WorkQueue.topLevelExec(ForkJoinPool.java:1182) ~[?:?]
	at java.util.concurrent.ForkJoinPool.scan(ForkJoinPool.java:1655) ~[?:?]
	at java.util.concurrent.ForkJoinPool.runWorker(ForkJoinPool.java:1622) ~[?:?]
	at java.util.concurrent.ForkJoinWorkerThread.run(ForkJoinWorkerThread.java:165) ~[?:?]
[19:55:23] [Worker-Main-40/ERROR]: Exception reading C:\Users\Vicky\AppData\Roaming\.minecraft\saves\Android World\level.dat_old
java.util.zip.ZipException: Not in GZIP format
	at java.util.zip.GZIPInputStream.readHeader(GZIPInputStream.java:165) ~[?:?]
	at java.util.zip.GZIPInputStream.<init>(GZIPInputStream.java:79) ~[?:?]
	at java.util.zip.GZIPInputStream.<init>(GZIPInputStream.java:91) ~[?:?]
	at rb.b(SourceFile:31) ~[rb.class:?]
	at rb.a(SourceFile:47) ~[rb.class:?]
	at rb.a(SourceFile:42) ~[rb.class:?]
	at dyy.c(SourceFile:340) ~[dyy.class:?]
	at dyy.a(SourceFile:297) ~[dyy.class:?]
	at dyy.a(SourceFile:242) ~[dyy.class:?]
	at dyy.a(SourceFile:195) ~[dyy.class:?]
	at java.util.concurrent.CompletableFuture$AsyncSupply.run(CompletableFuture.java:1768) ~[?:?]
	at java.util.concurrent.CompletableFuture$AsyncSupply.exec(CompletableFuture.java:1760) ~[?:?]
	at java.util.concurrent.ForkJoinTask.doExec(ForkJoinTask.java:373) ~[?:?]
	at java.util.concurrent.ForkJoinPool$WorkQueue.topLevelExec(ForkJoinPool.java:1182) ~[?:?]
	at java.util.concurrent.ForkJoinPool.scan(ForkJoinPool.java:1655) ~[?:?]
	at java.util.concurrent.ForkJoinPool.runWorker(ForkJoinPool.java:1622) ~[?:?]
	at java.util.concurrent.ForkJoinWorkerThread.run(ForkJoinWorkerThread.java:165) ~[?:?]
[19:55:25] [Render thread/INFO]: Loaded 7 recipes
[19:55:25] [Render thread/INFO]: Loaded 1271 advancements
[19:55:26] [Server thread/INFO]: Starting integrated minecraft server version 1.20.1
[19:55:26] [Server thread/INFO]: Generating keypair
[19:55:28] [Server thread/INFO]: Preparing start region for dimension minecraft:overworld
[19:55:30] [Render thread/INFO]: Preparing spawn area: 0%
[19:55:30] [Render thread/INFO]: Preparing spawn area: 0%
[19:55:30] [Render thread/INFO]: Preparing spawn area: 0%
[19:55:30] [Render thread/INFO]: Preparing spawn area: 0%
[19:55:30] [Render thread/INFO]: Preparing spawn area: 0%
[19:55:31] [Render thread/INFO]: Preparing spawn area: 0%
[19:55:31] [Render thread/INFO]: Preparing spawn area: 0%
[19:55:32] [Render thread/INFO]: Preparing spawn area: 0%
[19:55:32] [Render thread/INFO]: Preparing spawn area: 0%
[19:55:33] [Render thread/INFO]: Preparing spawn area: 4%
[19:55:33] [Render thread/INFO]: Preparing spawn area: 12%
[19:55:34] [Render thread/INFO]: Preparing spawn area: 53%
[19:55:34] [Render thread/INFO]: Preparing spawn area: 89%
[19:55:34] [Render thread/INFO]: Time elapsed: 6138 ms
[19:55:34] [Server thread/INFO]: Changing view distance to 12, from 10
[19:55:34] [Server thread/INFO]: Changing simulation distance to 12, from 0
[19:55:35] [Server thread/INFO]: imvickykumar999[local:E:0cc3bf96] logged in with entity id 9588 at (-4438.825183461662, 82.60147142846569, 3013.306813413323)
[19:55:36] [Server thread/INFO]: imvickykumar999 joined the game
[19:55:37] [Render thread/INFO]: Loaded 28 advancements
[19:55:39] [Server thread/WARN]: Can't keep up! Is the server overloaded? Running 3763ms or 75 ticks behind
[19:56:14] [Render thread/WARN]: Unable to play empty soundEvent: minecraft:entity.cod.ambient
[20:01:11] [Render thread/WARN]: Unable to play empty soundEvent: minecraft:entity.salmon.ambient
[20:05:15] [Render thread/INFO]: Loaded 30 advancements
[20:05:15] [Render thread/INFO]: Loaded 33 advancements
[20:06:28] [Worker-Main-57/ERROR]: Failed to fetch mob spawner entity at (-6105, -42, 3373)
[20:06:30] [Render thread/WARN]: Unable to play empty soundEvent: minecraft:entity.tropical_fish.ambient
[20:12:56] [Render thread/INFO]: Loaded 35 advancements
[20:14:39] [Render thread/INFO]: Loaded 44 advancements
[20:15:25] [Server thread/INFO]: imvickykumar999 fell out of the world
[20:15:25] [Render thread/INFO]: [System] [CHAT] imvickykumar999 fell out of the world
[20:18:05] [Server thread/INFO]: Saving and pausing game...
[20:18:05] [Server thread/INFO]: Saving chunks for level 'ServerLevel[New World]'/minecraft:overworld
[20:18:05] [Server thread/INFO]: Saving chunks for level 'ServerLevel[New World]'/minecraft:the_end
[20:18:05] [Server thread/INFO]: Saving chunks for level 'ServerLevel[New World]'/minecraft:the_nether
[20:18:06] [Server thread/INFO]: imvickykumar999 lost connection: Disconnected
[20:18:06] [Server thread/INFO]: imvickykumar999 left the game
[20:18:06] [Server thread/INFO]: Stopping singleplayer server as player logged out
[20:18:06] [Server thread/INFO]: Stopping server
[20:18:06] [Server thread/INFO]: Saving players
[20:18:06] [Server thread/INFO]: Saving worlds
[20:18:07] [Server thread/INFO]: Saving chunks for level 'ServerLevel[New World]'/minecraft:overworld
[20:18:10] [Server thread/INFO]: Saving chunks for level 'ServerLevel[New World]'/minecraft:the_end
[20:18:10] [Server thread/INFO]: Saving chunks for level 'ServerLevel[New World]'/minecraft:the_nether
[20:18:10] [Server thread/INFO]: ThreadedAnvilChunkStorage (New World): All chunks are saved
[20:18:10] [Server thread/INFO]: ThreadedAnvilChunkStorage (DIM1): All chunks are saved
[20:18:10] [Server thread/INFO]: ThreadedAnvilChunkStorage (DIM-1): All chunks are saved
[20:18:10] [Server thread/INFO]: ThreadedAnvilChunkStorage: All dimensions are saved
[20:18:51] [Render thread/WARN]: Missing metadata in pack file/Halloween-V1.17.zip
[20:19:04] [Render thread/WARN]: Missing metadata in pack file/Halloween-V1.17.zip
[20:19:06] [Render thread/WARN]: Missing metadata in pack file/Halloween-V1.17.zip
[20:19:06] [Render thread/INFO]: Reloading ResourceManager: vanilla, file/redstone.zip
[20:19:06] [Worker-Main-46/INFO]: Found unifont_all_no_pua-15.0.06.hex, loading
[20:19:07] [Worker-Main-57/WARN]: Missing textures in model minecraft:hopper#enabled=false,facing=east:
    minecraft:textures/atlas/blocks.png:minecraft:break/hopper
[20:19:07] [Worker-Main-57/WARN]: Missing textures in model minecraft:hopper#enabled=false,facing=north:
    minecraft:textures/atlas/blocks.png:minecraft:break/hopper
[20:19:07] [Worker-Main-57/WARN]: Missing textures in model minecraft:hopper#enabled=true,facing=south:
    minecraft:textures/atlas/blocks.png:minecraft:break/hopper
[20:19:07] [Worker-Main-57/WARN]: Missing textures in model minecraft:hopper#enabled=true,facing=down:
    minecraft:textures/atlas/blocks.png:minecraft:break/hopper
[20:19:07] [Worker-Main-57/WARN]: Missing textures in model minecraft:hopper#enabled=true,facing=west:
    minecraft:textures/atlas/blocks.png:minecraft:break/hopper
[20:19:07] [Render thread/WARN]: Missing sound for event: minecraft:item.goat_horn.play
[20:19:07] [Render thread/WARN]: Missing sound for event: minecraft:entity.goat.screaming.horn_break
[20:19:08] [Render thread/INFO]: OpenAL initialized on device OpenAL Soft on Headphones (Airdopes 141)
[20:19:08] [Render thread/INFO]: Sound engine started
[20:19:08] [Render thread/INFO]: Created: 1024x512x4 minecraft:textures/atlas/blocks.png-atlas
[20:19:08] [Render thread/INFO]: Created: 256x256x4 minecraft:textures/atlas/signs.png-atlas
[20:19:08] [Render thread/INFO]: Created: 512x512x4 minecraft:textures/atlas/banner_patterns.png-atlas
[20:19:08] [Render thread/INFO]: Created: 512x512x4 minecraft:textures/atlas/shield_patterns.png-atlas
[20:19:08] [Render thread/INFO]: Created: 1024x1024x4 minecraft:textures/atlas/armor_trims.png-atlas
[20:19:08] [Render thread/INFO]: Created: 256x256x4 minecraft:textures/atlas/chest.png-atlas
[20:19:08] [Render thread/INFO]: Created: 128x64x4 minecraft:textures/atlas/decorated_pot.png-atlas
[20:19:08] [Render thread/INFO]: Created: 512x256x4 minecraft:textures/atlas/beds.png-atlas
[20:19:08] [Render thread/INFO]: Created: 512x256x4 minecraft:textures/atlas/shulker_boxes.png-atlas
[20:19:08] [Render thread/WARN]: Shader rendertype_entity_translucent_emissive could not find sampler named Sampler2 in the specified shader program.
[20:19:08] [Render thread/INFO]: Created: 256x256x0 minecraft:textures/atlas/particles.png-atlas
[20:19:08] [Render thread/INFO]: Created: 256x256x0 minecraft:textures/atlas/paintings.png-atlas
[20:19:08] [Render thread/INFO]: Created: 128x128x0 minecraft:textures/atlas/mob_effects.png-atlas
[20:19:52] [MCO Compatability Checker #1/INFO]: Could not authorize you against Realms server: Invalid session id
[20:19:52] [MCO Compatability Checker #1/ERROR]: Couldn't connect to realms
ekm: Realms service error (401) Invalid session id
	at eiz.a(SourceFile:465) ~[eiz.class:?]
	at eiz.j(SourceFile:245) ~[eiz.class:?]
	at eiu$1.run(SourceFile:633) ~[eiu$1.class:?]
[20:23:44] [Server Pinger #0/ERROR]: Can't ping play.BendersMC.co/19132: Unknown host
[20:23:47] [Render thread/INFO]: Connecting to play.BendersMC.co/19132, 25565
[20:24:13] [Render thread/INFO]: Connecting to play.BendersMC.co/19132, 25565
[20:25:33] [Render thread/INFO]: Connecting to minewave.net, 25565
[20:25:48] [Render thread/INFO]: Connecting to minewave.net, 25565
[20:26:36] [Render thread/INFO]: Connecting to play.BendersMC.co/19132, 25565
[20:26:45] [Render thread/INFO]: Connecting to play.BendersMC.co, 25565
[20:26:49] [Render thread/INFO]: Connecting to minewave.net, 25565
[20:26:53] [Render thread/INFO]: Stopping!
